spk_ver/v00/v0000	SES146	0.586858	15.1348	14.5479
spk_ver/v00/v0001	SES002	-9.29924	5.19281	14.492
spk_ver/v00/v0002	SES002	-5.65179	8.36751	14.0193
spk_ver/v00/v0003	SES002	-10.7674	3.7127	14.4801
spk_ver/v00/v0004	SES002	-5.12811	9.02961	14.1577
spk_ver/v00/v0005	SES002	-5.94908	7.25497	13.204
spk_ver/v00/v0006	SES002	-7.41927	8.72955	16.1488
spk_ver/v00/v0007	SES002	-5.8383	7.05042	12.8887
spk_ver/v00/v0008	SES146	0.209107	13.835	13.6259
spk_ver/v00/v0009	SES002	-3.23539	13.4271	16.6625
spk_ver/v00/v0010	SES002	-7.22765	5.66147	12.8891
spk_ver/v00/v0011	SES002	-3.93602	8.88949	12.8255
spk_ver/v00/v0012	SES002	-5.84508	10.9622	16.8072
spk_ver/v00/v0013	SES002	-5.77045	10.4252	16.1957
spk_ver/v00/v0014	SES002	-2.62518	12.6243	15.2494
spk_ver/v00/v0015	SES002	-4.12574	11.2935	15.4193
spk_ver/v00/v0016	SES275	-0.0351524	13.7742	13.8094
spk_ver/v00/v0017	SES002	-2.9534	13.1151	16.0685
spk_ver/v00/v0018	SES002	-9.19345	4.69861	13.8921
spk_ver/v00/v0019	SES002	-4.55734	10.222	14.7793
spk_ver/v00/v0020	SES002	-8.54518	5.3014	13.8466
spk_ver/v00/v0021	SES002	-7.09115	6.91406	14.0052
spk_ver/v00/v0022	SES002	-5.3915	10.0124	15.4039
spk_ver/v00/v0023	SES002	-8.58314	8.60848	17.1916
spk_ver/v00/v0024	SES002	-9.53343	4.77969	14.3131
spk_ver/v00/v0025	SES002	-6.67321	8.54171	15.2149
spk_ver/v00/v0026	SES002	-6.76991	8.36333	15.1332
spk_ver/v00/v0027	SES129	0.921535	15.5223	14.6007
spk_ver/v00/v0028	SES007	-3.40193	12.0351	15.437
spk_ver/v00/v0029	SES083	-1.1509	15.4152	16.5661
spk_ver/v00/v0030	SES019	1.83856	15.8914	14.0529
spk_ver/v00/v0031	SES007	-3.03574	11.5942	14.63
spk_ver/v00/v0032	SES270	0.45192	15.0308	14.5789
spk_ver/v00/v0033	SES007	-4.06769	10.7082	14.7759
spk_ver/v00/v0034	SES007	-3.67084	10.6199	14.2907
spk_ver/v00/v0035	SES007	-2.24327	13.7152	15.9585
spk_ver/v00/v0036	SES007	-2.17468	9.85211	12.0268
spk_ver/v00/v0037	SES007	-5.65643	10.0143	15.6707
spk_ver/v00/v0038	SES259	2.42094	18.2399	15.819
spk_ver/v00/v0039	SES007	-4.73026	7.3178	12.0481
spk_ver/v00/v0040	SES007	-5.26128	12.0212	17.2824
spk_ver/v00/v0041	SES007	-2.84934	11.6649	14.5142
spk_ver/v00/v0042	SES007	-2.80356	9.07355	11.8771
spk_ver/v00/v0043	SES007	-2.26216	12.3526	14.6148
spk_ver/v00/v0044	SES007	-3.98451	13.7419	17.7264
spk_ver/v00/v0045	SES007	-2.96627	13.1403	16.1066
spk_ver/v00/v0046	SES007	-2.96167	12.2588	15.2205
spk_ver/v00/v0047	SES172	-0.23804	15.3137	15.5518
spk_ver/v00/v0048	SES105	1.11493	15.2792	14.1642
spk_ver/v00/v0049	SES007	-2.54647	14.0017	16.5482
spk_ver/v00/v0050	SES292	-1.3101	14.2601	15.5702
spk_ver/v00/v0051	SES007	-2.30261	12.7181	15.0207
spk_ver/v00/v0052	SES068	0.155342	16.8428	16.6874
spk_ver/v00/v0053	SES008	-3.02181	13.4531	16.4749
spk_ver/v00/v0054	SES008	-3.94969	10.1075	14.0572
spk_ver/v00/v0055	SES008	-3.54037	11.8583	15.3987
spk_ver/v00/v0056	SES008	-6.92154	7.96808	14.8896
spk_ver/v00/v0057	SES008	-5.14967	10.3071	15.4568
spk_ver/v00/v0058	SES083	0.0293941	15.6713	15.642
spk_ver/v00/v0059	SES158	0.634134	15.2979	14.6638
spk_ver/v00/v0060	SES008	-4.97314	9.69682	14.67
spk_ver/v00/v0061	SES101	-1.0343	14.7728	15.8071
spk_ver/v00/v0062	SES008	-4.68742	10.0063	14.6938
spk_ver/v00/v0063	SES008	-4.14144	11.2434	15.3849
spk_ver/v00/v0064	SES117	0.936724	15.2095	14.2728
spk_ver/v00/v0065	SES149	1.41986	17.8304	16.4105
spk_ver/v00/v0066	SES008	-1.35064	14.6267	15.9774
spk_ver/v00/v0067	SES008	-3.59455	9.86378	13.4583
spk_ver/v00/v0068	SES162	0.0195904	14.3749	14.3553
spk_ver/v00/v0069	SES008	-9.64763	5.88341	15.531
spk_ver/v00/v0070	SES008	-1.35285	14.3384	15.6912
spk_ver/v00/v0071	SES008	-4.5533	11.5162	16.0695
spk_ver/v00/v0072	SES008	-2.2653	15.2756	17.5409
spk_ver/v00/v0073	SES008	-3.37623	12.7151	16.0913
spk_ver/v00/v0074	SES008	-5.47158	8.96356	14.4351
spk_ver/v00/v0075	SES008	-9.29589	4.86117	14.1571
spk_ver/v00/v0076	SES167	1.43404	16.7315	15.2975
spk_ver/v00/v0077	SES008	-3.3863	13.0032	16.3895
spk_ver/v00/v0078	SES177	0.623541	16.6239	16.0003
spk_ver/v00/v0079	SES008	-3.56534	11.1871	14.7525
spk_ver/v00/v0080	SES008	-4.18884	10.6269	14.8157
spk_ver/v00/v0081	SES008	-7.40986	5.88389	13.2937
spk_ver/v00/v0082	SES008	-4.12644	11.4342	15.5606
spk_ver/v00/v0083	SES008	-7.72657	5.34655	13.0731
spk_ver/v00/v0084	SES144	1.07255	16.5212	15.4487
spk_ver/v00/v0085	SES008	-3.8979	11.417	15.3149
spk_ver/v00/v0086	SES008	-3.93918	13.1556	17.0948
spk_ver/v00/v0087	SES008	-7.02699	8.07863	15.1056
spk_ver/v00/v0088	SES008	-2.91101	14.3857	17.2967
spk_ver/v00/v0089	SES008	-3.04873	10.3918	13.4406
spk_ver/v00/v0090	SES142	1.47966	14.8216	13.342
spk_ver/v00/v0091	SES008	-5.80809	9.64435	15.4524
spk_ver/v00/v0092	SES158	0.572363	14.6778	14.1054
spk_ver/v00/v0093	SES014	-3.91748	12.3515	16.269
spk_ver/v00/v0094	SES014	-6.54017	5.86859	12.4088
spk_ver/v00/v0095	SES014	-2.91014	14.1277	17.0379
spk_ver/v00/v0096	SES014	-10.0901	3.7916	13.8817
spk_ver/v00/v0097	SES014	-4.15151	9.77078	13.9223
spk_ver/v00/v0098	SES014	-3.42276	12.9068	16.3296
spk_ver/v00/v0099	SES014	-5.4553	8.52124	13.9765
spk_ver/v01/v0100	SES127	-0.467985	15.3597	15.8276
spk_ver/v01/v0101	SES014	-7.95391	5.4739	13.4278
spk_ver/v01/v0102	SES014	-7.00286	6.89062	13.8935
spk_ver/v01/v0103	SES014	-8.07189	5.86654	13.9384
spk_ver/v01/v0104	SES014	-8.92947	5.82779	14.7573
spk_ver/v01/v0105	SES014	-6.92391	5.63052	12.5544
spk_ver/v01/v0106	SES014	-5.28509	8.95525	14.2403
spk_ver/v01/v0107	SES014	-8.81564	7.71701	16.5327
spk_ver/v01/v0108	SES014	-8.81219	5.41798	14.2302
spk_ver/v01/v0109	SES014	-5.01192	7.84954	12.8615
spk_ver/v01/v0110	SES014	-6.01893	7.69122	13.7101
spk_ver/v01/v0111	SES014	-3.30749	13.1127	16.4202
spk_ver/v01/v0112	SES014	-5.97155	9.88086	15.8524
spk_ver/v01/v0113	SES104	-1.24922	14.2127	15.462
spk_ver/v01/v0114	SES082	-0.0136623	16.5161	16.5297
spk_ver/v01/v0115	SES087	0.677065	15.9351	15.258
spk_ver/v01/v0116	SES014	-4.21601	10.7498	14.9658
spk_ver/v01/v0117	SES177	-0.491897	14.9035	15.3954
spk_ver/v01/v0118	SES014	-5.9516	7.01633	12.9679
spk_ver/v01/v0119	SES014	-2.93222	12.5368	15.469
spk_ver/v01/v0120	SES014	-8.90795	5.95859	14.8665
spk_ver/v01/v0121	SES146	-0.442284	14.9074	15.3497
spk_ver/v01/v0122	SES014	1.59822	18.4485	16.8503
spk_ver/v01/v0123	SES014	-4.43483	11.7163	16.1511
spk_ver/v01/v0124	SES014	-12.3307	2.87991	15.2106
spk_ver/v01/v0125	SES014	-7.28761	7.63536	14.923
spk_ver/v01/v0126	SES016	-4.57105	10.1567	14.7277
spk_ver/v01/v0127	SES016	-4.58254	8.52031	13.1028
spk_ver/v01/v0128	SES106	1.47782	16.7542	15.2763
spk_ver/v01/v0129	SES016	-5.83964	9.93716	15.7768
spk_ver/v01/v0130	SES016	-4.56641	10.6045	15.1709
spk_ver/v01/v0131	SES016	-7.09597	7.23905	14.335
spk_ver/v01/v0132	SES016	-4.0625	11.3532	15.4157
spk_ver/v01/v0133	SES016	-4.85647	11.6589	16.5153
spk_ver/v01/v0134	SES016	-3.98265	12.0978	16.0805
spk_ver/v01/v0135	SES016	-6.91314	8.57541	15.4886
spk_ver/v01/v0136	SES016	-5.65102	8.97145	14.6225
spk_ver/v01/v0137	SES007	0.415991	14.5608	14.1448
spk_ver/v01/v0138	SES016	-2.32324	13.3893	15.7126
spk_ver/v01/v0139	SES016	-3.33319	12.3398	15.673
spk_ver/v01/v0140	SES016	1.04447	17.2294	16.185
spk_ver/v01/v0141	SES016	-11.972	-0.0284659	11.9435
spk_ver/v01/v0142	SES016	-8.12929	7.29033	15.4196
spk_ver/v01/v0143	SES016	-7.70487	5.15925	12.8641
spk_ver/v01/v0144	SES016	-6.28162	9.82172	16.1033
spk_ver/v01/v0145	SES016	-7.84563	5.32204	13.1677
spk_ver/v01/v0146	SES016	-2.91983	12.5853	15.5052
spk_ver/v01/v0147	SES016	-3.3546	12.7961	16.1507
spk_ver/v01/v0148	SES127	0.237026	15.3005	15.0635
spk_ver/v01/v0149	SES016	-5.10375	9.67297	14.7767
spk_ver/v01/v0150	SES016	-3.90567	11.5636	15.4693
spk_ver/v01/v0151	SES147	0.600695	13.8797	13.279
spk_ver/v01/v0152	SES016	-3.80212	10.932	14.7342
spk_ver/v01/v0153	SES104	0.915918	17.8855	16.9696
spk_ver/v01/v0154	SES016	-6.18248	8.20925	14.3917
spk_ver/v01/v0155	SES016	-4.71541	9.02141	13.7368
spk_ver/v01/v0156	SES019	-2.97398	10.7141	13.6881
spk_ver/v01/v0157	SES019	-5.21896	11.8271	17.046
spk_ver/v01/v0158	SES019	-2.28526	13.0865	15.3717
spk_ver/v01/v0159	SES007	1.00118	16.0944	15.0932
spk_ver/v01/v0160	SES019	-4.22969	12.081	16.3107
spk_ver/v01/v0161	SES019	-5.91383	7.89777	13.8116
spk_ver/v01/v0162	SES019	-5.73758	11.0167	16.7543
spk_ver/v01/v0163	SES189	1.12433	15.5389	14.4145
spk_ver/v01/v0164	SES019	-3.92189	11.8737	15.7956
spk_ver/v01/v0165	SES019	-2.3866	10.9046	13.2912
spk_ver/v01/v0166	SES019	-6.8608	9.65268	16.5135
spk_ver/v01/v0167	SES019	-6.70049	7.41369	14.1142
spk_ver/v01/v0168	SES019	-4.17462	6.92802	11.1026
spk_ver/v01/v0169	SES019	-6.61374	7.62066	14.2344
spk_ver/v01/v0170	SES270	1.0761	15.5881	14.512
spk_ver/v01/v0171	SES019	-4.44137	10.4161	14.8575
spk_ver/v01/v0172	SES019	-7.56669	6.86291	14.4296
spk_ver/v01/v0173	SES206	0.860247	16.1938	15.3336
spk_ver/v01/v0174	SES019	-4.48862	9.37756	13.8662
spk_ver/v01/v0175	SES014	1.39957	18.3836	16.984
spk_ver/v01/v0176	SES019	-7.58062	8.40049	15.9811
spk_ver/v01/v0177	SES120	0.576365	14.6925	14.1161
spk_ver/v01/v0178	SES019	-4.19863	9.0236	13.2222
spk_ver/v01/v0179	SES019	-8.51445	8.90757	17.422
spk_ver/v01/v0180	SES175	-0.161455	14.7171	14.8786
spk_ver/v01/v0181	SES019	-7.26766	6.7095	13.9772
spk_ver/v01/v0182	SES019	-7.30369	9.40155	16.7052
spk_ver/v01/v0183	SES029	-3.73279	11.7371	15.4699
spk_ver/v01/v0184	SES029	-8.82929	6.45412	15.2834
spk_ver/v01/v0185	SES029	-4.09539	12.2233	16.3187
spk_ver/v01/v0186	SES068	0.861757	17.3339	16.4721
spk_ver/v01/v0187	SES029	-6.51718	8.57044	15.0876
spk_ver/v01/v0188	SES029	-5.17955	11.5344	16.7139
spk_ver/v01/v0189	SES149	1.89606	18.1164	16.2204
spk_ver/v01/v0190	SES029	-5.45138	11.0505	16.5019
spk_ver/v01/v0191	SES029	-5.20353	9.51908	14.7226
spk_ver/v01/v0192	SES183	1.35898	17.0369	15.6779
spk_ver/v01/v0193	SES029	-3.85798	11.4934	15.3513
spk_ver/v01/v0194	SES016	1.17184	16.9047	15.7329
spk_ver/v01/v0195	SES029	-4.64963	10.9998	15.6494
spk_ver/v01/v0196	SES029	-2.64908	11.9415	14.5905
spk_ver/v01/v0197	SES029	-5.74208	10.7413	16.4834
spk_ver/v01/v0198	SES146	-0.0963573	14.1883	14.2847
spk_ver/v01/v0199	SES029	-6.663	6.72106	13.3841
spk_ver/v02/v0200	SES029	-3.33128	12.27	15.6013
spk_ver/v02/v0201	SES068	0.306807	17.0224	16.7156
spk_ver/v02/v0202	SES148	1.84751	15.6501	13.8026
spk_ver/v02/v0203	SES029	-4.0338	10.9589	14.9927
spk_ver/v02/v0204	SES029	-2.60533	12.6056	15.2109
spk_ver/v02/v0205	SES060	0.269238	17.7357	17.4665
spk_ver/v02/v0206	SES127	1.53178	18.4559	16.9241
spk_ver/v02/v0207	SES029	-6.31272	8.64721	14.9599
spk_ver/v02/v0208	SES048	1.42779	15.2886	13.8608
spk_ver/v02/v0209	SES029	-2.68843	12.8952	15.5836
spk_ver/v02/v0210	SES029	-4.61615	10.0262	14.6423
spk_ver/v02/v0211	SES029	-4.7709	11.0844	15.8553
spk_ver/v02/v0212	SES042	-9.27651	4.54966	13.8262
spk_ver/v02/v0213	SES085	0.905748	16.2621	15.3564
spk_ver/v02/v0214	SES206	1.34306	17.7123	16.3693
spk_ver/v02/v0215	SES144	0.0895052	14.9439	14.8544
spk_ver/v02/v0216	SES042	-4.26231	10.7805	15.0428
spk_ver/v02/v0217	SES042	-4.14806	5.70344	9.8515
spk_ver/v02/v0218	SES042	-4.30699	11.8455	16.1525
spk_ver/v02/v0219	SES206	1.15489	18.1751	17.0202
spk_ver/v02/v0220	SES019	3.67784	17.4596	13.7818
spk_ver/v02/v0221	SES007	0.0693207	15.5048	15.4355
spk_ver/v02/v0222	SES042	-9.89003	4.39606	14.2861
spk_ver/v02/v0223	SES147	0.732951	14.0016	13.2687
spk_ver/v02/v0224	SES105	1.19877	15.1249	13.9261
spk_ver/v02/v0225	SES042	-3.48733	11.6462	15.1335
spk_ver/v02/v0226	SES275	0.96177	15.3171	14.3553
spk_ver/v02/v0227	SES042	-6.57279	7.53168	14.1045
spk_ver/v02/v0228	SES042	-6.6173	9.30505	15.9223
spk_ver/v02/v0229	SES042	-6.66172	9.61896	16.2807
spk_ver/v02/v0230	SES085	0.245314	17.5849	17.3395
spk_ver/v02/v0231	SES014	2.20875	19.4936	17.2848
spk_ver/v02/v0232	SES042	-3.57834	12.4528	16.0312
spk_ver/v02/v0233	SES048	-5.49309	10.1634	15.6565
spk_ver/v02/v0234	SES048	-4.57629	11.0694	15.6457
spk_ver/v02/v0235	SES029	-0.0546932	16.2533	16.308
spk_ver/v02/v0236	SES048	-3.72648	12.7338	16.4603
spk_ver/v02/v0237	SES048	-5.95001	8.67759	14.6276
spk_ver/v02/v0238	SES048	-3.56624	11.9637	15.53
spk_ver/v02/v0239	SES060	0.768326	17.1551	16.3868
spk_ver/v02/v0240	SES048	-5.38983	8.74258	14.1324
spk_ver/v02/v0241	SES048	-3.78948	12.0114	15.8009
spk_ver/v02/v0242	SES189	2.00029	15.842	13.8417
spk_ver/v02/v0243	SES162	0.714849	15.3358	14.6209
spk_ver/v02/v0244	SES048	-6.94611	9.57887	16.525
spk_ver/v02/v0245	SES048	-5.41832	9.25148	14.6698
spk_ver/v02/v0246	SES048	-5.58141	10.1684	15.7498
spk_ver/v02/v0247	SES048	-6.9826	6.33197	13.3146
spk_ver/v02/v0248	SES226	2.05385	17.2786	15.2247
spk_ver/v02/v0249	SES048	-2.99519	11.3716	14.3667
spk_ver/v02/v0250	SES048	-4.1582	10.2116	14.3698
spk_ver/v02/v0251	SES048	-6.57356	7.14068	13.7142
spk_ver/v02/v0252	SES060	-6.44124	7.32741	13.7687
spk_ver/v02/v0253	SES060	-8.08034	7.02641	15.1068
spk_ver/v02/v0254	SES259	2.67864	18.3978	15.7192
spk_ver/v02/v0255	SES060	-6.42983	7.35234	13.7822
spk_ver/v02/v0256	SES202	0.534026	14.5387	14.0047
spk_ver/v02/v0257	SES148	1.08722	16.4295	15.3423
spk_ver/v02/v0258	SES060	-7.17674	4.56602	11.7428
spk_ver/v02/v0259	SES060	-3.93942	12.1759	16.1153
spk_ver/v02/v0260	SES060	-4.95754	11.0542	16.0118
spk_ver/v02/v0261	SES099	1.85035	17.0009	15.1505
spk_ver/v02/v0262	SES060	-5.16565	10.2241	15.3897
spk_ver/v02/v0263	SES060	-4.71904	12.4269	17.146
spk_ver/v02/v0264	SES292	-0.941813	14.6249	15.5667
spk_ver/v02/v0265	SES060	-3.37013	11.7181	15.0882
spk_ver/v02/v0266	SES060	-9.56658	4.25844	13.825
spk_ver/v02/v0267	SES060	-7.60914	6.7262	14.3353
spk_ver/v02/v0268	SES060	-8.96647	3.04539	12.0119
spk_ver/v02/v0269	SES127	1.09017	16.978	15.8878
spk_ver/v02/v0270	SES060	-5.68828	9.10762	14.7959
spk_ver/v02/v0271	SES060	-3.10785	13.4995	16.6074
spk_ver/v02/v0272	SES060	-6.47502	6.46219	12.9372
spk_ver/v02/v0273	SES087	0.974236	16.4326	15.4584
spk_ver/v02/v0274	SES146	-0.12376	13.8006	13.9244
spk_ver/v02/v0275	SES060	-6.34903	7.78295	14.132
spk_ver/v02/v0276	SES002	1.95452	17.3071	15.3526
spk_ver/v02/v0277	SES060	-3.38481	12.8764	16.2612
spk_ver/v02/v0278	SES060	-7.0759	6.93404	14.0099
spk_ver/v02/v0279	SES060	-8.39437	7.57272	15.9671
spk_ver/v02/v0280	SES129	2.08204	16.8206	14.7386
spk_ver/v02/v0281	SES162	0.787175	15.4802	14.6931
spk_ver/v02/v0282	SES060	-5.21308	9.64913	14.8622
spk_ver/v02/v0283	SES060	-4.99912	11.4575	16.4566
spk_ver/v02/v0284	SES062	-5.48969	6.98246	12.4721
spk_ver/v02/v0285	SES062	-6.75138	8.20761	14.959
spk_ver/v02/v0286	SES120	-1.18039	12.544	13.7244
spk_ver/v02/v0287	SES062	-4.33454	10.3729	14.7074
spk_ver/v02/v0288	SES062	-4.51023	10.1276	14.6378
spk_ver/v02/v0289	SES062	-3.82867	12.487	16.3156
spk_ver/v02/v0290	SES062	-4.13959	11.6746	15.8141
spk_ver/v02/v0291	SES275	-0.0601616	14.5373	14.5975
spk_ver/v02/v0292	SES062	-4.18632	10.7407	14.927
spk_ver/v02/v0293	SES062	-5.02338	10.4868	15.5102
spk_ver/v02/v0294	SES062	-4.76995	11.0819	15.8519
spk_ver/v02/v0295	SES062	-3.15018	11.1744	14.3245
spk_ver/v02/v0296	SES062	-4.11565	10.8937	15.0093
spk_ver/v02/v0297	SES062	-6.01305	8.60884	14.6219
spk_ver/v02/v0298	SES062	-3.88	10.2208	14.1008
spk_ver/v02/v0299	SES062	-3.73008	12.1466	15.8767
spk_ver/v03/v0300	SES062	-4.14585	11.0541	15.1999
spk_ver/v03/v0301	SES062	-2.44784	13.2154	15.6632
spk_ver/v03/v0302	SES172	-0.149097	17.0442	17.1933
spk_ver/v03/v0303	SES062	-2.82055	12.5142	15.3348
spk_ver/v03/v0304	SES062	-3.94302	10.1843	14.1273
spk_ver/v03/v0305	SES062	-3.88858	11.104	14.9926
spk_ver/v03/v0306	SES062	-5.66462	7.78634	13.451
spk_ver/v03/v0307	SES062	-4.69285	10.9512	15.6441
spk_ver/v03/v0308	SES062	-4.33921	10.2586	14.5978
spk_ver/v03/v0309	SES062	-3.81001	8.71962	12.5296
spk_ver/v03/v0310	SES125	0.909113	17.6743	16.7652
spk_ver/v03/v0311	SES062	-2.65652	12.9631	15.6196
spk_ver/v03/v0312	SES062	-5.72169	8.2288	13.9505
spk_ver/v03/v0313	SES062	-4.05852	10.6986	14.7571
spk_ver/v03/v0314	SES068	-5.26106	10.245	15.5061
spk_ver/v03/v0315	SES068	-4.45646	11.3335	15.7899
spk_ver/v03/v0316	SES068	-3.95903	10.4433	14.4023
spk_ver/v03/v0317	SES068	-2.82562	11.008	13.8336
spk_ver/v03/v0318	SES068	-4.51276	12.1463	16.6591
spk_ver/v03/v0319	SES068	-9.61198	3.85608	13.4681
spk_ver/v03/v0320	SES068	-2.53563	12.9314	15.467
spk_ver/v03/v0321	SES068	-3.05088	11.5971	14.6479
spk_ver/v03/v0322	SES068	-2.41106	11.571	13.982
spk_ver/v03/v0323	SES068	-3.10159	12.7566	15.8581
spk_ver/v03/v0324	SES144	-0.545353	12.984	13.5294
spk_ver/v03/v0325	SES068	-3.83949	12.2367	16.0762
spk_ver/v03/v0326	SES068	-1.57394	14.5091	16.083
spk_ver/v03/v0327	SES068	-3.1955	12.615	15.8105
spk_ver/v03/v0328	SES068	-6.72818	7.32791	14.0561
spk_ver/v03/v0329	SES068	-3.92926	11.6341	15.5634
spk_ver/v03/v0330	SES180	-0.38407	14.5963	14.9804
spk_ver/v03/v0331	SES068	-1.76188	13.3669	15.1287
spk_ver/v03/v0332	SES275	0.773892	15.588	14.8141
spk_ver/v03/v0333	SES062	1.09865	18.8607	17.762
spk_ver/v03/v0334	SES270	0.671213	14.6408	13.9696
spk_ver/v03/v0335	SES068	-10.3777	2.43655	12.8142
spk_ver/v03/v0336	SES068	-2.12641	15.4142	17.5406
spk_ver/v03/v0337	SES068	-3.57831	10.6678	14.2461
spk_ver/v03/v0338	SES068	-4.55085	9.65658	14.2074
spk_ver/v03/v0339	SES068	-2.90039	12.3722	15.2726
spk_ver/v03/v0340	SES068	-3.50929	10.2011	13.7104
spk_ver/v03/v0341	SES016	1.04079	17.8905	16.8497
spk_ver/v03/v0342	SES068	-3.84634	10.2998	14.1462
spk_ver/v03/v0343	SES068	-4.1383	10.0947	14.233
spk_ver/v03/v0344	SES125	1.11765	16.8788	15.7611
spk_ver/v03/v0345	SES187	0.622949	16.2154	15.5924
spk_ver/v03/v0346	SES068	-4.14164	11.621	15.7626
spk_ver/v03/v0347	SES143	0.745847	14.9555	14.2096
spk_ver/v03/v0348	SES292	0.361362	15.726	15.3646
spk_ver/v03/v0349	SES082	-7.00324	8.81649	15.8197
spk_ver/v03/v0350	SES101	0.487492	16.8282	16.3408
spk_ver/v03/v0351	SES082	-1.90158	12.5495	14.451
spk_ver/v03/v0352	SES082	-3.11183	9.93292	13.0447
spk_ver/v03/v0353	SES082	-4.94739	10.0598	15.0071
spk_ver/v03/v0354	SES082	-10.4254	3.31929	13.7446
spk_ver/v03/v0355	SES083	-0.0400257	16.5881	16.6281
spk_ver/v03/v0356	SES082	-4.85063	9.07962	13.9303
spk_ver/v03/v0357	SES082	-6.45614	7.88362	14.3398
spk_ver/v03/v0358	SES082	-2.91117	11.864	14.7752
spk_ver/v03/v0359	SES117	0.0753088	13.0004	12.9251
spk_ver/v03/v0360	SES082	-7.54626	8.65617	16.2024
spk_ver/v03/v0361	SES082	-3.57945	10.9507	14.5302
spk_ver/v03/v0362	SES007	0.641477	15.4412	14.7997
spk_ver/v03/v0363	SES082	-4.67128	10.5851	15.2563
spk_ver/v03/v0364	SES019	2.14611	16.8573	14.7112
spk_ver/v03/v0365	SES082	-2.47425	11.9498	14.424
spk_ver/v03/v0366	SES226	1.79992	17.3185	15.5185
spk_ver/v03/v0367	SES167	1.06334	17.3086	16.2453
spk_ver/v03/v0368	SES082	-4.33585	12.0012	16.337
spk_ver/v03/v0369	SES042	2.81177	19.5772	16.7654
spk_ver/v03/v0370	SES042	1.63168	17.976	16.3443
spk_ver/v03/v0371	SES082	-7.37619	7.73283	15.109
spk_ver/v03/v0372	SES082	-2.76904	13.8039	16.5729
spk_ver/v03/v0373	SES082	-6.67665	9.09822	15.7749
spk_ver/v03/v0374	SES083	-3.32826	14.0083	17.3366
spk_ver/v03/v0375	SES292	-0.206031	15.4557	15.6618
spk_ver/v03/v0376	SES083	-5.28139	10.5712	15.8526
spk_ver/v03/v0377	SES083	-7.43352	6.83206	14.2656
spk_ver/v03/v0378	SES083	-2.08968	12.1253	14.2149
spk_ver/v03/v0379	SES083	-2.78975	11.8092	14.599
spk_ver/v03/v0380	SES083	-4.31515	10.5061	14.8213
spk_ver/v03/v0381	SES083	-5.89573	9.02982	14.9255
spk_ver/v03/v0382	SES148	-0.463262	15.5368	16
spk_ver/v03/v0383	SES083	-2.52527	13.4864	16.0116
spk_ver/v03/v0384	SES226	1.02937	16.5939	15.5645
spk_ver/v03/v0385	SES226	1.6887	17.5385	15.8498
spk_ver/v03/v0386	SES087	0.990388	15.9452	14.9548
spk_ver/v03/v0387	SES029	0.658355	16.2781	15.6197
spk_ver/v03/v0388	SES147	0.78768	15.1198	14.3321
spk_ver/v03/v0389	SES083	-7.57547	6.08243	13.6579
spk_ver/v03/v0390	SES189	1.64995	15.9341	14.2842
spk_ver/v03/v0391	SES083	-2.8918	12.7402	15.632
spk_ver/v03/v0392	SES083	-1.71562	14.8118	16.5274
spk_ver/v03/v0393	SES083	-5.31645	9.96937	15.2858
spk_ver/v03/v0394	SES083	-5.7856	8.53989	14.3255
spk_ver/v03/v0395	SES083	-3.18379	13.0226	16.2064
spk_ver/v03/v0396	SES014	2.678	20.5099	17.8319
spk_ver/v03/v0397	SES085	-1.39162	16.3558	17.7474
spk_ver/v03/v0398	SES085	-3.24049	13.5002	16.7407
spk_ver/v03/v0399	SES085	-4.16862	10.9319	15.1005
spk_ver/v04/v0400	SES106	2.09568	17.781	15.6853
spk_ver/v04/v0401	SES085	-6.918	8.20932	15.1273
spk_ver/v04/v0402	SES085	-9.74438	2.29667	12.0411
spk_ver/v04/v0403	SES085	-2.28858	13.6119	15.9005
spk_ver/v04/v0404	SES180	0.598733	16.1122	15.5135
spk_ver/v04/v0405	SES129	1.30313	17.0289	15.7258
spk_ver/v04/v0406	SES085	-7.35598	7.92743	15.2834
spk_ver/v04/v0407	SES146	-0.598338	13.0725	13.6708
spk_ver/v04/v0408	SES085	-2.52671	13.6469	16.1736
spk_ver/v04/v0409	SES085	-5.27985	9.24346	14.5233
spk_ver/v04/v0410	SES085	-5.73617	10.8001	16.5363
spk_ver/v04/v0411	SES292	0.254715	15.1155	14.8608
spk_ver/v04/v0412	SES085	-2.45131	14.0477	16.499
spk_ver/v04/v0413	SES125	1.79674	17.9915	16.1947
spk_ver/v04/v0414	SES085	-4.78336	9.69814	14.4815
spk_ver/v04/v0415	SES085	-3.32455	12.989	16.3135
spk_ver/v04/v0416	SES085	-2.27251	13.492	15.7646
spk_ver/v04/v0417	SES062	1.12508	18.8194	17.6943
spk_ver/v04/v0418	SES060	1.42675	17.2402	15.8134
spk_ver/v04/v0419	SES085	-2.76673	13.1733	15.9401
spk_ver/v04/v0420	SES085	-7.86471	8.31264	16.1773
spk_ver/v04/v0421	SES085	-8.1572	4.96526	13.1225
spk_ver/v04/v0422	SES085	-3.43977	10.2286	13.6684
spk_ver/v04/v0423	SES085	-6.06748	8.47678	14.5443
spk_ver/v04/v0424	SES085	-6.33583	6.42774	12.7636
spk_ver/v04/v0425	SES183	0.202576	14.9683	14.7657
spk_ver/v04/v0426	SES085	-7.17092	7.49445	14.6654
spk_ver/v04/v0427	SES087	-4.73539	9.55804	14.2934
spk_ver/v04/v0428	SES162	0.453977	15.8513	15.3973
spk_ver/v04/v0429	SES087	-2.49672	13.0708	15.5675
spk_ver/v04/v0430	SES087	-6.18378	9.74648	15.9303
spk_ver/v04/v0431	SES087	-5.95108	8.14572	14.0968
spk_ver/v04/v0432	SES087	-5.51013	8.42721	13.9373
spk_ver/v04/v0433	SES087	-4.92792	11.4791	16.407
spk_ver/v04/v0434	SES142	1.90125	16.1112	14.21
spk_ver/v04/v0435	SES087	-6.33498	8.01963	14.3546
spk_ver/v04/v0436	SES099	1.31622	17.2111	15.8949
spk_ver/v04/v0437	SES087	-2.47751	13.8897	16.3672
spk_ver/v04/v0438	SES087	-6.7346	8.53727	15.2719
spk_ver/v04/v0439	SES087	-3.25195	13.01	16.2619
spk_ver/v04/v0440	SES087	-4.40532	11.7371	16.1425
spk_ver/v04/v0441	SES087	-7.0319	8.04573	15.0776
spk_ver/v04/v0442	SES187	1.34196	15.8638	14.5219
spk_ver/v04/v0443	SES172	1.03087	17.0709	16.04
spk_ver/v04/v0444	SES087	-3.80957	10.4413	14.2509
spk_ver/v04/v0445	SES087	-4.21619	11.2644	15.4806
spk_ver/v04/v0446	SES087	-1.85538	13.8644	15.7198
spk_ver/v04/v0447	SES087	-3.49088	12.7958	16.2866
spk_ver/v04/v0448	SES106	1.84952	15.1942	13.3446
spk_ver/v04/v0449	SES146	0.0822115	14.4396	14.3574
spk_ver/v04/v0450	SES087	-6.3418	8.45387	14.7957
spk_ver/v04/v0451	SES087	-3.42143	11.9034	15.3248
spk_ver/v04/v0452	SES007	0.621902	15.2842	14.6623
spk_ver/v04/v0453	SES087	-4.48997	9.75982	14.2498
spk_ver/v04/v0454	SES087	-8.12377	7.14156	15.2653
spk_ver/v04/v0455	SES180	0.2329	15.3677	15.1348
spk_ver/v04/v0456	SES099	-6.65297	8.49458	15.1476
spk_ver/v04/v0457	SES042	1.18888	17.2956	16.1067
spk_ver/v04/v0458	SES099	-1.91775	12.8105	14.7282
spk_ver/v04/v0459	SES099	-6.64649	8.82591	15.4724
spk_ver/v04/v0460	SES099	-6.03374	7.79272	13.8265
spk_ver/v04/v0461	SES099	-3.74104	12.5446	16.2857
spk_ver/v04/v0462	SES082	1.9123	17.9385	16.0262
spk_ver/v04/v0463	SES099	-1.79412	13.5632	15.3573
spk_ver/v04/v0464	SES099	-0.612338	14.9578	15.5702
spk_ver/v04/v0465	SES099	-7.00442	8.08019	15.0846
spk_ver/v04/v0466	SES099	-2.06917	13.4455	15.5147
spk_ver/v04/v0467	SES099	-1.48036	13.1558	14.6362
spk_ver/v04/v0468	SES129	2.01176	17.4866	15.4748
spk_ver/v04/v0469	SES101	0.145136	14.9905	14.8454
spk_ver/v04/v0470	SES099	-6.71115	7.68641	14.3976
spk_ver/v04/v0471	SES172	1.27461	16.6345	15.3599
spk_ver/v04/v0472	SES099	-0.654439	13.4623	14.1168
spk_ver/v04/v0473	SES270	3.04652	17.5606	14.5141
spk_ver/v04/v0474	SES099	-6.10685	9.90376	16.0106
spk_ver/v04/v0475	SES099	-3.69755	12.5451	16.2427
spk_ver/v04/v0476	SES099	-5.1058	7.79205	12.8979
spk_ver/v04/v0477	SES002	1.112	17.4465	16.3345
spk_ver/v04/v0478	SES099	-1.632	13.5338	15.1658
spk_ver/v04/v0479	SES007	-0.661362	13.9831	14.6444
spk_ver/v04/v0480	SES101	-6.49657	9.46399	15.9606
spk_ver/v04/v0481	SES101	-4.57831	9.82276	14.4011
spk_ver/v04/v0482	SES175	-0.146468	14.5656	14.7121
spk_ver/v04/v0483	SES101	-4.68499	10.0752	14.7601
spk_ver/v04/v0484	SES101	-6.78561	11.1887	17.9743
spk_ver/v04/v0485	SES101	-2.39368	12.0308	14.4245
spk_ver/v04/v0486	SES101	-2.6798	10.967	13.6468
spk_ver/v04/v0487	SES101	-2.06462	13.9109	15.9756
spk_ver/v04/v0488	SES101	-8.86315	5.82174	14.6849
spk_ver/v04/v0489	SES147	0.559672	12.7777	12.218
spk_ver/v04/v0490	SES085	-1.86146	12.7798	14.6413
spk_ver/v04/v0491	SES101	-4.40385	9.543	13.9468
spk_ver/v04/v0492	SES101	-7.77266	5.26535	13.038
spk_ver/v04/v0493	SES101	-4.58516	11.9535	16.5387
spk_ver/v04/v0494	SES101	-3.5215	11.4632	14.9847
spk_ver/v04/v0495	SES101	-2.4925	14.572	17.0645
spk_ver/v04/v0496	SES101	-3.30996	12.8227	16.1326
spk_ver/v04/v0497	SES014	2.21023	20.03	17.8197
spk_ver/v04/v0498	SES101	-4.8351	10.1751	15.0102
spk_ver/v04/v0499	SES101	-3.94133	12.0604	16.0018
spk_ver/v05/v0500	SES085	-0.162359	17.1354	17.2977
spk_ver/v05/v0501	SES101	-6.8566	8.91328	15.7699
spk_ver/v05/v0502	SES275	0.179606	14.3564	14.1767
spk_ver/v05/v0503	SES117	0.193476	14.4823	14.2888
spk_ver/v05/v0504	SES101	-6.76936	8.5078	15.2772
spk_ver/v05/v0505	SES101	-4.33299	10.5107	14.8437
spk_ver/v05/v0506	SES101	-3.42495	11.2907	14.7156
spk_ver/v05/v0507	SES048	0.553587	17.3021	16.7485
spk_ver/v05/v0508	SES117	-0.0859632	13.5949	13.6809
spk_ver/v05/v0509	SES202	2.04842	15.881	13.8326
spk_ver/v05/v0510	SES104	-4.71297	8.34711	13.0601
spk_ver/v05/v0511	SES008	1.03035	14.9261	13.8958
spk_ver/v05/v0512	SES104	-2.79877	10.9216	13.7204
spk_ver/v05/v0513	SES104	-4.50611	11.5062	16.0123
spk_ver/v05/v0514	SES104	-6.44581	9.49163	15.9374
spk_ver/v05/v0515	SES104	-8.08808	8.09822	16.1863
spk_ver/v05/v0516	SES104	-4.39371	7.35635	11.7501
spk_ver/v05/v0517	SES060	0.392532	18.0992	17.7067
spk_ver/v05/v0518	SES104	-7.27725	7.34181	14.6191
spk_ver/v05/v0519	SES104	-8.93758	4.70125	13.6388
spk_ver/v05/v0520	SES104	-2.31931	14.6571	16.9764
spk_ver/v05/v0521	SES008	0.357521	17.1596	16.8021
spk_ver/v05/v0522	SES068	0.779105	16.6473	15.8682
spk_ver/v05/v0523	SES087	0.959154	17.2464	16.2873
spk_ver/v05/v0524	SES104	-2.94383	11.9477	14.8916
spk_ver/v05/v0525	SES104	-1.99807	13.3147	15.3128
spk_ver/v05/v0526	SES104	-2.9126	12.8044	15.717
spk_ver/v05/v0527	SES083	0.540701	16.1732	15.6325
spk_ver/v05/v0528	SES148	1.01446	15.1108	14.0963
spk_ver/v05/v0529	SES104	-4.58067	9.88791	14.4686
spk_ver/v05/v0530	SES104	-8.06721	7.08226	15.1495
spk_ver/v05/v0531	SES125	1.06586	16.2569	15.1911
spk_ver/v05/v0532	SES104	-9.00847	5.5563	14.5648
spk_ver/v05/v0533	SES149	2.20517	19.2887	17.0835
spk_ver/v05/v0534	SES104	-6.22951	9.475	15.7045
spk_ver/v05/v0535	SES187	0.0175505	14.4606	14.443
spk_ver/v05/v0536	SES104	-4.07693	11.5743	15.6513
spk_ver/v05/v0537	SES104	-3.81581	10.386	14.2018
spk_ver/v05/v0538	SES167	0.76062	16.5516	15.791
spk_ver/v05/v0539	SES104	-3.17689	9.17952	12.3564
spk_ver/v05/v0540	SES104	-8.17477	9.64331	17.8181
spk_ver/v05/v0541	SES183	0.930083	14.4954	13.5653
spk_ver/v05/v0542	SES104	-3.05165	11.3954	14.4471
spk_ver/v05/v0543	SES104	-8.14067	8.04252	16.1832
spk_ver/v05/v0544	SES105	-5.27871	10.6276	15.9063
spk_ver/v05/v0545	SES105	-3.65391	11.1736	14.8275
spk_ver/v05/v0546	SES105	-4.8635	9.94216	14.8057
spk_ver/v05/v0547	SES105	-4.11874	9.9514	14.0701
spk_ver/v05/v0548	SES019	2.59566	16.437	13.8413
spk_ver/v05/v0549	SES105	-3.23934	12.0151	15.2545
spk_ver/v05/v0550	SES105	-4.8995	9.05823	13.9577
spk_ver/v05/v0551	SES202	1.05697	13.4851	12.4281
spk_ver/v05/v0552	SES105	-5.19794	9.97925	15.1772
spk_ver/v05/v0553	SES105	-2.1869	13.4551	15.642
spk_ver/v05/v0554	SES105	-3.16201	12.9188	16.0808
spk_ver/v05/v0555	SES105	-4.40229	9.4477	13.85
spk_ver/v05/v0556	SES082	0.16711	16.2088	16.0417
spk_ver/v05/v0557	SES105	-5.22349	10.6979	15.9214
spk_ver/v05/v0558	SES014	1.00895	17.3608	16.3519
spk_ver/v05/v0559	SES105	-3.16035	12.5377	15.698
spk_ver/v05/v0560	SES177	-0.48371	15.1249	15.6086
spk_ver/v05/v0561	SES189	2.78985	11.868	9.07811
spk_ver/v05/v0562	SES105	-5.04066	8.46146	13.5021
spk_ver/v05/v0563	SES099	1.56317	15.3209	13.7577
spk_ver/v05/v0564	SES105	-3.04564	13.1881	16.2337
spk_ver/v05/v0565	SES105	-4.91217	10.0125	14.9246
spk_ver/v05/v0566	SES105	-6.39212	8.26283	14.6549
spk_ver/v05/v0567	SES142	1.16188	15.059	13.8971
spk_ver/v05/v0568	SES048	-0.107038	14.4946	14.6017
spk_ver/v05/v0569	SES105	-4.5454	11.4533	15.9987
spk_ver/v05/v0570	SES105	-2.65853	12.9021	15.5607
spk_ver/v05/v0571	SES105	-4.39956	10.374	14.7735
spk_ver/v05/v0572	SES105	-6.2704	7.00292	13.2733
spk_ver/v05/v0573	SES105	-6.51355	7.69793	14.2115
spk_ver/v05/v0574	SES105	-1.69432	13.7888	15.4831
spk_ver/v05/v0575	SES105	-1.78384	13.208	14.9918
spk_ver/v05/v0576	SES106	-6.31027	7.85361	14.1639
spk_ver/v05/v0577	SES106	-7.14226	7.23623	14.3785
spk_ver/v05/v0578	SES106	-7.26034	8.85454	16.1149
spk_ver/v05/v0579	SES106	-6.93118	8.24843	15.1796
spk_ver/v05/v0580	SES106	-3.32534	13.4046	16.7299
spk_ver/v05/v0581	SES106	-9.06477	6.38668	15.4514
spk_ver/v05/v0582	SES106	-3.2449	10.3921	13.637
spk_ver/v05/v0583	SES106	-2.20943	13.9572	16.1666
spk_ver/v05/v0584	SES106	-6.31062	7.29692	13.6075
spk_ver/v05/v0585	SES106	-1.93655	10.2901	12.2267
spk_ver/v05/v0586	SES106	-6.4363	8.21322	14.6495
spk_ver/v05/v0587	SES106	-5.14372	8.36563	13.5093
spk_ver/v05/v0588	SES106	-6.90586	8.96203	15.8679
spk_ver/v05/v0589	SES106	-7.63831	8.89519	16.5335
spk_ver/v05/v0590	SES082	-0.155282	14.6507	14.806
spk_ver/v05/v0591	SES180	0.571872	16.0033	15.4314
spk_ver/v05/v0592	SES106	-3.54032	11.0548	14.5952
spk_ver/v05/v0593	SES106	-8.30852	5.97681	14.2853
spk_ver/v05/v0594	SES292	0.660653	16.3685	15.7078
spk_ver/v05/v0595	SES106	-2.97834	11.9092	14.8876
spk_ver/v05/v0596	SES106	-7.32842	8.30673	15.6351
spk_ver/v05/v0597	SES106	-8.30022	6.59003	14.8902
spk_ver/v05/v0598	SES042	1.16229	16.8237	15.6614
spk_ver/v05/v0599	SES106	-7.34442	6.6912	14.0356
spk_ver/v06/v0600	SES106	-1.85982	11.0616	12.9214
spk_ver/v06/v0601	SES106	-3.11033	11.0211	14.1314
spk_ver/v06/v0602	SES106	-4.94814	10.2107	15.1588
spk_ver/v06/v0603	SES106	-5.93122	8.80706	14.7383
spk_ver/v06/v0604	SES106	-5.39825	9.26008	14.6583
spk_ver/v06/v0605	SES106	-7.4008	6.84781	14.2486
spk_ver/v06/v0606	SES048	1.45163	17.7313	16.2797
spk_ver/v06/v0607	SES167	2.06914	18.7795	16.7104
spk_ver/v06/v0608	SES106	-6.43189	8.39797	14.8299
spk_ver/v06/v0609	SES143	0.943173	15.6284	14.6852
spk_ver/v06/v0610	SES106	-10.1503	3.91043	14.0607
spk_ver/v06/v0611	SES106	-4.78806	10.0694	14.8574
spk_ver/v06/v0612	SES106	-8.21563	6.15036	14.366
spk_ver/v06/v0613	SES117	-2.20282	13.8522	16.0551
spk_ver/v06/v0614	SES117	-5.47288	9.84406	15.3169
spk_ver/v06/v0615	SES117	-3.23708	11.4438	14.6809
spk_ver/v06/v0616	SES106	2.47192	19.2582	16.7862
spk_ver/v06/v0617	SES142	1.75399	14.0684	12.3144
spk_ver/v06/v0618	SES048	1.50492	17.7069	16.202
spk_ver/v06/v0619	SES175	0.198795	14.9167	14.7179
spk_ver/v06/v0620	SES180	0.506922	16.8462	16.3393
spk_ver/v06/v0621	SES117	-1.68134	11.4456	13.1269
spk_ver/v06/v0622	SES029	0.303446	15.659	15.3556
spk_ver/v06/v0623	SES117	-2.87882	12.6821	15.5609
spk_ver/v06/v0624	SES117	-5.37614	8.80927	14.1854
spk_ver/v06/v0625	SES117	-3.06831	10.9912	14.0595
spk_ver/v06/v0626	SES106	1.31686	16.6962	15.3793
spk_ver/v06/v0627	SES226	2.27181	18.163	15.8911
spk_ver/v06/v0628	SES117	-1.72826	13.9574	15.6856
spk_ver/v06/v0629	SES117	-4.10475	12.7811	16.8859
spk_ver/v06/v0630	SES117	-5.10333	9.65507	14.7584
spk_ver/v06/v0631	SES117	-5.53172	6.71422	12.2459
spk_ver/v06/v0632	SES117	-2.57146	13.5849	16.1563
spk_ver/v06/v0633	SES099	2.10343	17.1286	15.0251
spk_ver/v06/v0634	SES105	1.61852	15.9829	14.3643
spk_ver/v06/v0635	SES167	-0.151752	15.8207	15.9725
spk_ver/v06/v0636	SES117	-1.08084	13.9678	15.0487
spk_ver/v06/v0637	SES202	1.69788	15.3391	13.6413
spk_ver/v06/v0638	SES117	-3.92961	11.5989	15.5285
spk_ver/v06/v0639	SES167	0.773307	14.5174	13.7441
spk_ver/v06/v0640	SES117	-2.77584	12.6341	15.41
spk_ver/v06/v0641	SES117	-4.37807	10.6523	15.0303
spk_ver/v06/v0642	SES101	0.848753	16.9256	16.0768
spk_ver/v06/v0643	SES068	0.661005	17.0307	16.3697
spk_ver/v06/v0644	SES120	-4.69223	9.09412	13.7864
spk_ver/v06/v0645	SES120	-3.26591	10.937	14.2029
spk_ver/v06/v0646	SES172	0.298668	15.5043	15.2056
spk_ver/v06/v0647	SES120	-4.83424	11.7384	16.5726
spk_ver/v06/v0648	SES120	-1.66274	14.4718	16.1345
spk_ver/v06/v0649	SES120	-4.43661	8.2593	12.6959
spk_ver/v06/v0650	SES087	1.12381	16.7051	15.5813
spk_ver/v06/v0651	SES120	-2.83943	11.7117	14.5511
spk_ver/v06/v0652	SES104	-0.279483	13.3404	13.6199
spk_ver/v06/v0653	SES129	1.34395	17.4503	16.1064
spk_ver/v06/v0654	SES120	-4.65651	9.75154	14.4081
spk_ver/v06/v0655	SES120	-2.52334	10.7407	13.264
spk_ver/v06/v0656	SES120	-3.17381	12.6041	15.7779
spk_ver/v06/v0657	SES147	0.0510216	13.4534	13.4023
spk_ver/v06/v0658	SES120	-3.62575	11.0712	14.697
spk_ver/v06/v0659	SES120	-3.28784	12.7207	16.0086
spk_ver/v06/v0660	SES120	-2.20109	13.15	15.3511
spk_ver/v06/v0661	SES120	-4.00243	9.10959	13.112
spk_ver/v06/v0662	SES120	-2.75791	13.8003	16.5582
spk_ver/v06/v0663	SES120	-3.77618	9.67406	13.4502
spk_ver/v06/v0664	SES147	0.352798	15.2746	14.9218
spk_ver/v06/v0665	SES162	1.3599	16.2919	14.932
spk_ver/v06/v0666	SES120	-3.31795	12.37	15.6879
spk_ver/v06/v0667	SES120	-2.15262	13.6807	15.8333
spk_ver/v06/v0668	SES120	0.666682	16.1775	15.5108
spk_ver/v06/v0669	SES142	1.62264	15.8227	14.2001
spk_ver/v06/v0670	SES106	2.16668	17.9895	15.8229
spk_ver/v06/v0671	SES183	1.72687	15.2481	13.5213
spk_ver/v06/v0672	SES120	-2.61833	11.2465	13.8648
spk_ver/v06/v0673	SES029	-0.810514	14.6427	15.4532
spk_ver/v06/v0674	SES120	-2.85698	11.659	14.516
spk_ver/v06/v0675	SES008	1.89109	17.7339	15.8428
spk_ver/v06/v0676	SES125	-6.87214	5.89053	12.7627
spk_ver/v06/v0677	SES143	0.661701	14.4752	13.8135
spk_ver/v06/v0678	SES125	-7.48	6.14502	13.625
spk_ver/v06/v0679	SES162	0.459755	14.9493	14.4895
spk_ver/v06/v0680	SES125	-5.51502	9.71279	15.2278
spk_ver/v06/v0681	SES125	-4.69263	10.417	15.1096
spk_ver/v06/v0682	SES125	-6.88583	9.90468	16.7905
spk_ver/v06/v0683	SES226	1.04197	16.7008	15.6588
spk_ver/v06/v0684	SES125	-4.89131	9.15631	14.0476
spk_ver/v06/v0685	SES125	-7.2634	6.67103	13.9344
spk_ver/v06/v0686	SES120	0.598938	16.3151	15.7162
spk_ver/v06/v0687	SES125	-6.86562	6.22515	13.0908
spk_ver/v06/v0688	SES158	1.27328	15.5554	14.2821
spk_ver/v06/v0689	SES125	-8.59633	6.50493	15.1013
spk_ver/v06/v0690	SES105	1.60287	15.8535	14.2506
spk_ver/v06/v0691	SES125	-3.51649	10.927	14.4435
spk_ver/v06/v0692	SES125	-3.99648	11.3321	15.3286
spk_ver/v06/v0693	SES180	1.25115	16.605	15.3538
spk_ver/v06/v0694	SES125	-9.95744	5.5907	15.5481
spk_ver/v06/v0695	SES125	-5.54412	10.1699	15.714
spk_ver/v06/v0696	SES125	-8.69593	8.30267	16.9986
spk_ver/v06/v0697	SES125	-8.50309	5.58297	14.0861
spk_ver/v06/v0698	SES083	-0.204229	16.8956	17.0998
spk_ver/v06/v0699	SES125	-5.66393	9.74457	15.4085
spk_ver/v07/v0700	SES014	1.26363	18.5489	17.2853
spk_ver/v07/v0701	SES125	-5.77654	11.419	17.1955
spk_ver/v07/v0702	SES127	-2.34447	13.4985	15.843
spk_ver/v07/v0703	SES127	-2.72007	10.6936	13.4137
spk_ver/v07/v0704	SES206	1.5724	17.8656	16.2932
spk_ver/v07/v0705	SES127	-4.33447	10.6361	14.9706
spk_ver/v07/v0706	SES127	-3.05898	13.9882	17.0472
spk_ver/v07/v0707	SES127	-5.86742	9.65914	15.5266
spk_ver/v07/v0708	SES275	0.195902	15.6839	15.488
spk_ver/v07/v0709	SES127	-4.40469	10.8256	15.2302
spk_ver/v07/v0710	SES105	0.948943	15.2129	14.264
spk_ver/v07/v0711	SES127	-3.88183	9.83425	13.7161
spk_ver/v07/v0712	SES127	-4.036	10.6435	14.6795
spk_ver/v07/v0713	SES127	-4.77808	8.79305	13.5711
spk_ver/v07/v0714	SES019	3.85379	16.9503	13.0965
spk_ver/v07/v0715	SES127	-6.38063	7.13981	13.5204
spk_ver/v07/v0716	SES148	0.872208	15.211	14.3388
spk_ver/v07/v0717	SES162	1.42781	17.027	15.5992
spk_ver/v07/v0718	SES189	0.563698	14.7005	14.1368
spk_ver/v07/v0719	SES149	0.313896	17.1228	16.8089
spk_ver/v07/v0720	SES175	0.555408	15.983	15.4276
spk_ver/v07/v0721	SES127	-5.00611	10.1205	15.1267
spk_ver/v07/v0722	SES127	-2.22199	12.9072	15.1292
spk_ver/v07/v0723	SES127	-4.65581	10.9291	15.5849
spk_ver/v07/v0724	SES127	-3.45359	13.0339	16.4875
spk_ver/v07/v0725	SES127	-3.86874	10.6366	14.5054
spk_ver/v07/v0726	SES259	2.26041	18.0301	15.7697
spk_ver/v07/v0727	SES127	-4.19347	10.9849	15.1783
spk_ver/v07/v0728	SES127	-1.66787	15.0622	16.73
spk_ver/v07/v0729	SES127	-7.15227	6.79796	13.9502
spk_ver/v07/v0730	SES127	-4.53808	9.27428	13.8124
spk_ver/v07/v0731	SES129	-3.82191	13.1148	16.9367
spk_ver/v07/v0732	SES129	-3.65723	11.3118	14.9691
spk_ver/v07/v0733	SES129	-6.28963	7.41385	13.7035
spk_ver/v07/v0734	SES129	-8.22783	6.10128	14.3291
spk_ver/v07/v0735	SES183	0.325148	15.0847	14.7595
spk_ver/v07/v0736	SES129	-4.30242	9.9028	14.2052
spk_ver/v07/v0737	SES129	-4.54251	10.4541	14.9966
spk_ver/v07/v0738	SES129	-8.13243	6.49743	14.6299
spk_ver/v07/v0739	SES129	-4.75954	9.80571	14.5653
spk_ver/v07/v0740	SES167	-1.11516	15.0231	16.1382
spk_ver/v07/v0741	SES129	-4.14487	9.87013	14.015
spk_ver/v07/v0742	SES129	-5.18681	12.7444	17.9312
spk_ver/v07/v0743	SES129	-3.70893	11.9945	15.7034
spk_ver/v07/v0744	SES129	-6.02916	7.32649	13.3556
spk_ver/v07/v0745	SES180	1.62779	17.0667	15.4389
spk_ver/v07/v0746	SES129	-3.55926	13.2486	16.8078
spk_ver/v07/v0747	SES292	-0.368921	15.8645	16.2334
spk_ver/v07/v0748	SES202	0.78535	13.9972	13.2119
spk_ver/v07/v0749	SES270	0.966327	16.0688	15.1024
spk_ver/v07/v0750	SES129	-4.85809	12.8827	17.7407
spk_ver/v07/v0751	SES129	-6.42691	10.2191	16.646
spk_ver/v07/v0752	SES060	-0.406685	14.9511	15.3577
spk_ver/v07/v0753	SES129	-4.73655	10.1355	14.8721
spk_ver/v07/v0754	SES129	-7.79342	5.08156	12.875
spk_ver/v07/v0755	SES129	-6.40272	8.91595	15.3187
spk_ver/v07/v0756	SES175	0.539606	14.6411	14.1015
spk_ver/v07/v0757	SES129	-5.37702	7.57677	12.9538
spk_ver/v07/v0758	SES129	-7.18182	5.62212	12.8039
spk_ver/v07/v0759	SES129	-6.04233	10.1745	16.2169
spk_ver/v07/v0760	SES129	-4.80709	11.4599	16.267
spk_ver/v07/v0761	SES129	-5.04511	11.9553	17.0004
spk_ver/v07/v0762	SES172	0.104411	15.9487	15.8443
spk_ver/v07/v0763	SES129	-6.71784	6.31688	13.0347
spk_ver/v07/v0764	SES129	-4.4529	11.783	16.2359
spk_ver/v07/v0765	SES175	0.43934	15.6989	15.2595
spk_ver/v07/v0766	SES129	-5.43949	11.4132	16.8527
spk_ver/v07/v0767	SES129	-4.43059	9.90987	14.3405
spk_ver/v07/v0768	SES042	1.62385	17.8999	16.2761
spk_ver/v07/v0769	SES099	0.948392	15.5018	14.5535
spk_ver/v07/v0770	SES142	-4.55558	9.69055	14.2461
spk_ver/v07/v0771	SES142	-3.89779	12.3912	16.289
spk_ver/v07/v0772	SES101	1.14327	17.9224	16.7791
spk_ver/v07/v0773	SES142	-9.60199	3.8128	13.4148
spk_ver/v07/v0774	SES142	-6.9989	6.23356	13.2325
spk_ver/v07/v0775	SES142	-3.60229	11.7373	15.3396
spk_ver/v07/v0776	SES142	-4.22285	12.7014	16.9243
spk_ver/v07/v0777	SES142	-6.17607	8.18894	14.365
spk_ver/v07/v0778	SES142	-2.74649	10.735	13.4815
spk_ver/v07/v0779	SES142	-10.812	4.31431	15.1263
spk_ver/v07/v0780	SES142	-6.71234	4.84553	11.5579
spk_ver/v07/v0781	SES142	-10.376	4.45987	14.8359
spk_ver/v07/v0782	SES101	0.287095	15.4305	15.1434
spk_ver/v07/v0783	SES142	-5.88733	8.13802	14.0253
spk_ver/v07/v0784	SES187	1.5072	16.3369	14.8297
spk_ver/v07/v0785	SES143	0.1683	12.337	12.1687
spk_ver/v07/v0786	SES142	-5.57977	11.0805	16.6603
spk_ver/v07/v0787	SES144	-0.0615826	15.2098	15.2714
spk_ver/v07/v0788	SES275	0.313846	14.736	14.4221
spk_ver/v07/v0789	SES142	-4.54906	10.8855	15.4345
spk_ver/v07/v0790	SES099	1.95475	18.2393	16.2845
spk_ver/v07/v0791	SES142	-7.78718	6.27081	14.058
spk_ver/v07/v0792	SES142	-5.91728	12.4009	18.3182
spk_ver/v07/v0793	SES142	-7.96333	6.89777	14.8611
spk_ver/v07/v0794	SES014	0.971689	17.8792	16.9075
spk_ver/v07/v0795	SES142	-8.25519	7.39092	15.6461
spk_ver/v07/v0796	SES142	-5.31215	10.8604	16.1725
spk_ver/v07/v0797	SES143	-1.71672	13.6636	15.3804
spk_ver/v07/v0798	SES206	1.27371	18.1617	16.888
spk_ver/v07/v0799	SES143	-4.8034	7.28419	12.0876
spk_ver/v08/v0800	SES143	-2.24625	11.8882	14.1345
spk_ver/v08/v0801	SES143	-2.46816	14.4976	16.9657
spk_ver/v08/v0802	SES143	-3.71457	9.30374	13.0183
spk_ver/v08/v0803	SES143	-3.63441	10.8282	14.4626
spk_ver/v08/v0804	SES143	-3.25072	9.42691	12.6776
spk_ver/v08/v0805	SES143	-3.36917	10.4179	13.7871
spk_ver/v08/v0806	SES143	-3.93516	9.41382	13.349
spk_ver/v08/v0807	SES177	-0.773358	13.9911	14.7645
spk_ver/v08/v0808	SES149	0.621477	17.026	16.4046
spk_ver/v08/v0809	SES143	-5.33193	10.6996	16.0315
spk_ver/v08/v0810	SES158	1.14181	15.4365	14.2947
spk_ver/v08/v0811	SES143	-3.28948	10.1798	13.4693
spk_ver/v08/v0812	SES062	1.33168	19.3188	17.9871
spk_ver/v08/v0813	SES259	2.07429	18.1376	16.0633
spk_ver/v08/v0814	SES143	-5.55132	11.0949	16.6463
spk_ver/v08/v0815	SES143	-4.07138	10.4967	14.5681
spk_ver/v08/v0816	SES143	-2.46617	13.1182	15.5844
spk_ver/v08/v0817	SES144	-0.16017	15.4353	15.5954
spk_ver/v08/v0818	SES143	-3.60479	11.5954	15.2002
spk_ver/v08/v0819	SES143	-3.68775	11.9931	15.6809
spk_ver/v08/v0820	SES143	-2.31139	13.8363	16.1477
spk_ver/v08/v0821	SES143	-3.03341	12.2783	15.3118
spk_ver/v08/v0822	SES143	-4.6154	10.5564	15.1718
spk_ver/v08/v0823	SES104	1.14311	17.2413	16.0982
spk_ver/v08/v0824	SES143	-4.94246	10.7035	15.646
spk_ver/v08/v0825	SES143	-3.3868	11.1515	14.5383
spk_ver/v08/v0826	SES144	-5.89932	9.48118	15.3805
spk_ver/v08/v0827	SES144	-3.02236	12.5872	15.6095
spk_ver/v08/v0828	SES144	-1.98792	14.3974	16.3853
spk_ver/v08/v0829	SES172	0.475424	15.4751	14.9997
spk_ver/v08/v0830	SES144	-1.32954	13.2666	14.5962
spk_ver/v08/v0831	SES183	1.11952	15.7652	14.6457
spk_ver/v08/v0832	SES144	-6.33074	7.90925	14.24
spk_ver/v08/v0833	SES144	-6.04713	9.7147	15.7618
spk_ver/v08/v0834	SES144	-2.2803	12.2651	14.5454
spk_ver/v08/v0835	SES144	-3.8438	10.657	14.5008
spk_ver/v08/v0836	SES144	-3.36518	11.6392	15.0044
spk_ver/v08/v0837	SES144	-3.25489	13.6085	16.8634
spk_ver/v08/v0838	SES144	-5.05429	9.66453	14.7188
spk_ver/v08/v0839	SES085	-0.224711	15.8915	16.1162
spk_ver/v08/v0840	SES144	-1.80236	13.4968	15.2991
spk_ver/v08/v0841	SES144	-6.39991	6.24629	12.6462
spk_ver/v08/v0842	SES144	-6.55274	9.48919	16.0419
spk_ver/v08/v0843	SES144	-1.82999	13.8784	15.7084
spk_ver/v08/v0844	SES144	-4.1619	11.2045	15.3664
spk_ver/v08/v0845	SES144	-4.92919	12.7721	17.7013
spk_ver/v08/v0846	SES104	0.252748	15.6144	15.3617
spk_ver/v08/v0847	SES144	-4.78773	10.1085	14.8963
spk_ver/v08/v0848	SES144	-4.10957	10.3127	14.4222
spk_ver/v08/v0849	SES144	-7.64143	7.8237	15.4651
spk_ver/v08/v0850	SES144	-4.25034	11.4429	15.6933
spk_ver/v08/v0851	SES144	-2.80411	12.3775	15.1816
spk_ver/v08/v0852	SES144	-1.49509	14.8013	16.2964
spk_ver/v08/v0853	SES144	-5.53884	9.16766	14.7065
spk_ver/v08/v0854	SES144	-2.46612	13.2349	15.701
spk_ver/v08/v0855	SES144	-0.804523	16.0228	16.8273
spk_ver/v08/v0856	SES082	-0.969019	12.0322	13.0012
spk_ver/v08/v0857	SES142	1.66576	16.3222	14.6564
spk_ver/v08/v0858	SES144	-1.88801	12.135	14.023
spk_ver/v08/v0859	SES144	-2.65002	12.0963	14.7464
spk_ver/v08/v0860	SES146	-5.69223	9.00518	14.6974
spk_ver/v08/v0861	SES146	-4.84276	9.55101	14.3938
spk_ver/v08/v0862	SES146	-6.53219	8.10228	14.6345
spk_ver/v08/v0863	SES146	-3.15827	10.5829	13.7411
spk_ver/v08/v0864	SES146	-4.82819	11.7515	16.5797
spk_ver/v08/v0865	SES008	1.80497	16.4444	14.6394
spk_ver/v08/v0866	SES142	1.14926	15.6095	14.4602
spk_ver/v08/v0867	SES146	-4.52759	11.0285	15.5561
spk_ver/v08/v0868	SES082	1.70874	18.6107	16.902
spk_ver/v08/v0869	SES146	-3.57808	11.9285	15.5066
spk_ver/v08/v0870	SES146	-5.13215	7.18624	12.3184
spk_ver/v08/v0871	SES146	-5.77118	8.94843	14.7196
spk_ver/v08/v0872	SES146	-5.5306	7.12659	12.6572
spk_ver/v08/v0873	SES082	0.691011	17.9048	17.2137
spk_ver/v08/v0874	SES146	-4.52165	10.7423	15.264
spk_ver/v08/v0875	SES144	-0.169373	14.3497	14.5191
spk_ver/v08/v0876	SES146	-2.79065	14.5235	17.3142
spk_ver/v08/v0877	SES146	-4.68052	9.57429	14.2548
spk_ver/v08/v0878	SES146	-3.88389	11.3342	15.2181
spk_ver/v08/v0879	SES146	-3.46645	11.6662	15.1327
spk_ver/v08/v0880	SES146	-4.19935	9.76046	13.9598
spk_ver/v08/v0881	SES143	0.908278	14.5045	13.5962
spk_ver/v08/v0882	SES146	-2.01483	14.2408	16.2556
spk_ver/v08/v0883	SES147	-3.03167	13.1559	16.1876
spk_ver/v08/v0884	SES147	-1.89632	13.7222	15.6185
spk_ver/v08/v0885	SES016	0.847157	17.0501	16.203
spk_ver/v08/v0886	SES147	-2.7705	12.0255	14.796
spk_ver/v08/v0887	SES147	-3.63141	11.3336	14.965
spk_ver/v08/v0888	SES147	-3.59314	9.74741	13.3406
spk_ver/v08/v0889	SES019	0.835707	15.3492	14.5134
spk_ver/v08/v0890	SES147	-3.41918	10.5944	14.0136
spk_ver/v08/v0891	SES147	-3.85857	11.7427	15.6012
spk_ver/v08/v0892	SES147	-3.26451	10.755	14.0195
spk_ver/v08/v0893	SES270	2.1488	14.8444	12.6956
spk_ver/v08/v0894	SES029	0.0575504	15.3604	15.3029
spk_ver/v08/v0895	SES147	-3.58361	10.0454	13.629
spk_ver/v08/v0896	SES117	0.426195	13.9247	13.4985
spk_ver/v08/v0897	SES183	1.66717	13.3838	11.7166
spk_ver/v08/v0898	SES147	-5.96019	10.2907	16.2509
spk_ver/v08/v0899	SES147	-4.95467	8.38798	13.3426
spk_ver/v09/v0900	SES087	0.891079	16.2943	15.4032
spk_ver/v09/v0901	SES147	-7.6081	6.75961	14.3677
spk_ver/v09/v0902	SES147	-5.35055	8.98727	14.3378
spk_ver/v09/v0903	SES147	-2.56073	12.2119	14.7726
spk_ver/v09/v0904	SES147	-3.45472	12.1506	15.6053
spk_ver/v09/v0905	SES143	0.338015	14.6186	14.2806
spk_ver/v09/v0906	SES149	-0.275606	16.6604	16.936
spk_ver/v09/v0907	SES148	-2.278	13.0039	15.2819
spk_ver/v09/v0908	SES148	-1.36671	14.2135	15.5802
spk_ver/v09/v0909	SES106	2.27015	15.5105	13.2403
spk_ver/v09/v0910	SES148	-1.4729	11.7465	13.2194
spk_ver/v09/v0911	SES148	-4.24539	11.135	15.3804
spk_ver/v09/v0912	SES142	-0.0134783	15.388	15.4015
spk_ver/v09/v0913	SES148	-4.07653	9.72952	13.8061
spk_ver/v09/v0914	SES148	-4.68553	10.5844	15.27
spk_ver/v09/v0915	SES148	-4.39289	9.13316	13.5261
spk_ver/v09/v0916	SES148	-3.23312	10.2473	13.4805
spk_ver/v09/v0917	SES148	1.13832	16.019	14.8807
spk_ver/v09/v0918	SES148	-2.14874	12.877	15.0258
spk_ver/v09/v0919	SES270	1.48134	15.526	14.0446
spk_ver/v09/v0920	SES148	-3.4141	12.2082	15.6223
spk_ver/v09/v0921	SES148	-4.83929	10.7013	15.5406
spk_ver/v09/v0922	SES129	0.981262	17.3421	16.3608
spk_ver/v09/v0923	SES117	0.701409	16.1571	15.4557
spk_ver/v09/v0924	SES042	2.67405	18.7675	16.0934
spk_ver/v09/v0925	SES148	-5.57084	8.20682	13.7777
spk_ver/v09/v0926	SES148	-7.23274	5.7346	12.9673
spk_ver/v09/v0927	SES144	0.165379	15.6061	15.4407
spk_ver/v09/v0928	SES007	0.974485	16.3259	15.3514
spk_ver/v09/v0929	SES148	-3.16528	14.3263	17.4916
spk_ver/v09/v0930	SES148	-1.93348	14.0512	15.9846
spk_ver/v09/v0931	SES148	-3.81017	10.212	14.0222
spk_ver/v09/v0932	SES202	1.68896	17.0899	15.4009
spk_ver/v09/v0933	SES148	-1.29748	15.0272	16.3246
spk_ver/v09/v0934	SES148	-4.80984	10.2181	15.0279
spk_ver/v09/v0935	SES060	0.9284	17.3348	16.4064
spk_ver/v09/v0936	SES060	0.586062	16.1553	15.5693
spk_ver/v09/v0937	SES148	-2.91272	13.3262	16.239
spk_ver/v09/v0938	SES148	-2.5422	13.924	16.4662
spk_ver/v09/v0939	SES148	-4.67749	11.2668	15.9442
spk_ver/v09/v0940	SES148	-3.7455	12.169	15.9146
spk_ver/v09/v0941	SES149	-4.84916	8.93418	13.7833
spk_ver/v09/v0942	SES149	-4.31544	12.4765	16.7919
spk_ver/v09/v0943	SES149	-2.27854	12.8816	15.1602
spk_ver/v09/v0944	SES149	-4.05946	9.96469	14.0241
spk_ver/v09/v0945	SES105	1.12569	16.1078	14.9821
spk_ver/v09/v0946	SES149	-5.70867	10.6369	16.3456
spk_ver/v09/v0947	SES149	-4.21632	9.89422	14.1105
spk_ver/v09/v0948	SES149	-5.29656	10.7639	16.0605
spk_ver/v09/v0949	SES149	-2.74628	14.2323	16.9786
spk_ver/v09/v0950	SES226	1.01883	17.4731	16.4543
spk_ver/v09/v0951	SES149	-4.12405	9.87014	13.9942
spk_ver/v09/v0952	SES149	-5.51956	7.68961	13.2092
spk_ver/v09/v0953	SES062	1.10011	17.2699	16.1698
spk_ver/v09/v0954	SES149	-4.23965	10.613	14.8526
spk_ver/v09/v0955	SES048	-0.770775	15.7635	16.5342
spk_ver/v09/v0956	SES158	-3.13334	12.8882	16.0216
spk_ver/v09/v0957	SES158	-7.45676	7.00498	14.4617
spk_ver/v09/v0958	SES158	-2.0511	14.5071	16.5582
spk_ver/v09/v0959	SES158	-3.95653	10.6438	14.6003
spk_ver/v09/v0960	SES158	-5.45163	8.44793	13.8996
spk_ver/v09/v0961	SES147	0.892637	14.904	14.0113
spk_ver/v09/v0962	SES158	-9.11501	5.37611	14.4911
spk_ver/v09/v0963	SES292	-0.0130978	16.1492	16.1623
spk_ver/v09/v0964	SES060	1.27101	18.3301	17.0591
spk_ver/v09/v0965	SES002	0.811591	16.0305	15.219
spk_ver/v09/v0966	SES149	1.47208	18.5725	17.1004
spk_ver/v09/v0967	SES158	-7.99519	7.29871	15.2939
spk_ver/v09/v0968	SES158	-5.23403	8.17346	13.4075
spk_ver/v09/v0969	SES275	-0.386678	13.5413	13.928
spk_ver/v09/v0970	SES158	-5.84572	10.0388	15.8845
spk_ver/v09/v0971	SES158	-4.93461	9.91916	14.8538
spk_ver/v09/v0972	SES002	0.715948	16.8669	16.151
spk_ver/v09/v0973	SES158	-7.03774	8.33489	15.3726
spk_ver/v09/v0974	SES202	0.973765	15.3442	14.3704
spk_ver/v09/v0975	SES158	-8.1079	5.70091	13.8088
spk_ver/v09/v0976	SES158	-1.40542	14.551	15.9564
spk_ver/v09/v0977	SES162	-3.49185	12.5725	16.0643
spk_ver/v09/v0978	SES162	-6.93081	6.17285	13.1037
spk_ver/v09/v0979	SES162	-7.55013	7.44726	14.9974
spk_ver/v09/v0980	SES162	-2.59459	11.3631	13.9577
spk_ver/v09/v0981	SES162	-4.62366	8.37476	12.9984
spk_ver/v09/v0982	SES259	2.34706	18.149	15.802
spk_ver/v09/v0983	SES162	-5.80413	5.48795	11.2921
spk_ver/v09/v0984	SES162	-2.22185	14.3173	16.5392
spk_ver/v09/v0985	SES162	-2.23708	13.1634	15.4005
spk_ver/v09/v0986	SES062	1.14004	18.2559	17.1159
spk_ver/v09/v0987	SES162	-2.4764	12.6278	15.1042
spk_ver/v09/v0988	SES162	-5.46367	9.78778	15.2514
spk_ver/v09/v0989	SES162	-6.93548	5.80689	12.7424
spk_ver/v09/v0990	SES162	-4.83508	11.6948	16.5298
spk_ver/v09/v0991	SES087	1.33919	16.7723	15.4331
spk_ver/v09/v0992	SES120	-0.331121	13.6507	13.9819
spk_ver/v09/v0993	SES162	-5.55426	10.5118	16.0661
spk_ver/v09/v0994	SES162	-2.8861	13.0171	15.9032
spk_ver/v09/v0995	SES162	-6.07241	11.032	17.1045
spk_ver/v09/v0996	SES162	-3.55452	14.4919	18.0464
spk_ver/v09/v0997	SES162	-6.08809	9.24261	15.3307
spk_ver/v09/v0998	SES162	-4.52255	8.59448	13.117
spk_ver/v09/v0999	SES162	-3.27201	15.1929	18.4649
spk_ver/v10/v1000	SES162	-6.28032	9.43612	15.7164
spk_ver/v10/v1001	SES148	1.20274	14.753	13.5502
spk_ver/v10/v1002	SES162	-2.27737	11.5692	13.8465
spk_ver/v10/v1003	SES162	-2.82806	13.5635	16.3916
spk_ver/v10/v1004	SES162	-3.41993	10.4347	13.8546
spk_ver/v10/v1005	SES162	-6.4443	7.88785	14.3321
spk_ver/v10/v1006	SES162	-5.37755	10.0734	15.4509
spk_ver/v10/v1007	SES162	-2.79562	11.2034	13.999
spk_ver/v10/v1008	SES162	-6.99661	5.80799	12.8046
spk_ver/v10/v1009	SES162	-7.84533	7.7078	15.5531
spk_ver/v10/v1010	SES167	-4.02729	9.12743	13.1547
spk_ver/v10/v1011	SES167	-1.60141	12.8557	14.4571
spk_ver/v10/v1012	SES167	-3.73404	9.51087	13.2449
spk_ver/v10/v1013	SES167	-8.05807	6.54832	14.6064
spk_ver/v10/v1014	SES167	-1.99592	14.4501	16.446
spk_ver/v10/v1015	SES167	-3.50989	12.1599	15.6698
spk_ver/v10/v1016	SES167	-3.19328	13.4216	16.6149
spk_ver/v10/v1017	SES167	-3.22022	11.8574	15.0776
spk_ver/v10/v1018	SES167	-4.54928	10.9782	15.5275
spk_ver/v10/v1019	SES167	-4.62713	10.223	14.8502
spk_ver/v10/v1020	SES167	-8.57117	5.23734	13.8085
spk_ver/v10/v1021	SES167	-3.08764	10.0547	13.1424
spk_ver/v10/v1022	SES167	-6.43167	8.19546	14.6271
spk_ver/v10/v1023	SES167	-4.8819	9.48079	14.3627
spk_ver/v10/v1024	SES167	-6.91241	6.69938	13.6118
spk_ver/v10/v1025	SES167	-2.6242	13.7205	16.3447
spk_ver/v10/v1026	SES167	-5.16452	10.2144	15.3789
spk_ver/v10/v1027	SES167	-2.923	13.6244	16.5474
spk_ver/v10/v1028	SES167	-7.07673	7.39404	14.4708
spk_ver/v10/v1029	SES167	-6.47526	8.37954	14.8548
spk_ver/v10/v1030	SES167	-4.73174	10.8705	15.6023
spk_ver/v10/v1031	SES167	-7.437	7.25136	14.6884
spk_ver/v10/v1032	SES167	-7.03912	10.1403	17.1795
spk_ver/v10/v1033	SES167	-7.30187	9.85647	17.1583
spk_ver/v10/v1034	SES002	0.702147	17.3344	16.6322
spk_ver/v10/v1035	SES167	-2.07365	14.201	16.2747
spk_ver/v10/v1036	SES083	0.996948	17.4599	16.4629
spk_ver/v10/v1037	SES167	-4.65391	9.86702	14.5209
spk_ver/v10/v1038	SES167	-4.05651	10.2261	14.2826
spk_ver/v10/v1039	SES167	-3.9391	11.1102	15.0493
spk_ver/v10/v1040	SES167	-6.61639	6.51846	13.1349
spk_ver/v10/v1041	SES167	-1.96288	12.548	14.5109
spk_ver/v10/v1042	SES087	0.440979	15.4057	14.9647
spk_ver/v10/v1043	SES029	1.41904	17.0323	15.6132
spk_ver/v10/v1044	SES206	0.218952	16.9482	16.7292
spk_ver/v10/v1045	SES172	-2.91226	11.1881	14.1004
spk_ver/v10/v1046	SES172	0.748219	16.8481	16.0999
spk_ver/v10/v1047	SES172	-2.14361	13.312	15.4556
spk_ver/v10/v1048	SES259	3.0026	18.9309	15.9283
spk_ver/v10/v1049	SES172	-5.79827	10.2393	16.0376
spk_ver/v10/v1050	SES120	0.274262	14.694	14.4198
spk_ver/v10/v1051	SES172	-3.57393	12.592	16.1659
spk_ver/v10/v1052	SES172	-2.57948	12.5973	15.1768
spk_ver/v10/v1053	SES172	-4.37329	11.3831	15.7564
spk_ver/v10/v1054	SES172	-3.80939	11.1346	14.944
spk_ver/v10/v1055	SES189	1.16569	14.0106	12.8449
spk_ver/v10/v1056	SES172	-4.77668	10.0994	14.8761
spk_ver/v10/v1057	SES172	-3.04794	11.8647	14.9126
spk_ver/v10/v1058	SES172	-1.96661	13.8131	15.7797
spk_ver/v10/v1059	SES172	-3.94545	11.8404	15.7858
spk_ver/v10/v1060	SES029	-0.167219	16.6923	16.8595
spk_ver/v10/v1061	SES175	-9.33934	6.21155	15.5509
spk_ver/v10/v1062	SES187	0.372231	17.1749	16.8026
spk_ver/v10/v1063	SES019	2.09178	15.4114	13.3196
spk_ver/v10/v1064	SES175	-4.90164	10.1676	15.0692
spk_ver/v10/v1065	SES175	-6.10657	8.88404	14.9906
spk_ver/v10/v1066	SES175	-8.2987	4.60521	12.9039
spk_ver/v10/v1067	SES175	-3.55113	10.8711	14.4223
spk_ver/v10/v1068	SES175	-4.51588	8.80606	13.3219
spk_ver/v10/v1069	SES016	2.03246	18.209	16.1765
spk_ver/v10/v1070	SES175	-3.45045	12.0132	15.4636
spk_ver/v10/v1071	SES175	-3.15483	13.6092	16.764
spk_ver/v10/v1072	SES175	-5.96972	8.77274	14.7425
spk_ver/v10/v1073	SES029	-0.521482	15.4664	15.9879
spk_ver/v10/v1074	SES175	-3.64278	11.7975	15.4403
spk_ver/v10/v1075	SES175	-2.17713	14.5375	16.7146
spk_ver/v10/v1076	SES175	-1.82475	15.632	17.4567
spk_ver/v10/v1077	SES175	-3.62206	13.3975	17.0196
spk_ver/v10/v1078	SES127	0.789217	18.0729	17.2837
spk_ver/v10/v1079	SES175	-4.37712	12.7311	17.1083
spk_ver/v10/v1080	SES175	-3.97068	9.65224	13.6229
spk_ver/v10/v1081	SES175	-5.44602	8.9595	14.4055
spk_ver/v10/v1082	SES175	-4.55896	12.1142	16.6732
spk_ver/v10/v1083	SES007	0.535382	14.7927	14.2573
spk_ver/v10/v1084	SES068	0.868536	18.0186	17.1501
spk_ver/v10/v1085	SES008	0.222351	17.4632	17.2409
spk_ver/v10/v1086	SES175	-2.30427	13.9011	16.2054
spk_ver/v10/v1087	SES175	-3.73486	11.8464	15.5812
spk_ver/v10/v1088	SES008	1.34762	17.1624	15.8148
spk_ver/v10/v1089	SES177	-3.4447	13.5617	17.0064
spk_ver/v10/v1090	SES177	-5.80676	9.24118	15.0479
spk_ver/v10/v1091	SES177	-4.86946	8.98247	13.8519
spk_ver/v10/v1092	SES177	-2.05087	12.4173	14.4681
spk_ver/v10/v1093	SES177	-4.67738	10.6764	15.3538
spk_ver/v10/v1094	SES002	1.1667	17.5083	16.3417
spk_ver/v10/v1095	SES104	0.829346	16.8703	16.041
spk_ver/v10/v1096	SES177	-2.54949	12.9891	15.5386
spk_ver/v10/v1097	SES177	-3.45784	9.04899	12.5068
spk_ver/v10/v1098	SES177	-3.93513	12.9032	16.8383
spk_ver/v10/v1099	SES177	-2.04159	13.1701	15.2117
spk_ver/v11/v1100	SES177	-4.10373	10.1715	14.2753
spk_ver/v11/v1101	SES085	-0.0605507	16.5292	16.5898
spk_ver/v11/v1102	SES187	1.01753	16.6169	15.5993
spk_ver/v11/v1103	SES177	-2.63835	12.4037	15.0421
spk_ver/v11/v1104	SES177	0.0520267	16.4	16.348
spk_ver/v11/v1105	SES177	-1.96553	13.4678	15.4334
spk_ver/v11/v1106	SES177	-3.7084	11.5198	15.2282
spk_ver/v11/v1107	SES177	-2.15245	13.6969	15.8494
spk_ver/v11/v1108	SES177	-1.74248	15.1644	16.9069
spk_ver/v11/v1109	SES125	1.19032	16.4587	15.2684
spk_ver/v11/v1110	SES177	-4.52227	11.0458	15.5681
spk_ver/v11/v1111	SES177	-2.71256	13.8207	16.5333
spk_ver/v11/v1112	SES177	-4.51708	10.8414	15.3585
spk_ver/v11/v1113	SES177	-6.0252	10.0456	16.0708
spk_ver/v11/v1114	SES177	-2.27443	12.3321	14.6065
spk_ver/v11/v1115	SES177	-3.01183	10.0029	13.0147
spk_ver/v11/v1116	SES085	0.374325	18.1043	17.73
spk_ver/v11/v1117	SES147	0.469005	14.9362	14.4672
spk_ver/v11/v1118	SES177	-2.22196	12.0283	14.2503
spk_ver/v11/v1119	SES177	-4.39109	9.57569	13.9668
spk_ver/v11/v1120	SES180	-8.45255	6.57578	15.0283
spk_ver/v11/v1121	SES189	0.0135756	13.868	13.8544
spk_ver/v11/v1122	SES117	0.223757	12.9792	12.7555
spk_ver/v11/v1123	SES129	1.95551	17.7852	15.8297
spk_ver/v11/v1124	SES180	-2.56949	13.117	15.6864
spk_ver/v11/v1125	SES180	-1.99654	14.361	16.3575
spk_ver/v11/v1126	SES180	-2.38211	14.067	16.4491
spk_ver/v11/v1127	SES180	-4.76506	10.5879	15.353
spk_ver/v11/v1128	SES016	0.731883	15.5719	14.8401
spk_ver/v11/v1129	SES158	0.523351	15.3367	14.8134
spk_ver/v11/v1130	SES180	-4.37397	11.0531	15.427
spk_ver/v11/v1131	SES180	-5.44892	13.035	18.4839
spk_ver/v11/v1132	SES180	-2.66828	12.0432	14.7115
spk_ver/v11/v1133	SES180	-6.0515	10.5353	16.5868
spk_ver/v11/v1134	SES180	-3.41313	10.477	13.8901
spk_ver/v11/v1135	SES180	-3.26393	12.881	16.145
spk_ver/v11/v1136	SES180	-7.31218	4.50857	11.8207
spk_ver/v11/v1137	SES148	0.0609674	15.385	15.3241
spk_ver/v11/v1138	SES104	1.27985	19.5067	18.2269
spk_ver/v11/v1139	SES180	-6.27436	6.52456	12.7989
spk_ver/v11/v1140	SES083	0.333795	15.6598	15.326
spk_ver/v11/v1141	SES180	-6.31751	8.64966	14.9672
spk_ver/v11/v1142	SES180	-4.35247	9.99282	14.3453
spk_ver/v11/v1143	SES180	-5.16092	9.44541	14.6063
spk_ver/v11/v1144	SES099	1.10351	15.8443	14.7408
spk_ver/v11/v1145	SES180	-3.60141	11.9862	15.5876
spk_ver/v11/v1146	SES183	-4.45625	11.6029	16.0592
spk_ver/v11/v1147	SES183	-2.35636	13.8178	16.1742
spk_ver/v11/v1148	SES183	-6.8374	6.83026	13.6677
spk_ver/v11/v1149	SES183	-8.50897	8.26749	16.7765
spk_ver/v11/v1150	SES183	-8.62215	6.92813	15.5503
spk_ver/v11/v1151	SES082	0.468165	15.618	15.1499
spk_ver/v11/v1152	SES183	-3.4042	9.63059	13.0348
spk_ver/v11/v1153	SES183	-2.47221	12.1976	14.6698
spk_ver/v11/v1154	SES002	1.10494	18.2188	17.1139
spk_ver/v11/v1155	SES183	-2.82902	11.6998	14.5288
spk_ver/v11/v1156	SES183	-5.85003	7.70523	13.5553
spk_ver/v11/v1157	SES183	-4.55863	11.8391	16.3978
spk_ver/v11/v1158	SES183	-1.92098	13.7105	15.6315
spk_ver/v11/v1159	SES183	-3.03767	12.5329	15.5706
spk_ver/v11/v1160	SES183	-7.86471	6.19674	14.0615
spk_ver/v11/v1161	SES183	-4.50037	7.1884	11.6888
spk_ver/v11/v1162	SES105	1.45294	16.1852	14.7323
spk_ver/v11/v1163	SES183	-6.76201	8.89816	15.6602
spk_ver/v11/v1164	SES259	2.71065	17.6015	14.8909
spk_ver/v11/v1165	SES183	-2.96975	11.8071	14.7768
spk_ver/v11/v1166	SES183	-6.85705	8.79351	15.6506
spk_ver/v11/v1167	SES183	-2.59409	11.0112	13.6053
spk_ver/v11/v1168	SES183	-3.03321	13.6668	16.7
spk_ver/v11/v1169	SES183	-6.70521	9.53085	16.2361
spk_ver/v11/v1170	SES183	-4.78169	11.6595	16.4412
spk_ver/v11/v1171	SES183	-9.95236	3.98509	13.9374
spk_ver/v11/v1172	SES187	-4.34766	10.4322	14.7799
spk_ver/v11/v1173	SES019	3.77005	16.1095	12.3394
spk_ver/v11/v1174	SES187	-5.39703	7.63071	13.0277
spk_ver/v11/v1175	SES187	-4.26498	9.32482	13.5898
spk_ver/v11/v1176	SES083	0.447023	17.4213	16.9743
spk_ver/v11/v1177	SES187	-7.79505	6.15471	13.9498
spk_ver/v11/v1178	SES187	-6.82917	7.823	14.6522
spk_ver/v11/v1179	SES187	-3.65158	11.2682	14.9197
spk_ver/v11/v1180	SES187	-2.36711	11.6432	14.0103
spk_ver/v11/v1181	SES187	-6.29208	10.8519	17.144
spk_ver/v11/v1182	SES187	-2.13575	14.6447	16.7804
spk_ver/v11/v1183	SES187	-4.12623	9.01862	13.1449
spk_ver/v11/v1184	SES187	-1.0465	13.8076	14.8541
spk_ver/v11/v1185	SES127	1.2746	17.6343	16.3597
spk_ver/v11/v1186	SES187	-2.30332	12.8846	15.1879
spk_ver/v11/v1187	SES187	-2.99519	13.7495	16.7447
spk_ver/v11/v1188	SES187	-3.36167	11.0187	14.3804
spk_ver/v11/v1189	SES042	1.14906	17.5975	16.4484
spk_ver/v11/v1190	SES187	-2.96472	11.94	14.9047
spk_ver/v11/v1191	SES187	-6.67891	6.57023	13.2491
spk_ver/v11/v1192	SES187	-6.06022	7.31894	13.3792
spk_ver/v11/v1193	SES183	0.640288	15.458	14.8177
spk_ver/v11/v1194	SES187	-3.9758	10.2845	14.2603
spk_ver/v11/v1195	SES187	-5.17573	9.32354	14.4993
spk_ver/v11/v1196	SES146	0.826192	14.2337	13.4075
spk_ver/v11/v1197	SES189	-6.23146	10.2019	16.4334
spk_ver/v11/v1198	SES175	0.71244	15.825	15.1126
spk_ver/v11/v1199	SES189	-5.96875	7.46614	13.4349
spk_ver/v12/v1200	SES189	-3.00334	14.7289	17.7323
spk_ver/v12/v1201	SES177	0.777311	17.1038	16.3265
spk_ver/v12/v1202	SES189	-3.71592	10.6915	14.4074
spk_ver/v12/v1203	SES143	0.24774	14.9319	14.6842
spk_ver/v12/v1204	SES189	-3.78181	11.7702	15.552
spk_ver/v12/v1205	SES189	-2.57065	14.525	17.0956
spk_ver/v12/v1206	SES189	-5.486	7.16628	12.6523
spk_ver/v12/v1207	SES189	-5.03631	9.80145	14.8378
spk_ver/v12/v1208	SES189	-4.91148	13.4335	18.345
spk_ver/v12/v1209	SES189	-7.16859	6.52659	13.6952
spk_ver/v12/v1210	SES189	-1.68043	13.0456	14.726
spk_ver/v12/v1211	SES062	1.79681	18.4703	16.6735
spk_ver/v12/v1212	SES189	-4.28893	11.4083	15.6973
spk_ver/v12/v1213	SES048	1.38162	17.6638	16.2822
spk_ver/v12/v1214	SES042	2.77483	19.3194	16.5446
spk_ver/v12/v1215	SES008	1.29716	17.1816	15.8844
spk_ver/v12/v1216	SES202	-8.35807	8.95296	17.311
spk_ver/v12/v1217	SES202	-4.92038	9.06	13.9804
spk_ver/v12/v1218	SES085	0.0949688	17.9982	17.9033
spk_ver/v12/v1219	SES202	-3.84388	12.4084	16.2523
spk_ver/v12/v1220	SES202	-3.67097	13.023	16.694
spk_ver/v12/v1221	SES202	-3.26755	11.4598	14.7274
spk_ver/v12/v1222	SES202	-10.0057	4.65787	14.6636
spk_ver/v12/v1223	SES158	0.395504	15.4345	15.039
spk_ver/v12/v1224	SES202	-3.50604	10.5662	14.0722
spk_ver/v12/v1225	SES202	-5.54656	9.73132	15.2779
spk_ver/v12/v1226	SES202	-5.7616	10.5159	16.2775
spk_ver/v12/v1227	SES202	-4.78519	10.422	15.2071
spk_ver/v12/v1228	SES177	0.180751	15.6132	15.4324
spk_ver/v12/v1229	SES202	-5.80159	10.4001	16.2017
spk_ver/v12/v1230	SES202	-4.27483	10.8289	15.1038
spk_ver/v12/v1231	SES202	-5.01816	10.6635	15.6817
spk_ver/v12/v1232	SES202	-3.94791	9.24911	13.197
spk_ver/v12/v1233	SES206	1.03057	17.9285	16.8979
spk_ver/v12/v1234	SES202	-7.37486	5.95475	13.3296
spk_ver/v12/v1235	SES202	-3.78737	12.524	16.3114
spk_ver/v12/v1236	SES125	1.87144	16.4832	14.6118
spk_ver/v12/v1237	SES127	1.33145	16.9318	15.6003
spk_ver/v12/v1238	SES202	2.02401	16.1119	14.0878
spk_ver/v12/v1239	SES167	1.11082	17.3799	16.2691
spk_ver/v12/v1240	SES206	-6.54294	7.91648	14.4594
spk_ver/v12/v1241	SES206	-6.47184	8.40098	14.8728
spk_ver/v12/v1242	SES206	-1.92564	14.4129	16.3385
spk_ver/v12/v1243	SES206	-4.1584	10.8691	15.0275
spk_ver/v12/v1244	SES259	2.25957	16.9559	14.6963
spk_ver/v12/v1245	SES206	-4.28728	11.7736	16.0609
spk_ver/v12/v1246	SES206	-4.39186	12.0462	16.4381
spk_ver/v12/v1247	SES206	-2.72365	12.7166	15.4403
spk_ver/v12/v1248	SES206	-7.53304	6.38003	13.9131
spk_ver/v12/v1249	SES270	2.57428	15.7099	13.1356
spk_ver/v12/v1250	SES206	-6.04506	8.42471	14.4698
spk_ver/v12/v1251	SES206	-3.64896	12.8941	16.543
spk_ver/v12/v1252	SES206	-3.80087	11.4169	15.2178
spk_ver/v12/v1253	SES206	-2.0155	13.323	15.3385
spk_ver/v12/v1254	SES206	-3.12331	10.7093	13.8326
spk_ver/v12/v1255	SES125	1.67758	17.2435	15.5659
spk_ver/v12/v1256	SES206	-7.63991	8.63003	16.2699
spk_ver/v12/v1257	SES206	-5.76909	10.275	16.0441
spk_ver/v12/v1258	SES206	-3.31851	12.0055	15.324
spk_ver/v12/v1259	SES206	-6.44601	8.82186	15.2679
spk_ver/v12/v1260	SES206	-6.47157	8.10762	14.5792
spk_ver/v12/v1261	SES206	-6.19916	10.086	16.2851
spk_ver/v12/v1262	SES206	-7.8958	7.61705	15.5129
spk_ver/v12/v1263	SES206	-4.7584	11.2078	15.9662
spk_ver/v12/v1264	SES149	0.795355	17.3113	16.5159
spk_ver/v12/v1265	SES206	-2.61112	10.5597	13.1708
spk_ver/v12/v1266	SES206	-6.14591	9.00569	15.1516
spk_ver/v12/v1267	SES206	-2.94007	8.90051	11.8406
spk_ver/v12/v1268	SES206	-4.86068	9.03318	13.8939
spk_ver/v12/v1269	SES206	-7.17512	6.5796	13.7547
spk_ver/v12/v1270	SES206	-8.82864	3.43744	12.2661
spk_ver/v12/v1271	SES226	-6.67808	6.91387	13.5919
spk_ver/v12/v1272	SES226	-1.58092	15.8755	17.4565
spk_ver/v12/v1273	SES226	-6.26108	10.24	16.5011
spk_ver/v12/v1274	SES226	-6.61155	7.97902	14.5906
spk_ver/v12/v1275	SES226	-1.76285	11.2974	13.0603
spk_ver/v12/v1276	SES226	-7.0885	7.73147	14.82
spk_ver/v12/v1277	SES226	-1.96691	14.398	16.3649
spk_ver/v12/v1278	SES226	-1.25469	13.2747	14.5294
spk_ver/v12/v1279	SES226	-6.90893	9.91049	16.8194
spk_ver/v12/v1280	SES226	-5.04457	10.7785	15.823
spk_ver/v12/v1281	SES226	-3.11173	12.1527	15.2644
spk_ver/v12/v1282	SES226	-3.71789	11.0456	14.7635
spk_ver/v12/v1283	SES143	1.43172	16.1388	14.707
spk_ver/v12/v1284	SES226	-5.62175	11.3776	16.9994
spk_ver/v12/v1285	SES226	-4.02634	11.8585	15.8848
spk_ver/v12/v1286	SES226	-3.58303	10.0253	13.6083
spk_ver/v12/v1287	SES226	-4.41894	11.1325	15.5515
spk_ver/v12/v1288	SES226	-7.35974	8.39386	15.7536
spk_ver/v12/v1289	SES104	1.31129	16.5536	15.2423
spk_ver/v12/v1290	SES008	2.79393	17.1556	14.3617
spk_ver/v12/v1291	SES226	-3.00431	12.0483	15.0526
spk_ver/v12/v1292	SES259	-7.63031	7.11573	14.746
spk_ver/v12/v1293	SES062	0.872519	17.4772	16.6047
spk_ver/v12/v1294	SES099	0.82622	14.6392	13.813
spk_ver/v12/v1295	SES158	0.468376	13.9737	13.5053
spk_ver/v12/v1296	SES259	-5.92608	10.9459	16.872
spk_ver/v12/v1297	SES259	-7.39892	7.91531	15.3142
spk_ver/v12/v1298	SES259	-5.38828	10.8211	16.2094
spk_ver/v12/v1299	SES259	-7.04953	7.76981	14.8193
spk_ver/v13/v1300	SES120	0.887908	14.7007	13.8128
spk_ver/v13/v1301	SES259	-9.26003	5.90113	15.1612
spk_ver/v13/v1302	SES259	-7.97889	6.19686	14.1758
spk_ver/v13/v1303	SES129	1.36128	16.7162	15.3549
spk_ver/v13/v1304	SES259	-4.35232	9.73968	14.092
spk_ver/v13/v1305	SES259	-8.61005	6.34138	14.9514
spk_ver/v13/v1306	SES106	0.802711	15.9773	15.1746
spk_ver/v13/v1307	SES259	-6.13541	8.8552	14.9906
spk_ver/v13/v1308	SES259	-3.89877	11.2862	15.1849
spk_ver/v13/v1309	SES259	-7.00469	9.2845	16.2892
spk_ver/v13/v1310	SES259	-7.35114	9.58408	16.9352
spk_ver/v13/v1311	SES259	-5.70876	9.94965	15.6584
spk_ver/v13/v1312	SES259	-6.24575	10.0783	16.3241
spk_ver/v13/v1313	SES144	-0.0275106	15.7615	15.789
spk_ver/v13/v1314	SES259	-7.6751	7.54674	15.2218
spk_ver/v13/v1315	SES162	1.18319	16.3865	15.2033
spk_ver/v13/v1316	SES206	0.734516	16.9783	16.2438
spk_ver/v13/v1317	SES175	0.195701	14.8314	14.6357
spk_ver/v13/v1318	SES259	-7.67098	6.51529	14.1863
spk_ver/v13/v1319	SES259	-6.95399	8.27133	15.2253
spk_ver/v13/v1320	SES270	-1.49259	14.2852	15.7778
spk_ver/v13/v1321	SES101	-0.0125084	16.0744	16.0869
spk_ver/v13/v1322	SES177	0.647583	17.4945	16.8469
spk_ver/v13/v1323	SES127	0.687271	17.8992	17.2119
spk_ver/v13/v1324	SES270	-6.31309	8.23292	14.546
spk_ver/v13/v1325	SES062	0.429041	17.1176	16.6886
spk_ver/v13/v1326	SES270	-0.420207	13.4609	13.8811
spk_ver/v13/v1327	SES120	-0.652344	12.5122	13.1645
spk_ver/v13/v1328	SES270	-7.02427	7.23317	14.2574
spk_ver/v13/v1329	SES270	-6.44249	10.7737	17.2162
spk_ver/v13/v1330	SES270	-1.48964	12.9503	14.4399
spk_ver/v13/v1331	SES270	-6.49368	10.8132	17.3069
spk_ver/v13/v1332	SES270	-2.71249	14.2139	16.9264
spk_ver/v13/v1333	SES270	-4.7939	10.1625	14.9564
spk_ver/v13/v1334	SES270	-5.38596	10.5688	15.9547
spk_ver/v13/v1335	SES270	-1.07041	14.4788	15.5493
spk_ver/v13/v1336	SES270	-3.24265	11.456	14.6987
spk_ver/v13/v1337	SES016	1.07799	17.1265	16.0485
spk_ver/v13/v1338	SES270	-6.84462	10.0447	16.8894
spk_ver/v13/v1339	SES002	0.304617	16.4304	16.1258
spk_ver/v13/v1340	SES105	2.38717	16.348	13.9608
spk_ver/v13/v1341	SES275	-4.26335	11.0767	15.34
spk_ver/v13/v1342	SES187	0.238763	15.448	15.2092
spk_ver/v13/v1343	SES275	-3.34087	11.4342	14.775
spk_ver/v13/v1344	SES275	-5.5379	8.70992	14.2478
spk_ver/v13/v1345	SES275	-3.78174	10.7324	14.5142
spk_ver/v13/v1346	SES275	-6.94278	8.52769	15.4705
spk_ver/v13/v1347	SES275	-3.47493	10.7288	14.2037
spk_ver/v13/v1348	SES180	0.571259	16.5651	15.9938
spk_ver/v13/v1349	SES275	-3.43251	9.82645	13.259
spk_ver/v13/v1350	SES275	-2.08181	13.9781	16.0599
spk_ver/v13/v1351	SES275	-4.91753	6.15496	11.0725
spk_ver/v13/v1352	SES275	-2.89894	13.1119	16.0108
spk_ver/v13/v1353	SES275	-3.19362	8.39054	11.5842
spk_ver/v13/v1354	SES189	0.693331	13.304	12.6106
spk_ver/v13/v1355	SES068	0.536596	17.7417	17.2051
spk_ver/v13/v1356	SES275	-4.81141	8.26066	13.0721
spk_ver/v13/v1357	SES048	-0.358234	15.4516	15.8098
spk_ver/v13/v1358	SES226	2.80596	20.0019	17.196
spk_ver/v13/v1359	SES016	0.978544	17.6487	16.6702
spk_ver/v13/v1360	SES275	-3.72301	11.0867	14.8097
spk_ver/v13/v1361	SES068	0.400377	17.7027	17.3023
spk_ver/v13/v1362	SES275	-5.05603	9.55484	14.6109
spk_ver/v13/v1363	SES275	-4.27755	10.7295	15.007
spk_ver/v13/v1364	SES275	-4.59241	9.95526	14.5477
spk_ver/v13/v1365	SES275	-1.99173	14.2677	16.2594
spk_ver/v13/v1366	SES187	0.657925	16.6645	16.0066
spk_ver/v13/v1367	SES275	-5.82399	7.92988	13.7539
spk_ver/v13/v1368	SES125	0.97284	16.1196	15.1468
spk_ver/v13/v1369	SES275	-3.18391	8.50522	11.6891
spk_ver/v13/v1370	SES292	-3.71806	11.5614	15.2795
spk_ver/v13/v1371	SES292	-3.12739	12.6584	15.7858
spk_ver/v13/v1372	SES292	-3.30059	10.2936	13.5942
spk_ver/v13/v1373	SES292	-3.34299	11.5355	14.8785
spk_ver/v13/v1374	SES101	0.958502	15.8601	14.9016
spk_ver/v13/v1375	SES292	-3.24927	12.3891	15.6384
spk_ver/v13/v1376	SES292	-3.31319	12.3501	15.6633
spk_ver/v13/v1377	SES292	-4.7971	8.23683	13.0339
spk_ver/v13/v1378	SES292	-2.90117	12.8375	15.7386
spk_ver/v13/v1379	SES292	-2.81631	11.3599	14.1762
spk_ver/v13/v1380	SES292	-3.36472	12.6219	15.9866
spk_ver/v13/v1381	SES292	-2.49859	15.8583	18.3569
spk_ver/v13/v1382	SES292	-2.62987	11.7718	14.4016
spk_ver/v13/v1383	SES292	-3.21493	10.9832	14.1981
spk_ver/v13/v1384	SES292	-2.84137	12.5297	15.371
spk_ver/v13/v1385	SES292	-2.60637	13.1553	15.7616
spk_ver/v13/v1386	SES292	-2.47286	12.0946	14.5675
spk_ver/v13/v1387	SES158	1.42575	13.2798	11.8541
spk_ver/v13/v1388	SES292	-2.18767	15.4217	17.6094
spk_ver/v13/v1389	SES292	-1.98019	16.761	18.7412
spk_ver/v13/v1390	SES292	-2.56152	14.3445	16.906
spk_ver/v13/v1391	SES292	-2.92032	12.5735	15.4938
spk_ver/v13/v1392	SES292	-3.9089	11.053	14.9619
spk_ver/v13/v1393	SES292	-3.21989	12.4997	15.7196
spk_ver/v13/v1394	SES292	-3.24049	12.887	16.1275
spk_ver/v13/v1395	SES292	-2.48867	12.7701	15.2588
spk_ver/v13/v1396	SES117	-0.109617	13.0828	13.1924
spk_ver/v13/v1397	SES292	-5.08669	11.0132	16.0999
spk_ver/v13/v1398	SES292	-3.75026	10.0598	13.8101
spk_ver/v13/v1399	SES292	-1.56754	14.1017	15.6692
