BLOCK00/SES002/SA002S12	SES002	1.01627	16.9017	15.8854
BLOCK00/SES002/SA002S13	SES002	1.53647	16.5775	15.0411
BLOCK00/SES002/SA002S23	SES002	0.618833	16.3645	15.7456
BLOCK00/SES002/SA002S26	SES002	1.20517	17.6917	16.4865
BLOCK00/SES002/SA002S28	SES002	0.0170307	14.7113	14.6943
BLOCK00/SES007/SA007S14	SES007	1.762	18.4896	16.7276
BLOCK00/SES007/SA007S15	SES007	0.431323	15.8586	15.4273
BLOCK00/SES007/SA007S24	SES007	1.00897	16.0441	15.0352
BLOCK00/SES007/SA007S27	SES007	0.578592	15.3504	14.7718
BLOCK00/SES007/SA007S29	SES007	0.48494	16.5022	16.0173
BLOCK00/SES008/SA008S11	SES008	1.01146	16.4397	15.4282
BLOCK00/SES008/SA008S12	SES008	-0.14281	14.9042	15.047
BLOCK00/SES008/SA008S19	SES008	1.56468	17.7778	16.2131
BLOCK00/SES008/SA008S22	SES008	0.0162697	14.6456	14.6294
BLOCK00/SES008/SA008S29	SES008	1.21373	17.2252	16.0114
BLOCK01/SES014/SA014S10	SES014	1.75013	17.1252	15.3751
BLOCK01/SES014/SA014S12	SES014	3.33989	20.5736	17.2337
BLOCK01/SES014/SA014S24	SES014	0.975704	17.6135	16.6378
BLOCK01/SES014/SA014S26	SES014	2.14116	20.6922	18.551
BLOCK01/SES014/SA014S28	SES014	4.02789	21.5209	17.493
BLOCK01/SES016/SA016S12	SES016	0.327659	13.8164	13.4888
BLOCK01/SES016/SA016S13	SES016	1.29125	16.6463	15.3551
BLOCK01/SES016/SA016S22	SES016	0.631735	16.031	15.3993
BLOCK01/SES016/SA016S25	SES016	1.56663	18.3402	16.7736
BLOCK01/SES016/SA016S27	SES016	1.47258	18.7531	17.2805
BLOCK01/SES019/SA019S13	SES019	2.22248	15.2807	13.0583
BLOCK01/SES019/SA019S14	SES019	2.0624	15.9921	13.9297
BLOCK01/SES019/SA019S22	SES019	2.23803	15.7325	13.4945
BLOCK01/SES019/SA019S25	SES019	2.57787	16.3569	13.7791
BLOCK01/SES019/SA019S29	SES019	3.29253	16.8092	13.5167
BLOCK02/SES029/SA029S11	SES029	1.23956	16.8562	15.6167
BLOCK02/SES029/SA029S12	SES029	0.0512333	16.6093	16.5581
BLOCK02/SES029/SA029S20	SES029	0.942269	16.357	15.4147
BLOCK02/SES029/SA029S25	SES029	1.03165	17.5865	16.5548
BLOCK02/SES029/SA029S28	SES029	0.048666	16.1299	16.0812
BLOCK04/SES042/SA042S12	SES042	1.7483	17.6605	15.9122
BLOCK04/SES042/SA042S15	SES042	2.1016	17.8266	15.725
BLOCK04/SES042/SA042S22	SES042	2.56175	20.2638	17.7021
BLOCK04/SES042/SA042S25	SES042	1.49005	16.3825	14.8925
BLOCK04/SES042/SA042S27	SES042	1.55863	18.0181	16.4595
BLOCK04/SES048/SA048S11	SES048	1.28214	17.3649	16.0828
BLOCK04/SES048/SA048S12	SES048	0.348785	16.8891	16.5403
BLOCK04/SES048/SA048S20	SES048	-0.145124	16.576	16.7212
BLOCK04/SES048/SA048S23	SES048	0.963605	15.9391	14.9754
BLOCK04/SES048/SA048S27	SES048	0.679274	18.4199	17.7407
BLOCK06/SES060/SA060S11	SES060	1.32526	17.7627	16.4375
BLOCK06/SES060/SA060S12	SES060	-1.56082	14.1397	15.7005
BLOCK06/SES060/SA060S22	SES060	-0.455822	13.804	14.2598
BLOCK06/SES060/SA060S24	SES060	0.822117	17.1105	16.2883
BLOCK06/SES060/SA060S28	SES060	0.826597	19.2418	18.4152
BLOCK06/SES062/SA062S10	SES062	0.216671	16.533	16.3163
BLOCK06/SES062/SA062S11	SES062	1.19467	16.9472	15.7526
BLOCK06/SES062/SA062S21	SES062	2.03793	20.1285	18.0905
BLOCK06/SES062/SA062S26	SES062	0.729851	18.1242	17.3944
BLOCK06/SES062/SA062S29	SES062	1.80008	19.6757	17.8757
BLOCK06/SES068/SA068S14	SES068	-0.333857	16.4266	16.7604
BLOCK06/SES068/SA068S15	SES068	1.00596	18.5186	17.5127
BLOCK06/SES068/SA068S23	SES068	0.18791	15.7602	15.5723
BLOCK06/SES068/SA068S27	SES068	1.84156	19.1355	17.294
BLOCK06/SES068/SA068S29	SES068	0.360447	16.8672	16.5068
BLOCK08/SES082/SA082S12	SES082	-0.299761	14.3052	14.605
BLOCK08/SES082/SA082S14	SES082	-0.110559	14.509	14.6195
BLOCK08/SES082/SA082S21	SES082	-0.280107	14.7255	15.0056
BLOCK08/SES082/SA082S24	SES082	-0.10343	16.4318	16.5353
BLOCK08/SES082/SA082S28	SES082	0.268704	15.3511	15.0824
BLOCK08/SES083/SA083S14	SES083	-0.768495	15.2616	16.0301
BLOCK08/SES083/SA083S15	SES083	0.48649	16.9685	16.482
BLOCK08/SES083/SA083S24	SES083	-0.0352669	16.1337	16.1689
BLOCK08/SES083/SA083S26	SES083	0.326669	15.9393	15.6126
BLOCK08/SES083/SA083S29	SES083	-0.304035	16.6832	16.9873
BLOCK08/SES085/SA085S10	SES085	-0.667545	16.0197	16.6872
BLOCK08/SES085/SA085S13	SES085	-0.841805	15.0456	15.8874
BLOCK08/SES085/SA085S22	SES085	-0.529919	17.2661	17.796
BLOCK08/SES085/SA085S26	SES085	-0.371939	16.4822	16.8542
BLOCK08/SES085/SA085S28	SES085	0.698631	16.8767	16.1781
BLOCK08/SES087/SA087S15	SES087	1.0267	16.1461	15.1194
BLOCK08/SES087/SA087S16	SES087	1.38	16.4469	15.0669
BLOCK08/SES087/SA087S24	SES087	1.48825	16.8868	15.3985
BLOCK08/SES087/SA087S26	SES087	1.10709	17.5109	16.4038
BLOCK08/SES087/SA087S29	SES087	1.62167	16.4916	14.8699
BLOCK09/SES099/SA099S15	SES099	1.38197	16.2856	14.9036
BLOCK09/SES099/SA099S16	SES099	1.40338	16.3139	14.9105
BLOCK09/SES099/SA099S24	SES099	1.06926	16.2357	15.1664
BLOCK09/SES099/SA099S26	SES099	1.60226	16.6854	15.0831
BLOCK09/SES099/SA099S29	SES099	1.7253	17.3898	15.6645
BLOCK10/SES101/SA101S11	SES101	-0.175199	15.9525	16.1277
BLOCK10/SES101/SA101S13	SES101	1.49991	18.6327	17.1328
BLOCK10/SES101/SA101S22	SES101	0.714331	16.4928	15.7785
BLOCK10/SES101/SA101S24	SES101	0.472041	16.1962	15.7242
BLOCK10/SES101/SA101S28	SES101	0.109182	15.4913	15.3822
BLOCK10/SES104/SA104S11	SES104	1.08993	18.7311	17.6411
BLOCK10/SES104/SA104S12	SES104	1.53299	17.2377	15.7047
BLOCK10/SES104/SA104S21	SES104	0.88187	16.4545	15.5726
BLOCK10/SES104/SA104S24	SES104	0.382204	16.1735	15.7913
BLOCK10/SES104/SA104S28	SES104	0.705517	17.2244	16.5189
BLOCK10/SES105/SA105S12	SES105	0.840102	14.8516	14.0115
BLOCK10/SES105/SA105S13	SES105	1.31785	15.5141	14.1963
BLOCK10/SES105/SA105S22	SES105	0.192153	13.8292	13.6371
BLOCK10/SES105/SA105S26	SES105	1.13486	15.3851	14.2503
BLOCK10/SES105/SA105S29	SES105	1.16623	16.2729	15.1066
BLOCK10/SES106/SA106S09	SES106	0.82859	14.7721	13.9435
BLOCK10/SES106/SA106S11	SES106	1.50109	16.982	15.481
BLOCK10/SES106/SA106S22	SES106	2.8267	17.5131	14.6864
BLOCK10/SES106/SA106S27	SES106	1.47231	15.9636	14.4913
BLOCK10/SES106/SA106S29	SES106	0.564052	15.1448	14.5808
BLOCK11/SES117/SA117S12	SES117	0.52656	15.751	15.2244
BLOCK11/SES117/SA117S13	SES117	-0.00775337	16.0144	16.0221
BLOCK11/SES117/SA117S23	SES117	1.36414	14.7289	13.3648
BLOCK11/SES117/SA117S25	SES117	0.723657	14.7178	13.9941
BLOCK11/SES117/SA117S28	SES117	0.909797	14.6131	13.7033
BLOCK12/SES120/SA120S08	SES120	0.57154	13.4776	12.906
BLOCK12/SES120/SA120S11	SES120	0.351654	12.1305	11.7789
BLOCK12/SES120/SA120S22	SES120	-0.203736	15.3437	15.5474
BLOCK12/SES120/SA120S24	SES120	0.506778	14.6858	14.179
BLOCK12/SES120/SA120S28	SES120	-0.588194	11.5232	12.1114
BLOCK12/SES125/SA125S13	SES125	1.68658	16.7633	15.0767
BLOCK12/SES125/SA125S14	SES125	0.40569	15.1625	14.7569
BLOCK12/SES125/SA125S25	SES125	1.6529	17.5114	15.8585
BLOCK12/SES125/SA125S27	SES125	1.75856	18.5259	16.7673
BLOCK12/SES125/SA125S29	SES125	2.1428	17.2014	15.0586
BLOCK12/SES127/SA127S11	SES127	0.522729	15.5334	15.0107
BLOCK12/SES127/SA127S12	SES127	-0.241702	15.9647	16.2064
BLOCK12/SES127/SA127S23	SES127	0.400922	16.2521	15.8512
BLOCK12/SES127/SA127S25	SES127	-0.636173	14.8839	15.52
BLOCK12/SES127/SA127S27	SES127	0.982746	16.7518	15.7691
BLOCK12/SES129/SA129S11	SES129	1.78465	18.1109	16.3263
BLOCK12/SES129/SA129S12	SES129	1.62802	17.9313	16.3033
BLOCK12/SES129/SA129S22	SES129	0.992009	16.2065	15.2145
BLOCK12/SES129/SA129S27	SES129	1.60966	17.4251	15.8155
BLOCK12/SES129/SA129S29	SES129	1.0738	17.2947	16.2209
BLOCK14/SES142/SA142S11	SES142	1.90694	16.1398	14.2328
BLOCK14/SES142/SA142S12	SES142	0.471205	14.7108	14.2396
BLOCK14/SES142/SA142S24	SES142	1.59268	16.1122	14.5195
BLOCK14/SES142/SA142S27	SES142	1.95683	16.8586	14.9018
BLOCK14/SES142/SA142S29	SES142	1.94779	15.5063	13.5585
BLOCK14/SES143/SA143S12	SES143	1.01868	15.5017	14.483
BLOCK14/SES143/SA143S13	SES143	0.643915	15.0722	14.4283
BLOCK14/SES143/SA143S23	SES143	1.02094	15.207	14.1861
BLOCK14/SES143/SA143S25	SES143	1.60172	16.2961	14.6943
BLOCK14/SES143/SA143S28	SES143	0.587113	14.994	14.4069
BLOCK14/SES144/SA144S09	SES144	0.499808	16.1746	15.6748
BLOCK14/SES144/SA144S11	SES144	0.987634	15.7672	14.7796
BLOCK14/SES144/SA144S21	SES144	-0.462843	14.4843	14.9472
BLOCK14/SES144/SA144S25	SES144	0.157064	14.2119	14.0548
BLOCK14/SES144/SA144S29	SES144	0.0271854	15.9119	15.8847
BLOCK14/SES146/SA146S14	SES146	0.464742	14.5173	14.0525
BLOCK14/SES146/SA146S15	SES146	0.407385	14.7271	14.3198
BLOCK14/SES146/SA146S24	SES146	0.900172	15.2363	14.3362
BLOCK14/SES146/SA146S26	SES146	0.698646	15.1098	14.4111
BLOCK14/SES146/SA146S29	SES146	0.143004	14.0227	13.8797
BLOCK14/SES147/SA147S11	SES147	1.81496	15.9746	14.1596
BLOCK14/SES147/SA147S13	SES147	1.57266	16.2514	14.6787
BLOCK14/SES147/SA147S23	SES147	0.299952	15.3317	15.0317
BLOCK14/SES147/SA147S26	SES147	0.740882	15.3598	14.6189
BLOCK14/SES147/SA147S28	SES147	1.25097	15.5714	14.3204
BLOCK14/SES148/SA148S10	SES148	1.12716	15.3097	14.1826
BLOCK14/SES148/SA148S12	SES148	0.845886	14.3214	13.4755
BLOCK14/SES148/SA148S22	SES148	1.92446	17.0302	15.1057
BLOCK14/SES148/SA148S26	SES148	-0.181634	15.7761	15.9577
BLOCK14/SES148/SA148S29	SES148	0.361974	15.0608	14.6989
BLOCK14/SES149/SA149S13	SES149	-0.849707	14.8888	15.7385
BLOCK14/SES149/SA149S14	SES149	0.221878	16.5524	16.3305
BLOCK14/SES149/SA149S24	SES149	1.07833	17.2751	16.1967
BLOCK14/SES149/SA149S26	SES149	1.8462	18.5269	16.6807
BLOCK14/SES149/SA149S28	SES149	1.98844	19.65	17.6615
BLOCK15/SES158/SA158S13	SES158	1.29612	14.7804	13.4843
BLOCK15/SES158/SA158S14	SES158	3.08157	16.4297	13.3481
BLOCK15/SES158/SA158S23	SES158	1.2359	15.4613	14.2254
BLOCK15/SES158/SA158S26	SES158	2.11409	15.3786	13.2645
BLOCK15/SES158/SA158S28	SES158	0.753215	14.7246	13.9714
BLOCK16/SES162/SA162S10	SES162	0.383811	13.7081	13.3243
BLOCK16/SES162/SA162S11	SES162	0.733685	16.4045	15.6709
BLOCK16/SES162/SA162S21	SES162	1.76937	16.8675	15.0981
BLOCK16/SES162/SA162S24	SES162	1.04422	16.0375	14.9932
BLOCK16/SES162/SA162S27	SES162	1.39047	15.5872	14.1968
BLOCK16/SES167/SA167S14	SES167	0.163124	17.1939	17.0308
BLOCK16/SES167/SA167S15	SES167	0.939386	16.3211	15.3817
BLOCK16/SES167/SA167S21	SES167	1.61855	17.1611	15.5426
BLOCK16/SES167/SA167S25	SES167	1.64486	16.1064	14.4615
BLOCK16/SES167/SA167S29	SES167	2.12869	18.4454	16.3167
BLOCK17/SES172/SA172S12	SES172	1.16232	17.2003	16.038
BLOCK17/SES172/SA172S13	SES172	1.56276	16.5657	15.0029
BLOCK17/SES172/SA172S23	SES172	1.01654	17.915	16.8985
BLOCK17/SES172/SA172S27	SES172	0.791759	16.7083	15.9166
BLOCK17/SES172/SA172S29	SES172	1.42158	17.2266	15.805
BLOCK17/SES175/SA175S11	SES175	0.271345	16.0365	15.7652
BLOCK17/SES175/SA175S13	SES175	0.756707	16.3249	15.5682
BLOCK17/SES175/SA175S23	SES175	0.999179	16.1977	15.1985
BLOCK17/SES175/SA175S25	SES175	0.388996	14.3856	13.9966
BLOCK17/SES175/SA175S28	SES175	0.535265	16.7572	16.2219
BLOCK17/SES177/SA177S15	SES177	0.245863	15.9958	15.7499
BLOCK17/SES177/SA177S17	SES177	0.127333	15.9429	15.8156
BLOCK17/SES177/SA177S23	SES177	-0.544344	14.7589	15.3032
BLOCK17/SES177/SA177S26	SES177	0.243126	17.7428	17.4997
BLOCK17/SES177/SA177S28	SES177	0.805586	16.8553	16.0498
BLOCK18/SES180/SA180S13	SES180	-0.653811	14.8571	15.5109
BLOCK18/SES180/SA180S15	SES180	0.505831	15.6423	15.1365
BLOCK18/SES180/SA180S24	SES180	0.296438	17.0688	16.7723
BLOCK18/SES180/SA180S26	SES180	0.673923	16.5856	15.9117
BLOCK18/SES180/SA180S29	SES180	1.01633	16.2051	15.1887
BLOCK18/SES183/SA183S13	SES183	1.31355	14.9923	13.6787
BLOCK18/SES183/SA183S14	SES183	-0.579679	13.6821	14.2618
BLOCK18/SES183/SA183S24	SES183	1.18945	14.0567	12.8672
BLOCK18/SES183/SA183S27	SES183	0.823299	14.6858	13.8625
BLOCK18/SES183/SA183S29	SES183	0.355164	15.5156	15.1604
BLOCK18/SES187/SA187S13	SES187	0.451735	15.9348	15.483
BLOCK18/SES187/SA187S14	SES187	0.357907	15.1222	14.7643
BLOCK18/SES187/SA187S24	SES187	1.87043	15.2632	13.3928
BLOCK18/SES187/SA187S27	SES187	1.36126	15.7452	14.384
BLOCK18/SES187/SA187S29	SES187	0.939533	16.2877	15.3481
BLOCK18/SES189/SA189S10	SES189	1.83886	15.248	13.4091
BLOCK18/SES189/SA189S13	SES189	2.14365	14.8733	12.7296
BLOCK18/SES189/SA189S24	SES189	2.69026	14.9806	12.2904
BLOCK18/SES189/SA189S26	SES189	1.17715	15.4895	14.3124
BLOCK18/SES189/SA189S29	SES189	2.4991	15.907	13.4079
BLOCK20/SES202/SA202S12	SES202	0.608103	12.5291	11.921
BLOCK20/SES202/SA202S14	SES202	2.49718	15.875	13.3778
BLOCK20/SES202/SA202S24	SES202	1.06625	15.3304	14.2641
BLOCK20/SES202/SA202S27	SES202	1.61507	17.5162	15.9011
BLOCK20/SES202/SA202S29	SES202	1.69583	16.5241	14.8282
BLOCK20/SES206/SA206S15	SES206	-0.777657	15.4973	16.275
BLOCK20/SES206/SA206S17	SES206	1.0384	18.1016	17.0632
BLOCK20/SES206/SA206S24	SES206	1.28514	18.1635	16.8783
BLOCK20/SES206/SA206S27	SES206	1.5408	17.1109	15.5701
BLOCK20/SES206/SA206S29	SES206	0.91111	18.3867	17.4756
BLOCK22/SES226/SA226S12	SES226	1.31852	16.5132	15.1947
BLOCK22/SES226/SA226S13	SES226	-0.733527	14.0071	14.7406
BLOCK22/SES226/SA226S20	SES226	1.13115	15.9136	14.7824
BLOCK22/SES226/SA226S23	SES226	1.07843	16.362	15.2836
BLOCK22/SES226/SA226S28	SES226	1.4356	16.7716	15.336
BLOCK25/SES259/SA259S13	SES259	3.71485	18.4555	14.7406
BLOCK25/SES259/SA259S14	SES259	2.15562	16.9865	14.8309
BLOCK25/SES259/SA259S22	SES259	1.50616	16.3393	14.8331
BLOCK25/SES259/SA259S24	SES259	2.00236	18.5238	16.5214
BLOCK25/SES259/SA259S28	SES259	1.98345	17.3843	15.4008
BLOCK27/SES270/SA270S14	SES270	2.19096	15.4859	13.2949
BLOCK27/SES270/SA270S16	SES270	-0.0369072	14.5377	14.5747
BLOCK27/SES270/SA270S22	SES270	1.94434	16.1653	14.221
BLOCK27/SES270/SA270S26	SES270	0.710475	13.7209	13.0105
BLOCK27/SES270/SA270S28	SES270	1.03111	15.7052	14.6741
BLOCK27/SES275/SA275S17	SES275	1.52155	16.236	14.7144
BLOCK27/SES275/SA275S18	SES275	0.431624	15.8662	15.4345
BLOCK27/SES275/SA275S24	SES275	0.825198	14.6917	13.8665
BLOCK27/SES275/SA275S26	SES275	1.16665	16.2816	15.1149
BLOCK27/SES275/SA275S28	SES275	0.361887	15.8203	15.4584
BLOCK29/SES292/SA292S10	SES292	0.0390129	15.3471	15.3081
BLOCK29/SES292/SA292S12	SES292	-0.153943	15.4727	15.6266
BLOCK29/SES292/SA292S22	SES292	0.057003	16.2864	16.2294
BLOCK29/SES292/SA292S24	SES292	0.263673	16.0254	15.7617
BLOCK29/SES292/SA292S27	SES292	-0.118139	16.2712	16.3894
BLOCK00/SES001/SA001S14	SES062	-3.32008	10.2221	13.5421
BLOCK00/SES001/SA001S14	SES082	-3.95296	9.58918	13.5421
BLOCK00/SES001/SA001S14	SES106	-3.47073	10.0714	13.5421
BLOCK00/SES001/SA001S14	SES206	-3.29914	10.243	13.5421
BLOCK00/SES001/SA001S15	SES062	-2.96246	12.3013	15.2637
BLOCK00/SES001/SA001S15	SES104	-4.13563	11.1281	15.2637
BLOCK00/SES001/SA001S15	SES106	-3.62557	11.6382	15.2637
BLOCK00/SES001/SA001S15	SES206	-2.90537	12.3583	15.2637
BLOCK00/SES001/SA001S24	SES062	-4.73548	8.76299	13.4985
BLOCK00/SES001/SA001S24	SES082	-4.27543	9.22304	13.4985
BLOCK00/SES001/SA001S24	SES087	-3.79804	9.70043	13.4985
BLOCK00/SES001/SA001S24	SES206	-3.30009	10.1984	13.4985
BLOCK00/SES001/SA001S27	SES062	-2.92541	12.5834	15.5088
BLOCK00/SES001/SA001S27	SES082	-3.59585	11.913	15.5088
BLOCK00/SES001/SA001S27	SES087	-2.73628	12.7725	15.5088
BLOCK00/SES001/SA001S27	SES206	-3.07362	12.4352	15.5088
BLOCK00/SES001/SA001S29	SES062	-4.73899	9.2063	13.9453
BLOCK00/SES001/SA001S29	SES082	-3.24008	10.7052	13.9453
BLOCK00/SES001/SA001S29	SES158	-2.6662	11.2791	13.9453
BLOCK00/SES001/SA001S29	SES206	-4.09328	9.85202	13.9453
BLOCK00/SES003/SA003S11	SES002	-2.09569	13.1837	15.2794
BLOCK00/SES003/SA003S11	SES019	-3.15968	12.1197	15.2794
BLOCK00/SES003/SA003S11	SES082	-2.1643	13.1151	15.2794
BLOCK00/SES003/SA003S11	SES125	-3.66322	11.6162	15.2794
BLOCK00/SES003/SA003S15	SES016	-3.38121	12.8744	16.2556
BLOCK00/SES003/SA003S15	SES019	-4.0294	12.2262	16.2556
BLOCK00/SES003/SA003S15	SES062	-3.15723	13.0984	16.2556
BLOCK00/SES003/SA003S15	SES206	-2.97723	13.2784	16.2556
BLOCK00/SES003/SA003S22	SES002	-3.48641	12.1885	15.6749
BLOCK00/SES003/SA003S22	SES062	-2.29207	13.3828	15.6749
BLOCK00/SES003/SA003S22	SES082	-3.41029	12.2646	15.6749
BLOCK00/SES003/SA003S22	SES087	-3.11298	12.5619	15.6749
BLOCK00/SES003/SA003S25	SES062	-4.69245	10.1492	14.8416
BLOCK00/SES003/SA003S25	SES082	-3.53681	11.3048	14.8416
BLOCK00/SES003/SA003S25	SES087	-3.51534	11.3263	14.8416
BLOCK00/SES003/SA003S25	SES206	-3.44306	11.3986	14.8416
BLOCK00/SES003/SA003S29	SES002	-3.09792	11.5696	14.6676
BLOCK00/SES003/SA003S29	SES062	-3.89542	10.7721	14.6676
BLOCK00/SES003/SA003S29	SES082	-2.71001	11.9576	14.6676
BLOCK00/SES003/SA003S29	SES087	-3.56565	11.1019	14.6676
BLOCK00/SES004/SA004S12	SES083	-3.52608	10.8821	14.4082
BLOCK00/SES004/SA004S12	SES148	-3.17621	11.232	14.4082
BLOCK00/SES004/SA004S12	SES172	-1.88123	12.527	14.4082
BLOCK00/SES004/SA004S12	SES292	-2.03645	12.3717	14.4082
BLOCK00/SES004/SA004S17	SES083	-3.49926	10.7281	14.2274
BLOCK00/SES004/SA004S17	SES162	-2.28323	11.9441	14.2274
BLOCK00/SES004/SA004S17	SES172	-2.06887	12.1585	14.2274
BLOCK00/SES004/SA004S17	SES292	-2.78404	11.4433	14.2274
BLOCK00/SES004/SA004S24	SES083	-3.5466	11.2449	14.7915
BLOCK00/SES004/SA004S24	SES148	-3.41721	11.3743	14.7915
BLOCK00/SES004/SA004S24	SES172	-1.66812	13.1234	14.7915
BLOCK00/SES004/SA004S24	SES292	-2.26889	12.5226	14.7915
BLOCK00/SES004/SA004S26	SES083	-3.46832	11.092	14.5603
BLOCK00/SES004/SA004S26	SES127	-3.82185	10.7384	14.5603
BLOCK00/SES004/SA004S26	SES148	-4.66479	9.89551	14.5603
BLOCK00/SES004/SA004S26	SES292	-3.21279	11.3475	14.5603
BLOCK00/SES004/SA004S28	SES083	-2.97175	13.5417	16.5135
BLOCK00/SES004/SA004S28	SES127	-2.70084	13.8127	16.5135
BLOCK00/SES004/SA004S28	SES187	-2.42041	14.0931	16.5135
BLOCK00/SES004/SA004S28	SES292	-3.10662	13.4069	16.5135
BLOCK00/SES006/SA006S10	SES014	-5.98372	5.70281	11.6865
BLOCK00/SES006/SA006S10	SES158	-3.58804	8.09849	11.6865
BLOCK00/SES006/SA006S10	SES226	-6.41109	5.27544	11.6865
BLOCK00/SES006/SA006S10	SES270	-2.51091	9.17561	11.6865
BLOCK00/SES006/SA006S11	SES158	-2.94133	9.01867	11.96
BLOCK00/SES006/SA006S11	SES226	-4.72085	7.23915	11.96
BLOCK00/SES006/SA006S11	SES270	-2.86451	9.09548	11.96
BLOCK00/SES006/SA006S11	SES275	-3.79223	8.16776	11.96
BLOCK00/SES006/SA006S23	SES062	-2.97294	10.9537	13.9266
BLOCK00/SES006/SA006S23	SES105	-4.49279	9.43382	13.9266
BLOCK00/SES006/SA006S23	SES158	-3.26151	10.6651	13.9266
BLOCK00/SES006/SA006S23	SES275	-3.37226	10.5544	13.9266
BLOCK00/SES006/SA006S26	SES104	-5.7948	7.71547	13.5103
BLOCK00/SES006/SA006S26	SES158	-2.65752	10.8528	13.5103
BLOCK00/SES006/SA006S26	SES270	-1.81143	11.6988	13.5103
BLOCK00/SES006/SA006S26	SES275	-3.94697	9.5633	13.5103
BLOCK00/SES006/SA006S28	SES007	-3.89988	8.38479	12.2847
BLOCK00/SES006/SA006S28	SES105	-4.76257	7.5221	12.2847
BLOCK00/SES006/SA006S28	SES158	-2.82859	9.45609	12.2847
BLOCK00/SES006/SA006S28	SES275	-4.13219	8.15248	12.2847
BLOCK00/SES009/SA009S12	SES083	-5.08806	10.9251	16.0132
BLOCK00/SES009/SA009S12	SES148	-3.75244	12.2607	16.0132
BLOCK00/SES009/SA009S12	SES177	-2.06412	13.949	16.0132
BLOCK00/SES009/SA009S12	SES292	-2.5898	13.4234	16.0132
BLOCK00/SES009/SA009S15	SES007	-1.03573	15.5521	16.5878
BLOCK00/SES009/SA009S15	SES099	-5.49876	11.089	16.5878
BLOCK00/SES009/SA009S15	SES148	-3.46182	13.126	16.5878
BLOCK00/SES009/SA009S15	SES172	-2.4366	14.1512	16.5878
BLOCK00/SES009/SA009S24	SES146	-2.15809	14.481	16.6391
BLOCK00/SES009/SA009S24	SES148	-3.75674	12.8824	16.6391
BLOCK00/SES009/SA009S24	SES177	-1.46357	15.1755	16.6391
BLOCK00/SES009/SA009S24	SES292	-2.74576	13.8933	16.6391
BLOCK00/SES009/SA009S26	SES083	-4.43268	11.219	15.6517
BLOCK00/SES009/SA009S26	SES101	-3.67624	11.9754	15.6517
BLOCK00/SES009/SA009S26	SES120	-2.88056	12.7711	15.6517
BLOCK00/SES009/SA009S26	SES177	-2.233	13.4187	15.6517
BLOCK00/SES009/SA009S29	SES083	-3.83423	12.6815	16.5157
BLOCK00/SES009/SA009S29	SES101	-3.20756	13.3082	16.5157
BLOCK00/SES009/SA009S29	SES177	-2.22047	14.2953	16.5157
BLOCK00/SES009/SA009S29	SES292	-2.22262	14.2931	16.5157
BLOCK01/SES011/SA011S10	SES019	-3.47433	12.1242	15.5985
BLOCK01/SES011/SA011S10	SES042	-1.28332	14.3152	15.5985
BLOCK01/SES011/SA011S10	SES082	-4.4221	11.1764	15.5985
BLOCK01/SES011/SA011S10	SES206	-2.99131	12.6072	15.5985
BLOCK01/SES011/SA011S11	SES019	-3.5107	10.8006	14.3113
BLOCK01/SES011/SA011S11	SES042	-1.63575	12.6755	14.3113
BLOCK01/SES011/SA011S11	SES082	-4.60993	9.70134	14.3113
BLOCK01/SES011/SA011S11	SES206	-3.43401	10.8773	14.3113
BLOCK01/SES011/SA011S22	SES019	-2.65619	11.6122	14.2684
BLOCK01/SES011/SA011S22	SES042	-1.12989	13.1385	14.2684
BLOCK01/SES011/SA011S22	SES082	-3.67198	10.5964	14.2684
BLOCK01/SES011/SA011S22	SES206	-3.52087	10.7475	14.2684
BLOCK01/SES011/SA011S24	SES019	-3.14864	12.0177	15.1664
BLOCK01/SES011/SA011S24	SES042	-1.29724	13.8691	15.1664
BLOCK01/SES011/SA011S24	SES104	-3.58975	11.5766	15.1664
BLOCK01/SES011/SA011S24	SES206	-2.87508	12.2913	15.1664
BLOCK01/SES011/SA011S27	SES082	-2.13703	12.619	14.756
BLOCK01/SES011/SA011S27	SES087	-3.68103	11.075	14.756
BLOCK01/SES011/SA011S27	SES125	-3.46596	11.2901	14.756
BLOCK01/SES011/SA011S27	SES206	-2.58511	12.1709	14.756
BLOCK01/SES012/SA012S11	SES007	-2.03	15.1083	17.1383
BLOCK01/SES012/SA012S11	SES082	-3.49931	13.639	17.1383
BLOCK01/SES012/SA012S11	SES083	-3.35611	13.7822	17.1383
BLOCK01/SES012/SA012S11	SES206	-2.50837	14.6299	17.1383
BLOCK01/SES012/SA012S14	SES082	-2.05503	14.3712	16.4262
BLOCK01/SES012/SA012S14	SES087	-3.73118	12.695	16.4262
BLOCK01/SES012/SA012S14	SES206	-1.96072	14.4655	16.4262
BLOCK01/SES012/SA012S14	SES292	-2.83634	13.5899	16.4262
BLOCK01/SES012/SA012S24	SES082	-2.1277	13.4882	15.6159
BLOCK01/SES012/SA012S24	SES087	-3.57608	12.0398	15.6159
BLOCK01/SES012/SA012S24	SES120	-2.72423	12.8917	15.6159
BLOCK01/SES012/SA012S24	SES206	-2.26332	13.3526	15.6159
BLOCK01/SES012/SA012S26	SES019	-5.41811	11.5791	16.9972
BLOCK01/SES012/SA012S26	SES082	-3.4529	13.5443	16.9972
BLOCK01/SES012/SA012S26	SES206	-1.91473	15.0825	16.9972
BLOCK01/SES012/SA012S26	SES292	-2.23477	14.7625	16.9972
BLOCK01/SES012/SA012S29	SES062	-2.53582	14.2103	16.7461
BLOCK01/SES012/SA012S29	SES082	-2.15033	14.5958	16.7461
BLOCK01/SES012/SA012S29	SES083	-3.8751	12.871	16.7461
BLOCK01/SES012/SA012S29	SES206	-1.86405	14.882	16.7461
BLOCK01/SES013/SA013S16	SES062	-4.7409	10.2004	14.9413
BLOCK01/SES013/SA013S16	SES106	-3.51184	11.4294	14.9413
BLOCK01/SES013/SA013S16	SES206	-3.35417	11.5871	14.9413
BLOCK01/SES013/SA013S16	SES226	-2.63979	12.3015	14.9413
BLOCK01/SES013/SA013S17	SES062	-4.20705	12.368	16.5751
BLOCK01/SES013/SA013S17	SES106	-4.0794	12.4956	16.5751
BLOCK01/SES013/SA013S17	SES206	-2.00331	14.5717	16.5751
BLOCK01/SES013/SA013S17	SES226	-2.32559	14.2495	16.5751
BLOCK01/SES013/SA013S23	SES104	-3.76453	11.7159	15.4805
BLOCK01/SES013/SA013S23	SES106	-2.9439	12.5366	15.4805
BLOCK01/SES013/SA013S23	SES206	-2.37107	13.1094	15.4805
BLOCK01/SES013/SA013S23	SES270	-2.49763	12.9828	15.4805
BLOCK01/SES013/SA013S25	SES042	-2.84887	13.9802	16.8291
BLOCK01/SES013/SA013S25	SES104	-2.96859	13.8605	16.8291
BLOCK01/SES013/SA013S25	SES106	-2.69413	14.1349	16.8291
BLOCK01/SES013/SA013S25	SES206	-2.64525	14.1838	16.8291
BLOCK01/SES013/SA013S29	SES062	-4.92283	10.9669	15.8897
BLOCK01/SES013/SA013S29	SES104	-4.33476	11.5549	15.8897
BLOCK01/SES013/SA013S29	SES106	-2.72694	13.1628	15.8897
BLOCK01/SES013/SA013S29	SES206	-3.11522	12.7745	15.8897
BLOCK02/SES021/SA021S13	SES016	-5.14422	11.9387	17.0829
BLOCK02/SES021/SA021S13	SES029	-2.9728	14.1101	17.0829
BLOCK02/SES021/SA021S13	SES087	-3.70529	13.3776	17.0829
BLOCK02/SES021/SA021S13	SES206	-2.06037	15.0226	17.0829
BLOCK02/SES021/SA021S15	SES087	-2.35507	15.7534	18.1084
BLOCK02/SES021/SA021S15	SES125	-2.50881	15.5996	18.1084
BLOCK02/SES021/SA021S15	SES206	-1.89712	16.2113	18.1084
BLOCK02/SES021/SA021S15	SES226	-3.79572	14.3127	18.1084
BLOCK02/SES021/SA021S23	SES062	-4.31208	10.9233	15.2354
BLOCK02/SES021/SA021S23	SES087	-2.64564	12.5897	15.2354
BLOCK02/SES021/SA021S23	SES206	-2.63392	12.6015	15.2354
BLOCK02/SES021/SA021S23	SES226	-2.91519	12.3202	15.2354
BLOCK02/SES021/SA021S27	SES002	-2.35497	14.5859	16.9408
BLOCK02/SES021/SA021S27	SES016	-5.50994	11.4309	16.9408
BLOCK02/SES021/SA021S27	SES019	-3.20046	13.7404	16.9408
BLOCK02/SES021/SA021S27	SES062	-3.03311	13.9077	16.9408
BLOCK02/SES021/SA021S29	SES087	-2.70463	14.2277	16.9323
BLOCK02/SES021/SA021S29	SES125	-1.70502	15.2273	16.9323
BLOCK02/SES021/SA021S29	SES206	-1.44002	15.4923	16.9323
BLOCK02/SES021/SA021S29	SES226	-3.3339	13.5984	16.9323
BLOCK04/SES043/SA043S09	SES083	-2.69813	11.3997	14.0978
BLOCK04/SES043/SA043S09	SES101	-2.28426	11.8136	14.0978
BLOCK04/SES043/SA043S09	SES144	-2.03929	12.0585	14.0978
BLOCK04/SES043/SA043S09	SES172	-3.03698	11.0609	14.0978
BLOCK04/SES043/SA043S11	SES083	-2.35083	13.5777	15.9285
BLOCK04/SES043/SA043S11	SES101	-2.18694	13.7416	15.9285
BLOCK04/SES043/SA043S11	SES144	-1.2718	14.6567	15.9285
BLOCK04/SES043/SA043S11	SES172	-2.54282	13.3857	15.9285
BLOCK04/SES043/SA043S23	SES083	-2.9819	12.355	15.3369
BLOCK04/SES043/SA043S23	SES144	-1.35574	13.9812	15.3369
BLOCK04/SES043/SA043S23	SES177	-2.35784	12.9791	15.3369
BLOCK04/SES043/SA043S23	SES275	-2.3208	13.0161	15.3369
BLOCK04/SES043/SA043S26	SES083	-3.0522	11.472	14.5242
BLOCK04/SES043/SA043S26	SES101	-2.79663	11.7276	14.5242
BLOCK04/SES043/SA043S26	SES144	-1.4003	13.1239	14.5242
BLOCK04/SES043/SA043S26	SES177	-3.0601	11.4641	14.5242
BLOCK04/SES043/SA043S28	SES016	-3.46932	12.4456	15.915
BLOCK04/SES043/SA043S28	SES083	-1.92214	13.9928	15.915
BLOCK04/SES043/SA043S28	SES101	-1.48765	14.4273	15.915
BLOCK04/SES043/SA043S28	SES144	-1.75923	14.1557	15.915
BLOCK04/SES044/SA044S10	SES127	-4.79781	7.20998	12.0078
BLOCK04/SES044/SA044S10	SES144	-1.70298	10.3048	12.0078
BLOCK04/SES044/SA044S10	SES147	-4.67468	7.33312	12.0078
BLOCK04/SES044/SA044S10	SES148	-4.7694	7.2384	12.0078
BLOCK04/SES044/SA044S11	SES101	-1.97137	11.6625	13.6339
BLOCK04/SES044/SA044S11	SES144	-1.32242	12.3115	13.6339
BLOCK04/SES044/SA044S11	SES147	-3.69296	9.94097	13.6339
BLOCK04/SES044/SA044S11	SES177	-3.64789	9.98603	13.6339
BLOCK04/SES044/SA044S24	SES007	-3.72706	10.7883	14.5154
BLOCK04/SES044/SA044S24	SES101	-2.18365	12.3317	14.5154
BLOCK04/SES044/SA044S24	SES147	-3.73226	10.7831	14.5154
BLOCK04/SES044/SA044S24	SES177	-2.70946	11.8059	14.5154
BLOCK04/SES044/SA044S26	SES007	-2.84366	11.7175	14.5612
BLOCK04/SES044/SA044S26	SES016	-2.52081	12.0404	14.5612
BLOCK04/SES044/SA044S26	SES101	-2.09047	12.4707	14.5612
BLOCK04/SES044/SA044S26	SES147	-2.4332	12.128	14.5612
BLOCK04/SES044/SA044S29	SES007	-4.18677	10.3989	14.5857
BLOCK04/SES044/SA044S29	SES101	-1.46116	13.1245	14.5857
BLOCK04/SES044/SA044S29	SES147	-3.45321	11.1325	14.5857
BLOCK04/SES044/SA044S29	SES177	-3.81449	10.7712	14.5857
BLOCK04/SES046/SA046S13	SES101	-2.49323	11.8978	14.391
BLOCK04/SES046/SA046S13	SES144	-2.47489	11.9161	14.391
BLOCK04/SES046/SA046S13	SES147	-3.57181	10.8192	14.391
BLOCK04/SES046/SA046S13	SES177	-3.21527	11.1757	14.391
BLOCK04/SES046/SA046S15	SES048	-1.70646	14.1089	15.8153
BLOCK04/SES046/SA046S15	SES083	-2.04664	13.7687	15.8153
BLOCK04/SES046/SA046S15	SES120	-3.63231	12.183	15.8153
BLOCK04/SES046/SA046S15	SES148	-2.96004	12.8553	15.8153
BLOCK04/SES046/SA046S22	SES101	-2.60861	11.9735	14.5821
BLOCK04/SES046/SA046S22	SES144	-2.10293	12.4792	14.5821
BLOCK04/SES046/SA046S22	SES147	-3.79301	10.7891	14.5821
BLOCK04/SES046/SA046S22	SES172	-2.38319	12.1989	14.5821
BLOCK04/SES046/SA046S25	SES083	-2.31623	11.537	13.8532
BLOCK04/SES046/SA046S25	SES127	-2.94347	10.9097	13.8532
BLOCK04/SES046/SA046S25	SES144	-2.66566	11.1875	13.8532
BLOCK04/SES046/SA046S25	SES148	-2.58928	11.2639	13.8532
BLOCK04/SES046/SA046S28	SES007	-3.29232	10.7357	14.028
BLOCK04/SES046/SA046S28	SES105	-3.53844	10.4896	14.028
BLOCK04/SES046/SA046S28	SES147	-2.45737	11.5706	14.028
BLOCK04/SES046/SA046S28	SES148	-2.1931	11.8349	14.028
BLOCK04/SES049/SA049S16	SES104	-4.15078	10.218	14.3688
BLOCK04/SES049/SA049S16	SES106	-3.58521	10.7836	14.3688
BLOCK04/SES049/SA049S16	SES120	-4.00114	10.3677	14.3688
BLOCK04/SES049/SA049S16	SES206	-3.07274	11.2961	14.3688
BLOCK04/SES049/SA049S18	SES099	-2.68252	10.9671	13.6496
BLOCK04/SES049/SA049S18	SES104	-4.42577	9.22385	13.6496
BLOCK04/SES049/SA049S18	SES125	-4.86972	8.77989	13.6496
BLOCK04/SES049/SA049S18	SES206	-3.68019	9.96942	13.6496
BLOCK04/SES049/SA049S25	SES087	-2.48849	12.4093	14.8978
BLOCK04/SES049/SA049S25	SES104	-2.72172	12.1761	14.8978
BLOCK04/SES049/SA049S25	SES125	-3.12926	11.7686	14.8978
BLOCK04/SES049/SA049S25	SES206	-2.02115	12.8767	14.8978
BLOCK04/SES049/SA049S27	SES099	-1.80801	12.5908	14.3988
BLOCK04/SES049/SA049S27	SES104	-1.59809	12.8007	14.3988
BLOCK04/SES049/SA049S27	SES125	-3.52644	10.8724	14.3988
BLOCK04/SES049/SA049S27	SES206	-2.85364	11.5452	14.3988
BLOCK04/SES049/SA049S29	SES099	-1.09168	14.9781	16.0698
BLOCK04/SES049/SA049S29	SES104	-2.05271	14.0171	16.0698
BLOCK04/SES049/SA049S29	SES125	-2.79055	13.2792	16.0698
BLOCK04/SES049/SA049S29	SES206	-1.53195	14.5378	16.0698
BLOCK06/SES063/SA063S09	SES068	-2.54771	13.6729	16.2206
BLOCK06/SES063/SA063S09	SES083	-2.27301	13.9476	16.2206
BLOCK06/SES063/SA063S09	SES177	-1.94546	14.2751	16.2206
BLOCK06/SES063/SA063S09	SES187	-2.49683	13.7238	16.2206
BLOCK06/SES063/SA063S10	SES068	-3.82896	11.8137	15.6427
BLOCK06/SES063/SA063S10	SES083	-2.69546	12.9472	15.6427
BLOCK06/SES063/SA063S10	SES172	-2.72722	12.9155	15.6427
BLOCK06/SES063/SA063S10	SES187	-2.46143	13.1813	15.6427
BLOCK06/SES063/SA063S20	SES068	-3.70275	11.5339	15.2367
BLOCK06/SES063/SA063S20	SES083	-2.82352	12.4131	15.2367
BLOCK06/SES063/SA063S20	SES172	-2.04611	13.1905	15.2367
BLOCK06/SES063/SA063S20	SES187	-2.18944	13.0472	15.2367
BLOCK06/SES063/SA063S24	SES029	-4.10481	12.0082	16.113
BLOCK06/SES063/SA063S24	SES083	-2.63264	13.4804	16.113
BLOCK06/SES063/SA063S24	SES177	-2.79353	13.3195	16.113
BLOCK06/SES063/SA063S24	SES189	-2.39759	13.7154	16.113
BLOCK06/SES063/SA063S27	SES083	-2.42499	12.8023	15.2273
BLOCK06/SES063/SA063S27	SES172	-3.23935	11.988	15.2273
BLOCK06/SES063/SA063S27	SES187	-2.79793	12.4294	15.2273
BLOCK06/SES063/SA063S27	SES292	-2.78439	12.4429	15.2273
BLOCK06/SES067/SA067S12	SES083	-3.07522	12.9526	16.0278
BLOCK06/SES067/SA067S12	SES172	-2.87254	13.1553	16.0278
BLOCK06/SES067/SA067S12	SES202	-1.9213	14.1065	16.0278
BLOCK06/SES067/SA067S12	SES292	-2.98599	13.0418	16.0278
BLOCK06/SES067/SA067S14	SES085	-2.65616	14.0783	16.7344
BLOCK06/SES067/SA067S14	SES177	-2.64323	14.0912	16.7344
BLOCK06/SES067/SA067S14	SES183	-1.13637	15.598	16.7344
BLOCK06/SES067/SA067S14	SES202	-1.64458	15.0898	16.7344
BLOCK06/SES067/SA067S21	SES144	-1.93334	13.5848	15.5182
BLOCK06/SES067/SA067S21	SES177	-2.82397	12.6942	15.5182
BLOCK06/SES067/SA067S21	SES183	-1.70697	13.8112	15.5182
BLOCK06/SES067/SA067S21	SES189	-1.66018	13.858	15.5182
BLOCK06/SES067/SA067S25	SES085	-2.2036	13.6639	15.8675
BLOCK06/SES067/SA067S25	SES177	-2.86854	12.9989	15.8675
BLOCK06/SES067/SA067S25	SES183	-2.22871	13.6388	15.8675
BLOCK06/SES067/SA067S25	SES202	-2.41176	13.4557	15.8675
BLOCK06/SES067/SA067S29	SES085	-2.63498	13.4984	16.1334
BLOCK06/SES067/SA067S29	SES177	-3.128	13.0054	16.1334
BLOCK06/SES067/SA067S29	SES183	-1.02794	15.1055	16.1334
BLOCK06/SES067/SA067S29	SES202	-1.87563	14.2578	16.1334
BLOCK06/SES069/SA069S12	SES029	-3.93244	12.7522	16.6846
BLOCK06/SES069/SA069S12	SES082	-1.6963	14.9883	16.6846
BLOCK06/SES069/SA069S12	SES087	-2.92215	13.7625	16.6846
BLOCK06/SES069/SA069S12	SES206	-1.84338	14.8412	16.6846
BLOCK06/SES069/SA069S13	SES029	-3.95604	12.594	16.55
BLOCK06/SES069/SA069S13	SES087	-3.13741	13.4126	16.55
BLOCK06/SES069/SA069S13	SES206	-2.49724	14.0528	16.55
BLOCK06/SES069/SA069S13	SES226	-1.47121	15.0788	16.55
BLOCK06/SES069/SA069S23	SES029	-1.82977	16.3033	18.1331
BLOCK06/SES069/SA069S23	SES087	-1.78959	16.3435	18.1331
BLOCK06/SES069/SA069S23	SES206	-2.61832	15.5147	18.1331
BLOCK06/SES069/SA069S23	SES226	-1.84074	16.2923	18.1331
BLOCK06/SES069/SA069S25	SES087	-2.69058	14.3823	17.0729
BLOCK06/SES069/SA069S25	SES206	-3.66276	13.4102	17.0729
BLOCK06/SES069/SA069S25	SES226	-2.05608	15.0168	17.0729
BLOCK06/SES069/SA069S25	SES270	-2.82254	14.2504	17.0729
BLOCK06/SES069/SA069S27	SES087	-3.99772	12.9741	16.9718
BLOCK06/SES069/SA069S27	SES206	-2.3015	14.6703	16.9718
BLOCK06/SES069/SA069S27	SES226	-1.52463	15.4472	16.9718
BLOCK06/SES069/SA069S27	SES270	-2.74452	14.2273	16.9718
BLOCK08/SES081/SA081S11	SES060	-4.20428	10.6123	14.8166
BLOCK08/SES081/SA081S11	SES062	-3.84524	10.9714	14.8166
BLOCK08/SES081/SA081S11	SES117	-4.26758	10.549	14.8166
BLOCK08/SES081/SA081S11	SES162	-3.27503	11.5416	14.8166
BLOCK08/SES081/SA081S13	SES016	-2.5459	13.8164	16.3623
BLOCK08/SES081/SA081S13	SES060	-1.24956	15.1128	16.3623
BLOCK08/SES081/SA081S13	SES068	-1.79933	14.563	16.3623
BLOCK08/SES081/SA081S13	SES129	-3.2394	13.1229	16.3623
BLOCK08/SES081/SA081S24	SES060	-2.18783	13.2132	15.4011
BLOCK08/SES081/SA081S24	SES068	-2.1327	13.2684	15.4011
BLOCK08/SES081/SA081S24	SES117	-3.15396	12.2471	15.4011
BLOCK08/SES081/SA081S24	SES275	-2.68459	12.7165	15.4011
BLOCK08/SES081/SA081S27	SES007	-2.03831	12.1702	14.2085
BLOCK08/SES081/SA081S27	SES060	-3.93125	10.2772	14.2085
BLOCK08/SES081/SA081S27	SES117	-2.12382	12.0846	14.2085
BLOCK08/SES081/SA081S27	SES275	-2.49391	11.7146	14.2085
BLOCK08/SES081/SA081S29	SES007	-1.93031	13.9065	15.8368
BLOCK08/SES081/SA081S29	SES060	-2.75857	13.0783	15.8368
BLOCK08/SES081/SA081S29	SES117	-2.82134	13.0155	15.8368
BLOCK08/SES081/SA081S29	SES275	-2.48836	13.3485	15.8368
BLOCK08/SES086/SA086S11	SES029	-6.64902	7.49716	14.1462
BLOCK08/SES086/SA086S11	SES082	-3.44929	10.6969	14.1462
BLOCK08/SES086/SA086S11	SES087	-2.66005	11.4861	14.1462
BLOCK08/SES086/SA086S11	SES206	-3.79278	10.3534	14.1462
BLOCK08/SES086/SA086S12	SES029	-4.15665	11.2675	15.4241
BLOCK08/SES086/SA086S12	SES082	-4.05052	11.3736	15.4241
BLOCK08/SES086/SA086S12	SES087	-1.03004	14.3941	15.4241
BLOCK08/SES086/SA086S12	SES206	-2.75102	12.6731	15.4241
BLOCK08/SES086/SA086S20	SES029	-5.21528	11.241	16.4563
BLOCK08/SES086/SA086S20	SES082	-4.63249	11.8238	16.4563
BLOCK08/SES086/SA086S20	SES087	-1.15241	15.3039	16.4563
BLOCK08/SES086/SA086S20	SES206	-1.77512	14.6812	16.4563
BLOCK08/SES086/SA086S24	SES087	-0.941061	14.0651	15.0062
BLOCK08/SES086/SA086S24	SES104	-3.2147	11.7915	15.0062
BLOCK08/SES086/SA086S24	SES120	-3.69642	11.3098	15.0062
BLOCK08/SES086/SA086S24	SES206	-1.2439	13.7623	15.0062
BLOCK08/SES086/SA086S28	SES029	-4.47026	11.3678	15.838
BLOCK08/SES086/SA086S28	SES082	-3.31635	12.5217	15.838
BLOCK08/SES086/SA086S28	SES087	-1.69064	14.1474	15.838
BLOCK08/SES086/SA086S28	SES206	-2.09179	13.7463	15.838
BLOCK08/SES089/SA089S13	SES087	-2.71544	11.9867	14.7021
BLOCK08/SES089/SA089S13	SES206	-3.13339	11.5687	14.7021
BLOCK08/SES089/SA089S13	SES226	-2.88818	11.814	14.7021
BLOCK08/SES089/SA089S13	SES270	-4.09332	10.6088	14.7021
BLOCK08/SES089/SA089S14	SES062	-3.43195	11.8325	15.2645
BLOCK08/SES089/SA089S14	SES087	-2.19962	13.0648	15.2645
BLOCK08/SES089/SA089S14	SES206	-2.69525	12.5692	15.2645
BLOCK08/SES089/SA089S14	SES226	-3.00868	12.2558	15.2645
BLOCK08/SES089/SA089S23	SES087	-3.6082	9.98226	13.5905
BLOCK08/SES089/SA089S23	SES206	-2.64786	10.9426	13.5905
BLOCK08/SES089/SA089S23	SES226	-3.07177	10.5187	13.5905
BLOCK08/SES089/SA089S23	SES270	-3.80986	9.7806	13.5905
BLOCK08/SES089/SA089S25	SES062	-4.16805	11.0683	15.2364
BLOCK08/SES089/SA089S25	SES087	-2.26776	12.9686	15.2364
BLOCK08/SES089/SA089S25	SES206	-3.60485	11.6315	15.2364
BLOCK08/SES089/SA089S25	SES226	-2.36677	12.8696	15.2364
BLOCK08/SES089/SA089S28	SES062	-2.66532	12.6237	15.2891
BLOCK08/SES089/SA089S28	SES087	-1.57224	13.7168	15.2891
BLOCK08/SES089/SA089S28	SES206	-2.02473	13.2643	15.2891
BLOCK08/SES089/SA089S28	SES226	-2.09043	13.1986	15.2891
BLOCK09/SES097/SA097S11	SES099	-1.17468	13.748	14.9227
BLOCK09/SES097/SA097S11	SES125	-3.87917	11.0435	14.9227
BLOCK09/SES097/SA097S11	SES206	-2.38562	12.5371	14.9227
BLOCK09/SES097/SA097S11	SES226	-1.96831	12.9544	14.9227
BLOCK09/SES097/SA097S14	SES062	-2.52174	11.7978	14.3195
BLOCK09/SES097/SA097S14	SES099	-1.70718	12.6123	14.3195
BLOCK09/SES097/SA097S14	SES104	-2.81507	11.5044	14.3195
BLOCK09/SES097/SA097S14	SES206	-2.95143	11.3681	14.3195
BLOCK09/SES097/SA097S22	SES099	-0.309988	14.6827	14.9926
BLOCK09/SES097/SA097S22	SES206	-2.65282	12.3398	14.9926
BLOCK09/SES097/SA097S22	SES226	-3.19245	11.8002	14.9926
BLOCK09/SES097/SA097S22	SES270	-1.83486	13.1578	14.9926
BLOCK09/SES097/SA097S26	SES099	-1.73831	14.1404	15.8787
BLOCK09/SES097/SA097S26	SES120	-3.76972	12.109	15.8787
BLOCK09/SES097/SA097S26	SES206	-2.95694	12.9218	15.8787
BLOCK09/SES097/SA097S26	SES226	-4.42017	11.4585	15.8787
BLOCK09/SES097/SA097S28	SES099	-1.6103	13.2281	14.8384
BLOCK09/SES097/SA097S28	SES120	-2.84522	11.9932	14.8384
BLOCK09/SES097/SA097S28	SES206	-3.51502	11.3234	14.8384
BLOCK09/SES097/SA097S28	SES226	-4.12629	10.7122	14.8384
BLOCK09/SES098/SA098S11	SES127	-4.37897	9.80932	14.1883
BLOCK09/SES098/SA098S11	SES144	-2.93053	11.2578	14.1883
BLOCK09/SES098/SA098S11	SES147	-2.36064	11.8276	14.1883
BLOCK09/SES098/SA098S11	SES148	-4.30093	9.88736	14.1883
BLOCK09/SES098/SA098S12	SES127	-5.71829	7.43638	13.1547
BLOCK09/SES098/SA098S12	SES144	-3.37445	9.78022	13.1547
BLOCK09/SES098/SA098S12	SES147	-3.22454	9.93013	13.1547
BLOCK09/SES098/SA098S12	SES189	-2.89535	10.2593	13.1547
BLOCK09/SES098/SA098S20	SES127	-5.34744	8.88326	14.2307
BLOCK09/SES098/SA098S20	SES147	-2.88709	11.3436	14.2307
BLOCK09/SES098/SA098S20	SES148	-4.21734	10.0134	14.2307
BLOCK09/SES098/SA098S20	SES292	-3.04527	11.1854	14.2307
BLOCK09/SES098/SA098S23	SES127	-3.88443	11.0457	14.9302
BLOCK09/SES098/SA098S23	SES147	-1.89806	13.0321	14.9302
BLOCK09/SES098/SA098S23	SES187	-2.41981	12.5104	14.9302
BLOCK09/SES098/SA098S23	SES292	-2.26238	12.6678	14.9302
BLOCK09/SES098/SA098S27	SES127	-5.15319	8.5603	13.7135
BLOCK09/SES098/SA098S27	SES147	-3.74866	9.96482	13.7135
BLOCK09/SES098/SA098S27	SES148	-4.62527	9.08822	13.7135
BLOCK09/SES098/SA098S27	SES292	-2.90624	10.8072	13.7135
BLOCK10/SES102/SA102S13	SES101	-1.49774	11.8373	13.3351
BLOCK10/SES102/SA102S13	SES105	-1.92188	11.4132	13.3351
BLOCK10/SES102/SA102S13	SES120	-3.74911	9.58599	13.3351
BLOCK10/SES102/SA102S13	SES158	-4.44386	8.89123	13.3351
BLOCK10/SES102/SA102S14	SES007	-1.64909	14.3693	16.0184
BLOCK10/SES102/SA102S14	SES101	-1.06754	14.9509	16.0184
BLOCK10/SES102/SA102S14	SES105	-1.21741	14.801	16.0184
BLOCK10/SES102/SA102S14	SES147	-4.49376	11.5246	16.0184
BLOCK10/SES102/SA102S22	SES007	-2.62277	12.6337	15.2565
BLOCK10/SES102/SA102S22	SES101	-1.31988	13.9366	15.2565
BLOCK10/SES102/SA102S22	SES105	-1.18171	14.0748	15.2565
BLOCK10/SES102/SA102S22	SES158	-3.45168	11.8048	15.2565
BLOCK10/SES102/SA102S25	SES007	-1.77209	14.0652	15.8373
BLOCK10/SES102/SA102S25	SES101	-1.32732	14.51	15.8373
BLOCK10/SES102/SA102S25	SES105	-1.84052	13.9967	15.8373
BLOCK10/SES102/SA102S25	SES147	-4.17954	11.6577	15.8373
BLOCK10/SES102/SA102S27	SES007	-2.08247	13.1731	15.2555
BLOCK10/SES102/SA102S27	SES101	-1.16533	14.0902	15.2555
BLOCK10/SES102/SA102S27	SES105	-2.15782	13.0977	15.2555
BLOCK10/SES102/SA102S27	SES147	-4.18984	11.0657	15.2555
BLOCK10/SES103/SA103S14	SES105	-3.96907	9.34663	13.3157
BLOCK10/SES103/SA103S14	SES106	-3.25736	10.0583	13.3157
BLOCK10/SES103/SA103S14	SES120	-4.25802	9.05767	13.3157
BLOCK10/SES103/SA103S14	SES206	-4.022	9.2937	13.3157
BLOCK10/SES103/SA103S15	SES099	-3.09625	9.12016	12.2164
BLOCK10/SES103/SA103S15	SES101	-6.80642	5.40999	12.2164
BLOCK10/SES103/SA103S15	SES104	-4.26668	7.94972	12.2164
BLOCK10/SES103/SA103S15	SES125	-3.71233	8.50408	12.2164
BLOCK10/SES103/SA103S24	SES104	-3.11051	11.6753	14.7858
BLOCK10/SES103/SA103S24	SES125	-3.52183	11.264	14.7858
BLOCK10/SES103/SA103S24	SES148	-4.75345	10.0324	14.7858
BLOCK10/SES103/SA103S24	SES158	-2.72517	12.0607	14.7858
BLOCK10/SES103/SA103S26	SES104	-3.93378	8.88612	12.8199
BLOCK10/SES103/SA103S26	SES106	-2.50882	10.3111	12.8199
BLOCK10/SES103/SA103S26	SES125	-4.18237	8.63753	12.8199
BLOCK10/SES103/SA103S26	SES148	-6.03683	6.78306	12.8199
BLOCK10/SES103/SA103S28	SES104	-4.54047	7.83566	12.3761
BLOCK10/SES103/SA103S28	SES106	-3.06044	9.3157	12.3761
BLOCK10/SES103/SA103S28	SES125	-4.92151	7.45463	12.3761
BLOCK10/SES103/SA103S28	SES206	-5.54856	6.82758	12.3761
BLOCK12/SES121/SA121S12	SES042	-4.80028	6.17724	10.9775
BLOCK12/SES121/SA121S12	SES087	-3.58428	7.39324	10.9775
BLOCK12/SES121/SA121S12	SES105	-2.48493	8.49259	10.9775
BLOCK12/SES121/SA121S12	SES206	-3.70665	7.27086	10.9775
BLOCK12/SES121/SA121S14	SES007	-3.67314	7.74692	11.4201
BLOCK12/SES121/SA121S14	SES105	-3.30221	8.11786	11.4201
BLOCK12/SES121/SA121S14	SES106	-3.4723	7.94777	11.4201
BLOCK12/SES121/SA121S14	SES206	-4.67337	6.7467	11.4201
BLOCK12/SES121/SA121S23	SES105	-2.75438	8.72253	11.4769
BLOCK12/SES121/SA121S23	SES106	-2.12077	9.35614	11.4769
BLOCK12/SES121/SA121S23	SES120	-3.05919	8.41772	11.4769
BLOCK12/SES121/SA121S23	SES206	-3.11372	8.36319	11.4769
BLOCK12/SES121/SA121S25	SES007	-2.43815	7.12955	9.5677
BLOCK12/SES121/SA121S25	SES105	-3.2022	6.36551	9.5677
BLOCK12/SES121/SA121S25	SES106	-3.28045	6.28726	9.5677
BLOCK12/SES121/SA121S25	SES206	-4.88916	4.67854	9.5677
BLOCK12/SES121/SA121S27	SES087	-2.63335	9.22169	11.855
BLOCK12/SES121/SA121S27	SES105	-4.55753	7.2975	11.855
BLOCK12/SES121/SA121S27	SES120	-1.9651	9.88994	11.855
BLOCK12/SES121/SA121S27	SES206	-3.64248	8.21255	11.855
BLOCK12/SES124/SA124S16	SES042	-1.90895	12.0503	13.9592
BLOCK12/SES124/SA124S16	SES082	-3.39182	10.5674	13.9592
BLOCK12/SES124/SA124S16	SES183	-3.01499	10.9443	13.9592
BLOCK12/SES124/SA124S16	SES206	-3.35424	10.605	13.9592
BLOCK12/SES124/SA124S17	SES105	-3.5286	8.50365	12.0322
BLOCK12/SES124/SA124S17	SES149	-4.82835	7.20389	12.0322
BLOCK12/SES124/SA124S17	SES158	-4.94576	7.08649	12.0322
BLOCK12/SES124/SA124S17	SES275	-2.37172	9.66053	12.0322
BLOCK12/SES124/SA124S23	SES105	-3.80118	12.0863	15.8874
BLOCK12/SES124/SA124S23	SES125	-1.6085	14.2789	15.8874
BLOCK12/SES124/SA124S23	SES129	-4.41642	11.471	15.8874
BLOCK12/SES124/SA124S23	SES158	-1.63149	14.2559	15.8874
BLOCK12/SES124/SA124S26	SES105	-4.49299	10.5632	15.0561
BLOCK12/SES124/SA124S26	SES125	-2.69003	12.3661	15.0561
BLOCK12/SES124/SA124S26	SES129	-5.00435	10.0518	15.0561
BLOCK12/SES124/SA124S26	SES158	-3.03648	12.0197	15.0561
BLOCK12/SES124/SA124S28	SES104	-2.56772	12.1351	14.7028
BLOCK12/SES124/SA124S28	SES106	-1.81233	12.8905	14.7028
BLOCK12/SES124/SA124S28	SES125	-1.7273	12.9755	14.7028
BLOCK12/SES124/SA124S28	SES275	-3.80173	10.9011	14.7028
BLOCK12/SES126/SA126S13	SES007	-2.73927	11.4976	14.2369
BLOCK12/SES126/SA126S13	SES162	-3.01717	11.2197	14.2369
BLOCK12/SES126/SA126S13	SES177	-2.68099	11.5559	14.2369
BLOCK12/SES126/SA126S13	SES180	-3.30833	10.9286	14.2369
BLOCK12/SES126/SA126S14	SES144	-2.73858	13.122	15.8606
BLOCK12/SES126/SA126S14	SES148	-2.88606	12.9745	15.8606
BLOCK12/SES126/SA126S14	SES177	-2.25025	13.6103	15.8606
BLOCK12/SES126/SA126S14	SES180	-3.49121	12.3693	15.8606
BLOCK12/SES126/SA126S20	SES007	-2.31312	12.3309	14.644
BLOCK12/SES126/SA126S20	SES162	-2.78514	11.8589	14.644
BLOCK12/SES126/SA126S20	SES172	-3.06926	11.5748	14.644
BLOCK12/SES126/SA126S20	SES180	-2.86511	11.7789	14.644
BLOCK12/SES126/SA126S24	SES120	-1.62356	14.2112	15.8348
BLOCK12/SES126/SA126S24	SES162	-2.35189	13.4829	15.8348
BLOCK12/SES126/SA126S24	SES177	-2.11075	13.724	15.8348
BLOCK12/SES126/SA126S24	SES180	-1.94042	13.8944	15.8348
BLOCK12/SES126/SA126S26	SES120	-1.86367	13.2719	15.1356
BLOCK12/SES126/SA126S26	SES177	-2.18887	12.9467	15.1356
BLOCK12/SES126/SA126S26	SES180	-2.58309	12.5525	15.1356
BLOCK12/SES126/SA126S26	SES202	-3.13484	12.0008	15.1356
BLOCK12/SES128/SA128S10	SES087	-4.14231	11.3228	15.4652
BLOCK12/SES128/SA128S10	SES206	-2.59337	12.8718	15.4652
BLOCK12/SES128/SA128S10	SES226	-1.97346	13.4917	15.4652
BLOCK12/SES128/SA128S10	SES270	-2.31133	13.1538	15.4652
BLOCK12/SES128/SA128S12	SES120	-2.97145	11.7303	14.7017
BLOCK12/SES128/SA128S12	SES158	-3.49151	11.2102	14.7017
BLOCK12/SES128/SA128S12	SES206	-3.03005	11.6717	14.7017
BLOCK12/SES128/SA128S12	SES226	-3.00725	11.6945	14.7017
BLOCK12/SES128/SA128S21	SES106	-4.77461	9.35691	14.1315
BLOCK12/SES128/SA128S21	SES120	-4.06792	10.0636	14.1315
BLOCK12/SES128/SA128S21	SES206	-3.6103	10.5212	14.1315
BLOCK12/SES128/SA128S21	SES226	-2.97299	11.1585	14.1315
BLOCK12/SES128/SA128S24	SES087	-3.34415	11.2388	14.5829
BLOCK12/SES128/SA128S24	SES120	-2.57515	12.0078	14.5829
BLOCK12/SES128/SA128S24	SES206	-2.55235	12.0306	14.5829
BLOCK12/SES128/SA128S24	SES226	-3.20463	11.3783	14.5829
BLOCK12/SES128/SA128S27	SES099	-1.84541	14.2159	16.0613
BLOCK12/SES128/SA128S27	SES120	-2.3097	13.7516	16.0613
BLOCK12/SES128/SA128S27	SES206	-2.68991	13.3714	16.0613
BLOCK12/SES128/SA128S27	SES226	-2.97351	13.0878	16.0613
BLOCK13/SES130/SA130S13	SES143	-2.52753	12.142	14.6695
BLOCK13/SES130/SA130S13	SES144	-1.45154	13.218	14.6695
BLOCK13/SES130/SA130S13	SES146	-2.39245	12.2771	14.6695
BLOCK13/SES130/SA130S13	SES275	-3.70674	10.9628	14.6695
BLOCK13/SES130/SA130S15	SES143	-2.84921	13.1255	15.9747
BLOCK13/SES130/SA130S15	SES144	-1.49153	14.4831	15.9747
BLOCK13/SES130/SA130S15	SES146	-1.98254	13.9921	15.9747
BLOCK13/SES130/SA130S15	SES275	-2.52615	13.4485	15.9747
BLOCK13/SES130/SA130S23	SES127	-3.85308	10.5426	14.3956
BLOCK13/SES130/SA130S23	SES144	-2.72799	11.6677	14.3956
BLOCK13/SES130/SA130S23	SES146	-2.32847	12.0672	14.3956
BLOCK13/SES130/SA130S23	SES162	-2.46714	11.9285	14.3956
BLOCK13/SES130/SA130S25	SES127	-2.11105	13.9165	16.0276
BLOCK13/SES130/SA130S25	SES144	-1.60475	14.4228	16.0276
BLOCK13/SES130/SA130S25	SES146	-1.64169	14.3859	16.0276
BLOCK13/SES130/SA130S25	SES275	-1.52318	14.5044	16.0276
BLOCK13/SES130/SA130S28	SES127	-2.59674	12.42	15.0168
BLOCK13/SES130/SA130S28	SES144	-2.25679	12.76	15.0168
BLOCK13/SES130/SA130S28	SES146	-1.8305	13.1863	15.0168
BLOCK13/SES130/SA130S28	SES275	-1.57495	13.4418	15.0168
BLOCK13/SES131/SA131S13	SES002	-3.91155	8.19598	12.1075
BLOCK13/SES131/SA131S13	SES007	-3.98634	8.12119	12.1075
BLOCK13/SES131/SA131S13	SES099	-3.05532	9.05221	12.1075
BLOCK13/SES131/SA131S13	SES105	-3.76435	8.34318	12.1075
BLOCK13/SES131/SA131S14	SES104	-2.47448	11.4937	13.9682
BLOCK13/SES131/SA131S14	SES106	-3.05135	10.9169	13.9682
BLOCK13/SES131/SA131S14	SES125	-3.46437	10.5039	13.9682
BLOCK13/SES131/SA131S14	SES148	-2.93309	11.0351	13.9682
BLOCK13/SES131/SA131S20	SES104	-5.08582	6.82452	11.9103
BLOCK13/SES131/SA131S20	SES106	-3.49874	8.4116	11.9103
BLOCK13/SES131/SA131S20	SES125	-5.54193	6.3684	11.9103
BLOCK13/SES131/SA131S20	SES148	-3.82941	8.08093	11.9103
BLOCK13/SES131/SA131S22	SES099	-3.24023	10.3834	13.6236
BLOCK13/SES131/SA131S22	SES104	-4.20099	9.42265	13.6236
BLOCK13/SES131/SA131S22	SES125	-4.59706	9.02659	13.6236
BLOCK13/SES131/SA131S22	SES206	-4.08762	9.53603	13.6236
BLOCK13/SES131/SA131S29	SES087	-3.86299	8.64983	12.5128
BLOCK13/SES131/SA131S29	SES104	-4.74843	7.76439	12.5128
BLOCK13/SES131/SA131S29	SES125	-5.22888	7.28395	12.5128
BLOCK13/SES131/SA131S29	SES206	-4.28154	8.23128	12.5128
BLOCK13/SES132/SA132S11	SES083	-4.20809	11.6195	15.8276
BLOCK13/SES132/SA132S11	SES120	-1.33589	14.4917	15.8276
BLOCK13/SES132/SA132S11	SES127	-3.344	12.4836	15.8276
BLOCK13/SES132/SA132S11	SES275	-2.40544	13.4221	15.8276
BLOCK13/SES132/SA132S12	SES083	-4.04653	11.6128	15.6594
BLOCK13/SES132/SA132S12	SES143	-2.29591	13.3634	15.6594
BLOCK13/SES132/SA132S12	SES144	-2.65015	13.0092	15.6594
BLOCK13/SES132/SA132S12	SES148	-1.86925	13.7901	15.6594
BLOCK13/SES132/SA132S22	SES062	-2.00328	13.7038	15.7071
BLOCK13/SES132/SA132S22	SES083	-3.34113	12.3659	15.7071
BLOCK13/SES132/SA132S22	SES127	-2.27958	13.4275	15.7071
BLOCK13/SES132/SA132S22	SES275	-1.59155	14.1155	15.7071
BLOCK13/SES132/SA132S24	SES007	-2.46996	14.1432	16.6132
BLOCK13/SES132/SA132S24	SES083	-4.11044	12.5028	16.6132
BLOCK13/SES132/SA132S24	SES127	-3.47685	13.1364	16.6132
BLOCK13/SES132/SA132S24	SES275	-1.97355	14.6397	16.6132
BLOCK13/SES132/SA132S27	SES083	-4.2608	10.8099	15.0707
BLOCK13/SES132/SA132S27	SES120	-1.24299	13.8277	15.0707
BLOCK13/SES132/SA132S27	SES127	-3.6337	11.437	15.0707
BLOCK13/SES132/SA132S27	SES275	-2.65967	12.411	15.0707
BLOCK14/SES141/SA141S09	SES143	-2.07428	13.2453	15.3196
BLOCK14/SES141/SA141S09	SES144	-2.04676	13.2728	15.3196
BLOCK14/SES141/SA141S09	SES162	-2.51671	12.8029	15.3196
BLOCK14/SES141/SA141S09	SES180	-2.54315	12.7764	15.3196
BLOCK14/SES141/SA141S15	SES127	-2.4374	12.248	14.6854
BLOCK14/SES141/SA141S15	SES144	-2.41691	12.2685	14.6854
BLOCK14/SES141/SA141S15	SES162	-3.03199	11.6534	14.6854
BLOCK14/SES141/SA141S15	SES180	-2.34254	12.3429	14.6854
BLOCK14/SES141/SA141S24	SES127	-2.58626	12.7917	15.378
BLOCK14/SES141/SA141S24	SES144	-2.88164	12.4964	15.378
BLOCK14/SES141/SA141S24	SES162	-2.74922	12.6288	15.378
BLOCK14/SES141/SA141S24	SES183	-2.60127	12.7767	15.378
BLOCK14/SES141/SA141S26	SES142	-2.00187	13.2307	15.2326
BLOCK14/SES141/SA141S26	SES144	-2.65236	12.5803	15.2326
BLOCK14/SES141/SA141S26	SES172	-2.07332	13.1593	15.2326
BLOCK14/SES141/SA141S26	SES180	-2.43256	12.8001	15.2326
BLOCK14/SES141/SA141S29	SES127	-1.44846	14.1355	15.5839
BLOCK14/SES141/SA141S29	SES142	-1.8923	13.6916	15.5839
BLOCK14/SES141/SA141S29	SES144	-2.28317	13.3008	15.5839
BLOCK14/SES141/SA141S29	SES180	-2.75364	12.8303	15.5839
BLOCK15/SES157/SA157S08	SES083	-4.24354	10.8676	15.1112
BLOCK15/SES157/SA157S08	SES127	-2.89842	12.2127	15.1112
BLOCK15/SES157/SA157S08	SES148	-2.98985	12.1213	15.1112
BLOCK15/SES157/SA157S08	SES292	-3.21846	11.8927	15.1112
BLOCK15/SES157/SA157S11	SES083	-3.8282	11.6871	15.5153
BLOCK15/SES157/SA157S11	SES127	-3.16436	12.351	15.5153
BLOCK15/SES157/SA157S11	SES148	-3.01662	12.4987	15.5153
BLOCK15/SES157/SA157S11	SES292	-3.41477	12.1006	15.5153
BLOCK15/SES157/SA157S21	SES127	-2.33843	13.4792	15.8176
BLOCK15/SES157/SA157S21	SES148	-1.27256	14.545	15.8176
BLOCK15/SES157/SA157S21	SES158	-5.92622	9.89139	15.8176
BLOCK15/SES157/SA157S21	SES292	-2.64674	13.1709	15.8176
BLOCK15/SES157/SA157S24	SES127	-2.87971	13.0515	15.9312
BLOCK15/SES157/SA157S24	SES148	-2.67116	13.2601	15.9312
BLOCK15/SES157/SA157S24	SES183	-2.82826	13.103	15.9312
BLOCK15/SES157/SA157S24	SES292	-3.34872	12.5825	15.9312
BLOCK15/SES157/SA157S26	SES007	-1.90008	13.7212	15.6213
BLOCK15/SES157/SA157S26	SES127	-2.80292	12.8183	15.6213
BLOCK15/SES157/SA157S26	SES147	-3.24228	12.379	15.6213
BLOCK15/SES157/SA157S26	SES148	-1.99454	13.6267	15.6213
BLOCK16/SES161/SA161S10	SES007	-2.86199	10.1111	12.9731
BLOCK16/SES161/SA161S10	SES105	-2.41222	10.5608	12.9731
BLOCK16/SES161/SA161S10	SES158	-2.77713	10.1959	12.9731
BLOCK16/SES161/SA161S10	SES275	-2.4126	10.5605	12.9731
BLOCK16/SES161/SA161S12	SES007	-3.21377	10.0045	13.2183
BLOCK16/SES161/SA161S12	SES105	-3.86682	9.35147	13.2183
BLOCK16/SES161/SA161S12	SES158	-2.74469	10.4736	13.2183
BLOCK16/SES161/SA161S12	SES275	-2.70687	10.5114	13.2183
BLOCK16/SES161/SA161S20	SES007	-2.66121	9.55814	12.2193
BLOCK16/SES161/SA161S20	SES105	-3.60139	8.61796	12.2193
BLOCK16/SES161/SA161S20	SES158	-3.51506	8.70428	12.2193
BLOCK16/SES161/SA161S20	SES275	-2.86397	9.35538	12.2193
BLOCK16/SES161/SA161S23	SES007	-3.701	9.95846	13.6595
BLOCK16/SES161/SA161S23	SES105	-2.72885	10.9306	13.6595
BLOCK16/SES161/SA161S23	SES148	-3.40727	10.2522	13.6595
BLOCK16/SES161/SA161S23	SES158	-3.50213	10.1573	13.6595
BLOCK16/SES161/SA161S28	SES007	-3.81309	10.2401	14.0532
BLOCK16/SES161/SA161S28	SES105	-3.65726	10.3959	14.0532
BLOCK16/SES161/SA161S28	SES158	-2.41541	11.6378	14.0532
BLOCK16/SES161/SA161S28	SES206	-2.75166	11.3015	14.0532
BLOCK16/SES164/SA164S11	SES104	-3.27924	12.1027	15.382
BLOCK16/SES164/SA164S11	SES125	-2.33529	13.0467	15.382
BLOCK16/SES164/SA164S11	SES158	-1.58569	13.7963	15.382
BLOCK16/SES164/SA164S11	SES206	-3.13348	12.2485	15.382
BLOCK16/SES164/SA164S13	SES099	-3.18676	11.1987	14.3855
BLOCK16/SES164/SA164S13	SES104	-4.55756	9.82795	14.3855
BLOCK16/SES164/SA164S13	SES125	-4.24857	10.1369	14.3855
BLOCK16/SES164/SA164S13	SES206	-3.78895	10.5965	14.3855
BLOCK16/SES164/SA164S24	SES002	-1.63149	13.2516	14.8831
BLOCK16/SES164/SA164S24	SES099	-2.43478	12.4484	14.8831
BLOCK16/SES164/SA164S24	SES125	-4.20821	10.6749	14.8831
BLOCK16/SES164/SA164S24	SES226	-2.3391	12.544	14.8831
BLOCK16/SES164/SA164S27	SES087	-3.56118	10.7851	14.3463
BLOCK16/SES164/SA164S27	SES125	-3.92028	10.426	14.3463
BLOCK16/SES164/SA164S27	SES206	-3.23231	11.114	14.3463
BLOCK16/SES164/SA164S27	SES226	-2.93731	11.409	14.3463
BLOCK16/SES164/SA164S29	SES002	-1.18438	13.0303	14.2147
BLOCK16/SES164/SA164S29	SES019	-3.47159	10.7431	14.2147
BLOCK16/SES164/SA164S29	SES125	-3.85755	10.3572	14.2147
BLOCK16/SES164/SA164S29	SES226	-3.62446	10.5903	14.2147
BLOCK16/SES169/SA169S13	SES117	-2.52763	12.1485	14.6761
BLOCK16/SES169/SA169S13	SES144	-2.42463	12.2515	14.6761
BLOCK16/SES169/SA169S13	SES146	-2.28903	12.3871	14.6761
BLOCK16/SES169/SA169S13	SES162	-1.75949	12.9166	14.6761
BLOCK16/SES169/SA169S14	SES144	-2.97966	12.7423	15.722
BLOCK16/SES169/SA169S14	SES148	-2.56112	13.1608	15.722
BLOCK16/SES169/SA169S14	SES177	-1.67205	14.0499	15.722
BLOCK16/SES169/SA169S14	SES180	-3.08947	12.6325	15.722
BLOCK16/SES169/SA169S24	SES117	-2.30406	11.5052	13.8093
BLOCK16/SES169/SA169S24	SES144	-1.96045	11.8488	13.8093
BLOCK16/SES169/SA169S24	SES146	-1.62338	12.1859	13.8093
BLOCK16/SES169/SA169S24	SES162	-2.09978	11.7095	13.8093
BLOCK16/SES169/SA169S27	SES127	-2.67534	11.6666	14.342
BLOCK16/SES169/SA169S27	SES129	-2.38798	11.954	14.342
BLOCK16/SES169/SA169S27	SES144	-2.85477	11.4872	14.342
BLOCK16/SES169/SA169S27	SES146	-1.16822	13.1738	14.342
BLOCK16/SES169/SA169S29	SES144	-1.98694	13.1897	15.1766
BLOCK16/SES169/SA169S29	SES162	-0.963666	14.2129	15.1766
BLOCK16/SES169/SA169S29	SES177	-2.80011	12.3765	15.1766
BLOCK16/SES169/SA169S29	SES180	-1.84142	13.3352	15.1766
BLOCK17/SES171/SA171S12	SES083	-2.6868	11.6689	14.3557
BLOCK17/SES171/SA171S12	SES148	-3.4832	10.8725	14.3557
BLOCK17/SES171/SA171S12	SES172	-2.43111	11.9246	14.3557
BLOCK17/SES171/SA171S12	SES292	-3.30361	11.0521	14.3557
BLOCK17/SES171/SA171S15	SES148	-3.03107	10.6701	13.7012
BLOCK17/SES171/SA171S15	SES177	-2.03117	11.67	13.7012
BLOCK17/SES171/SA171S15	SES180	-3.99435	9.70683	13.7012
BLOCK17/SES171/SA171S15	SES292	-3.00538	10.6958	13.7012
BLOCK17/SES171/SA171S22	SES007	-2.7088	12.8801	15.5889
BLOCK17/SES171/SA171S22	SES148	-2.40167	13.1873	15.5889
BLOCK17/SES171/SA171S22	SES177	-1.45163	14.1373	15.5889
BLOCK17/SES171/SA171S22	SES180	-3.50203	12.0869	15.5889
BLOCK17/SES171/SA171S25	SES101	-3.24178	10.7932	14.0349
BLOCK17/SES171/SA171S25	SES120	-4.00486	10.0301	14.0349
BLOCK17/SES171/SA171S25	SES177	-2.05937	11.9756	14.0349
BLOCK17/SES171/SA171S25	SES180	-3.31164	10.7233	14.0349
BLOCK17/SES171/SA171S27	SES177	-1.72846	12.7462	14.4746
BLOCK17/SES171/SA171S27	SES180	-3.89969	10.5749	14.4746
BLOCK17/SES171/SA171S27	SES189	-2.3221	12.1525	14.4746
BLOCK17/SES171/SA171S27	SES292	-3.29817	11.1765	14.4746
BLOCK17/SES173/SA173S13	SES162	-4.58136	9.93172	14.5131
BLOCK17/SES173/SA173S13	SES177	-2.62868	11.8844	14.5131
BLOCK17/SES173/SA173S13	SES180	-4.26466	10.2484	14.5131
BLOCK17/SES173/SA173S13	SES292	-1.84868	12.6644	14.5131
BLOCK17/SES173/SA173S14	SES007	-2.93349	10.5282	13.4617
BLOCK17/SES173/SA173S14	SES162	-4.2457	9.21598	13.4617
BLOCK17/SES173/SA173S14	SES177	-2.45465	11.007	13.4617
BLOCK17/SES173/SA173S14	SES180	-4.2516	9.21008	13.4617
BLOCK17/SES173/SA173S24	SES144	-3.71448	9.68087	13.3953
BLOCK17/SES173/SA173S24	SES162	-3.83428	9.56106	13.3953
BLOCK17/SES173/SA173S24	SES177	-2.26676	11.1286	13.3953
BLOCK17/SES173/SA173S24	SES180	-4.46188	8.93347	13.3953
BLOCK17/SES173/SA173S27	SES162	-4.44115	9.83747	14.2786
BLOCK17/SES173/SA173S27	SES177	-2.67612	11.6025	14.2786
BLOCK17/SES173/SA173S27	SES180	-3.91436	10.3643	14.2786
BLOCK17/SES173/SA173S27	SES292	-1.72681	12.5518	14.2786
BLOCK17/SES173/SA173S29	SES162	-3.49265	10.9796	14.4722
BLOCK17/SES173/SA173S29	SES175	-2.9447	11.5275	14.4722
BLOCK17/SES173/SA173S29	SES177	-2.31419	12.1581	14.4722
BLOCK17/SES173/SA173S29	SES292	-3.38043	11.0918	14.4722
BLOCK18/SES182/SA182S10	SES144	-2.75529	11.627	14.3823
BLOCK18/SES182/SA182S10	SES177	-1.97256	12.4097	14.3823
BLOCK18/SES182/SA182S10	SES180	-3.71364	10.6687	14.3823
BLOCK18/SES182/SA182S10	SES275	-1.10254	13.2798	14.3823
BLOCK18/SES182/SA182S12	SES144	-1.47911	13.0019	14.481
BLOCK18/SES182/SA182S12	SES177	-1.70454	12.7764	14.481
BLOCK18/SES182/SA182S12	SES180	-2.80395	11.677	14.481
BLOCK18/SES182/SA182S12	SES275	-1.50803	12.9729	14.481
BLOCK18/SES182/SA182S21	SES117	-2.61624	11.2559	13.8721
BLOCK18/SES182/SA182S21	SES144	-2.46914	11.403	13.8721
BLOCK18/SES182/SA182S21	SES162	-1.85509	12.017	13.8721
BLOCK18/SES182/SA182S21	SES180	-3.63396	10.2381	13.8721
BLOCK18/SES182/SA182S23	SES117	-2.37093	12.2781	14.6491
BLOCK18/SES182/SA182S23	SES144	-2.78654	11.8625	14.6491
BLOCK18/SES182/SA182S23	SES180	-3.93724	10.7118	14.6491
BLOCK18/SES182/SA182S23	SES275	-1.25788	13.3912	14.6491
BLOCK18/SES182/SA182S25	SES007	-0.954777	13.4566	14.4114
BLOCK18/SES182/SA182S25	SES162	-1.48879	12.9226	14.4114
BLOCK18/SES182/SA182S25	SES177	-1.76173	12.6496	14.4114
BLOCK18/SES182/SA182S25	SES180	-2.81794	11.5934	14.4114
BLOCK18/SES184/SA184S12	SES177	-2.65289	12.3508	15.0037
BLOCK18/SES184/SA184S12	SES180	-2.5199	12.4837	15.0037
BLOCK18/SES184/SA184S12	SES189	-2.92219	12.0815	15.0037
BLOCK18/SES184/SA184S12	SES292	-2.47065	12.533	15.0037
BLOCK18/SES184/SA184S13	SES101	-2.87678	12.0515	14.9283
BLOCK18/SES184/SA184S13	SES177	-2.47609	12.4522	14.9283
BLOCK18/SES184/SA184S13	SES180	-2.54476	12.3836	14.9283
BLOCK18/SES184/SA184S13	SES292	-3.13275	11.7956	14.9283
BLOCK18/SES184/SA184S22	SES177	-1.99614	14.4228	16.4189
BLOCK18/SES184/SA184S22	SES180	-2.61274	13.8062	16.4189
BLOCK18/SES184/SA184S22	SES189	-3.23355	13.1854	16.4189
BLOCK18/SES184/SA184S22	SES292	-2.74654	13.6724	16.4189
BLOCK18/SES184/SA184S25	SES101	-2.4176	14.3821	16.7997
BLOCK18/SES184/SA184S25	SES177	-2.45707	14.3427	16.7997
BLOCK18/SES184/SA184S25	SES180	-2.67726	14.1225	16.7997
BLOCK18/SES184/SA184S25	SES292	-2.46377	14.336	16.7997
BLOCK18/SES184/SA184S27	SES083	-3.17256	11.3337	14.5063
BLOCK18/SES184/SA184S27	SES177	-2.07501	12.4313	14.5063
BLOCK18/SES184/SA184S27	SES202	-2.38592	12.1204	14.5063
BLOCK18/SES184/SA184S27	SES292	-2.64225	11.864	14.5063
BLOCK20/SES204/SA204S12	SES062	-2.16317	14.0489	16.2121
BLOCK20/SES204/SA204S12	SES083	-4.29461	11.9174	16.2121
BLOCK20/SES204/SA204S12	SES206	-2.4864	13.7257	16.2121
BLOCK20/SES204/SA204S12	SES226	-3.85556	12.3565	16.2121
BLOCK20/SES204/SA204S14	SES068	-2.36006	15.1085	17.4686
BLOCK20/SES204/SA204S14	SES087	-1.64735	15.8213	17.4686
BLOCK20/SES204/SA204S14	SES206	-2.71431	14.7543	17.4686
BLOCK20/SES204/SA204S14	SES226	-3.99359	13.475	17.4686
BLOCK20/SES204/SA204S22	SES068	-2.74693	13.6295	16.3764
BLOCK20/SES204/SA204S22	SES082	-4.83298	11.5434	16.3764
BLOCK20/SES204/SA204S22	SES083	-5.53084	10.8456	16.3764
BLOCK20/SES204/SA204S22	SES206	-3.51835	12.8581	16.3764
BLOCK20/SES204/SA204S25	SES062	-2.4798	13.9385	16.4183
BLOCK20/SES204/SA204S25	SES083	-4.78847	11.6298	16.4183
BLOCK20/SES204/SA204S25	SES206	-2.48401	13.9343	16.4183
BLOCK20/SES204/SA204S25	SES226	-4.05151	12.3668	16.4183
BLOCK20/SES204/SA204S27	SES068	-2.75558	13.0227	15.7783
BLOCK20/SES204/SA204S27	SES082	-4.64242	11.1359	15.7783
BLOCK20/SES204/SA204S27	SES087	-2.56247	13.2158	15.7783
BLOCK20/SES204/SA204S27	SES206	-2.94292	12.8354	15.7783
BLOCK20/SES207/SA207S10	SES127	-2.98244	11.4477	14.4301
BLOCK20/SES207/SA207S10	SES183	-2.78198	11.6481	14.4301
BLOCK20/SES207/SA207S10	SES189	-2.77943	11.6507	14.4301
BLOCK20/SES207/SA207S10	SES292	-2.59806	11.832	14.4301
BLOCK20/SES207/SA207S11	SES127	-3.56562	10.0515	13.6171
BLOCK20/SES207/SA207S11	SES183	-2.59249	11.0246	13.6171
BLOCK20/SES207/SA207S11	SES187	-3.04105	10.576	13.6171
BLOCK20/SES207/SA207S11	SES292	-2.03509	11.582	13.6171
BLOCK20/SES207/SA207S25	SES068	-3.20171	11.1559	14.3576
BLOCK20/SES207/SA207S25	SES083	-3.86235	10.4953	14.3576
BLOCK20/SES207/SA207S25	SES127	-2.50356	11.8541	14.3576
BLOCK20/SES207/SA207S25	SES187	-2.58682	11.7708	14.3576
BLOCK20/SES207/SA207S27	SES127	-3.80649	9.43707	13.2436
BLOCK20/SES207/SA207S27	SES183	-2.65517	10.5884	13.2436
BLOCK20/SES207/SA207S27	SES187	-3.50678	9.73677	13.2436
BLOCK20/SES207/SA207S27	SES292	-3.51366	9.72989	13.2436
BLOCK20/SES207/SA207S29	SES083	-3.7125	11.3469	15.0594
BLOCK20/SES207/SA207S29	SES085	-2.78664	12.2728	15.0594
BLOCK20/SES207/SA207S29	SES172	-2.34105	12.7184	15.0594
BLOCK20/SES207/SA207S29	SES189	-2.96135	12.0981	15.0594
BLOCK22/SES221/SA221S12	SES068	-2.01522	14.0289	16.0441
BLOCK22/SES221/SA221S12	SES143	-2.23901	13.8051	16.0441
BLOCK22/SES221/SA221S12	SES175	-1.71547	14.3286	16.0441
BLOCK22/SES221/SA221S12	SES202	-2.81618	13.2279	16.0441
BLOCK22/SES221/SA221S15	SES085	-2.20462	12.3157	14.5203
BLOCK22/SES221/SA221S15	SES143	-3.75651	10.7638	14.5203
BLOCK22/SES221/SA221S15	SES175	-2.22586	12.2945	14.5203
BLOCK22/SES221/SA221S15	SES187	-3.17953	11.3408	14.5203
BLOCK22/SES221/SA221S23	SES068	-2.47137	12.8344	15.3058
BLOCK22/SES221/SA221S23	SES143	-2.78444	12.5214	15.3058
BLOCK22/SES221/SA221S23	SES175	-1.16557	14.1403	15.3058
BLOCK22/SES221/SA221S23	SES189	-1.55739	13.7484	15.3058
BLOCK22/SES221/SA221S27	SES085	-1.75499	13.8672	15.6222
BLOCK22/SES221/SA221S27	SES143	-2.4248	13.1974	15.6222
BLOCK22/SES221/SA221S27	SES175	-1.27005	14.3521	15.6222
BLOCK22/SES221/SA221S27	SES189	-1.02369	14.5985	15.6222
BLOCK22/SES221/SA221S29	SES085	-2.43065	12.1904	14.621
BLOCK22/SES221/SA221S29	SES143	-1.98111	12.6399	14.621
BLOCK22/SES221/SA221S29	SES175	-1.26197	13.359	14.621
BLOCK22/SES221/SA221S29	SES187	-3.10089	11.5201	14.621
BLOCK22/SES223/SA223S11	SES143	-2.01814	10.8401	12.8582
BLOCK22/SES223/SA223S11	SES144	-4.47303	8.38518	12.8582
BLOCK22/SES223/SA223S11	SES175	-1.70766	11.1505	12.8582
BLOCK22/SES223/SA223S11	SES187	-3.96303	8.89518	12.8582
BLOCK22/SES223/SA223S13	SES068	-2.75336	10.1453	12.8987
BLOCK22/SES223/SA223S13	SES143	-3.30098	9.5977	12.8987
BLOCK22/SES223/SA223S13	SES146	-3.64555	9.25312	12.8987
BLOCK22/SES223/SA223S13	SES202	-4.1422	8.75648	12.8987
BLOCK22/SES223/SA223S22	SES143	-2.21548	11.7067	13.9222
BLOCK22/SES223/SA223S22	SES144	-4.04433	9.87786	13.9222
BLOCK22/SES223/SA223S22	SES175	-1.79543	12.1268	13.9222
BLOCK22/SES223/SA223S22	SES187	-2.91362	11.0086	13.9222
BLOCK22/SES223/SA223S25	SES068	-2.4432	12.3543	14.7975
BLOCK22/SES223/SA223S25	SES143	-2.64069	12.1568	14.7975
BLOCK22/SES223/SA223S25	SES175	-1.70707	13.0904	14.7975
BLOCK22/SES223/SA223S25	SES187	-3.39006	11.4074	14.7975
BLOCK22/SES223/SA223S27	SES143	-1.71344	11.3606	13.0741
BLOCK22/SES223/SA223S27	SES146	-2.50389	10.5702	13.0741
BLOCK22/SES223/SA223S27	SES187	-3.44565	9.62842	13.0741
BLOCK22/SES223/SA223S27	SES292	-1.53789	11.5362	13.0741
BLOCK27/SES273/SA273S12	SES099	-1.24195	16.387	17.6289
BLOCK27/SES273/SA273S12	SES104	-2.37212	15.2568	17.6289
BLOCK27/SES273/SA273S12	SES125	-3.3496	14.2793	17.6289
BLOCK27/SES273/SA273S12	SES206	-1.77435	15.8546	17.6289
BLOCK27/SES273/SA273S13	SES099	-1.64988	15.9065	17.5564
BLOCK27/SES273/SA273S13	SES104	-2.50763	15.0487	17.5564
BLOCK27/SES273/SA273S13	SES206	-1.70426	15.8521	17.5564
BLOCK27/SES273/SA273S13	SES292	-2.97217	14.5842	17.5564
BLOCK27/SES273/SA273S21	SES099	-1.66598	15.5221	17.1881
BLOCK27/SES273/SA273S21	SES148	-3.32988	13.8582	17.1881
BLOCK27/SES273/SA273S21	SES149	-2.48814	14.6999	17.1881
BLOCK27/SES273/SA273S21	SES177	-3.09877	14.0893	17.1881
BLOCK27/SES273/SA273S25	SES104	-2.86602	13.9257	16.7917
BLOCK27/SES273/SA273S25	SES125	-3.20045	13.5913	16.7917
BLOCK27/SES273/SA273S25	SES158	-1.84487	14.9469	16.7917
BLOCK27/SES273/SA273S25	SES206	-1.26155	15.5302	16.7917
BLOCK27/SES273/SA273S27	SES099	-1.46369	14.9369	16.4006
BLOCK27/SES273/SA273S27	SES104	-2.52695	13.8736	16.4006
BLOCK27/SES273/SA273S27	SES149	-2.037	14.3636	16.4006
BLOCK27/SES273/SA273S27	SES275	-2.49722	13.9033	16.4006
BLOCK27/SES274/SA274S10	SES105	-2.74221	13.1152	15.8574
BLOCK27/SES274/SA274S10	SES125	-4.55352	11.3038	15.8574
BLOCK27/SES274/SA274S10	SES129	-1.36897	14.4884	15.8574
BLOCK27/SES274/SA274S10	SES158	-4.72803	11.1293	15.8574
BLOCK27/SES274/SA274S11	SES105	-2.32895	13.7956	16.1245
BLOCK27/SES274/SA274S11	SES149	-2.91238	13.2121	16.1245
BLOCK27/SES274/SA274S11	SES158	-3.922	12.2025	16.1245
BLOCK27/SES274/SA274S11	SES275	-1.65888	14.4657	16.1245
BLOCK27/SES274/SA274S21	SES105	-3.00786	12.9678	15.9757
BLOCK27/SES274/SA274S21	SES129	-1.85466	14.121	15.9757
BLOCK27/SES274/SA274S21	SES149	-2.79425	13.1814	15.9757
BLOCK27/SES274/SA274S21	SES158	-5.91563	10.06	15.9757
BLOCK27/SES274/SA274S24	SES105	-2.57999	14.3078	16.8878
BLOCK27/SES274/SA274S24	SES129	-1.62196	15.2659	16.8878
BLOCK27/SES274/SA274S24	SES149	-2.97675	13.9111	16.8878
BLOCK27/SES274/SA274S24	SES158	-6.00085	10.887	16.8878
BLOCK27/SES274/SA274S29	SES105	-3.25133	12.3744	15.6257
BLOCK27/SES274/SA274S29	SES106	-5.03895	10.5868	15.6257
BLOCK27/SES274/SA274S29	SES120	-2.70686	12.9189	15.6257
BLOCK27/SES274/SA274S29	SES275	-2.20059	13.4252	15.6257
BLOCK27/SES276/SA276S16	SES148	-2.87406	12.0968	14.9709
BLOCK27/SES276/SA276S16	SES172	-2.71791	12.253	14.9709
BLOCK27/SES276/SA276S16	SES180	-3.6457	11.3252	14.9709
BLOCK27/SES276/SA276S16	SES292	-2.46502	12.5058	14.9709
BLOCK27/SES276/SA276S17	SES101	-2.30135	13.2895	15.5909
BLOCK27/SES276/SA276S17	SES177	-2.73918	12.8517	15.5909
BLOCK27/SES276/SA276S17	SES180	-2.38254	13.2083	15.5909
BLOCK27/SES276/SA276S17	SES292	-2.40309	13.1878	15.5909
BLOCK27/SES276/SA276S24	SES101	-2.17255	14.1082	16.2808
BLOCK27/SES276/SA276S24	SES177	-2.27654	14.0042	16.2808
BLOCK27/SES276/SA276S24	SES180	-2.6225	13.6583	16.2808
BLOCK27/SES276/SA276S24	SES292	-3.28745	12.9933	16.2808
BLOCK27/SES276/SA276S26	SES101	-2.67843	13.9269	16.6053
BLOCK27/SES276/SA276S26	SES177	-1.29097	15.3144	16.6053
BLOCK27/SES276/SA276S26	SES180	-1.09904	15.5063	16.6053
BLOCK27/SES276/SA276S26	SES292	-1.1047	15.5006	16.6053
BLOCK27/SES276/SA276S28	SES101	-2.18206	13.7479	15.9299
BLOCK27/SES276/SA276S28	SES177	-2.88434	13.0456	15.9299
BLOCK27/SES276/SA276S28	SES180	-1.3308	14.5991	15.9299
BLOCK27/SES276/SA276S28	SES292	-2.03781	13.8921	15.9299
BLOCK27/SES277/SA277S12	SES101	-2.49293	11.0195	13.5124
BLOCK27/SES277/SA277S12	SES177	-3.41127	10.1011	13.5124
BLOCK27/SES277/SA277S12	SES180	-4.14097	9.37143	13.5124
BLOCK27/SES277/SA277S12	SES292	-4.05849	9.45391	13.5124
BLOCK27/SES277/SA277S14	SES177	-2.27368	10.8854	13.1591
BLOCK27/SES277/SA277S14	SES180	-4.04649	9.11263	13.1591
BLOCK27/SES277/SA277S14	SES189	-1.37896	11.7802	13.1591
BLOCK27/SES277/SA277S14	SES292	-3.99886	9.16027	13.1591
BLOCK27/SES277/SA277S21	SES177	-1.83209	13.0434	14.8755
BLOCK27/SES277/SA277S21	SES180	-3.56652	11.309	14.8755
BLOCK27/SES277/SA277S21	SES189	-1.1782	13.6973	14.8755
BLOCK27/SES277/SA277S21	SES292	-3.64819	11.2274	14.8755
BLOCK27/SES277/SA277S24	SES144	-2.93908	10.0306	12.9697
BLOCK27/SES277/SA277S24	SES177	-2.64842	10.3212	12.9697
BLOCK27/SES277/SA277S24	SES180	-4.59015	8.37951	12.9697
BLOCK27/SES277/SA277S24	SES189	-2.22218	10.7475	12.9697
BLOCK27/SES277/SA277S29	SES177	-2.24722	13.6585	15.9057
BLOCK27/SES277/SA277S29	SES180	-3.25461	12.6511	15.9057
BLOCK27/SES277/SA277S29	SES202	-2.67057	13.2352	15.9057
BLOCK27/SES277/SA277S29	SES292	-3.60876	12.297	15.9057
BLOCK27/SES279/SA279S09	SES120	-3.12022	12.5408	15.6611
BLOCK27/SES279/SA279S09	SES146	-2.88491	12.7761	15.6611
BLOCK27/SES279/SA279S09	SES206	-3.11666	12.5444	15.6611
BLOCK27/SES279/SA279S09	SES226	-4.2543	11.4068	15.6611
BLOCK27/SES279/SA279S10	SES099	-1.64203	14.3514	15.9934
BLOCK27/SES279/SA279S10	SES206	-2.0244	13.969	15.9934
BLOCK27/SES279/SA279S10	SES226	-3.74837	12.245	15.9934
BLOCK27/SES279/SA279S10	SES292	-1.65668	14.3367	15.9934
BLOCK27/SES279/SA279S20	SES099	-3.14674	12.5969	15.7437
BLOCK27/SES279/SA279S20	SES206	-1.61442	14.1292	15.7437
BLOCK27/SES279/SA279S20	SES226	-3.81967	11.924	15.7437
BLOCK27/SES279/SA279S20	SES292	-1.59697	14.1467	15.7437
BLOCK27/SES279/SA279S26	SES099	-2.13018	13.7168	15.847
BLOCK27/SES279/SA279S26	SES206	-1.6908	14.1562	15.847
BLOCK27/SES279/SA279S26	SES226	-3.6092	12.2378	15.847
BLOCK27/SES279/SA279S26	SES292	-1.98756	13.8594	15.847
BLOCK27/SES279/SA279S28	SES099	-2.09528	15.2786	17.3738
BLOCK27/SES279/SA279S28	SES120	-1.9373	15.4365	17.3738
BLOCK27/SES279/SA279S28	SES177	-2.25687	15.117	17.3738
BLOCK27/SES279/SA279S28	SES206	-1.85111	15.5227	17.3738
BLOCK29/SES290/SA290S12	SES162	-1.83942	13.0075	14.8469
BLOCK29/SES290/SA290S12	SES177	-1.71082	13.1361	14.8469
BLOCK29/SES290/SA290S12	SES180	-2.5097	12.3372	14.8469
BLOCK29/SES290/SA290S12	SES292	-2.51781	12.3291	14.8469
BLOCK29/SES290/SA290S13	SES007	-2.27116	12.8243	15.0955
BLOCK29/SES290/SA290S13	SES162	-2.89755	12.198	15.0955
BLOCK29/SES290/SA290S13	SES177	-1.54285	13.5527	15.0955
BLOCK29/SES290/SA290S13	SES180	-2.15154	12.944	15.0955
BLOCK29/SES290/SA290S22	SES177	-1.80189	12.8001	14.6019
BLOCK29/SES290/SA290S22	SES180	-2.37839	12.2236	14.6019
BLOCK29/SES290/SA290S22	SES202	-2.25485	12.3471	14.6019
BLOCK29/SES290/SA290S22	SES292	-2.93123	11.6707	14.6019
BLOCK29/SES290/SA290S25	SES162	-1.76248	13.9255	15.688
BLOCK29/SES290/SA290S25	SES177	-1.89879	13.7892	15.688
BLOCK29/SES290/SA290S25	SES180	-2.24093	13.447	15.688
BLOCK29/SES290/SA290S25	SES292	-2.00297	13.685	15.688
BLOCK29/SES290/SA290S29	SES177	-1.45492	13.3547	14.8097
BLOCK29/SES290/SA290S29	SES180	-1.96602	12.8436	14.8097
BLOCK29/SES290/SA290S29	SES275	-2.24686	12.5628	14.8097
BLOCK29/SES290/SA290S29	SES292	-2.29556	12.5141	14.8097
BLOCK29/SES291/SA291S11	SES105	-3.90666	10.2013	14.108
BLOCK29/SES291/SA291S11	SES125	-2.82551	11.2825	14.108
BLOCK29/SES291/SA291S11	SES158	-2.23158	11.8764	14.108
BLOCK29/SES291/SA291S11	SES275	-3.66605	10.4419	14.108
BLOCK29/SES291/SA291S12	SES158	-0.399108	14.2562	14.6553
BLOCK29/SES291/SA291S12	SES226	-3.6502	11.0051	14.6553
BLOCK29/SES291/SA291S12	SES270	-0.899645	13.7556	14.6553
BLOCK29/SES291/SA291S12	SES275	-5.84317	8.81209	14.6553
BLOCK29/SES291/SA291S22	SES082	-2.88658	12.5565	15.4431
BLOCK29/SES291/SA291S22	SES158	-2.41598	13.0271	15.4431
BLOCK29/SES291/SA291S22	SES259	-3.60226	11.8408	15.4431
BLOCK29/SES291/SA291S22	SES275	-4.62184	10.8213	15.4431
BLOCK29/SES291/SA291S24	SES104	-1.29417	15.1686	16.4627
BLOCK29/SES291/SA291S24	SES125	-2.13309	14.3296	16.4627
BLOCK29/SES291/SA291S24	SES158	-1.37288	15.0898	16.4627
BLOCK29/SES291/SA291S24	SES275	-4.67967	11.7831	16.4627
BLOCK29/SES291/SA291S27	SES158	-0.96103	14.9064	15.8675
BLOCK29/SES291/SA291S27	SES172	-4.97515	10.8923	15.8675
BLOCK29/SES291/SA291S27	SES275	-4.41765	11.4498	15.8675
BLOCK29/SES291/SA291S27	SES292	-3.33786	12.5296	15.8675
Threshold search:
THR	-6.80643083431	9	0(0)	1(1000)
THR	-6.6980876259669	8.991	0(0)	0.999(999)
THR	-6.5897444176238	8.982	0(0)	0.998(998)
THR	-6.4814012092807	8.982	0(0)	0.998(998)
THR	-6.3730580009376	8.973	0(0)	0.997(997)
THR	-6.2647147925945	8.973	0(0)	0.997(997)
THR	-6.1563715842514	8.973	0(0)	0.997(997)
THR	-6.0480283759083	8.973	0(0)	0.997(997)
THR	-5.9396851675652	8.946	0(0)	0.994(994)
THR	-5.8313419592221	8.919	0(0)	0.991(991)
THR	-5.722998750879	8.91	0(0)	0.99(990)
THR	-5.6146555425359	8.901	0(0)	0.989(989)
THR	-5.5063123341928	8.865	0(0)	0.985(985)
THR	-5.3979691258497	8.847	0(0)	0.983(983)
THR	-5.2896259175066	8.838	0(0)	0.982(982)
THR	-5.1812827091635	8.82	0(0)	0.98(980)
THR	-5.0729395008204	8.784	0(0)	0.976(976)
THR	-4.9645962924773	8.757	0(0)	0.973(973)
THR	-4.85625308413421	8.712	0(0)	0.968(968)
THR	-4.74790987579111	8.622	0(0)	0.958(958)
THR	-4.63956666744801	8.523	0(0)	0.947(947)
THR	-4.53122345910491	8.424	0(0)	0.936(936)
THR	-4.42288025076181	8.334	0(0)	0.926(926)
THR	-4.31453704241871	8.28	0(0)	0.92(920)
THR	-4.20619383407561	8.109	0(0)	0.901(901)
THR	-4.09785062573251	7.956	0(0)	0.884(884)
THR	-3.98950741738941	7.785	0(0)	0.865(865)
THR	-3.88116420904631	7.614	0(0)	0.846(846)
THR	-3.77282100070321	7.362	0(0)	0.818(818)
THR	-3.66447779236011	7.101	0(0)	0.789(789)
THR	-3.55613458401701	6.813	0(0)	0.757(757)
THR	-3.44779137567391	6.453	0(0)	0.717(717)
THR	-3.33944816733081	6.246	0(0)	0.694(694)
THR	-3.23110495898771	5.976	0(0)	0.664(664)
THR	-3.12276175064461	5.706	0(0)	0.634(634)
THR	-3.01441854230151	5.4	0(0)	0.6(600)
THR	-2.9060753339584	5.013	0(0)	0.557(557)
THR	-2.7977321256153	4.617	0(0)	0.513(513)
THR	-2.6893889172722	4.113	0(0)	0.457(457)
THR	-2.5810457089291	3.618	0(0)	0.402(402)
THR	-2.472702500586	3.204	0(0)	0.356(356)
THR	-2.3643592922429	2.772	0(0)	0.308(308)
THR	-2.2560160838998	2.376	0(0)	0.264(264)
THR	-2.1476728755567	2.079	0(0)	0.231(231)
THR	-2.0393296672136	1.809	0(0)	0.201(201)
THR	-1.9309864588705	1.485	0(0)	0.165(165)
THR	-1.8226432505274	1.206	0(0)	0.134(134)
THR	-1.7143000421843	1.026	0(0)	0.114(114)
THR	-1.6059568338412	0.711	0(0)	0.079(79)
THR	-1.4976136254981	0.58	0.004(1)	0.064(64)
THR	-1.389270417155	0.454	0.004(1)	0.05(50)
THR	-1.2809272088119	0.337	0.004(1)	0.037(37)
THR	-1.1725840004688	0.202	0.004(1)	0.022(22)
THR	-1.0642407921257	0.103	0.004(1)	0.011(11)
THR	-0.955897583782604	0.049	0.004(1)	0.005(5)
THR	-0.847554375439504	0.026	0.008(2)	0.002(2)
THR	-0.739211167096404	0.038	0.02(5)	0.002(2)
THR	-0.630867958753304	0.054	0.036(9)	0.002(2)
THR	-0.522524750410204	0.07	0.052(13)	0.002(2)
THR	-0.414181542067104	0.078	0.06(15)	0.002(2)
THR	-0.305838333724004	0.068	0.068(17)	0(0)
THR	-0.197495125380904	0.088	0.088(22)	0(0)
THR	-0.0891519170378039	0.12	0.12(30)	0(0)
THR	0.0191912913052961	0.14	0.14(35)	0(0)
THR	0.127534499648396	0.168	0.168(42)	0(0)
THR	0.235877707991496	0.196	0.196(49)	0(0)
THR	0.344220916334596	0.232	0.232(58)	0(0)
THR	0.452564124677696	0.296	0.296(74)	0(0)
THR	0.560907333020796	0.34	0.34(85)	0(0)
THR	0.669250541363896	0.372	0.372(93)	0(0)
THR	0.777593749706996	0.424	0.424(106)	0(0)
THR	0.885936958050096	0.464	0.464(116)	0(0)
THR	0.994280166393196	0.508	0.508(127)	0(0)
THR	1.1026233747363	0.588	0.588(147)	0(0)
THR	1.2109665830794	0.632	0.632(158)	0(0)
THR	1.3193097914225	0.676	0.676(169)	0(0)
THR	1.4276529997656	0.708	0.708(177)	0(0)
THR	1.5359962081087	0.748	0.748(187)	0(0)
THR	1.6443394164518	0.808	0.808(202)	0(0)
THR	1.7526826247949	0.836	0.836(209)	0(0)
THR	1.861025833138	0.872	0.872(218)	0(0)
THR	1.9693690414811	0.896	0.896(224)	0(0)
THR	2.0777122498242	0.916	0.916(229)	0(0)
THR	2.1860554581673	0.944	0.944(236)	0(0)
THR	2.2943986665104	0.956	0.956(239)	0(0)
THR	2.4027418748535	0.956	0.956(239)	0(0)
THR	2.5110850831966	0.964	0.964(241)	0(0)
THR	2.6194282915397	0.972	0.972(243)	0(0)
THR	2.7277714998828	0.976	0.976(244)	0(0)
THR	2.8361147082259	0.98	0.98(245)	0(0)
THR	2.944457916569	0.98	0.98(245)	0(0)
THR	3.0528011249121	0.98	0.98(245)	0(0)
THR	3.1611443332552	0.984	0.984(246)	0(0)
THR	3.2694875415983	0.984	0.984(246)	0(0)
THR	3.3778307499414	0.992	0.992(248)	0(0)
THR	3.4861739582845	0.992	0.992(248)	0(0)
THR	3.5945171666276	0.992	0.992(248)	0(0)
THR	3.7028603749707	0.992	0.992(248)	0(0)
THR	3.8112035833138	0.996	0.996(249)	0(0)
THR	3.9195467916569	0.996	0.996(249)	0(0)
THR	4.02789	0.996	0.996(249)	0(0)
THR	4.1362332083431	1	1(250)	0(0)


==============================================
THR: -0.847554375439504
Missed:     2/250=0.0080
FalseAlarm: 2/1000=0.0020
----------------------------------------------
==> CostDetection: 2.6
==============================================
