BLOCK00/SES002/SA002S12	SES002	0.548065	-38.0394	-38.5875
BLOCK00/SES002/SA002S13	SES002	1.18979	-37.5397	-38.7294
BLOCK00/SES002/SA002S23	SES002	1.02676	-37.2464	-38.2732
BLOCK00/SES002/SA002S26	SES002	1.1424	-37.6963	-38.8387
BLOCK00/SES002/SA002S28	SES002	0.621159	-37.4529	-38.074
BLOCK00/SES007/SA007S14	SES007	1.02262	-37.0278	-38.0504
BLOCK00/SES007/SA007S15	SES007	0.436069	-37.9761	-38.4121
BLOCK00/SES007/SA007S24	SES007	0.553558	-37.694	-38.2475
BLOCK00/SES007/SA007S27	SES007	0.517765	-38.2896	-38.8074
BLOCK00/SES007/SA007S29	SES007	0.231403	-37.3948	-37.6262
BLOCK00/SES008/SA008S11	SES008	0.829128	-37.9223	-38.7514
BLOCK00/SES008/SA008S12	SES008	0.30563	-38.6249	-38.9305
BLOCK00/SES008/SA008S19	SES008	1.01886	-37.3	-38.3188
BLOCK00/SES008/SA008S22	SES008	0.853676	-38.2807	-39.1344
BLOCK00/SES008/SA008S29	SES008	1.19146	-37.2542	-38.4457
BLOCK01/SES014/SA014S10	SES014	1.03619	-37.1901	-38.2263
BLOCK01/SES014/SA014S12	SES014	1.56925	-36.0382	-37.6074
BLOCK01/SES014/SA014S24	SES014	0.557983	-37.5777	-38.1357
BLOCK01/SES014/SA014S26	SES014	1.42611	-35.678	-37.1041
BLOCK01/SES014/SA014S28	SES014	1.69291	-35.6401	-37.333
BLOCK01/SES016/SA016S12	SES016	1.21561	-38.4712	-39.6868
BLOCK01/SES016/SA016S13	SES016	1.02618	-37.7897	-38.8158
BLOCK01/SES016/SA016S22	SES016	0.799725	-37.9431	-38.7429
BLOCK01/SES016/SA016S25	SES016	1.02729	-36.7266	-37.7539
BLOCK01/SES016/SA016S27	SES016	1.28496	-36.5401	-37.8251
BLOCK01/SES019/SA019S13	SES019	2.31018	-37.9114	-40.2216
BLOCK01/SES019/SA019S14	SES019	1.51828	-37.9292	-39.4474
BLOCK01/SES019/SA019S22	SES019	1.85562	-37.8352	-39.6908
BLOCK01/SES019/SA019S25	SES019	1.60017	-38.2472	-39.8474
BLOCK01/SES019/SA019S29	SES019	2.49149	-38.1433	-40.6347
BLOCK02/SES029/SA029S11	SES029	0.914402	-37.4691	-38.3835
BLOCK02/SES029/SA029S12	SES029	0.467831	-37.4577	-37.9255
BLOCK02/SES029/SA029S20	SES029	0.409161	-38.6064	-39.0155
BLOCK02/SES029/SA029S25	SES029	0.26424	-37.8889	-38.1531
BLOCK02/SES029/SA029S28	SES029	0.352314	-38.077	-38.4293
BLOCK04/SES042/SA042S12	SES042	1.66311	-36.5132	-38.1763
BLOCK04/SES042/SA042S15	SES042	1.55644	-36.9595	-38.516
BLOCK04/SES042/SA042S22	SES042	2.07049	-35.7573	-37.8278
BLOCK04/SES042/SA042S25	SES042	1.32804	-37.7122	-39.0403
BLOCK04/SES042/SA042S27	SES042	1.41019	-36.5632	-37.9734
BLOCK04/SES048/SA048S11	SES048	0.874851	-37.2307	-38.1055
BLOCK04/SES048/SA048S12	SES048	0.40826	-37.6236	-38.0319
BLOCK04/SES048/SA048S20	SES048	0.401939	-37.3554	-37.7573
BLOCK04/SES048/SA048S23	SES048	1.03736	-37.206	-38.2433
BLOCK04/SES048/SA048S27	SES048	0.575928	-37.1735	-37.7494
BLOCK06/SES060/SA060S11	SES060	1.09513	-37.1895	-38.2846
BLOCK06/SES060/SA060S12	SES060	0.0911789	-38.2565	-38.3476
BLOCK06/SES060/SA060S22	SES060	-0.0654373	-38.8705	-38.8051
BLOCK06/SES060/SA060S24	SES060	0.805119	-37.1798	-37.9849
BLOCK06/SES060/SA060S28	SES060	1.06277	-35.9574	-37.0202
BLOCK06/SES062/SA062S10	SES062	0.252514	-37.8022	-38.0548
BLOCK06/SES062/SA062S11	SES062	1.06279	-36.9679	-38.0307
BLOCK06/SES062/SA062S21	SES062	1.19696	-35.4617	-36.6587
BLOCK06/SES062/SA062S26	SES062	0.581444	-36.6886	-37.27
BLOCK06/SES062/SA062S29	SES062	0.863014	-36.5463	-37.4093
BLOCK06/SES068/SA068S14	SES068	0.281345	-37.8754	-38.1568
BLOCK06/SES068/SA068S15	SES068	0.571278	-37.1377	-37.709
BLOCK06/SES068/SA068S23	SES068	0.721474	-37.8319	-38.5534
BLOCK06/SES068/SA068S27	SES068	1.11876	-36.7491	-37.8679
BLOCK06/SES068/SA068S29	SES068	0.599491	-37.313	-37.9125
BLOCK08/SES082/SA082S12	SES082	0.244518	-38.8183	-39.0628
BLOCK08/SES082/SA082S14	SES082	0.422703	-38.6344	-39.0571
BLOCK08/SES082/SA082S21	SES082	0.313431	-38.2746	-38.5881
BLOCK08/SES082/SA082S24	SES082	0.161015	-38.3878	-38.5488
BLOCK08/SES082/SA082S28	SES082	0.224243	-38.5535	-38.7777
BLOCK08/SES083/SA083S14	SES083	-0.0474358	-37.8118	-37.7644
BLOCK08/SES083/SA083S15	SES083	0.397495	-37.6688	-38.0663
BLOCK08/SES083/SA083S24	SES083	0.25423	-37.8448	-38.099
BLOCK08/SES083/SA083S26	SES083	0.613956	-37.7185	-38.3325
BLOCK08/SES083/SA083S29	SES083	0.00670624	-37.7319	-37.7386
BLOCK08/SES085/SA085S10	SES085	0.2724	-37.7346	-38.007
BLOCK08/SES085/SA085S13	SES085	0.32539	-38.4001	-38.7254
BLOCK08/SES085/SA085S22	SES085	-0.104694	-38.2829	-38.1782
BLOCK08/SES085/SA085S26	SES085	0.221874	-37.7176	-37.9395
BLOCK08/SES085/SA085S28	SES085	0.464046	-37.8583	-38.3224
BLOCK08/SES087/SA087S15	SES087	0.974201	-37.9176	-38.8918
BLOCK08/SES087/SA087S16	SES087	0.788986	-37.963	-38.752
BLOCK08/SES087/SA087S24	SES087	0.894711	-37.7624	-38.6572
BLOCK08/SES087/SA087S26	SES087	0.759388	-36.8307	-37.5901
BLOCK08/SES087/SA087S29	SES087	0.988934	-37.8035	-38.7924
BLOCK09/SES099/SA099S15	SES099	0.671082	-38.4086	-39.0797
BLOCK09/SES099/SA099S16	SES099	0.738579	-38.0591	-38.7977
BLOCK09/SES099/SA099S24	SES099	0.717266	-37.7538	-38.471
BLOCK09/SES099/SA099S26	SES099	0.987007	-37.6867	-38.6737
BLOCK09/SES099/SA099S29	SES099	0.812809	-37.9662	-38.779
BLOCK10/SES101/SA101S11	SES101	0.353855	-37.5104	-37.8643
BLOCK10/SES101/SA101S13	SES101	0.734722	-36.9559	-37.6907
BLOCK10/SES101/SA101S22	SES101	0.74469	-37.873	-38.6177
BLOCK10/SES101/SA101S24	SES101	0.8293	-37.1906	-38.0199
BLOCK10/SES101/SA101S28	SES101	0.258965	-38.1708	-38.4298
BLOCK10/SES104/SA104S11	SES104	0.929279	-36.8329	-37.7622
BLOCK10/SES104/SA104S12	SES104	0.97607	-36.7294	-37.7054
BLOCK10/SES104/SA104S21	SES104	0.676792	-37.605	-38.2818
BLOCK10/SES104/SA104S24	SES104	0.722065	-37.7269	-38.4489
BLOCK10/SES104/SA104S28	SES104	0.831631	-37.4113	-38.2429
BLOCK10/SES105/SA105S12	SES105	0.53606	-38.5531	-39.0891
BLOCK10/SES105/SA105S13	SES105	0.639076	-38.2507	-38.8898
BLOCK10/SES105/SA105S22	SES105	0.190632	-39.0422	-39.2328
BLOCK10/SES105/SA105S26	SES105	1.0043	-37.9869	-38.9912
BLOCK10/SES105/SA105S29	SES105	0.582832	-38.1794	-38.7622
BLOCK10/SES106/SA106S09	SES106	0.878185	-38.4828	-39.361
BLOCK10/SES106/SA106S11	SES106	0.757668	-37.3692	-38.1269
BLOCK10/SES106/SA106S22	SES106	1.67136	-37.8002	-39.4716
BLOCK10/SES106/SA106S27	SES106	0.760944	-37.6274	-38.3884
BLOCK10/SES106/SA106S29	SES106	0.512108	-37.7555	-38.2676
BLOCK11/SES117/SA117S12	SES117	0.576344	-38.0517	-38.6281
BLOCK11/SES117/SA117S13	SES117	0.536701	-37.7637	-38.3004
BLOCK11/SES117/SA117S23	SES117	1.24921	-38.3883	-39.6375
BLOCK11/SES117/SA117S25	SES117	0.715858	-38.5862	-39.3021
BLOCK11/SES117/SA117S28	SES117	1.02397	-38.3504	-39.3744
BLOCK12/SES120/SA120S08	SES120	0.824356	-38.5954	-39.4198
BLOCK12/SES120/SA120S11	SES120	0.694321	-39.5999	-40.2943
BLOCK12/SES120/SA120S22	SES120	0.328106	-37.9946	-38.3227
BLOCK12/SES120/SA120S24	SES120	0.618294	-37.9306	-38.5489
BLOCK12/SES120/SA120S28	SES120	0.147373	-39.6566	-39.8039
BLOCK12/SES125/SA125S13	SES125	1.32579	-36.7302	-38.056
BLOCK12/SES125/SA125S14	SES125	0.756454	-37.6921	-38.4486
BLOCK12/SES125/SA125S25	SES125	1.46555	-37.0416	-38.5071
BLOCK12/SES125/SA125S27	SES125	1.44346	-36.3209	-37.7644
BLOCK12/SES125/SA125S29	SES125	1.06958	-37.0048	-38.0744
BLOCK12/SES127/SA127S11	SES127	0.824547	-37.9091	-38.7337
BLOCK12/SES127/SA127S12	SES127	-0.190964	-38.1816	-37.9906
BLOCK12/SES127/SA127S23	SES127	0.433342	-37.7588	-38.1921
BLOCK12/SES127/SA127S25	SES127	-0.242596	-38.2838	-38.0412
BLOCK12/SES127/SA127S27	SES127	0.625061	-37.3663	-37.9914
BLOCK12/SES129/SA129S11	SES129	1.00857	-36.8674	-37.8759
BLOCK12/SES129/SA129S12	SES129	0.972443	-36.6414	-37.6139
BLOCK12/SES129/SA129S22	SES129	0.685978	-37.2883	-37.9742
BLOCK12/SES129/SA129S27	SES129	0.754208	-37.1887	-37.9429
BLOCK12/SES129/SA129S29	SES129	0.95245	-36.8061	-37.7586
BLOCK14/SES142/SA142S11	SES142	1.20543	-37.8339	-39.0393
BLOCK14/SES142/SA142S12	SES142	0.867405	-37.9356	-38.803
BLOCK14/SES142/SA142S24	SES142	1.23688	-37.7473	-38.9842
BLOCK14/SES142/SA142S27	SES142	1.17682	-37.5942	-38.771
BLOCK14/SES142/SA142S29	SES142	1.3568	-37.1162	-38.473
BLOCK14/SES143/SA143S12	SES143	0.713333	-38.0585	-38.7719
BLOCK14/SES143/SA143S13	SES143	0.749012	-38.0837	-38.8327
BLOCK14/SES143/SA143S23	SES143	0.565884	-38.5194	-39.0853
BLOCK14/SES143/SA143S25	SES143	0.572838	-38.3132	-38.886
BLOCK14/SES143/SA143S28	SES143	0.734402	-37.6984	-38.4328
BLOCK14/SES144/SA144S09	SES144	0.617374	-38.0271	-38.6445
BLOCK14/SES144/SA144S11	SES144	0.57172	-38.8046	-39.3763
BLOCK14/SES144/SA144S21	SES144	0.00514603	-38.8957	-38.9008
BLOCK14/SES144/SA144S25	SES144	0.462494	-38.5725	-39.035
BLOCK14/SES144/SA144S29	SES144	0.0112534	-38.5183	-38.5295
BLOCK14/SES146/SA146S14	SES146	0.509014	-38.6233	-39.1323
BLOCK14/SES146/SA146S15	SES146	0.174217	-38.3626	-38.5368
BLOCK14/SES146/SA146S24	SES146	0.485291	-38.3415	-38.8268
BLOCK14/SES146/SA146S26	SES146	0.961231	-38.4083	-39.3695
BLOCK14/SES146/SA146S29	SES146	0.442871	-38.8032	-39.2461
BLOCK14/SES147/SA147S11	SES147	1.11148	-37.8809	-38.9923
BLOCK14/SES147/SA147S13	SES147	0.732395	-37.3099	-38.0423
BLOCK14/SES147/SA147S23	SES147	0.485828	-38.1175	-38.6033
BLOCK14/SES147/SA147S26	SES147	0.621399	-38.0089	-38.6303
BLOCK14/SES147/SA147S28	SES147	1.14228	-37.2018	-38.344
BLOCK14/SES148/SA148S10	SES148	0.823845	-37.5217	-38.3456
BLOCK14/SES148/SA148S12	SES148	0.361816	-38.4473	-38.8091
BLOCK14/SES148/SA148S22	SES148	0.871197	-37.1572	-38.0284
BLOCK14/SES148/SA148S26	SES148	0.497154	-37.9717	-38.4688
BLOCK14/SES148/SA148S29	SES148	0.259007	-38.4617	-38.7207
BLOCK14/SES149/SA149S13	SES149	-0.0521202	-38.5001	-38.448
BLOCK14/SES149/SA149S14	SES149	0.198101	-37.7358	-37.9339
BLOCK14/SES149/SA149S24	SES149	1.01949	-37.362	-38.3815
BLOCK14/SES149/SA149S26	SES149	1.24054	-37.0158	-38.2564
BLOCK14/SES149/SA149S28	SES149	1.27837	-36.3195	-37.5979
BLOCK15/SES158/SA158S13	SES158	0.441059	-38.6059	-39.047
BLOCK15/SES158/SA158S14	SES158	1.17165	-38.1429	-39.3145
BLOCK15/SES158/SA158S23	SES158	0.587097	-38.0832	-38.6703
BLOCK15/SES158/SA158S26	SES158	1.1785	-37.9359	-39.1144
BLOCK15/SES158/SA158S28	SES158	0.440907	-38.3981	-38.839
BLOCK16/SES162/SA162S10	SES162	0.600468	-39.1138	-39.7142
BLOCK16/SES162/SA162S11	SES162	0.603764	-38.1776	-38.7814
BLOCK16/SES162/SA162S21	SES162	1.34131	-37.796	-39.1373
BLOCK16/SES162/SA162S24	SES162	0.780876	-38.2034	-38.9843
BLOCK16/SES162/SA162S27	SES162	1.14028	-38.3936	-39.5338
BLOCK16/SES167/SA167S14	SES167	0.893005	-36.8903	-37.7833
BLOCK16/SES167/SA167S15	SES167	1.1504	-37.5325	-38.6829
BLOCK16/SES167/SA167S21	SES167	1.23824	-36.8017	-38.04
BLOCK16/SES167/SA167S25	SES167	1.40779	-37.5136	-38.9214
BLOCK16/SES167/SA167S29	SES167	1.7598	-36.2842	-38.044
BLOCK17/SES172/SA172S12	SES172	0.824562	-38.2964	-39.121
BLOCK17/SES172/SA172S13	SES172	1.29938	-38.0615	-39.3609
BLOCK17/SES172/SA172S23	SES172	0.792316	-36.8075	-37.5998
BLOCK17/SES172/SA172S27	SES172	0.641106	-37.8711	-38.5122
BLOCK17/SES172/SA172S29	SES172	1.02184	-37.7343	-38.7561
BLOCK17/SES175/SA175S11	SES175	0.617146	-37.7657	-38.3829
BLOCK17/SES175/SA175S13	SES175	0.713707	-37.7147	-38.4285
BLOCK17/SES175/SA175S23	SES175	0.904175	-37.951	-38.8552
BLOCK17/SES175/SA175S25	SES175	0.50853	-38.6803	-39.1888
BLOCK17/SES175/SA175S28	SES175	0.632999	-37.6729	-38.3059
BLOCK17/SES177/SA177S15	SES177	0.152534	-38.2728	-38.4254
BLOCK17/SES177/SA177S17	SES177	0.174526	-38.154	-38.3285
BLOCK17/SES177/SA177S23	SES177	0.100628	-38.4187	-38.5193
BLOCK17/SES177/SA177S26	SES177	0.761154	-36.5407	-37.3018
BLOCK17/SES177/SA177S28	SES177	0.461075	-37.6882	-38.1493
BLOCK18/SES180/SA180S13	SES180	0.308449	-38.2159	-38.5244
BLOCK18/SES180/SA180S15	SES180	0.453381	-38.3638	-38.8172
BLOCK18/SES180/SA180S24	SES180	0.6758	-37.1208	-37.7966
BLOCK18/SES180/SA180S26	SES180	0.955524	-37.5808	-38.5363
BLOCK18/SES180/SA180S29	SES180	0.646366	-38.1334	-38.7797
BLOCK18/SES183/SA183S13	SES183	0.880917	-38.1578	-39.0388
BLOCK18/SES183/SA183S14	SES183	0.451694	-38.4678	-38.9195
BLOCK18/SES183/SA183S24	SES183	0.936737	-38.5095	-39.4463
BLOCK18/SES183/SA183S27	SES183	0.896797	-38.0825	-38.9793
BLOCK18/SES183/SA183S29	SES183	0.77903	-38.0141	-38.7931
BLOCK18/SES187/SA187S13	SES187	0.49522	-38.6044	-39.0997
BLOCK18/SES187/SA187S14	SES187	0.519726	-38.5735	-39.0932
BLOCK18/SES187/SA187S24	SES187	0.602364	-38.0517	-38.6541
BLOCK18/SES187/SA187S27	SES187	1.15554	-37.8511	-39.0067
BLOCK18/SES187/SA187S29	SES187	0.535484	-38.5323	-39.0678
BLOCK18/SES189/SA189S10	SES189	1.33972	-39.1473	-40.4871
BLOCK18/SES189/SA189S13	SES189	1.39428	-39.7575	-41.1517
BLOCK18/SES189/SA189S24	SES189	1.46701	-38.8734	-40.3404
BLOCK18/SES189/SA189S26	SES189	0.867897	-38.4958	-39.3637
BLOCK18/SES189/SA189S29	SES189	1.49812	-38.6571	-40.1552
BLOCK20/SES202/SA202S12	SES202	0.558376	-38.8523	-39.4107
BLOCK20/SES202/SA202S14	SES202	1.62657	-37.5069	-39.1335
BLOCK20/SES202/SA202S24	SES202	1.25488	-37.8545	-39.1094
BLOCK20/SES202/SA202S27	SES202	0.955437	-37.1146	-38.0701
BLOCK20/SES202/SA202S29	SES202	1.30674	-36.9354	-38.2421
BLOCK20/SES206/SA206S15	SES206	0.161037	-37.6538	-37.8148
BLOCK20/SES206/SA206S17	SES206	0.975212	-36.9107	-37.8859
BLOCK20/SES206/SA206S24	SES206	0.953701	-36.6607	-37.6144
BLOCK20/SES206/SA206S27	SES206	0.827858	-37.6443	-38.4721
BLOCK20/SES206/SA206S29	SES206	0.763496	-36.5948	-37.3583
BLOCK22/SES226/SA226S12	SES226	0.628815	-38.1684	-38.7972
BLOCK22/SES226/SA226S13	SES226	-0.167973	-39.1426	-38.9747
BLOCK22/SES226/SA226S20	SES226	0.650673	-38.6345	-39.2852
BLOCK22/SES226/SA226S23	SES226	0.852459	-37.9369	-38.7894
BLOCK22/SES226/SA226S28	SES226	1.01359	-37.6	-38.6136
BLOCK25/SES259/SA259S13	SES259	2.08501	-36.7258	-38.8108
BLOCK25/SES259/SA259S14	SES259	1.05577	-37.2937	-38.3495
BLOCK25/SES259/SA259S22	SES259	0.93856	-37.2907	-38.2292
BLOCK25/SES259/SA259S24	SES259	1.3842	-36.562	-37.9462
BLOCK25/SES259/SA259S28	SES259	1.08147	-37.0876	-38.1691
BLOCK27/SES270/SA270S14	SES270	1.65472	-38.5427	-40.1974
BLOCK27/SES270/SA270S16	SES270	0.366085	-38.6447	-39.0108
BLOCK27/SES270/SA270S22	SES270	1.67275	-38.041	-39.7138
BLOCK27/SES270/SA270S26	SES270	0.553497	-39.3413	-39.8948
BLOCK27/SES270/SA270S28	SES270	0.580563	-38.2215	-38.8021
BLOCK27/SES275/SA275S17	SES275	0.947227	-38.2836	-39.2308
BLOCK27/SES275/SA275S18	SES275	0.187714	-38.1816	-38.3693
BLOCK27/SES275/SA275S24	SES275	0.423729	-39.3354	-39.7591
BLOCK27/SES275/SA275S26	SES275	0.666443	-37.9264	-38.5929
BLOCK27/SES275/SA275S28	SES275	0.429623	-37.9633	-38.3929
BLOCK29/SES292/SA292S10	SES292	-0.144447	-38.7199	-38.5755
BLOCK29/SES292/SA292S12	SES292	-0.0306435	-39.078	-39.0474
BLOCK29/SES292/SA292S22	SES292	0.480186	-37.9255	-38.4057
BLOCK29/SES292/SA292S24	SES292	0.407509	-37.7631	-38.1706
BLOCK29/SES292/SA292S27	SES292	0.12064	-37.7898	-37.9104
BLOCK00/SES001/SA001S14	SES062	-1.78909	-40.0757	-38.2866
BLOCK00/SES001/SA001S14	SES082	-1.87946	-40.1661	-38.2866
BLOCK00/SES001/SA001S14	SES106	-1.27932	-39.5659	-38.2866
BLOCK00/SES001/SA001S14	SES206	-1.32823	-39.6148	-38.2866
BLOCK00/SES001/SA001S15	SES062	-1.43621	-39.3069	-37.8707
BLOCK00/SES001/SA001S15	SES104	-1.89213	-39.7628	-37.8707
BLOCK00/SES001/SA001S15	SES106	-1.50559	-39.3763	-37.8707
BLOCK00/SES001/SA001S15	SES206	-0.835297	-38.706	-37.8707
BLOCK00/SES001/SA001S24	SES062	-1.90195	-40.6084	-38.7065
BLOCK00/SES001/SA001S24	SES082	-1.68106	-40.3876	-38.7065
BLOCK00/SES001/SA001S24	SES087	-1.41506	-40.1216	-38.7065
BLOCK00/SES001/SA001S24	SES206	-0.801296	-39.5078	-38.7065
BLOCK00/SES001/SA001S27	SES062	-1.60089	-39.4603	-37.8594
BLOCK00/SES001/SA001S27	SES082	-1.85858	-39.7179	-37.8594
BLOCK00/SES001/SA001S27	SES087	-1.79389	-39.6533	-37.8594
BLOCK00/SES001/SA001S27	SES206	-1.67673	-39.5361	-37.8594
BLOCK00/SES001/SA001S29	SES062	-2.27816	-40.6971	-38.419
BLOCK00/SES001/SA001S29	SES082	-1.00856	-39.4275	-38.419
BLOCK00/SES001/SA001S29	SES158	-1.00937	-39.4284	-38.419
BLOCK00/SES001/SA001S29	SES206	-1.5587	-39.9777	-38.419
BLOCK00/SES003/SA003S11	SES002	-0.789394	-39.2661	-38.4767
BLOCK00/SES003/SA003S11	SES019	-1.08367	-39.5604	-38.4767
BLOCK00/SES003/SA003S11	SES082	-0.658081	-39.1348	-38.4767
BLOCK00/SES003/SA003S11	SES125	-0.794369	-39.2711	-38.4767
BLOCK00/SES003/SA003S15	SES016	-1.47483	-39.3718	-37.897
BLOCK00/SES003/SA003S15	SES019	-1.7014	-39.5984	-37.897
BLOCK00/SES003/SA003S15	SES062	-1.54446	-39.4414	-37.897
BLOCK00/SES003/SA003S15	SES206	-0.871563	-38.7685	-37.897
BLOCK00/SES003/SA003S22	SES002	-1.3263	-39.1748	-37.8485
BLOCK00/SES003/SA003S22	SES062	-0.764832	-38.6133	-37.8485
BLOCK00/SES003/SA003S22	SES082	-1.1637	-39.0121	-37.8485
BLOCK00/SES003/SA003S22	SES087	-1.48052	-39.329	-37.8485
BLOCK00/SES003/SA003S25	SES062	-1.7234	-40.0249	-38.3015
BLOCK00/SES003/SA003S25	SES082	-0.794643	-39.0961	-38.3015
BLOCK00/SES003/SA003S25	SES087	-1.07646	-39.3779	-38.3015
BLOCK00/SES003/SA003S25	SES206	-0.866051	-39.1675	-38.3015
BLOCK00/SES003/SA003S29	SES002	-1.48656	-40.0041	-38.5175
BLOCK00/SES003/SA003S29	SES062	-1.98992	-40.5074	-38.5175
BLOCK00/SES003/SA003S29	SES082	-0.825378	-39.3429	-38.5175
BLOCK00/SES003/SA003S29	SES087	-1.82868	-40.3462	-38.5175
BLOCK00/SES004/SA004S12	SES083	-1.82636	-40.3195	-38.4932
BLOCK00/SES004/SA004S12	SES148	-1.75835	-40.2515	-38.4932
BLOCK00/SES004/SA004S12	SES172	-0.560291	-39.0535	-38.4932
BLOCK00/SES004/SA004S12	SES292	-1.55939	-40.0526	-38.4932
BLOCK00/SES004/SA004S17	SES083	-1.79705	-40.5478	-38.7507
BLOCK00/SES004/SA004S17	SES162	-0.575729	-39.3265	-38.7507
BLOCK00/SES004/SA004S17	SES172	-1.06223	-39.813	-38.7507
BLOCK00/SES004/SA004S17	SES292	-1.49617	-40.2469	-38.7507
BLOCK00/SES004/SA004S24	SES083	-1.68298	-40.0238	-38.3409
BLOCK00/SES004/SA004S24	SES148	-1.65722	-39.9981	-38.3409
BLOCK00/SES004/SA004S24	SES172	-0.515678	-38.8565	-38.3409
BLOCK00/SES004/SA004S24	SES292	-1.16468	-39.5055	-38.3409
BLOCK00/SES004/SA004S26	SES083	-1.28975	-39.6703	-38.3805
BLOCK00/SES004/SA004S26	SES127	-0.99577	-39.3763	-38.3805
BLOCK00/SES004/SA004S26	SES148	-2.11265	-40.4932	-38.3805
BLOCK00/SES004/SA004S26	SES292	-1.41481	-39.7953	-38.3805
BLOCK00/SES004/SA004S28	SES083	-1.29552	-39.0652	-37.7696
BLOCK00/SES004/SA004S28	SES127	-0.746105	-38.5157	-37.7696
BLOCK00/SES004/SA004S28	SES187	-0.41291	-38.1825	-37.7696
BLOCK00/SES004/SA004S28	SES292	-1.49111	-39.2607	-37.7696
BLOCK00/SES006/SA006S10	SES014	-2.7699	-43.0384	-40.2685
BLOCK00/SES006/SA006S10	SES158	-0.988049	-41.2566	-40.2685
BLOCK00/SES006/SA006S10	SES226	-3.93195	-44.2005	-40.2685
BLOCK00/SES006/SA006S10	SES270	-0.480782	-40.7493	-40.2685
BLOCK00/SES006/SA006S11	SES158	-0.992069	-41.2964	-40.3044
BLOCK00/SES006/SA006S11	SES226	-2.94078	-43.2451	-40.3044
BLOCK00/SES006/SA006S11	SES270	-0.457447	-40.7618	-40.3044
BLOCK00/SES006/SA006S11	SES275	-2.22552	-42.5299	-40.3044
BLOCK00/SES006/SA006S23	SES062	-1.49631	-40.8225	-39.3262
BLOCK00/SES006/SA006S23	SES105	-2.26431	-41.5905	-39.3262
BLOCK00/SES006/SA006S23	SES158	-0.600704	-39.9269	-39.3262
BLOCK00/SES006/SA006S23	SES275	-1.80185	-41.128	-39.3262
BLOCK00/SES006/SA006S26	SES104	-2.2594	-41.4067	-39.1473
BLOCK00/SES006/SA006S26	SES158	-0.645313	-39.7926	-39.1473
BLOCK00/SES006/SA006S26	SES270	0.0166626	-39.1306	-39.1473
BLOCK00/SES006/SA006S26	SES275	-2.40221	-41.5495	-39.1473
BLOCK00/SES006/SA006S28	SES007	-1.76166	-41.8653	-40.1036
BLOCK00/SES006/SA006S28	SES105	-1.9638	-42.0674	-40.1036
BLOCK00/SES006/SA006S28	SES158	-1.37692	-41.4805	-40.1036
BLOCK00/SES006/SA006S28	SES275	-2.12641	-42.23	-40.1036
BLOCK00/SES009/SA009S12	SES083	-2.23521	-40.4138	-38.1786
BLOCK00/SES009/SA009S12	SES148	-1.57785	-39.7564	-38.1786
BLOCK00/SES009/SA009S12	SES177	-1.239	-39.4176	-38.1786
BLOCK00/SES009/SA009S12	SES292	-1.19785	-39.3764	-38.1786
BLOCK00/SES009/SA009S15	SES007	-0.22073	-37.7592	-37.5385
BLOCK00/SES009/SA009S15	SES099	-2.44002	-39.9785	-37.5385
BLOCK00/SES009/SA009S15	SES148	-1.36414	-38.9026	-37.5385
BLOCK00/SES009/SA009S15	SES172	-1.02171	-38.5602	-37.5385
BLOCK00/SES009/SA009S24	SES146	-0.863674	-38.6786	-37.8149
BLOCK00/SES009/SA009S24	SES148	-1.57175	-39.3866	-37.8149
BLOCK00/SES009/SA009S24	SES177	-0.596516	-38.4114	-37.8149
BLOCK00/SES009/SA009S24	SES292	-1.09459	-38.9095	-37.8149
BLOCK00/SES009/SA009S26	SES083	-2.13084	-40.4257	-38.2948
BLOCK00/SES009/SA009S26	SES101	-1.72467	-40.0195	-38.2948
BLOCK00/SES009/SA009S26	SES120	-0.927929	-39.2228	-38.2948
BLOCK00/SES009/SA009S26	SES177	-0.9529	-39.2477	-38.2948
BLOCK00/SES009/SA009S29	SES083	-1.40208	-39.2209	-37.8188
BLOCK00/SES009/SA009S29	SES101	-1.1142	-38.933	-37.8188
BLOCK00/SES009/SA009S29	SES177	-0.769527	-38.5883	-37.8188
BLOCK00/SES009/SA009S29	SES292	-1.21395	-39.0328	-37.8188
BLOCK01/SES011/SA011S10	SES019	-1.3637	-40.1209	-38.7572
BLOCK01/SES011/SA011S10	SES042	-0.855152	-39.6124	-38.7572
BLOCK01/SES011/SA011S10	SES082	-2.35876	-41.116	-38.7572
BLOCK01/SES011/SA011S10	SES206	-1.21539	-39.9726	-38.7572
BLOCK01/SES011/SA011S11	SES019	-1.36083	-40.5432	-39.1823
BLOCK01/SES011/SA011S11	SES042	-1.27397	-40.4563	-39.1823
BLOCK01/SES011/SA011S11	SES082	-2.60793	-41.7903	-39.1823
BLOCK01/SES011/SA011S11	SES206	-0.655357	-39.8377	-39.1823
BLOCK01/SES011/SA011S22	SES019	-0.859898	-39.5997	-38.7398
BLOCK01/SES011/SA011S22	SES042	-0.65926	-39.3991	-38.7398
BLOCK01/SES011/SA011S22	SES082	-1.61929	-40.3591	-38.7398
BLOCK01/SES011/SA011S22	SES206	-0.816307	-39.5561	-38.7398
BLOCK01/SES011/SA011S24	SES019	-1.42851	-39.9637	-38.5352
BLOCK01/SES011/SA011S24	SES042	-0.728878	-39.264	-38.5352
BLOCK01/SES011/SA011S24	SES104	-1.69948	-40.2346	-38.5352
BLOCK01/SES011/SA011S24	SES206	-0.359276	-38.8944	-38.5352
BLOCK01/SES011/SA011S27	SES082	-0.412724	-38.7851	-38.3724
BLOCK01/SES011/SA011S27	SES087	-1.43955	-39.8119	-38.3724
BLOCK01/SES011/SA011S27	SES125	-0.736401	-39.1088	-38.3724
BLOCK01/SES011/SA011S27	SES206	-0.335423	-38.7078	-38.3724
BLOCK01/SES012/SA012S11	SES007	-0.749378	-38.2227	-37.4733
BLOCK01/SES012/SA012S11	SES082	-1.8966	-39.3699	-37.4733
BLOCK01/SES012/SA012S11	SES083	-1.48632	-38.9596	-37.4733
BLOCK01/SES012/SA012S11	SES206	-1.17416	-38.6474	-37.4733
BLOCK01/SES012/SA012S14	SES082	-1.56689	-39.6915	-38.1246
BLOCK01/SES012/SA012S14	SES087	-1.77862	-39.9032	-38.1246
BLOCK01/SES012/SA012S14	SES206	-1.09808	-39.2227	-38.1246
BLOCK01/SES012/SA012S14	SES292	-1.54472	-39.6693	-38.1246
BLOCK01/SES012/SA012S24	SES082	-0.8246	-39.6205	-38.7959
BLOCK01/SES012/SA012S24	SES087	-1.32947	-40.1254	-38.7959
BLOCK01/SES012/SA012S24	SES120	-2.28291	-41.0788	-38.7959
BLOCK01/SES012/SA012S24	SES206	-1.21608	-40.012	-38.7959
BLOCK01/SES012/SA012S26	SES019	-2.75308	-40.9576	-38.2045
BLOCK01/SES012/SA012S26	SES082	-2.10611	-40.3106	-38.2045
BLOCK01/SES012/SA012S26	SES206	-0.570385	-38.7749	-38.2045
BLOCK01/SES012/SA012S26	SES292	-1.3564	-39.5609	-38.2045
BLOCK01/SES012/SA012S29	SES062	-1.46787	-39.3898	-37.9219
BLOCK01/SES012/SA012S29	SES082	-1.39939	-39.3213	-37.9219
BLOCK01/SES012/SA012S29	SES083	-2.47625	-40.3982	-37.9219
BLOCK01/SES012/SA012S29	SES206	-1.47974	-39.4017	-37.9219
BLOCK01/SES013/SA013S16	SES062	-2.37244	-40.8986	-38.5261
BLOCK01/SES013/SA013S16	SES106	-0.966328	-39.4925	-38.5261
BLOCK01/SES013/SA013S16	SES206	-1.00853	-39.5347	-38.5261
BLOCK01/SES013/SA013S16	SES226	-0.577412	-39.1035	-38.5261
BLOCK01/SES013/SA013S17	SES062	-2.09538	-39.9241	-37.8287
BLOCK01/SES013/SA013S17	SES106	-1.28965	-39.1183	-37.8287
BLOCK01/SES013/SA013S17	SES206	-0.568005	-38.3967	-37.8287
BLOCK01/SES013/SA013S17	SES226	-0.400566	-38.2292	-37.8287
BLOCK01/SES013/SA013S23	SES104	-1.47268	-40.1831	-38.7105
BLOCK01/SES013/SA013S23	SES106	-0.532227	-39.2427	-38.7105
BLOCK01/SES013/SA013S23	SES206	-1.00204	-39.7125	-38.7105
BLOCK01/SES013/SA013S23	SES270	-0.327648	-39.0381	-38.7105
BLOCK01/SES013/SA013S25	SES042	-2.01664	-40.1308	-38.1141
BLOCK01/SES013/SA013S25	SES104	-1.33571	-39.4498	-38.1141
BLOCK01/SES013/SA013S25	SES106	-0.788395	-38.9025	-38.1141
BLOCK01/SES013/SA013S25	SES206	-1.25621	-39.3703	-38.1141
BLOCK01/SES013/SA013S29	SES062	-2.48753	-40.945	-38.4575
BLOCK01/SES013/SA013S29	SES104	-2.03065	-40.4881	-38.4575
BLOCK01/SES013/SA013S29	SES106	-0.941673	-39.3992	-38.4575
BLOCK01/SES013/SA013S29	SES206	-1.05977	-39.5173	-38.4575
BLOCK02/SES021/SA021S13	SES016	-1.90318	-39.6951	-37.7919
BLOCK02/SES021/SA021S13	SES029	-0.588737	-38.3807	-37.7919
BLOCK02/SES021/SA021S13	SES087	-1.91121	-39.7031	-37.7919
BLOCK02/SES021/SA021S13	SES206	-0.695541	-38.4875	-37.7919
BLOCK02/SES021/SA021S15	SES087	-1.0872	-38.1291	-37.0419
BLOCK02/SES021/SA021S15	SES125	-0.561935	-37.6039	-37.0419
BLOCK02/SES021/SA021S15	SES206	-0.131287	-37.1732	-37.0419
BLOCK02/SES021/SA021S15	SES226	-1.76309	-38.805	-37.0419
BLOCK02/SES021/SA021S23	SES062	-2.65821	-41.3015	-38.6433
BLOCK02/SES021/SA021S23	SES087	-1.54632	-40.1896	-38.6433
BLOCK02/SES021/SA021S23	SES206	-1.07409	-39.7174	-38.6433
BLOCK02/SES021/SA021S23	SES226	-1.5563	-40.1996	-38.6433
BLOCK02/SES021/SA021S27	SES002	-0.619617	-38.1611	-37.5415
BLOCK02/SES021/SA021S27	SES016	-2.84527	-40.3868	-37.5415
BLOCK02/SES021/SA021S27	SES019	-1.58746	-39.129	-37.5415
BLOCK02/SES021/SA021S27	SES062	-0.993137	-38.5346	-37.5415
BLOCK02/SES021/SA021S29	SES087	-1.19678	-38.7229	-37.5261
BLOCK02/SES021/SA021S29	SES125	-0.819672	-38.3458	-37.5261
BLOCK02/SES021/SA021S29	SES206	-0.317356	-37.8435	-37.5261
BLOCK02/SES021/SA021S29	SES226	-1.14582	-38.672	-37.5261
BLOCK04/SES043/SA043S09	SES083	-1.15678	-40.623	-39.4662
BLOCK04/SES043/SA043S09	SES101	-1.72745	-41.1936	-39.4662
BLOCK04/SES043/SA043S09	SES144	-0.231575	-39.6978	-39.4662
BLOCK04/SES043/SA043S09	SES172	-1.3911	-40.8573	-39.4662
BLOCK04/SES043/SA043S11	SES083	-0.816246	-39.049	-38.2328
BLOCK04/SES043/SA043S11	SES101	-1.22019	-39.4529	-38.2328
BLOCK04/SES043/SA043S11	SES144	-0.454269	-38.687	-38.2328
BLOCK04/SES043/SA043S11	SES172	-0.910213	-39.143	-38.2328
BLOCK04/SES043/SA043S23	SES083	-0.511955	-39.1981	-38.6862
BLOCK04/SES043/SA043S23	SES144	0.0239334	-38.6622	-38.6862
BLOCK04/SES043/SA043S23	SES177	-1.22064	-39.9068	-38.6862
BLOCK04/SES043/SA043S23	SES275	-0.439663	-39.1258	-38.6862
BLOCK04/SES043/SA043S26	SES083	-1.44224	-40.2787	-38.8365
BLOCK04/SES043/SA043S26	SES101	-1.14781	-39.9843	-38.8365
BLOCK04/SES043/SA043S26	SES144	-0.288307	-39.1248	-38.8365
BLOCK04/SES043/SA043S26	SES177	-1.13979	-39.9763	-38.8365
BLOCK04/SES043/SA043S28	SES016	-1.52753	-39.7182	-38.1907
BLOCK04/SES043/SA043S28	SES083	-0.61319	-38.8038	-38.1907
BLOCK04/SES043/SA043S28	SES101	-0.755287	-38.9459	-38.1907
BLOCK04/SES043/SA043S28	SES144	-0.402542	-38.5932	-38.1907
BLOCK04/SES044/SA044S10	SES127	-3.19744	-43.7945	-40.597
BLOCK04/SES044/SA044S10	SES144	-0.34354	-40.9406	-40.597
BLOCK04/SES044/SA044S10	SES147	-1.78648	-42.3835	-40.597
BLOCK04/SES044/SA044S10	SES148	-2.86255	-43.4596	-40.597
BLOCK04/SES044/SA044S11	SES101	-1.62925	-41.565	-39.9357
BLOCK04/SES044/SA044S11	SES144	0.0717278	-39.864	-39.9357
BLOCK04/SES044/SA044S11	SES147	-1.40498	-41.3407	-39.9357
BLOCK04/SES044/SA044S11	SES177	-1.63704	-41.5728	-39.9357
BLOCK04/SES044/SA044S24	SES007	-1.85872	-41.221	-39.3622
BLOCK04/SES044/SA044S24	SES101	-1.33387	-40.6961	-39.3622
BLOCK04/SES044/SA044S24	SES147	-1.47964	-40.8419	-39.3622
BLOCK04/SES044/SA044S24	SES177	-1.43861	-40.8009	-39.3622
BLOCK04/SES044/SA044S26	SES007	-1.44361	-40.3536	-38.91
BLOCK04/SES044/SA044S26	SES016	-0.862259	-39.7722	-38.91
BLOCK04/SES044/SA044S26	SES101	-1.14564	-40.0556	-38.91
BLOCK04/SES044/SA044S26	SES147	-0.822014	-39.732	-38.91
BLOCK04/SES044/SA044S29	SES007	-1.23544	-39.735	-38.4996
BLOCK04/SES044/SA044S29	SES101	-0.496639	-38.9962	-38.4996
BLOCK04/SES044/SA044S29	SES147	-0.842941	-39.3425	-38.4996
BLOCK04/SES044/SA044S29	SES177	-0.870193	-39.3698	-38.4996
BLOCK04/SES046/SA046S13	SES101	-1.69722	-40.9437	-39.2464
BLOCK04/SES046/SA046S13	SES144	-0.738251	-39.9847	-39.2464
BLOCK04/SES046/SA046S13	SES147	-1.83755	-41.084	-39.2464
BLOCK04/SES046/SA046S13	SES177	-1.52938	-40.7758	-39.2464
BLOCK04/SES046/SA046S15	SES048	-0.912273	-38.7973	-37.885
BLOCK04/SES046/SA046S15	SES083	-1.01599	-38.901	-37.885
BLOCK04/SES046/SA046S15	SES120	-1.79011	-39.6751	-37.885
BLOCK04/SES046/SA046S15	SES148	-0.722607	-38.6076	-37.885
BLOCK04/SES046/SA046S22	SES101	-1.3356	-40.3472	-39.0116
BLOCK04/SES046/SA046S22	SES144	-0.442265	-39.4539	-39.0116
BLOCK04/SES046/SA046S22	SES147	-1.97115	-40.9828	-39.0116
BLOCK04/SES046/SA046S22	SES172	-0.423214	-39.4348	-39.0116
BLOCK04/SES046/SA046S25	SES083	-1.11774	-39.8829	-38.7652
BLOCK04/SES046/SA046S25	SES127	-0.861526	-39.6267	-38.7652
BLOCK04/SES046/SA046S25	SES144	-0.791389	-39.5566	-38.7652
BLOCK04/SES046/SA046S25	SES148	-0.843143	-39.6083	-38.7652
BLOCK04/SES046/SA046S28	SES007	-2.10432	-41.4062	-39.3018
BLOCK04/SES046/SA046S28	SES105	-1.50697	-40.8088	-39.3018
BLOCK04/SES046/SA046S28	SES147	-1.7148	-41.0166	-39.3018
BLOCK04/SES046/SA046S28	SES148	-1.01657	-40.3184	-39.3018
BLOCK04/SES049/SA049S16	SES104	-1.3919	-40.9387	-39.5468
BLOCK04/SES049/SA049S16	SES106	-1.30709	-40.8539	-39.5468
BLOCK04/SES049/SA049S16	SES120	-2.0919	-41.6387	-39.5468
BLOCK04/SES049/SA049S16	SES206	-1.33227	-40.8791	-39.5468
BLOCK04/SES049/SA049S18	SES099	-0.260628	-40.6239	-40.3633
BLOCK04/SES049/SA049S18	SES104	-2.71133	-43.0746	-40.3633
BLOCK04/SES049/SA049S18	SES125	-2.58812	-42.9514	-40.3633
BLOCK04/SES049/SA049S18	SES206	-1.36101	-41.7243	-40.3633
BLOCK04/SES049/SA049S25	SES087	-1.41611	-40.7916	-39.3755
BLOCK04/SES049/SA049S25	SES104	-1.25084	-40.6263	-39.3755
BLOCK04/SES049/SA049S25	SES125	-1.76642	-41.1419	-39.3755
BLOCK04/SES049/SA049S25	SES206	-0.684692	-40.0602	-39.3755
BLOCK04/SES049/SA049S27	SES099	-0.227276	-39.1803	-38.953
BLOCK04/SES049/SA049S27	SES104	-0.66087	-39.6139	-38.953
BLOCK04/SES049/SA049S27	SES125	-1.09706	-40.0501	-38.953
BLOCK04/SES049/SA049S27	SES206	-0.576988	-39.53	-38.953
BLOCK04/SES049/SA049S29	SES099	-0.22121	-38.226	-38.0048
BLOCK04/SES049/SA049S29	SES104	-0.513752	-38.5186	-38.0048
BLOCK04/SES049/SA049S29	SES125	-1.26452	-39.2693	-38.0048
BLOCK04/SES049/SA049S29	SES206	-0.668419	-38.6732	-38.0048
BLOCK06/SES063/SA063S09	SES068	-1.31398	-40.2317	-38.9177
BLOCK06/SES063/SA063S09	SES083	-0.659672	-39.5774	-38.9177
BLOCK06/SES063/SA063S09	SES177	-1.20088	-40.1186	-38.9177
BLOCK06/SES063/SA063S09	SES187	-1.1946	-40.1123	-38.9177
BLOCK06/SES063/SA063S10	SES068	-2.2581	-41.4152	-39.1571
BLOCK06/SES063/SA063S10	SES083	-1.18221	-40.3393	-39.1571
BLOCK06/SES063/SA063S10	SES172	-0.605717	-39.7628	-39.1571
BLOCK06/SES063/SA063S10	SES187	-1.23452	-40.3916	-39.1571
BLOCK06/SES063/SA063S20	SES068	-1.78185	-40.8209	-39.039
BLOCK06/SES063/SA063S20	SES083	-1.01405	-40.0531	-39.039
BLOCK06/SES063/SA063S20	SES172	-0.583927	-39.6229	-39.039
BLOCK06/SES063/SA063S20	SES187	-0.90926	-39.9483	-39.039
BLOCK06/SES063/SA063S24	SES029	-2.41825	-40.6088	-38.1906
BLOCK06/SES063/SA063S24	SES083	-0.218288	-38.4089	-38.1906
BLOCK06/SES063/SA063S24	SES177	-0.734982	-38.9256	-38.1906
BLOCK06/SES063/SA063S24	SES189	-1.27465	-39.4652	-38.1906
BLOCK06/SES063/SA063S27	SES083	-0.0587769	-39.3357	-39.2769
BLOCK06/SES063/SA063S27	SES172	-0.314442	-39.5914	-39.2769
BLOCK06/SES063/SA063S27	SES187	-1.39415	-40.6711	-39.2769
BLOCK06/SES063/SA063S27	SES292	-1.48789	-40.7648	-39.2769
BLOCK06/SES067/SA067S12	SES083	-1.3988	-39.8961	-38.4973
BLOCK06/SES067/SA067S12	SES172	-1.20651	-39.7038	-38.4973
BLOCK06/SES067/SA067S12	SES202	-0.086998	-38.5843	-38.4973
BLOCK06/SES067/SA067S12	SES292	-1.34143	-39.8387	-38.4973
BLOCK06/SES067/SA067S14	SES085	-1.12411	-39.0619	-37.9378
BLOCK06/SES067/SA067S14	SES177	-0.911064	-38.8489	-37.9378
BLOCK06/SES067/SA067S14	SES183	-0.370358	-38.3082	-37.9378
BLOCK06/SES067/SA067S14	SES202	-0.360271	-38.2981	-37.9378
BLOCK06/SES067/SA067S21	SES144	-0.873219	-39.8127	-38.9395
BLOCK06/SES067/SA067S21	SES177	-0.911007	-39.8505	-38.9395
BLOCK06/SES067/SA067S21	SES183	-1.00951	-39.949	-38.9395
BLOCK06/SES067/SA067S21	SES189	-0.649868	-39.5894	-38.9395
BLOCK06/SES067/SA067S25	SES085	-0.999527	-39.6484	-38.6489
BLOCK06/SES067/SA067S25	SES177	-1.00561	-39.6545	-38.6489
BLOCK06/SES067/SA067S25	SES183	-0.700794	-39.3497	-38.6489
BLOCK06/SES067/SA067S25	SES202	-0.634769	-39.2837	-38.6489
BLOCK06/SES067/SA067S29	SES085	-0.750874	-39.3518	-38.6009
BLOCK06/SES067/SA067S29	SES177	-0.962063	-39.563	-38.6009
BLOCK06/SES067/SA067S29	SES183	-0.654739	-39.2556	-38.6009
BLOCK06/SES067/SA067S29	SES202	0.111034	-38.4899	-38.6009
BLOCK06/SES069/SA069S12	SES029	-1.67123	-40.0304	-38.3592
BLOCK06/SES069/SA069S12	SES082	-0.783871	-39.143	-38.3592
BLOCK06/SES069/SA069S12	SES087	-1.30426	-39.6634	-38.3592
BLOCK06/SES069/SA069S12	SES206	-0.593319	-38.9525	-38.3592
BLOCK06/SES069/SA069S13	SES029	-2.23796	-40.4604	-38.2224
BLOCK06/SES069/SA069S13	SES087	-1.63378	-39.8562	-38.2224
BLOCK06/SES069/SA069S13	SES206	-0.909569	-39.132	-38.2224
BLOCK06/SES069/SA069S13	SES226	-1.00963	-39.232	-38.2224
BLOCK06/SES069/SA069S23	SES029	-0.625957	-37.727	-37.101
BLOCK06/SES069/SA069S23	SES087	-1.05953	-38.1605	-37.101
BLOCK06/SES069/SA069S23	SES206	-0.268169	-37.3692	-37.101
BLOCK06/SES069/SA069S23	SES226	-0.514278	-37.6153	-37.101
BLOCK06/SES069/SA069S25	SES087	-1.03903	-38.5411	-37.502
BLOCK06/SES069/SA069S25	SES206	-1.15592	-38.658	-37.502
BLOCK06/SES069/SA069S25	SES226	-0.895454	-38.3975	-37.502
BLOCK06/SES069/SA069S25	SES270	-0.685631	-38.1877	-37.502
BLOCK06/SES069/SA069S27	SES087	-1.87846	-39.6584	-37.78
BLOCK06/SES069/SA069S27	SES206	-0.466404	-38.2464	-37.78
BLOCK06/SES069/SA069S27	SES226	-0.716347	-38.4963	-37.78
BLOCK06/SES069/SA069S27	SES270	-0.731133	-38.5111	-37.78
BLOCK08/SES081/SA081S11	SES060	-1.18456	-39.645	-38.4604
BLOCK08/SES081/SA081S11	SES062	-1.86791	-40.3283	-38.4604
BLOCK08/SES081/SA081S11	SES117	-1.60615	-40.0666	-38.4604
BLOCK08/SES081/SA081S11	SES162	-1.44323	-39.9036	-38.4604
BLOCK08/SES081/SA081S13	SES016	-1.09939	-38.9089	-37.8095
BLOCK08/SES081/SA081S13	SES060	-0.320801	-38.1303	-37.8095
BLOCK08/SES081/SA081S13	SES068	-0.525627	-38.3351	-37.8095
BLOCK08/SES081/SA081S13	SES129	-1.34131	-39.1508	-37.8095
BLOCK08/SES081/SA081S24	SES060	-0.523571	-38.7924	-38.2689
BLOCK08/SES081/SA081S24	SES068	-0.41037	-38.6792	-38.2689
BLOCK08/SES081/SA081S24	SES117	-1.36197	-39.6308	-38.2689
BLOCK08/SES081/SA081S24	SES275	-1.14014	-39.409	-38.2689
BLOCK08/SES081/SA081S27	SES007	-0.537292	-38.9213	-38.3841
BLOCK08/SES081/SA081S27	SES060	-0.749336	-39.1334	-38.3841
BLOCK08/SES081/SA081S27	SES117	-0.606144	-38.9902	-38.3841
BLOCK08/SES081/SA081S27	SES275	-0.89642	-39.2805	-38.3841
BLOCK08/SES081/SA081S29	SES007	-0.487789	-38.5099	-38.0221
BLOCK08/SES081/SA081S29	SES060	-0.624035	-38.6461	-38.0221
BLOCK08/SES081/SA081S29	SES117	-1.12228	-39.1444	-38.0221
BLOCK08/SES081/SA081S29	SES275	-1.37804	-39.4002	-38.0221
BLOCK08/SES086/SA086S11	SES029	-3.76356	-43.78	-40.0165
BLOCK08/SES086/SA086S11	SES082	-2.05922	-42.0757	-40.0165
BLOCK08/SES086/SA086S11	SES087	-1.33108	-41.3475	-40.0165
BLOCK08/SES086/SA086S11	SES206	-1.89575	-41.9122	-40.0165
BLOCK08/SES086/SA086S12	SES029	-3.08249	-42.4115	-39.329
BLOCK08/SES086/SA086S12	SES082	-2.12681	-41.4558	-39.329
BLOCK08/SES086/SA086S12	SES087	-0.266727	-39.5957	-39.329
BLOCK08/SES086/SA086S12	SES206	-1.01417	-40.3431	-39.329
BLOCK08/SES086/SA086S20	SES029	-2.41872	-40.74	-38.3212
BLOCK08/SES086/SA086S20	SES082	-1.99018	-40.3114	-38.3212
BLOCK08/SES086/SA086S20	SES087	-0.51862	-38.8399	-38.3212
BLOCK08/SES086/SA086S20	SES206	-0.491348	-38.8126	-38.3212
BLOCK08/SES086/SA086S24	SES087	-0.341984	-39.5369	-39.1949
BLOCK08/SES086/SA086S24	SES104	-1.83534	-41.0303	-39.1949
BLOCK08/SES086/SA086S24	SES120	-1.74848	-40.9434	-39.1949
BLOCK08/SES086/SA086S24	SES206	-0.614563	-39.8095	-39.1949
BLOCK08/SES086/SA086S28	SES029	-2.27824	-40.6927	-38.4144
BLOCK08/SES086/SA086S28	SES082	-1.85067	-40.2651	-38.4144
BLOCK08/SES086/SA086S28	SES087	-0.291534	-38.706	-38.4144
BLOCK08/SES086/SA086S28	SES206	-0.890636	-39.3051	-38.4144
BLOCK08/SES089/SA089S13	SES087	-1.49549	-40.0794	-38.5839
BLOCK08/SES089/SA089S13	SES206	-1.14995	-39.7338	-38.5839
BLOCK08/SES089/SA089S13	SES226	-1.35981	-39.9437	-38.5839
BLOCK08/SES089/SA089S13	SES270	-1.8027	-40.3866	-38.5839
BLOCK08/SES089/SA089S14	SES062	-1.28792	-39.5842	-38.2962
BLOCK08/SES089/SA089S14	SES087	-0.730637	-39.0269	-38.2962
BLOCK08/SES089/SA089S14	SES206	-0.757576	-39.0538	-38.2962
BLOCK08/SES089/SA089S14	SES226	-0.898487	-39.1947	-38.2962
BLOCK08/SES089/SA089S23	SES087	-1.09673	-39.6883	-38.5915
BLOCK08/SES089/SA089S23	SES206	-0.832157	-39.4237	-38.5915
BLOCK08/SES089/SA089S23	SES226	-1.64244	-40.234	-38.5915
BLOCK08/SES089/SA089S23	SES270	-2.13261	-40.7241	-38.5915
BLOCK08/SES089/SA089S25	SES062	-1.92446	-40.2047	-38.2802
BLOCK08/SES089/SA089S25	SES087	-0.575394	-38.8556	-38.2802
BLOCK08/SES089/SA089S25	SES206	-1.15526	-39.4355	-38.2802
BLOCK08/SES089/SA089S25	SES226	-1.03397	-39.3142	-38.2802
BLOCK08/SES089/SA089S28	SES062	-1.16946	-39.3	-38.1305
BLOCK08/SES089/SA089S28	SES087	-0.506531	-38.6371	-38.1305
BLOCK08/SES089/SA089S28	SES206	-0.346516	-38.477	-38.1305
BLOCK08/SES089/SA089S28	SES226	-0.841084	-38.9716	-38.1305
BLOCK09/SES097/SA097S11	SES099	-0.0118637	-39.139	-39.1272
BLOCK09/SES097/SA097S11	SES125	-2.10672	-41.2339	-39.1272
BLOCK09/SES097/SA097S11	SES206	-1.23455	-40.3617	-39.1272
BLOCK09/SES097/SA097S11	SES226	-0.652615	-39.7798	-39.1272
BLOCK09/SES097/SA097S14	SES062	-0.921711	-39.7547	-38.833
BLOCK09/SES097/SA097S14	SES099	-0.379433	-39.2124	-38.833
BLOCK09/SES097/SA097S14	SES104	-1.26886	-40.1018	-38.833
BLOCK09/SES097/SA097S14	SES206	-1.20462	-40.0376	-38.833
BLOCK09/SES097/SA097S22	SES099	-0.0161705	-39.3656	-39.3494
BLOCK09/SES097/SA097S22	SES206	-1.07925	-40.4287	-39.3494
BLOCK09/SES097/SA097S22	SES226	-1.42805	-40.7775	-39.3494
BLOCK09/SES097/SA097S22	SES270	-0.00230408	-39.3517	-39.3494
BLOCK09/SES097/SA097S26	SES099	-0.063076	-38.9395	-38.8764
BLOCK09/SES097/SA097S26	SES120	-1.92962	-40.806	-38.8764
BLOCK09/SES097/SA097S26	SES206	-1.18198	-40.0584	-38.8764
BLOCK09/SES097/SA097S26	SES226	-1.91447	-40.7909	-38.8764
BLOCK09/SES097/SA097S28	SES099	-0.409065	-39.3474	-38.9383
BLOCK09/SES097/SA097S28	SES120	-1.50451	-40.4428	-38.9383
BLOCK09/SES097/SA097S28	SES206	-1.41942	-40.3577	-38.9383
BLOCK09/SES097/SA097S28	SES226	-1.95527	-40.8936	-38.9383
BLOCK09/SES098/SA098S11	SES127	-1.87148	-41.3377	-39.4663
BLOCK09/SES098/SA098S11	SES144	-1.28452	-40.7508	-39.4663
BLOCK09/SES098/SA098S11	SES147	-0.502289	-39.9686	-39.4663
BLOCK09/SES098/SA098S11	SES148	-2.24618	-41.7125	-39.4663
BLOCK09/SES098/SA098S12	SES127	-2.84205	-43.0436	-40.2016
BLOCK09/SES098/SA098S12	SES144	-1.22001	-41.4216	-40.2016
BLOCK09/SES098/SA098S12	SES147	-0.806782	-41.0083	-40.2016
BLOCK09/SES098/SA098S12	SES189	-1.16253	-41.3641	-40.2016
BLOCK09/SES098/SA098S20	SES127	-2.84246	-42.7248	-39.8823
BLOCK09/SES098/SA098S20	SES147	-1.40609	-41.2884	-39.8823
BLOCK09/SES098/SA098S20	SES148	-2.0704	-41.9527	-39.8823
BLOCK09/SES098/SA098S20	SES292	-2.07906	-41.9614	-39.8823
BLOCK09/SES098/SA098S23	SES127	-2.01074	-41.4208	-39.4101
BLOCK09/SES098/SA098S23	SES147	-0.618923	-40.029	-39.4101
BLOCK09/SES098/SA098S23	SES187	-1.24491	-40.655	-39.4101
BLOCK09/SES098/SA098S23	SES292	-1.5628	-40.9729	-39.4101
BLOCK09/SES098/SA098S27	SES127	-2.68745	-41.9163	-39.2288
BLOCK09/SES098/SA098S27	SES147	-1.63174	-40.8606	-39.2288
BLOCK09/SES098/SA098S27	SES148	-2.5947	-41.8235	-39.2288
BLOCK09/SES098/SA098S27	SES292	-1.43731	-40.6661	-39.2288
BLOCK10/SES102/SA102S13	SES101	-0.963741	-40.3383	-39.3746
BLOCK10/SES102/SA102S13	SES105	-1.41047	-40.7851	-39.3746
BLOCK10/SES102/SA102S13	SES120	-0.797794	-40.1724	-39.3746
BLOCK10/SES102/SA102S13	SES158	-3.34716	-42.7218	-39.3746
BLOCK10/SES102/SA102S14	SES007	-0.263481	-38.295	-38.0315
BLOCK10/SES102/SA102S14	SES101	-0.480965	-38.5124	-38.0315
BLOCK10/SES102/SA102S14	SES105	-0.412003	-38.4435	-38.0315
BLOCK10/SES102/SA102S14	SES147	-1.45683	-39.4883	-38.0315
BLOCK10/SES102/SA102S22	SES007	-1.14925	-39.4139	-38.2646
BLOCK10/SES102/SA102S22	SES101	-0.47998	-38.7446	-38.2646
BLOCK10/SES102/SA102S22	SES105	-0.415714	-38.6803	-38.2646
BLOCK10/SES102/SA102S22	SES158	-2.73635	-41.001	-38.2646
BLOCK10/SES102/SA102S25	SES007	-0.60825	-38.8282	-38.2199
BLOCK10/SES102/SA102S25	SES101	-0.377651	-38.5976	-38.2199
BLOCK10/SES102/SA102S25	SES105	-0.891823	-39.1118	-38.2199
BLOCK10/SES102/SA102S25	SES147	-1.74786	-39.9678	-38.2199
BLOCK10/SES102/SA102S27	SES007	-0.966805	-39.4975	-38.5307
BLOCK10/SES102/SA102S27	SES101	-0.591572	-39.1223	-38.5307
BLOCK10/SES102/SA102S27	SES105	-0.861053	-39.3918	-38.5307
BLOCK10/SES102/SA102S27	SES147	-1.3428	-39.8735	-38.5307
BLOCK10/SES103/SA103S14	SES105	-1.77833	-41.332	-39.5537
BLOCK10/SES103/SA103S14	SES106	-1.29812	-40.8518	-39.5537
BLOCK10/SES103/SA103S14	SES120	-2.01682	-41.5705	-39.5537
BLOCK10/SES103/SA103S14	SES206	-1.70577	-41.2595	-39.5537
BLOCK10/SES103/SA103S15	SES099	-1.03582	-40.8951	-39.8593
BLOCK10/SES103/SA103S15	SES101	-3.09263	-42.9519	-39.8593
BLOCK10/SES103/SA103S15	SES104	-2.11284	-41.9721	-39.8593
BLOCK10/SES103/SA103S15	SES125	-1.60936	-41.4686	-39.8593
BLOCK10/SES103/SA103S24	SES104	-2.00907	-41.2652	-39.2561
BLOCK10/SES103/SA103S24	SES125	-1.54256	-40.7987	-39.2561
BLOCK10/SES103/SA103S24	SES148	-2.22442	-41.4805	-39.2561
BLOCK10/SES103/SA103S24	SES158	-0.901783	-40.1579	-39.2561
BLOCK10/SES103/SA103S26	SES104	-2.023	-41.3919	-39.3689
BLOCK10/SES103/SA103S26	SES106	-1.37436	-40.7433	-39.3689
BLOCK10/SES103/SA103S26	SES125	-1.35259	-40.7215	-39.3689
BLOCK10/SES103/SA103S26	SES148	-3.06975	-42.4387	-39.3689
BLOCK10/SES103/SA103S28	SES104	-1.77772	-41.1911	-39.4134
BLOCK10/SES103/SA103S28	SES106	-1.34188	-40.7553	-39.4134
BLOCK10/SES103/SA103S28	SES125	-1.68506	-41.0984	-39.4134
BLOCK10/SES103/SA103S28	SES206	-1.77754	-41.1909	-39.4134
BLOCK12/SES121/SA121S12	SES042	-2.46436	-42.6714	-40.2071
BLOCK12/SES121/SA121S12	SES087	-1.50413	-41.7112	-40.2071
BLOCK12/SES121/SA121S12	SES105	-0.996548	-41.2036	-40.2071
BLOCK12/SES121/SA121S12	SES206	-1.31413	-41.5212	-40.2071
BLOCK12/SES121/SA121S14	SES007	-1.97721	-42.55	-40.5728
BLOCK12/SES121/SA121S14	SES105	-1.87307	-42.4458	-40.5728
BLOCK12/SES121/SA121S14	SES106	-1.64575	-42.2185	-40.5728
BLOCK12/SES121/SA121S14	SES206	-1.67197	-42.2447	-40.5728
BLOCK12/SES121/SA121S23	SES105	-1.8931	-42.4327	-40.5396
BLOCK12/SES121/SA121S23	SES106	-1.11882	-41.6585	-40.5396
BLOCK12/SES121/SA121S23	SES120	-2.1685	-42.7081	-40.5396
BLOCK12/SES121/SA121S23	SES206	-1.20445	-41.7441	-40.5396
BLOCK12/SES121/SA121S25	SES007	-1.52982	-42.6252	-41.0953
BLOCK12/SES121/SA121S25	SES105	-2.35223	-43.4476	-41.0953
BLOCK12/SES121/SA121S25	SES106	-2.04037	-43.1357	-41.0953
BLOCK12/SES121/SA121S25	SES206	-1.96226	-43.0576	-41.0953
BLOCK12/SES121/SA121S27	SES087	-0.556915	-40.5521	-39.9952
BLOCK12/SES121/SA121S27	SES105	-2.81776	-42.813	-39.9952
BLOCK12/SES121/SA121S27	SES120	-1.39502	-41.3902	-39.9952
BLOCK12/SES121/SA121S27	SES206	-1.24813	-41.2433	-39.9952
BLOCK12/SES124/SA124S16	SES042	-0.457767	-38.6913	-38.2335
BLOCK12/SES124/SA124S16	SES082	-1.11566	-39.3492	-38.2335
BLOCK12/SES124/SA124S16	SES183	-2.42485	-40.6584	-38.2335
BLOCK12/SES124/SA124S16	SES206	-0.784546	-39.0181	-38.2335
BLOCK12/SES124/SA124S17	SES105	-1.65359	-41.1303	-39.4767
BLOCK12/SES124/SA124S17	SES149	-2.28435	-41.7611	-39.4767
BLOCK12/SES124/SA124S17	SES158	-2.17156	-41.6483	-39.4767
BLOCK12/SES124/SA124S17	SES275	-1.62186	-41.0986	-39.4767
BLOCK12/SES124/SA124S23	SES105	-1.93311	-39.4412	-37.5081
BLOCK12/SES124/SA124S23	SES125	-0.39613	-37.9042	-37.5081
BLOCK12/SES124/SA124S23	SES129	-2.68937	-40.1975	-37.5081
BLOCK12/SES124/SA124S23	SES158	-0.481167	-37.9893	-37.5081
BLOCK12/SES124/SA124S26	SES105	-1.87354	-39.9963	-38.1228
BLOCK12/SES124/SA124S26	SES125	-0.409302	-38.5321	-38.1228
BLOCK12/SES124/SA124S26	SES129	-2.44466	-40.5674	-38.1228
BLOCK12/SES124/SA124S26	SES158	-1.10004	-39.2228	-38.1228
BLOCK12/SES124/SA124S28	SES104	-0.881752	-38.6062	-37.7244
BLOCK12/SES124/SA124S28	SES106	-0.963161	-38.6876	-37.7244
BLOCK12/SES124/SA124S28	SES125	-0.803387	-38.5278	-37.7244
BLOCK12/SES124/SA124S28	SES275	-1.49353	-39.218	-37.7244
BLOCK12/SES126/SA126S13	SES007	-1.58302	-41.2447	-39.6617
BLOCK12/SES126/SA126S13	SES162	-1.80034	-41.462	-39.6617
BLOCK12/SES126/SA126S13	SES177	-1.34222	-41.0039	-39.6617
BLOCK12/SES126/SA126S13	SES180	-1.5867	-41.2484	-39.6617
BLOCK12/SES126/SA126S14	SES144	-0.66592	-39.0699	-38.404
BLOCK12/SES126/SA126S14	SES148	-1.33273	-39.7367	-38.404
BLOCK12/SES126/SA126S14	SES177	-0.625385	-39.0294	-38.404
BLOCK12/SES126/SA126S14	SES180	-1.2684	-39.6724	-38.404
BLOCK12/SES126/SA126S20	SES007	-0.767345	-39.4477	-38.6804
BLOCK12/SES126/SA126S20	SES162	-1.2079	-39.8883	-38.6804
BLOCK12/SES126/SA126S20	SES172	-1.72062	-40.401	-38.6804
BLOCK12/SES126/SA126S20	SES180	-1.56193	-40.2423	-38.6804
BLOCK12/SES126/SA126S24	SES120	-0.604599	-38.9065	-38.3019
BLOCK12/SES126/SA126S24	SES162	-1.14686	-39.4488	-38.3019
BLOCK12/SES126/SA126S24	SES177	-0.845062	-39.147	-38.3019
BLOCK12/SES126/SA126S24	SES180	-0.754604	-39.0565	-38.3019
BLOCK12/SES126/SA126S26	SES120	-0.924778	-39.9072	-38.9825
BLOCK12/SES126/SA126S26	SES177	-1.44514	-40.4276	-38.9825
BLOCK12/SES126/SA126S26	SES180	-1.30076	-40.2832	-38.9825
BLOCK12/SES126/SA126S26	SES202	-0.853939	-39.8364	-38.9825
BLOCK12/SES128/SA128S10	SES087	-2.2957	-40.993	-38.6973
BLOCK12/SES128/SA128S10	SES206	-1.21495	-39.9123	-38.6973
BLOCK12/SES128/SA128S10	SES226	-0.900162	-39.5975	-38.6973
BLOCK12/SES128/SA128S10	SES270	-0.713863	-39.4112	-38.6973
BLOCK12/SES128/SA128S12	SES120	-1.45057	-40.2111	-38.7605
BLOCK12/SES128/SA128S12	SES158	-1.30856	-40.0691	-38.7605
BLOCK12/SES128/SA128S12	SES206	-0.763023	-39.5235	-38.7605
BLOCK12/SES128/SA128S12	SES226	-1.01958	-39.7801	-38.7605
BLOCK12/SES128/SA128S21	SES106	-1.76955	-41.0017	-39.2322
BLOCK12/SES128/SA128S21	SES120	-1.85863	-41.0908	-39.2322
BLOCK12/SES128/SA128S21	SES206	-1.81315	-41.0453	-39.2322
BLOCK12/SES128/SA128S21	SES226	-1.79124	-41.0234	-39.2322
BLOCK12/SES128/SA128S24	SES087	-1.91879	-40.6474	-38.7286
BLOCK12/SES128/SA128S24	SES120	-1.1553	-39.8839	-38.7286
BLOCK12/SES128/SA128S24	SES206	-0.928841	-39.6574	-38.7286
BLOCK12/SES128/SA128S24	SES226	-1.6632	-40.3918	-38.7286
BLOCK12/SES128/SA128S27	SES099	-0.403271	-38.599	-38.1957
BLOCK12/SES128/SA128S27	SES120	-1.01463	-39.2104	-38.1957
BLOCK12/SES128/SA128S27	SES206	-0.667934	-38.8637	-38.1957
BLOCK12/SES128/SA128S27	SES226	-0.7355	-38.9312	-38.1957
BLOCK13/SES130/SA130S13	SES143	-0.917225	-40.8676	-39.9504
BLOCK13/SES130/SA130S13	SES144	-0.230556	-40.181	-39.9504
BLOCK13/SES130/SA130S13	SES146	-0.407585	-40.358	-39.9504
BLOCK13/SES130/SA130S13	SES275	-1.81106	-41.7615	-39.9504
BLOCK13/SES130/SA130S15	SES143	-1.75092	-40.6871	-38.9362
BLOCK13/SES130/SA130S15	SES144	-0.352524	-39.2887	-38.9362
BLOCK13/SES130/SA130S15	SES146	-0.387951	-39.3241	-38.9362
BLOCK13/SES130/SA130S15	SES275	-1.04079	-39.977	-38.9362
BLOCK13/SES130/SA130S23	SES127	-2.47788	-42.529	-40.0511
BLOCK13/SES130/SA130S23	SES144	-0.632927	-40.6841	-40.0511
BLOCK13/SES130/SA130S23	SES146	-0.840458	-40.8916	-40.0511
BLOCK13/SES130/SA130S23	SES162	-0.886696	-40.9378	-40.0511
BLOCK13/SES130/SA130S25	SES127	-1.17042	-39.8152	-38.6448
BLOCK13/SES130/SA130S25	SES144	-0.50333	-39.1481	-38.6448
BLOCK13/SES130/SA130S25	SES146	-0.705467	-39.3502	-38.6448
BLOCK13/SES130/SA130S25	SES275	-0.81424	-39.459	-38.6448
BLOCK13/SES130/SA130S28	SES127	-0.917244	-39.8826	-38.9653
BLOCK13/SES130/SA130S28	SES144	-0.72477	-39.6901	-38.9653
BLOCK13/SES130/SA130S28	SES146	-0.992985	-39.9583	-38.9653
BLOCK13/SES130/SA130S28	SES275	-0.550312	-39.5156	-38.9653
BLOCK13/SES131/SA131S13	SES002	-2.15848	-42.9062	-40.7478
BLOCK13/SES131/SA131S13	SES007	-2.39529	-43.143	-40.7478
BLOCK13/SES131/SA131S13	SES099	-1.22932	-41.9771	-40.7478
BLOCK13/SES131/SA131S13	SES105	-1.65152	-42.3993	-40.7478
BLOCK13/SES131/SA131S14	SES104	-1.46221	-40.4302	-38.968
BLOCK13/SES131/SA131S14	SES106	-0.99509	-39.9631	-38.968
BLOCK13/SES131/SA131S14	SES125	-1.2991	-40.2671	-38.968
BLOCK13/SES131/SA131S14	SES148	-1.7356	-40.7036	-38.968
BLOCK13/SES131/SA131S20	SES104	-2.0085	-42.025	-40.0165
BLOCK13/SES131/SA131S20	SES106	-1.05763	-41.0741	-40.0165
BLOCK13/SES131/SA131S20	SES125	-1.8741	-41.8906	-40.0165
BLOCK13/SES131/SA131S20	SES148	-2.74232	-42.7588	-40.0165
BLOCK13/SES131/SA131S22	SES099	-0.888206	-39.9279	-39.0397
BLOCK13/SES131/SA131S22	SES104	-1.78714	-40.8268	-39.0397
BLOCK13/SES131/SA131S22	SES125	-1.47904	-40.5187	-39.0397
BLOCK13/SES131/SA131S22	SES206	-1.45543	-40.4951	-39.0397
BLOCK13/SES131/SA131S29	SES087	-1.54057	-41.2803	-39.7397
BLOCK13/SES131/SA131S29	SES104	-2.52235	-42.262	-39.7397
BLOCK13/SES131/SA131S29	SES125	-2.14386	-41.8836	-39.7397
BLOCK13/SES131/SA131S29	SES206	-1.51562	-41.2553	-39.7397
BLOCK13/SES132/SA132S11	SES083	-2.04002	-40.4433	-38.4033
BLOCK13/SES132/SA132S11	SES120	-0.299984	-38.7033	-38.4033
BLOCK13/SES132/SA132S11	SES127	-1.16995	-39.5733	-38.4033
BLOCK13/SES132/SA132S11	SES275	-1.19355	-39.5969	-38.4033
BLOCK13/SES132/SA132S12	SES083	-1.70079	-40.2136	-38.5128
BLOCK13/SES132/SA132S12	SES143	-1.75196	-40.2648	-38.5128
BLOCK13/SES132/SA132S12	SES144	-0.943714	-39.4565	-38.5128
BLOCK13/SES132/SA132S12	SES148	-1.34266	-39.8554	-38.5128
BLOCK13/SES132/SA132S22	SES062	-0.929516	-39.1231	-38.1936
BLOCK13/SES132/SA132S22	SES083	-1.46998	-39.6636	-38.1936
BLOCK13/SES132/SA132S22	SES127	-1.2201	-39.4137	-38.1936
BLOCK13/SES132/SA132S22	SES275	-0.822033	-39.0156	-38.1936
BLOCK13/SES132/SA132S24	SES007	-0.732761	-38.9172	-38.1845
BLOCK13/SES132/SA132S24	SES083	-1.60849	-39.793	-38.1845
BLOCK13/SES132/SA132S24	SES127	-1.894	-40.0785	-38.1845
BLOCK13/SES132/SA132S24	SES275	-0.839737	-39.0242	-38.1845
BLOCK13/SES132/SA132S27	SES083	-1.88595	-40.6186	-38.7327
BLOCK13/SES132/SA132S27	SES120	-0.270741	-39.0034	-38.7327
BLOCK13/SES132/SA132S27	SES127	-1.96012	-40.6928	-38.7327
BLOCK13/SES132/SA132S27	SES275	-1.40622	-40.1389	-38.7327
BLOCK14/SES141/SA141S09	SES143	-1.19858	-39.9194	-38.7208
BLOCK14/SES141/SA141S09	SES144	-0.874557	-39.5953	-38.7208
BLOCK14/SES141/SA141S09	SES162	-0.968819	-39.6896	-38.7208
BLOCK14/SES141/SA141S09	SES180	-1.02323	-39.744	-38.7208
BLOCK14/SES141/SA141S15	SES127	-1.23959	-39.9698	-38.7302
BLOCK14/SES141/SA141S15	SES144	-1.12117	-39.8513	-38.7302
BLOCK14/SES141/SA141S15	SES162	-1.3414	-40.0716	-38.7302
BLOCK14/SES141/SA141S15	SES180	-0.733421	-39.4636	-38.7302
BLOCK14/SES141/SA141S24	SES127	-1.07754	-39.6489	-38.5714
BLOCK14/SES141/SA141S24	SES144	-1.0342	-39.6056	-38.5714
BLOCK14/SES141/SA141S24	SES162	-1.0764	-39.6478	-38.5714
BLOCK14/SES141/SA141S24	SES183	-1.418	-39.9894	-38.5714
BLOCK14/SES141/SA141S26	SES142	-1.03967	-40.1465	-39.1069
BLOCK14/SES141/SA141S26	SES144	-1.13751	-40.2444	-39.1069
BLOCK14/SES141/SA141S26	SES172	-0.766956	-39.8738	-39.1069
BLOCK14/SES141/SA141S26	SES180	-0.94828	-40.0551	-39.1069
BLOCK14/SES141/SA141S29	SES127	-0.510643	-39.1251	-38.6145
BLOCK14/SES141/SA141S29	SES142	-0.333103	-38.9476	-38.6145
BLOCK14/SES141/SA141S29	SES144	-0.933826	-39.5483	-38.6145
BLOCK14/SES141/SA141S29	SES180	-0.553772	-39.1683	-38.6145
BLOCK15/SES157/SA157S08	SES083	-2.07817	-41.1291	-39.0509
BLOCK15/SES157/SA157S08	SES127	-1.3702	-40.4211	-39.0509
BLOCK15/SES157/SA157S08	SES148	-1.55009	-40.601	-39.0509
BLOCK15/SES157/SA157S08	SES292	-2.30508	-41.356	-39.0509
BLOCK15/SES157/SA157S11	SES083	-1.8874	-40.9219	-39.0345
BLOCK15/SES157/SA157S11	SES127	-1.34103	-40.3755	-39.0345
BLOCK15/SES157/SA157S11	SES148	-1.17177	-40.2062	-39.0345
BLOCK15/SES157/SA157S11	SES292	-2.0618	-41.0962	-39.0345
BLOCK15/SES157/SA157S21	SES127	-1.18846	-39.7468	-38.5584
BLOCK15/SES157/SA157S21	SES148	-0.585045	-39.1434	-38.5584
BLOCK15/SES157/SA157S21	SES158	-3.71356	-42.2719	-38.5584
BLOCK15/SES157/SA157S21	SES292	-1.46278	-40.0211	-38.5584
BLOCK15/SES157/SA157S24	SES127	-1.15223	-39.9485	-38.7962
BLOCK15/SES157/SA157S24	SES148	-1.29539	-40.0916	-38.7962
BLOCK15/SES157/SA157S24	SES183	-1.62845	-40.4247	-38.7962
BLOCK15/SES157/SA157S24	SES292	-2.14668	-40.9429	-38.7962
BLOCK15/SES157/SA157S26	SES007	-0.621078	-39.2631	-38.642
BLOCK15/SES157/SA157S26	SES127	-0.528667	-39.1707	-38.642
BLOCK15/SES157/SA157S26	SES147	-1.37118	-40.0132	-38.642
BLOCK15/SES157/SA157S26	SES148	-0.876595	-39.5186	-38.642
BLOCK16/SES161/SA161S10	SES007	-1.64063	-41.5768	-39.9362
BLOCK16/SES161/SA161S10	SES105	-1.42848	-41.3647	-39.9362
BLOCK16/SES161/SA161S10	SES158	-1.59927	-41.5355	-39.9362
BLOCK16/SES161/SA161S10	SES275	-1.51272	-41.4489	-39.9362
BLOCK16/SES161/SA161S12	SES007	-1.57711	-40.788	-39.2109
BLOCK16/SES161/SA161S12	SES105	-1.76124	-40.9721	-39.2109
BLOCK16/SES161/SA161S12	SES158	-1.23963	-40.4505	-39.2109
BLOCK16/SES161/SA161S12	SES275	-1.11356	-40.3245	-39.2109
BLOCK16/SES161/SA161S20	SES007	-1.76556	-42.1423	-40.3767
BLOCK16/SES161/SA161S20	SES105	-1.9176	-42.2943	-40.3767
BLOCK16/SES161/SA161S20	SES158	-1.55579	-41.9325	-40.3767
BLOCK16/SES161/SA161S20	SES275	-1.95045	-42.3272	-40.3767
BLOCK16/SES161/SA161S23	SES007	-1.50626	-40.5228	-39.0165
BLOCK16/SES161/SA161S23	SES105	-1.04332	-40.0598	-39.0165
BLOCK16/SES161/SA161S23	SES148	-2.12552	-41.142	-39.0165
BLOCK16/SES161/SA161S23	SES158	-1.24099	-40.2575	-39.0165
BLOCK16/SES161/SA161S28	SES007	-2.07827	-41.7202	-39.6419
BLOCK16/SES161/SA161S28	SES105	-2.44872	-42.0906	-39.6419
BLOCK16/SES161/SA161S28	SES158	-0.963108	-40.605	-39.6419
BLOCK16/SES161/SA161S28	SES206	-1.27532	-40.9172	-39.6419
BLOCK16/SES164/SA164S11	SES104	-1.89693	-40.834	-38.9371
BLOCK16/SES164/SA164S11	SES125	-0.996826	-39.9339	-38.9371
BLOCK16/SES164/SA164S11	SES158	-0.270081	-39.2072	-38.9371
BLOCK16/SES164/SA164S11	SES206	-1.65536	-40.5925	-38.9371
BLOCK16/SES164/SA164S13	SES099	-1.21206	-41.2487	-40.0366
BLOCK16/SES164/SA164S13	SES104	-2.25374	-42.2903	-40.0366
BLOCK16/SES164/SA164S13	SES125	-2.04393	-42.0805	-40.0366
BLOCK16/SES164/SA164S13	SES206	-1.6441	-41.6807	-40.0366
BLOCK16/SES164/SA164S24	SES002	-0.867149	-40.4174	-39.5502
BLOCK16/SES164/SA164S24	SES099	-0.768452	-40.3187	-39.5502
BLOCK16/SES164/SA164S24	SES125	-1.85381	-41.404	-39.5502
BLOCK16/SES164/SA164S24	SES226	-1.00886	-40.5591	-39.5502
BLOCK16/SES164/SA164S27	SES087	-2.3031	-42.0623	-39.7592
BLOCK16/SES164/SA164S27	SES125	-1.54803	-41.3073	-39.7592
BLOCK16/SES164/SA164S27	SES206	-1.50857	-41.2678	-39.7592
BLOCK16/SES164/SA164S27	SES226	-1.41438	-41.1736	-39.7592
BLOCK16/SES164/SA164S29	SES002	-0.362274	-40.0282	-39.6659
BLOCK16/SES164/SA164S29	SES019	-1.47146	-41.1374	-39.6659
BLOCK16/SES164/SA164S29	SES125	-1.24368	-40.9096	-39.6659
BLOCK16/SES164/SA164S29	SES226	-1.53345	-41.1994	-39.6659
BLOCK16/SES169/SA169S13	SES117	-1.12596	-40.1289	-39.0029
BLOCK16/SES169/SA169S13	SES144	-0.728954	-39.7318	-39.0029
BLOCK16/SES169/SA169S13	SES146	-1.20609	-40.209	-39.0029
BLOCK16/SES169/SA169S13	SES162	-1.12723	-40.1301	-39.0029
BLOCK16/SES169/SA169S14	SES144	-0.50584	-38.4554	-37.9495
BLOCK16/SES169/SA169S14	SES148	-1.03313	-38.9827	-37.9495
BLOCK16/SES169/SA169S14	SES177	-1.22271	-39.1722	-37.9495
BLOCK16/SES169/SA169S14	SES180	-1.39644	-39.346	-37.9495
BLOCK16/SES169/SA169S24	SES117	-0.739071	-40.2982	-39.5591
BLOCK16/SES169/SA169S24	SES144	-0.64513	-40.2042	-39.5591
BLOCK16/SES169/SA169S24	SES146	-0.964584	-40.5237	-39.5591
BLOCK16/SES169/SA169S24	SES162	-0.939598	-40.4987	-39.5591
BLOCK16/SES169/SA169S27	SES127	-1.1738	-39.9725	-38.7987
BLOCK16/SES169/SA169S27	SES129	-1.40065	-40.1994	-38.7987
BLOCK16/SES169/SA169S27	SES144	-0.840336	-39.639	-38.7987
BLOCK16/SES169/SA169S27	SES146	-0.591141	-39.3898	-38.7987
BLOCK16/SES169/SA169S29	SES144	-0.206032	-38.5312	-38.3252
BLOCK16/SES169/SA169S29	SES162	-0.460953	-38.7861	-38.3252
BLOCK16/SES169/SA169S29	SES177	-1.23704	-39.5622	-38.3252
BLOCK16/SES169/SA169S29	SES180	-0.874599	-39.1998	-38.3252
BLOCK17/SES171/SA171S12	SES083	-1.25962	-40.8498	-39.5901
BLOCK17/SES171/SA171S12	SES148	-1.78262	-41.3728	-39.5901
BLOCK17/SES171/SA171S12	SES172	-0.983879	-40.574	-39.5901
BLOCK17/SES171/SA171S12	SES292	-2.6109	-42.201	-39.5901
BLOCK17/SES171/SA171S15	SES148	-1.23322	-40.9111	-39.6779
BLOCK17/SES171/SA171S15	SES177	-1.02626	-40.7042	-39.6779
BLOCK17/SES171/SA171S15	SES180	-2.15676	-41.8347	-39.6779
BLOCK17/SES171/SA171S15	SES292	-2.16097	-41.8389	-39.6779
BLOCK17/SES171/SA171S22	SES007	-1.1333	-39.9265	-38.7932
BLOCK17/SES171/SA171S22	SES148	-1.18415	-39.9774	-38.7932
BLOCK17/SES171/SA171S22	SES177	-0.60775	-39.401	-38.7932
BLOCK17/SES171/SA171S22	SES180	-1.24336	-40.0366	-38.7932
BLOCK17/SES171/SA171S25	SES101	-1.43703	-40.9155	-39.4785
BLOCK17/SES171/SA171S25	SES120	-2.17971	-41.6582	-39.4785
BLOCK17/SES171/SA171S25	SES177	-0.908932	-40.3874	-39.4785
BLOCK17/SES171/SA171S25	SES180	-1.63935	-41.1178	-39.4785
BLOCK17/SES171/SA171S27	SES177	-0.908951	-40.1399	-39.231
BLOCK17/SES171/SA171S27	SES180	-1.81784	-41.0488	-39.231
BLOCK17/SES171/SA171S27	SES189	-0.884651	-40.1156	-39.231
BLOCK17/SES171/SA171S27	SES292	-2.05635	-41.2873	-39.231
BLOCK17/SES173/SA173S13	SES162	-2.21138	-41.8509	-39.6395
BLOCK17/SES173/SA173S13	SES177	-1.59457	-41.234	-39.6395
BLOCK17/SES173/SA173S13	SES180	-2.25406	-41.8935	-39.6395
BLOCK17/SES173/SA173S13	SES292	-1.19294	-40.8324	-39.6395
BLOCK17/SES173/SA173S14	SES007	-1.39492	-41.4766	-40.0817
BLOCK17/SES173/SA173S14	SES162	-1.87022	-41.9519	-40.0817
BLOCK17/SES173/SA173S14	SES177	-1.25383	-41.3355	-40.0817
BLOCK17/SES173/SA173S14	SES180	-2.26783	-42.3495	-40.0817
BLOCK17/SES173/SA173S24	SES144	-1.14504	-41.1542	-40.0092
BLOCK17/SES173/SA173S24	SES162	-2.21824	-42.2274	-40.0092
BLOCK17/SES173/SA173S24	SES177	-1.34134	-41.3505	-40.0092
BLOCK17/SES173/SA173S24	SES180	-2.18703	-42.1962	-40.0092
BLOCK17/SES173/SA173S27	SES162	-2.26945	-41.7877	-39.5182
BLOCK17/SES173/SA173S27	SES177	-1.42538	-40.9436	-39.5182
BLOCK17/SES173/SA173S27	SES180	-2.05684	-41.5751	-39.5182
BLOCK17/SES173/SA173S27	SES292	-1.4202	-40.9384	-39.5182
BLOCK17/SES173/SA173S29	SES162	-1.91138	-41.4934	-39.582
BLOCK17/SES173/SA173S29	SES175	-1.40005	-40.9821	-39.582
BLOCK17/SES173/SA173S29	SES177	-1.51856	-41.1006	-39.582
BLOCK17/SES173/SA173S29	SES292	-2.4331	-42.0151	-39.582
BLOCK18/SES182/SA182S10	SES144	-1.04154	-39.8866	-38.845
BLOCK18/SES182/SA182S10	SES177	-1.12043	-39.9655	-38.845
BLOCK18/SES182/SA182S10	SES180	-1.53977	-40.3848	-38.845
BLOCK18/SES182/SA182S10	SES275	-0.605186	-39.4502	-38.845
BLOCK18/SES182/SA182S12	SES144	0.00393295	-38.6338	-38.6377
BLOCK18/SES182/SA182S12	SES177	-0.598999	-39.2367	-38.6377
BLOCK18/SES182/SA182S12	SES180	-0.864929	-39.5026	-38.6377
BLOCK18/SES182/SA182S12	SES275	-0.530663	-39.1684	-38.6377
BLOCK18/SES182/SA182S21	SES117	-1.68498	-41.3657	-39.6807
BLOCK18/SES182/SA182S21	SES144	-0.98283	-40.6635	-39.6807
BLOCK18/SES182/SA182S21	SES162	-1.00581	-40.6865	-39.6807
BLOCK18/SES182/SA182S21	SES180	-1.9236	-41.6043	-39.6807
BLOCK18/SES182/SA182S23	SES117	-1.0784	-40.3238	-39.2454
BLOCK18/SES182/SA182S23	SES144	-0.902378	-40.1478	-39.2454
BLOCK18/SES182/SA182S23	SES180	-1.48588	-40.7313	-39.2454
BLOCK18/SES182/SA182S23	SES275	-0.247074	-39.4925	-39.2454
BLOCK18/SES182/SA182S25	SES007	-0.307602	-39.4769	-39.1693
BLOCK18/SES182/SA182S25	SES162	-0.783268	-39.9525	-39.1693
BLOCK18/SES182/SA182S25	SES177	-1.00333	-40.1726	-39.1693
BLOCK18/SES182/SA182S25	SES180	-1.47253	-40.6418	-39.1693
BLOCK18/SES184/SA184S12	SES177	-1.46797	-40.7541	-39.2861
BLOCK18/SES184/SA184S12	SES180	-1.58135	-40.8675	-39.2861
BLOCK18/SES184/SA184S12	SES189	-1.36142	-40.6476	-39.2861
BLOCK18/SES184/SA184S12	SES292	-0.974449	-40.2606	-39.2861
BLOCK18/SES184/SA184S13	SES101	-1.31369	-40.2052	-38.8915
BLOCK18/SES184/SA184S13	SES177	-0.975819	-39.8674	-38.8915
BLOCK18/SES184/SA184S13	SES180	-0.944721	-39.8363	-38.8915
BLOCK18/SES184/SA184S13	SES292	-1.38805	-40.2796	-38.8915
BLOCK18/SES184/SA184S22	SES177	-0.872478	-39.1336	-38.2611
BLOCK18/SES184/SA184S22	SES180	-0.335773	-38.5969	-38.2611
BLOCK18/SES184/SA184S22	SES189	-1.8083	-40.0694	-38.2611
BLOCK18/SES184/SA184S22	SES292	-1.30474	-39.5659	-38.2611
BLOCK18/SES184/SA184S25	SES101	-0.585529	-38.6379	-38.0524
BLOCK18/SES184/SA184S25	SES177	-1.07954	-39.132	-38.0524
BLOCK18/SES184/SA184S25	SES180	-0.4688	-38.5212	-38.0524
BLOCK18/SES184/SA184S25	SES292	-1.00546	-39.0579	-38.0524
BLOCK18/SES184/SA184S27	SES083	-1.28309	-39.9693	-38.6862
BLOCK18/SES184/SA184S27	SES177	-0.52364	-39.2099	-38.6862
BLOCK18/SES184/SA184S27	SES202	-0.536068	-39.2223	-38.6862
BLOCK18/SES184/SA184S27	SES292	-1.27519	-39.9614	-38.6862
BLOCK20/SES204/SA204S12	SES062	-0.968586	-39.4762	-38.5076
BLOCK20/SES204/SA204S12	SES083	-2.06469	-40.5723	-38.5076
BLOCK20/SES204/SA204S12	SES206	-0.661118	-39.1687	-38.5076
BLOCK20/SES204/SA204S12	SES226	-1.68831	-40.1959	-38.5076
BLOCK20/SES204/SA204S14	SES068	-1.43776	-39.0228	-37.585
BLOCK20/SES204/SA204S14	SES087	-0.7798	-38.3648	-37.585
BLOCK20/SES204/SA204S14	SES206	-0.997383	-38.5824	-37.585
BLOCK20/SES204/SA204S14	SES226	-2.08297	-39.668	-37.585
BLOCK20/SES204/SA204S22	SES068	-1.57734	-40.1371	-38.5598
BLOCK20/SES204/SA204S22	SES082	-3.05227	-41.6121	-38.5598
BLOCK20/SES204/SA204S22	SES083	-2.2672	-40.827	-38.5598
BLOCK20/SES204/SA204S22	SES206	-0.992435	-39.5522	-38.5598
BLOCK20/SES204/SA204S25	SES062	-2.28802	-41.0324	-38.7443
BLOCK20/SES204/SA204S25	SES083	-2.42138	-41.1657	-38.7443
BLOCK20/SES204/SA204S25	SES206	-0.822594	-39.5669	-38.7443
BLOCK20/SES204/SA204S25	SES226	-2.40284	-41.1472	-38.7443
BLOCK20/SES204/SA204S27	SES068	-1.93656	-40.92	-38.9834
BLOCK20/SES204/SA204S27	SES082	-2.85118	-41.8346	-38.9834
BLOCK20/SES204/SA204S27	SES087	-1.32386	-40.3073	-38.9834
BLOCK20/SES204/SA204S27	SES206	-0.986107	-39.9695	-38.9834
BLOCK20/SES207/SA207S10	SES127	-1.25315	-40.519	-39.2659
BLOCK20/SES207/SA207S10	SES183	-1.53115	-40.797	-39.2659
BLOCK20/SES207/SA207S10	SES189	-1.19974	-40.4656	-39.2659
BLOCK20/SES207/SA207S10	SES292	-1.78227	-41.0481	-39.2659
BLOCK20/SES207/SA207S11	SES127	-1.76385	-40.8511	-39.0873
BLOCK20/SES207/SA207S11	SES183	-1.38622	-40.4735	-39.0873
BLOCK20/SES207/SA207S11	SES187	-0.999454	-40.0867	-39.0873
BLOCK20/SES207/SA207S11	SES292	-1.3589	-40.4462	-39.0873
BLOCK20/SES207/SA207S25	SES068	-1.01202	-40.0259	-39.0138
BLOCK20/SES207/SA207S25	SES083	-1.5714	-40.5852	-39.0138
BLOCK20/SES207/SA207S25	SES127	-0.962044	-39.9759	-39.0138
BLOCK20/SES207/SA207S25	SES187	-0.593941	-39.6078	-39.0138
BLOCK20/SES207/SA207S27	SES127	-1.60897	-41.3895	-39.7806
BLOCK20/SES207/SA207S27	SES183	-0.993626	-40.7742	-39.7806
BLOCK20/SES207/SA207S27	SES187	-0.757713	-40.5383	-39.7806
BLOCK20/SES207/SA207S27	SES292	-1.60913	-41.3897	-39.7806
BLOCK20/SES207/SA207S29	SES083	-2.11193	-41.0956	-38.9837
BLOCK20/SES207/SA207S29	SES085	-1.27814	-40.2619	-38.9837
BLOCK20/SES207/SA207S29	SES172	-0.882942	-39.8667	-38.9837
BLOCK20/SES207/SA207S29	SES189	-1.53638	-40.5201	-38.9837
BLOCK22/SES221/SA221S12	SES068	-0.902203	-39.8036	-38.9014
BLOCK22/SES221/SA221S12	SES143	-1.7907	-40.6921	-38.9014
BLOCK22/SES221/SA221S12	SES175	-0.684963	-39.5864	-38.9014
BLOCK22/SES221/SA221S12	SES202	-0.809902	-39.7113	-38.9014
BLOCK22/SES221/SA221S15	SES085	-1.17066	-40.6091	-39.4384
BLOCK22/SES221/SA221S15	SES143	-2.38305	-41.8215	-39.4384
BLOCK22/SES221/SA221S15	SES175	-0.92939	-40.3678	-39.4384
BLOCK22/SES221/SA221S15	SES187	-1.14594	-40.5844	-39.4384
BLOCK22/SES221/SA221S23	SES068	-0.757984	-39.5215	-38.7635
BLOCK22/SES221/SA221S23	SES143	-1.62125	-40.3848	-38.7635
BLOCK22/SES221/SA221S23	SES175	-0.253296	-39.0168	-38.7635
BLOCK22/SES221/SA221S23	SES189	-0.539364	-39.3029	-38.7635
BLOCK22/SES221/SA221S27	SES085	-0.604969	-39.2965	-38.6916
BLOCK22/SES221/SA221S27	SES143	-1.47758	-40.1692	-38.6916
BLOCK22/SES221/SA221S27	SES175	-0.337223	-39.0288	-38.6916
BLOCK22/SES221/SA221S27	SES189	0.169983	-38.5216	-38.6916
BLOCK22/SES221/SA221S29	SES085	-0.921341	-40.2411	-39.3198
BLOCK22/SES221/SA221S29	SES143	-1.43506	-40.7548	-39.3198
BLOCK22/SES221/SA221S29	SES175	-0.635281	-39.9551	-39.3198
BLOCK22/SES221/SA221S29	SES187	-1.15707	-40.4769	-39.3198
BLOCK22/SES223/SA223S11	SES143	-1.21767	-40.5747	-39.357
BLOCK22/SES223/SA223S11	SES144	-2.03239	-41.3894	-39.357
BLOCK22/SES223/SA223S11	SES175	-0.697994	-40.055	-39.357
BLOCK22/SES223/SA223S11	SES187	-1.40291	-40.7599	-39.357
BLOCK22/SES223/SA223S13	SES068	-1.10269	-41.281	-40.1783
BLOCK22/SES223/SA223S13	SES143	-1.83612	-42.0144	-40.1783
BLOCK22/SES223/SA223S13	SES146	-2.32746	-42.5058	-40.1783
BLOCK22/SES223/SA223S13	SES202	-1.18273	-41.361	-40.1783
BLOCK22/SES223/SA223S22	SES143	-1.14137	-40.6115	-39.4702
BLOCK22/SES223/SA223S22	SES144	-1.64425	-41.1144	-39.4702
BLOCK22/SES223/SA223S22	SES175	-0.607132	-40.0773	-39.4702
BLOCK22/SES223/SA223S22	SES187	-0.99622	-40.4664	-39.4702
BLOCK22/SES223/SA223S25	SES068	-0.680363	-40.0519	-39.3715
BLOCK22/SES223/SA223S25	SES143	-1.22207	-40.5936	-39.3715
BLOCK22/SES223/SA223S25	SES175	-0.391201	-39.7627	-39.3715
BLOCK22/SES223/SA223S25	SES187	-0.874306	-40.2458	-39.3715
BLOCK22/SES223/SA223S27	SES143	-0.845909	-40.3271	-39.4812
BLOCK22/SES223/SA223S27	SES146	-1.17842	-40.6597	-39.4812
BLOCK22/SES223/SA223S27	SES187	-1.03823	-40.5195	-39.4812
BLOCK22/SES223/SA223S27	SES292	-0.787968	-40.2692	-39.4812
BLOCK27/SES273/SA273S12	SES099	-0.432964	-38.0422	-37.6092
BLOCK27/SES273/SA273S12	SES104	-0.764763	-38.374	-37.6092
BLOCK27/SES273/SA273S12	SES125	-1.08826	-38.6975	-37.6092
BLOCK27/SES273/SA273S12	SES206	-0.516129	-38.1254	-37.6092
BLOCK27/SES273/SA273S13	SES099	-0.836243	-38.4032	-37.567
BLOCK27/SES273/SA273S13	SES104	-1.23114	-38.7981	-37.567
BLOCK27/SES273/SA273S13	SES206	-0.969894	-38.5369	-37.567
BLOCK27/SES273/SA273S13	SES292	-1.45829	-39.0253	-37.567
BLOCK27/SES273/SA273S21	SES099	-0.395847	-38.3513	-37.9554
BLOCK27/SES273/SA273S21	SES148	-2.47821	-40.4337	-37.9554
BLOCK27/SES273/SA273S21	SES149	-1.95241	-39.9079	-37.9554
BLOCK27/SES273/SA273S21	SES177	-2.00418	-39.9596	-37.9554
BLOCK27/SES273/SA273S25	SES104	-0.984909	-39.2398	-38.2549
BLOCK27/SES273/SA273S25	SES125	-1.46198	-39.7169	-38.2549
BLOCK27/SES273/SA273S25	SES158	-0.392956	-38.6479	-38.2549
BLOCK27/SES273/SA273S25	SES206	-0.528877	-38.7838	-38.2549
BLOCK27/SES273/SA273S27	SES099	-0.47364	-38.2462	-37.7725
BLOCK27/SES273/SA273S27	SES104	-1.03207	-38.8046	-37.7725
BLOCK27/SES273/SA273S27	SES149	-1.10538	-38.8779	-37.7725
BLOCK27/SES273/SA273S27	SES275	-1.14978	-38.9223	-37.7725
BLOCK27/SES274/SA274S10	SES105	-1.28658	-39.1143	-37.8277
BLOCK27/SES274/SA274S10	SES125	-1.66722	-39.4949	-37.8277
BLOCK27/SES274/SA274S10	SES129	-0.983395	-38.8111	-37.8277
BLOCK27/SES274/SA274S10	SES158	-1.59752	-39.4252	-37.8277
BLOCK27/SES274/SA274S11	SES105	-1.24912	-39.1979	-37.9488
BLOCK27/SES274/SA274S11	SES149	-1.45238	-39.4011	-37.9488
BLOCK27/SES274/SA274S11	SES158	-1.21354	-39.1623	-37.9488
BLOCK27/SES274/SA274S11	SES275	-0.458313	-38.4071	-37.9488
BLOCK27/SES274/SA274S21	SES105	-1.10138	-39.2185	-38.1171
BLOCK27/SES274/SA274S21	SES129	-0.755627	-38.8728	-38.1171
BLOCK27/SES274/SA274S21	SES149	-1.69945	-39.8166	-38.1171
BLOCK27/SES274/SA274S21	SES158	-2.10569	-40.2228	-38.1171
BLOCK27/SES274/SA274S24	SES105	-1.19968	-39.0748	-37.8751
BLOCK27/SES274/SA274S24	SES129	-0.870686	-38.7458	-37.8751
BLOCK27/SES274/SA274S24	SES149	-2.04391	-39.919	-37.8751
BLOCK27/SES274/SA274S24	SES158	-2.57508	-40.4502	-37.8751
BLOCK27/SES274/SA274S29	SES105	-1.48102	-39.4218	-37.9407
BLOCK27/SES274/SA274S29	SES106	-1.75061	-39.6913	-37.9407
BLOCK27/SES274/SA274S29	SES120	-1.18083	-39.1216	-37.9407
BLOCK27/SES274/SA274S29	SES275	-0.710655	-38.6514	-37.9407
BLOCK27/SES276/SA276S16	SES148	-1.5797	-40.3575	-38.7778
BLOCK27/SES276/SA276S16	SES172	-1.33887	-40.1167	-38.7778
BLOCK27/SES276/SA276S16	SES180	-1.79774	-40.5756	-38.7778
BLOCK27/SES276/SA276S16	SES292	-1.48175	-40.2596	-38.7778
BLOCK27/SES276/SA276S17	SES101	-1.24497	-40.0397	-38.7948
BLOCK27/SES276/SA276S17	SES177	-1.02623	-39.821	-38.7948
BLOCK27/SES276/SA276S17	SES180	-1.07258	-39.8673	-38.7948
BLOCK27/SES276/SA276S17	SES292	-1.61271	-40.4075	-38.7948
BLOCK27/SES276/SA276S24	SES101	-0.511909	-38.4686	-37.9567
BLOCK27/SES276/SA276S24	SES177	-0.855068	-38.8117	-37.9567
BLOCK27/SES276/SA276S24	SES180	-1.1059	-39.0626	-37.9567
BLOCK27/SES276/SA276S24	SES292	-1.78046	-39.7371	-37.9567
BLOCK27/SES276/SA276S26	SES101	-1.38366	-39.6423	-38.2586
BLOCK27/SES276/SA276S26	SES177	-1.0964	-39.355	-38.2586
BLOCK27/SES276/SA276S26	SES180	-0.662479	-38.9211	-38.2586
BLOCK27/SES276/SA276S26	SES292	-0.7108	-38.9694	-38.2586
BLOCK27/SES276/SA276S28	SES101	-0.975254	-39.3945	-38.4192
BLOCK27/SES276/SA276S28	SES177	-1.36761	-39.7868	-38.4192
BLOCK27/SES276/SA276S28	SES180	-0.727299	-39.1465	-38.4192
BLOCK27/SES276/SA276S28	SES292	-0.913242	-39.3325	-38.4192
BLOCK27/SES277/SA277S12	SES101	-0.971844	-40.1165	-39.1446
BLOCK27/SES277/SA277S12	SES177	-1.26575	-40.4104	-39.1446
BLOCK27/SES277/SA277S12	SES180	-1.58593	-40.7306	-39.1446
BLOCK27/SES277/SA277S12	SES292	-2.13692	-41.2815	-39.1446
BLOCK27/SES277/SA277S14	SES177	-0.840214	-40.449	-39.6087
BLOCK27/SES277/SA277S14	SES180	-1.69254	-41.3013	-39.6087
BLOCK27/SES277/SA277S14	SES189	-0.748287	-40.357	-39.6087
BLOCK27/SES277/SA277S14	SES292	-2.216	-41.8247	-39.6087
BLOCK27/SES277/SA277S21	SES177	-0.530861	-39.2202	-38.6893
BLOCK27/SES277/SA277S21	SES180	-1.41178	-40.1011	-38.6893
BLOCK27/SES277/SA277S21	SES189	-0.749046	-39.4384	-38.6893
BLOCK27/SES277/SA277S21	SES292	-1.98207	-40.6714	-38.6893
BLOCK27/SES277/SA277S24	SES144	-0.74963	-40.3195	-39.5698
BLOCK27/SES277/SA277S24	SES177	-0.943947	-40.5138	-39.5698
BLOCK27/SES277/SA277S24	SES180	-1.62331	-41.1931	-39.5698
BLOCK27/SES277/SA277S24	SES189	-0.74469	-40.3145	-39.5698
BLOCK27/SES277/SA277S29	SES177	-0.672455	-38.6862	-38.0137
BLOCK27/SES277/SA277S29	SES180	-0.675648	-38.6894	-38.0137
BLOCK27/SES277/SA277S29	SES202	-0.855801	-38.8695	-38.0137
BLOCK27/SES277/SA277S29	SES292	-1.72041	-39.7341	-38.0137
BLOCK27/SES279/SA279S09	SES120	-1.12543	-39.4089	-38.2835
BLOCK27/SES279/SA279S09	SES146	-1.34377	-39.6273	-38.2835
BLOCK27/SES279/SA279S09	SES206	-1.16871	-39.4522	-38.2835
BLOCK27/SES279/SA279S09	SES226	-1.80044	-40.084	-38.2835
BLOCK27/SES279/SA279S10	SES099	-0.735531	-38.9821	-38.2466
BLOCK27/SES279/SA279S10	SES206	-0.904896	-39.1515	-38.2466
BLOCK27/SES279/SA279S10	SES226	-1.8689	-40.1155	-38.2466
BLOCK27/SES279/SA279S10	SES292	-1.03529	-39.2819	-38.2466
BLOCK27/SES279/SA279S20	SES099	-1.30315	-39.9976	-38.6945
BLOCK27/SES279/SA279S20	SES206	-0.610626	-39.3051	-38.6945
BLOCK27/SES279/SA279S20	SES226	-2.25553	-40.95	-38.6945
BLOCK27/SES279/SA279S20	SES292	-0.702698	-39.3972	-38.6945
BLOCK27/SES279/SA279S26	SES099	-0.991566	-39.2608	-38.2693
BLOCK27/SES279/SA279S26	SES206	-0.369389	-38.6387	-38.2693
BLOCK27/SES279/SA279S26	SES226	-1.39111	-39.6604	-38.2693
BLOCK27/SES279/SA279S26	SES292	-1.11352	-39.3828	-38.2693
BLOCK27/SES279/SA279S28	SES099	-0.831768	-38.1297	-37.2979
BLOCK27/SES279/SA279S28	SES120	-1.01439	-38.3123	-37.2979
BLOCK27/SES279/SA279S28	SES177	-1.59274	-38.8907	-37.2979
BLOCK27/SES279/SA279S28	SES206	-0.716686	-38.0146	-37.2979
BLOCK29/SES290/SA290S12	SES162	-0.893654	-39.2413	-38.3476
BLOCK29/SES290/SA290S12	SES177	-1.18101	-39.5286	-38.3476
BLOCK29/SES290/SA290S12	SES180	-1.40644	-39.754	-38.3476
BLOCK29/SES290/SA290S12	SES292	-2.03296	-40.3806	-38.3476
BLOCK29/SES290/SA290S13	SES007	-1.57491	-40.2269	-38.652
BLOCK29/SES290/SA290S13	SES162	-1.90419	-40.5562	-38.652
BLOCK29/SES290/SA290S13	SES177	-0.986614	-39.6386	-38.652
BLOCK29/SES290/SA290S13	SES180	-1.41762	-40.0696	-38.652
BLOCK29/SES290/SA290S22	SES177	-0.897003	-39.1582	-38.2612
BLOCK29/SES290/SA290S22	SES180	-0.821323	-39.0826	-38.2612
BLOCK29/SES290/SA290S22	SES202	-0.835655	-39.0969	-38.2612
BLOCK29/SES290/SA290S22	SES292	-1.39511	-39.6563	-38.2612
BLOCK29/SES290/SA290S25	SES162	-0.920765	-39.0352	-38.1145
BLOCK29/SES290/SA290S25	SES177	-0.623272	-38.7377	-38.1145
BLOCK29/SES290/SA290S25	SES180	-0.871853	-38.9863	-38.1145
BLOCK29/SES290/SA290S25	SES292	-0.992661	-39.1071	-38.1145
BLOCK29/SES290/SA290S29	SES177	-0.323509	-38.6489	-38.3254
BLOCK29/SES290/SA290S29	SES180	-0.523144	-38.8485	-38.3254
BLOCK29/SES290/SA290S29	SES275	-1.17314	-39.4985	-38.3254
BLOCK29/SES290/SA290S29	SES292	-0.815315	-39.1407	-38.3254
BLOCK29/SES291/SA291S11	SES105	-2.57191	-41.5338	-38.9619
BLOCK29/SES291/SA291S11	SES125	-1.50092	-40.4628	-38.9619
BLOCK29/SES291/SA291S11	SES158	-1.06362	-40.0255	-38.9619
BLOCK29/SES291/SA291S11	SES275	-1.88319	-40.8451	-38.9619
BLOCK29/SES291/SA291S12	SES158	-0.118568	-38.6424	-38.5238
BLOCK29/SES291/SA291S12	SES226	-1.13212	-39.6559	-38.5238
BLOCK29/SES291/SA291S12	SES270	-0.37434	-38.8982	-38.5238
BLOCK29/SES291/SA291S12	SES275	-2.7898	-41.3136	-38.5238
BLOCK29/SES291/SA291S22	SES082	-1.21749	-39.5607	-38.3432
BLOCK29/SES291/SA291S22	SES158	-0.971474	-39.3146	-38.3432
BLOCK29/SES291/SA291S22	SES259	-1.31623	-39.6594	-38.3432
BLOCK29/SES291/SA291S22	SES275	-2.0074	-40.3506	-38.3432
BLOCK29/SES291/SA291S24	SES104	-0.469509	-38.2907	-37.8212
BLOCK29/SES291/SA291S24	SES125	-0.67329	-38.4945	-37.8212
BLOCK29/SES291/SA291S24	SES158	-0.690514	-38.5117	-37.8212
BLOCK29/SES291/SA291S24	SES275	-2.12295	-39.9441	-37.8212
BLOCK29/SES291/SA291S27	SES158	-0.180004	-38.2789	-38.0989
BLOCK29/SES291/SA291S27	SES172	-2.80589	-40.9047	-38.0989
BLOCK29/SES291/SA291S27	SES275	-2.4169	-40.5158	-38.0989
BLOCK29/SES291/SA291S27	SES292	-1.66017	-39.759	-38.0989
Threshold search:
THR	-3.93195642344	9	0(0)	1(1000)
THR	-3.8677219592056	8.991	0(0)	0.999(999)
THR	-3.8034874949712	8.991	0(0)	0.999(999)
THR	-3.7392530307368	8.982	0(0)	0.998(998)
THR	-3.6750185665024	8.973	0(0)	0.997(997)
THR	-3.610784102268	8.973	0(0)	0.997(997)
THR	-3.5465496380336	8.973	0(0)	0.997(997)
THR	-3.4823151737992	8.973	0(0)	0.997(997)
THR	-3.4180807095648	8.973	0(0)	0.997(997)
THR	-3.3538462453304	8.973	0(0)	0.997(997)
THR	-3.289611781096	8.964	0(0)	0.996(996)
THR	-3.2253773168616	8.964	0(0)	0.996(996)
THR	-3.1611428526272	8.955	0(0)	0.995(995)
THR	-3.0969083883928	8.955	0(0)	0.995(995)
THR	-3.0326739241584	8.919	0(0)	0.991(991)
THR	-2.968439459924	8.919	0(0)	0.991(991)
THR	-2.9042049956896	8.91	0(0)	0.99(990)
THR	-2.8399705314552	8.865	0(0)	0.985(985)
THR	-2.7757360672208	8.838	0(0)	0.982(982)
THR	-2.7115016029864	8.802	0(0)	0.978(978)
THR	-2.647267138752	8.766	0(0)	0.974(974)
THR	-2.5830326745176	8.73	0(0)	0.97(970)
THR	-2.5187982102832	8.703	0(0)	0.967(967)
THR	-2.4545637460488	8.658	0(0)	0.962(962)
THR	-2.3903292818144	8.55	0(0)	0.95(950)
THR	-2.32609481758	8.505	0(0)	0.945(945)
THR	-2.2618603533456	8.397	0(0)	0.933(933)
THR	-2.1976258891112	8.28	0(0)	0.92(920)
THR	-2.1333914248768	8.19	0(0)	0.91(910)
THR	-2.0691569606424	8.01	0(0)	0.89(890)
THR	-2.004922496408	7.839	0(0)	0.871(871)
THR	-1.9406880321736	7.731	0(0)	0.859(859)
THR	-1.8764535679392	7.515	0(0)	0.835(835)
THR	-1.8122191037048	7.344	0(0)	0.816(816)
THR	-1.7479846394704	7.029	0(0)	0.781(781)
THR	-1.683750175236	6.867	0(0)	0.763(763)
THR	-1.6195157110016	6.633	0(0)	0.737(737)
THR	-1.5552812467672	6.354	0(0)	0.706(706)
THR	-1.4910467825328	6.093	0(0)	0.677(677)
THR	-1.4268123182984	5.733	0(0)	0.637(637)
THR	-1.362577854064	5.373	0(0)	0.597(597)
THR	-1.2983433898296	5.013	0(0)	0.557(557)
THR	-1.2341089255952	4.671	0(0)	0.519(519)
THR	-1.1698744613608	4.248	0(0)	0.472(472)
THR	-1.1056399971264	3.888	0(0)	0.432(432)
THR	-1.041405532892	3.636	0(0)	0.404(404)
THR	-0.977171068657596	3.141	0(0)	0.349(349)
THR	-0.912936604423196	2.826	0(0)	0.314(314)
THR	-0.848702140188796	2.403	0(0)	0.267(267)
THR	-0.784467675954396	2.07	0(0)	0.23(230)
THR	-0.720233211719997	1.719	0(0)	0.191(191)
THR	-0.655998747485597	1.476	0(0)	0.164(164)
THR	-0.591764283251197	1.188	0(0)	0.132(132)
THR	-0.527529819016797	0.963	0(0)	0.107(107)
THR	-0.463295354782397	0.72	0(0)	0.08(80)
THR	-0.399060890547997	0.54	0(0)	0.06(60)
THR	-0.334826426313597	0.36	0(0)	0.04(40)
THR	-0.270591962079197	0.261	0(0)	0.029(29)
THR	-0.206357497844797	0.148	0.004(1)	0.016(16)
THR	-0.142123033610397	0.142	0.016(4)	0.014(14)
THR	-0.0778885693759968	0.119	0.02(5)	0.011(11)
THR	-0.0136541051415968	0.108	0.036(9)	0.008(8)
THR	0.0505803590928032	0.075	0.048(12)	0.003(3)
THR	0.114814823327203	0.065	0.056(14)	0.001(1)
THR	0.179049287561603	0.084	0.084(21)	0(0)
THR	0.243283751796003	0.108	0.108(27)	0(0)
THR	0.307518216030403	0.144	0.144(36)	0(0)
THR	0.371752680264803	0.176	0.176(44)	0(0)
THR	0.435987144499203	0.212	0.212(53)	0(0)
THR	0.500221608733603	0.272	0.272(68)	0(0)
THR	0.564456072968003	0.324	0.324(81)	0(0)
THR	0.628690537202403	0.408	0.408(102)	0(0)
THR	0.692925001436803	0.452	0.452(113)	0(0)
THR	0.757159465671203	0.512	0.512(128)	0(0)
THR	0.821393929905603	0.56	0.56(140)	0(0)
THR	0.885628394140003	0.628	0.628(157)	0(0)
THR	0.949862858374403	0.664	0.664(166)	0(0)
THR	1.0140973226088	0.72	0.72(180)	0(0)
THR	1.0783317868432	0.776	0.776(194)	0(0)
THR	1.1425662510776	0.804	0.804(201)	0(0)
THR	1.206800715312	0.84	0.84(210)	0(0)
THR	1.2710351795464	0.864	0.864(216)	0(0)
THR	1.3352696437808	0.888	0.888(222)	0(0)
THR	1.3995041080152	0.908	0.908(227)	0(0)
THR	1.4637385722496	0.924	0.924(231)	0(0)
THR	1.527973036484	0.94	0.94(235)	0(0)
THR	1.5922075007184	0.948	0.948(237)	0(0)
THR	1.6564419649528	0.96	0.96(240)	0(0)
THR	1.7206764291872	0.976	0.976(244)	0(0)
THR	1.7849108934216	0.98	0.98(245)	0(0)
THR	1.849145357656	0.98	0.98(245)	0(0)
THR	1.9133798218904	0.984	0.984(246)	0(0)
THR	1.9776142861248	0.984	0.984(246)	0(0)
THR	2.0418487503592	0.984	0.984(246)	0(0)
THR	2.1060832145936	0.992	0.992(248)	0(0)
THR	2.170317678828	0.992	0.992(248)	0(0)
THR	2.2345521430624	0.992	0.992(248)	0(0)
THR	2.2987866072968	0.992	0.992(248)	0(0)
THR	2.3630210715312	0.996	0.996(249)	0(0)
THR	2.4272555357656	0.996	0.996(249)	0(0)
THR	2.49149	1	1(250)	0(0)


==============================================
THR: 0.114814823327203
Missed:     14/250=0.0560
FalseAlarm: 1/1000=0.0010
----------------------------------------------
==> CostDetection: 6.5
==============================================
