BLOCK00/SES002/SA002S12	SES002	0.588329	-5.66955	-6.25788
BLOCK00/SES002/SA002S13	SES002	0.947238	-6.46064	-7.40788
BLOCK00/SES002/SA002S23	SES002	0.00695801	-6.26395	-6.27091
BLOCK00/SES002/SA002S26	SES002	0.0779247	-8.10002	-8.17795
BLOCK00/SES002/SA002S28	SES002	-0.963322	-8.58138	-7.61805
BLOCK00/SES007/SA007S14	SES007	1.03058	-4.85822	-5.8888
BLOCK00/SES007/SA007S15	SES007	0.523252	-6.05252	-6.57577
BLOCK00/SES007/SA007S24	SES007	0.430079	-5.38496	-5.81504
BLOCK00/SES007/SA007S27	SES007	-0.310485	-7.73779	-7.42731
BLOCK00/SES007/SA007S29	SES007	-0.119796	-5.64249	-5.52269
BLOCK00/SES008/SA008S11	SES008	1.11145	-4.01207	-5.12352
BLOCK00/SES008/SA008S12	SES008	0.194953	-4.85587	-5.05083
BLOCK00/SES008/SA008S19	SES008	1.65663	-4.13227	-5.7889
BLOCK00/SES008/SA008S22	SES008	0.406456	-5.70933	-6.11579
BLOCK00/SES008/SA008S29	SES008	1.26581	-3.61705	-4.88286
BLOCK01/SES014/SA014S10	SES014	0.282221	-5.94857	-6.23079
BLOCK01/SES014/SA014S12	SES014	1.18542	-5.0563	-6.24171
BLOCK01/SES014/SA014S24	SES014	0.980474	-5.20784	-6.18832
BLOCK01/SES014/SA014S26	SES014	0.836136	-5.86804	-6.70417
BLOCK01/SES014/SA014S28	SES014	1.83793	-3.87163	-5.70956
BLOCK01/SES016/SA016S12	SES016	0.486748	-8.30635	-8.7931
BLOCK01/SES016/SA016S13	SES016	0.745568	-6.13708	-6.88265
BLOCK01/SES016/SA016S22	SES016	0.280062	-6.81285	-7.09292
BLOCK01/SES016/SA016S25	SES016	1.18692	-4.19931	-5.38623
BLOCK01/SES016/SA016S27	SES016	0.839483	-6.24938	-7.08887
BLOCK01/SES019/SA019S13	SES019	2.25795	-4.96729	-7.22523
BLOCK01/SES019/SA019S14	SES019	1.36422	-6.09571	-7.45993
BLOCK01/SES019/SA019S22	SES019	2.07867	-4.23214	-6.31081
BLOCK01/SES019/SA019S25	SES019	1.04791	-6.18424	-7.23215
BLOCK01/SES019/SA019S29	SES019	2.68847	-6.38345	-9.07192
BLOCK02/SES029/SA029S11	SES029	0.870492	-4.65105	-5.52154
BLOCK02/SES029/SA029S12	SES029	-0.518877	-6.1422	-5.62332
BLOCK02/SES029/SA029S20	SES029	0.478057	-4.41893	-4.89699
BLOCK02/SES029/SA029S25	SES029	-0.0419984	-6.11964	-6.07764
BLOCK02/SES029/SA029S28	SES029	0.06675	-5.75491	-5.82166
BLOCK04/SES042/SA042S12	SES042	1.59889	-4.90289	-6.50179
BLOCK04/SES042/SA042S15	SES042	1.06969	-5.78084	-6.85053
BLOCK04/SES042/SA042S22	SES042	2.4452	-7.47285	-9.91805
BLOCK04/SES042/SA042S25	SES042	1.12198	-7.84911	-8.97109
BLOCK04/SES042/SA042S27	SES042	2.30871	-7.09219	-9.4009
BLOCK04/SES048/SA048S11	SES048	0.812136	-4.15303	-4.96517
BLOCK04/SES048/SA048S12	SES048	0.153426	-6.38716	-6.54058
BLOCK04/SES048/SA048S20	SES048	0.334877	-5.15574	-5.49062
BLOCK04/SES048/SA048S23	SES048	0.95521	-4.54341	-5.49862
BLOCK04/SES048/SA048S27	SES048	-0.25713	-6.32491	-6.06778
BLOCK06/SES060/SA060S11	SES060	1.21995	-5.40714	-6.62709
BLOCK06/SES060/SA060S12	SES060	0.283683	-8.25898	-8.54266
BLOCK06/SES060/SA060S22	SES060	-1.28922	-8.89354	-7.60432
BLOCK06/SES060/SA060S24	SES060	0.635105	-4.13736	-4.77246
BLOCK06/SES060/SA060S28	SES060	0.223082	-3.77256	-3.99564
BLOCK06/SES062/SA062S10	SES062	-0.139743	-5.68298	-5.54324
BLOCK06/SES062/SA062S11	SES062	0.755747	-7.39634	-8.15208
BLOCK06/SES062/SA062S21	SES062	0.651468	-3.14545	-3.79692
BLOCK06/SES062/SA062S26	SES062	0.197029	-5.71329	-5.91032
BLOCK06/SES062/SA062S29	SES062	1.07714	-3.76585	-4.84299
BLOCK06/SES068/SA068S14	SES068	0.113969	-5.93638	-6.05035
BLOCK06/SES068/SA068S15	SES068	0.782825	-5.59385	-6.37668
BLOCK06/SES068/SA068S23	SES068	-0.034956	-6.09114	-6.05618
BLOCK06/SES068/SA068S27	SES068	1.39505	-4.65029	-6.04534
BLOCK06/SES068/SA068S29	SES068	0.273071	-6.07388	-6.34695
BLOCK08/SES082/SA082S12	SES082	-0.417012	-6.80318	-6.38617
BLOCK08/SES082/SA082S14	SES082	0.0529342	-6.46569	-6.51862
BLOCK08/SES082/SA082S21	SES082	-0.193993	-6.11678	-5.92279
BLOCK08/SES082/SA082S24	SES082	-0.0233469	-7.34809	-7.32474
BLOCK08/SES082/SA082S28	SES082	-0.285934	-6.93007	-6.64414
BLOCK08/SES083/SA083S14	SES083	-0.142086	-5.1138	-4.97171
BLOCK08/SES083/SA083S15	SES083	-0.102677	-6.27392	-6.17124
BLOCK08/SES083/SA083S24	SES083	0.0282121	-6.19446	-6.22267
BLOCK08/SES083/SA083S26	SES083	-0.648603	-7.80002	-7.15142
BLOCK08/SES083/SA083S29	SES083	-0.50948	-6.91453	-6.40505
BLOCK08/SES085/SA085S10	SES085	0.926055	-4.45345	-5.3795
BLOCK08/SES085/SA085S13	SES085	-1.24944	-8.48355	-7.23411
BLOCK08/SES085/SA085S22	SES085	0.777843	-4.78004	-5.55788
BLOCK08/SES085/SA085S26	SES085	0.334112	-6.64192	-6.97603
BLOCK08/SES085/SA085S28	SES085	0.650537	-5.16948	-5.82001
BLOCK08/SES087/SA087S15	SES087	0.549749	-6.586	-7.13575
BLOCK08/SES087/SA087S16	SES087	0.790517	-5.7599	-6.55042
BLOCK08/SES087/SA087S24	SES087	0.313345	-8.17523	-8.48858
BLOCK08/SES087/SA087S26	SES087	-0.0335894	-6.28761	-6.25402
BLOCK08/SES087/SA087S29	SES087	1.23392	-4.54429	-5.77822
BLOCK09/SES099/SA099S15	SES099	0.967543	-6.5283	-7.49585
BLOCK09/SES099/SA099S16	SES099	0.817049	-4.5325	-5.34955
BLOCK09/SES099/SA099S24	SES099	0.672322	-5.5892	-6.26153
BLOCK09/SES099/SA099S26	SES099	0.932556	-6.01286	-6.94542
BLOCK09/SES099/SA099S29	SES099	1.24704	-5.93959	-7.18663
BLOCK10/SES101/SA101S11	SES101	-0.113643	-6.06575	-5.9521
BLOCK10/SES101/SA101S13	SES101	0.925502	-2.48106	-3.40656
BLOCK10/SES101/SA101S22	SES101	0.676255	-6.49067	-7.16693
BLOCK10/SES101/SA101S24	SES101	0.740357	-5.1438	-5.88415
BLOCK10/SES101/SA101S28	SES101	0.904179	-5.40121	-6.30539
BLOCK10/SES104/SA104S11	SES104	0.550399	-4.99863	-5.54903
BLOCK10/SES104/SA104S12	SES104	-0.055367	-6.41826	-6.36289
BLOCK10/SES104/SA104S21	SES104	0.573802	-6.01727	-6.59107
BLOCK10/SES104/SA104S24	SES104	-0.552958	-8.23702	-7.68406
BLOCK10/SES104/SA104S28	SES104	0.373505	-8.03826	-8.41176
BLOCK10/SES105/SA105S12	SES105	0.907027	-6.89227	-7.79929
BLOCK10/SES105/SA105S13	SES105	-0.0166073	-6.44954	-6.43293
BLOCK10/SES105/SA105S22	SES105	0.162556	-6.872	-7.03455
BLOCK10/SES105/SA105S26	SES105	0.12187	-7.20606	-7.32792
BLOCK10/SES105/SA105S29	SES105	1.26369	-4.34495	-5.60864
BLOCK10/SES106/SA106S09	SES106	0.640418	-7.28405	-7.92447
BLOCK10/SES106/SA106S11	SES106	0.866181	-5.16718	-6.03336
BLOCK10/SES106/SA106S22	SES106	1.85186	-6.74801	-8.59987
BLOCK10/SES106/SA106S27	SES106	0.856283	-5.04041	-5.89669
BLOCK10/SES106/SA106S29	SES106	0.927774	-5.33601	-6.26378
BLOCK11/SES117/SA117S12	SES117	-0.0892119	-7.12379	-7.03458
BLOCK11/SES117/SA117S13	SES117	-0.0358982	-6.58888	-6.55298
BLOCK11/SES117/SA117S23	SES117	0.931569	-8.23614	-9.16771
BLOCK11/SES117/SA117S25	SES117	0.643679	-6.20002	-6.8437
BLOCK11/SES117/SA117S28	SES117	0.762714	-7.54833	-8.31105
BLOCK12/SES120/SA120S08	SES120	0.319308	-8.5177	-8.83701
BLOCK12/SES120/SA120S11	SES120	-0.551064	-11.7696	-11.2185
BLOCK12/SES120/SA120S22	SES120	-0.283035	-6.31128	-6.02824
BLOCK12/SES120/SA120S24	SES120	0.631523	-9.01961	-9.65114
BLOCK12/SES120/SA120S28	SES120	-0.200656	-8.2958	-8.09515
BLOCK12/SES125/SA125S13	SES125	1.08026	-7.51034	-8.5906
BLOCK12/SES125/SA125S14	SES125	0.331308	-9.04164	-9.37294
BLOCK12/SES125/SA125S25	SES125	1.55506	-6.71255	-8.26761
BLOCK12/SES125/SA125S27	SES125	1.52322	-6.16047	-7.68369
BLOCK12/SES125/SA125S29	SES125	0.523403	-5.98064	-6.50404
BLOCK12/SES127/SA127S11	SES127	0.307428	-4.99389	-5.30132
BLOCK12/SES127/SA127S12	SES127	0.276295	-3.87699	-4.15329
BLOCK12/SES127/SA127S23	SES127	0.534194	-4.17213	-4.70632
BLOCK12/SES127/SA127S25	SES127	0.1262	-4.32116	-4.44736
BLOCK12/SES127/SA127S27	SES127	1.07692	-4.25227	-5.32919
BLOCK12/SES129/SA129S11	SES129	1.31667	-3.775	-5.09168
BLOCK12/SES129/SA129S12	SES129	0.709204	-3.77107	-4.48027
BLOCK12/SES129/SA129S22	SES129	1.21949	-4.23212	-5.45161
BLOCK12/SES129/SA129S27	SES129	0.972569	-4.69855	-5.67112
BLOCK12/SES129/SA129S29	SES129	-0.147751	-8.20722	-8.05947
BLOCK14/SES142/SA142S11	SES142	1.40793	-4.70279	-6.11072
BLOCK14/SES142/SA142S12	SES142	0.669707	-6.77128	-7.44099
BLOCK14/SES142/SA142S24	SES142	1.03614	-5.69563	-6.73177
BLOCK14/SES142/SA142S27	SES142	1.14391	-5.72062	-6.86453
BLOCK14/SES142/SA142S29	SES142	0.714935	-5.42715	-6.14209
BLOCK14/SES143/SA143S12	SES143	0.740352	-5.21095	-5.9513
BLOCK14/SES143/SA143S13	SES143	0.911798	-5.27098	-6.18277
BLOCK14/SES143/SA143S23	SES143	0.370205	-6.05393	-6.42414
BLOCK14/SES143/SA143S25	SES143	0.253987	-6.97358	-7.22756
BLOCK14/SES143/SA143S28	SES143	1.02697	-6.4287	-7.45567
BLOCK14/SES144/SA144S09	SES144	0.333806	-5.90005	-6.23386
BLOCK14/SES144/SA144S11	SES144	0.103139	-5.69172	-5.79486
BLOCK14/SES144/SA144S21	SES144	-0.7029	-6.63817	-5.93527
BLOCK14/SES144/SA144S25	SES144	0.291883	-6.41885	-6.71073
BLOCK14/SES144/SA144S29	SES144	-0.656245	-7.37649	-6.72024
BLOCK14/SES146/SA146S14	SES146	-0.0713806	-6.70471	-6.63333
BLOCK14/SES146/SA146S15	SES146	0.240634	-6.95756	-7.1982
BLOCK14/SES146/SA146S24	SES146	1.06393	-6.28804	-7.35196
BLOCK14/SES146/SA146S26	SES146	0.682477	-5.92024	-6.60271
BLOCK14/SES146/SA146S29	SES146	0.108463	-7.66251	-7.77097
BLOCK14/SES147/SA147S11	SES147	0.381267	-6.43114	-6.8124
BLOCK14/SES147/SA147S13	SES147	0.721159	-4.50993	-5.23109
BLOCK14/SES147/SA147S23	SES147	0.674681	-5.58332	-6.258
BLOCK14/SES147/SA147S26	SES147	0.73143	-4.93846	-5.66989
BLOCK14/SES147/SA147S28	SES147	1.15213	-3.69695	-4.84908
BLOCK14/SES148/SA148S10	SES148	0.254868	-4.55554	-4.81041
BLOCK14/SES148/SA148S12	SES148	0.298464	-5.93256	-6.23103
BLOCK14/SES148/SA148S22	SES148	0.646585	-4.23758	-4.88417
BLOCK14/SES148/SA148S26	SES148	0.176147	-3.67608	-3.85223
BLOCK14/SES148/SA148S29	SES148	-0.807527	-7.28772	-6.48019
BLOCK14/SES149/SA149S13	SES149	-0.254889	-5.79964	-5.54475
BLOCK14/SES149/SA149S14	SES149	0.0900664	-4.35981	-4.44987
BLOCK14/SES149/SA149S24	SES149	0.641651	-4.85247	-5.49412
BLOCK14/SES149/SA149S26	SES149	0.733191	-4.78738	-5.52057
BLOCK14/SES149/SA149S28	SES149	1.57483	-1.98685	-3.56168
BLOCK15/SES158/SA158S13	SES158	0.878104	-7.19294	-8.07104
BLOCK15/SES158/SA158S14	SES158	2.05183	-7.60524	-9.65706
BLOCK15/SES158/SA158S23	SES158	0.716542	-5.90283	-6.61937
BLOCK15/SES158/SA158S26	SES158	0.690694	-7.23451	-7.9252
BLOCK15/SES158/SA158S28	SES158	0.133461	-7.36056	-7.49402
BLOCK16/SES162/SA162S10	SES162	0.745124	-7.10035	-7.84547
BLOCK16/SES162/SA162S11	SES162	0.611846	-4.81028	-5.42212
BLOCK16/SES162/SA162S21	SES162	1.00724	-5.41342	-6.42065
BLOCK16/SES162/SA162S24	SES162	1.53711	-4.93932	-6.47643
BLOCK16/SES162/SA162S27	SES162	1.43074	-7.33629	-8.76702
BLOCK16/SES167/SA167S14	SES167	0.961323	-4.05742	-5.01874
BLOCK16/SES167/SA167S15	SES167	1.29487	-3.90838	-5.20325
BLOCK16/SES167/SA167S21	SES167	1.86367	-2.81772	-4.6814
BLOCK16/SES167/SA167S25	SES167	1.39453	-4.4749	-5.86943
BLOCK16/SES167/SA167S29	SES167	2.06989	-2.45601	-4.5259
BLOCK17/SES172/SA172S12	SES172	0.475074	-6.54638	-7.02145
BLOCK17/SES172/SA172S13	SES172	0.842625	-6.7646	-7.60722
BLOCK17/SES172/SA172S23	SES172	0.933147	-4.33194	-5.26509
BLOCK17/SES172/SA172S27	SES172	0.119378	-7.42128	-7.54066
BLOCK17/SES172/SA172S29	SES172	1.39909	-4.97027	-6.36936
BLOCK17/SES175/SA175S11	SES175	0.206238	-6.57005	-6.77629
BLOCK17/SES175/SA175S13	SES175	0.588462	-3.09936	-3.68782
BLOCK17/SES175/SA175S23	SES175	0.855371	-3.96935	-4.82472
BLOCK17/SES175/SA175S25	SES175	-0.0795579	-6.56369	-6.48414
BLOCK17/SES175/SA175S28	SES175	0.296118	-5.22837	-5.52449
BLOCK17/SES177/SA177S15	SES177	-0.105511	-6.83615	-6.73064
BLOCK17/SES177/SA177S17	SES177	0.0572314	-6.4035	-6.46073
BLOCK17/SES177/SA177S23	SES177	-0.423931	-6.95366	-6.52973
BLOCK17/SES177/SA177S26	SES177	0.669862	-3.41941	-4.08927
BLOCK17/SES177/SA177S28	SES177	0.639034	-6.42989	-7.06893
BLOCK18/SES180/SA180S13	SES180	0.0670223	-7.7908	-7.85782
BLOCK18/SES180/SA180S15	SES180	0.153295	-5.24622	-5.39952
BLOCK18/SES180/SA180S24	SES180	0.154889	-4.5592	-4.71409
BLOCK18/SES180/SA180S26	SES180	-0.355839	-6.25036	-5.89452
BLOCK18/SES180/SA180S29	SES180	-0.350687	-7.91568	-7.565
BLOCK18/SES183/SA183S13	SES183	1.10228	-5.62817	-6.73045
BLOCK18/SES183/SA183S14	SES183	-0.446281	-6.00257	-5.55629
BLOCK18/SES183/SA183S24	SES183	0.824021	-6.84021	-7.66423
BLOCK18/SES183/SA183S27	SES183	1.06557	-6.22646	-7.29203
BLOCK18/SES183/SA183S29	SES183	1.22133	-5.20521	-6.42654
BLOCK18/SES187/SA187S13	SES187	0.144929	-7.10265	-7.24758
BLOCK18/SES187/SA187S14	SES187	-0.450045	-7.45946	-7.00941
BLOCK18/SES187/SA187S24	SES187	0.942477	-6.35103	-7.29351
BLOCK18/SES187/SA187S27	SES187	0.612783	-6.10516	-6.71794
BLOCK18/SES187/SA187S29	SES187	0.0440016	-8.4046	-8.4486
BLOCK18/SES189/SA189S10	SES189	1.03823	-6.69321	-7.73145
BLOCK18/SES189/SA189S13	SES189	0.905543	-8.70412	-9.60967
BLOCK18/SES189/SA189S24	SES189	0.558865	-6.50653	-7.06539
BLOCK18/SES189/SA189S26	SES189	0.725869	-6.41456	-7.14043
BLOCK18/SES189/SA189S29	SES189	0.727943	-5.9184	-6.64635
BLOCK20/SES202/SA202S12	SES202	0.791077	-7.39659	-8.18767
BLOCK20/SES202/SA202S14	SES202	1.0443	-6.51762	-7.56191
BLOCK20/SES202/SA202S24	SES202	0.0106387	-7.57214	-7.58278
BLOCK20/SES202/SA202S27	SES202	1.10848	-5.10555	-6.21403
BLOCK20/SES202/SA202S29	SES202	0.700129	-5.93715	-6.63728
BLOCK20/SES206/SA206S15	SES206	-1.29142	-5.84409	-4.55267
BLOCK20/SES206/SA206S17	SES206	0.35784	-6.65012	-7.00796
BLOCK20/SES206/SA206S24	SES206	1.10707	-4.40842	-5.51549
BLOCK20/SES206/SA206S27	SES206	0.97142	-6.85889	-7.83031
BLOCK20/SES206/SA206S29	SES206	1.57611	-6.15214	-7.72825
BLOCK22/SES226/SA226S12	SES226	0.612248	-6.17459	-6.78684
BLOCK22/SES226/SA226S13	SES226	-0.905559	-6.29415	-5.38859
BLOCK22/SES226/SA226S20	SES226	-0.158949	-5.88667	-5.72773
BLOCK22/SES226/SA226S23	SES226	-0.0532231	-5.54722	-5.49399
BLOCK22/SES226/SA226S28	SES226	0.627233	-5.35034	-5.97758
BLOCK25/SES259/SA259S13	SES259	2.67318	-5.48236	-8.15554
BLOCK25/SES259/SA259S14	SES259	1.56008	-5.31548	-6.87556
BLOCK25/SES259/SA259S22	SES259	1.46047	-5.57847	-7.03894
BLOCK25/SES259/SA259S24	SES259	1.40085	-6.03704	-7.43789
BLOCK25/SES259/SA259S28	SES259	0.949802	-5.7388	-6.6886
BLOCK27/SES270/SA270S14	SES270	1.29352	-5.95008	-7.24361
BLOCK27/SES270/SA270S16	SES270	-0.325059	-5.8399	-5.51485
BLOCK27/SES270/SA270S22	SES270	1.31089	-5.08609	-6.39698
BLOCK27/SES270/SA270S26	SES270	1.00103	-6.62144	-7.62246
BLOCK27/SES270/SA270S28	SES270	1.18684	-4.55286	-5.7397
BLOCK27/SES275/SA275S17	SES275	0.421988	-5.52082	-5.94281
BLOCK27/SES275/SA275S18	SES275	-0.40312	-6.57319	-6.17007
BLOCK27/SES275/SA275S24	SES275	0.313228	-6.32389	-6.63712
BLOCK27/SES275/SA275S26	SES275	0.457543	-5.61502	-6.07257
BLOCK27/SES275/SA275S28	SES275	0.367059	-5.52711	-5.89417
BLOCK29/SES292/SA292S10	SES292	-0.743128	-6.37275	-5.62962
BLOCK29/SES292/SA292S12	SES292	0.24013	-6.89597	-7.1361
BLOCK29/SES292/SA292S22	SES292	-0.154108	-6.42597	-6.27186
BLOCK29/SES292/SA292S24	SES292	0.0437527	-4.95931	-5.00306
BLOCK29/SES292/SA292S27	SES292	-0.285064	-5.75097	-5.46591
BLOCK00/SES001/SA001S14	SES062	-3.26261	-10.646	-7.38342
BLOCK00/SES001/SA001S14	SES082	-1.40132	-8.78474	-7.38342
BLOCK00/SES001/SA001S14	SES106	-1.6124	-8.99582	-7.38342
BLOCK00/SES001/SA001S14	SES206	-1.54169	-8.92511	-7.38342
BLOCK00/SES001/SA001S15	SES062	-3.17269	-9.70897	-6.53628
BLOCK00/SES001/SA001S15	SES104	-1.83061	-8.36689	-6.53628
BLOCK00/SES001/SA001S15	SES106	-0.627694	-7.16398	-6.53628
BLOCK00/SES001/SA001S15	SES206	-1.89604	-8.43232	-6.53628
BLOCK00/SES001/SA001S24	SES062	-2.98899	-10.316	-7.32702
BLOCK00/SES001/SA001S24	SES082	-1.8217	-9.14872	-7.32702
BLOCK00/SES001/SA001S24	SES087	-3.03381	-10.3608	-7.32702
BLOCK00/SES001/SA001S24	SES206	-1.4064	-8.73342	-7.32702
BLOCK00/SES001/SA001S27	SES062	-1.61305	-5.9977	-4.38465
BLOCK00/SES001/SA001S27	SES082	-1.01058	-5.39523	-4.38465
BLOCK00/SES001/SA001S27	SES087	-1.05503	-5.43968	-4.38465
BLOCK00/SES001/SA001S27	SES206	-1.8002	-6.18485	-4.38465
BLOCK00/SES001/SA001S29	SES062	-3.15873	-10.2298	-7.07103
BLOCK00/SES001/SA001S29	SES082	-1.47822	-8.54925	-7.07103
BLOCK00/SES001/SA001S29	SES158	-1.05565	-8.12668	-7.07103
BLOCK00/SES001/SA001S29	SES206	-2.67524	-9.74627	-7.07103
BLOCK00/SES003/SA003S11	SES002	-0.33583	-6.27047	-5.93464
BLOCK00/SES003/SA003S11	SES019	-2.08198	-8.01662	-5.93464
BLOCK00/SES003/SA003S11	SES082	-0.976634	-6.91128	-5.93464
BLOCK00/SES003/SA003S11	SES125	-1.68407	-7.61871	-5.93464
BLOCK00/SES003/SA003S15	SES016	-1.3762	-6.89154	-5.51534
BLOCK00/SES003/SA003S15	SES019	-2.99072	-8.50605	-5.51534
BLOCK00/SES003/SA003S15	SES062	-0.28653	-5.80187	-5.51534
BLOCK00/SES003/SA003S15	SES206	-0.537447	-6.05279	-5.51534
BLOCK00/SES003/SA003S22	SES002	-0.762791	-6.63395	-5.87116
BLOCK00/SES003/SA003S22	SES062	-0.939672	-6.81083	-5.87116
BLOCK00/SES003/SA003S22	SES082	-1.28113	-7.15229	-5.87116
BLOCK00/SES003/SA003S22	SES087	-0.836519	-6.70768	-5.87116
BLOCK00/SES003/SA003S25	SES062	-2.74658	-10.6875	-7.94087
BLOCK00/SES003/SA003S25	SES082	-0.674365	-8.61524	-7.94087
BLOCK00/SES003/SA003S25	SES087	-0.803142	-8.74401	-7.94087
BLOCK00/SES003/SA003S25	SES206	-2.54294	-10.4838	-7.94087
BLOCK00/SES003/SA003S29	SES002	-1.27117	-7.69971	-6.42854
BLOCK00/SES003/SA003S29	SES062	-2.46217	-8.89071	-6.42854
BLOCK00/SES003/SA003S29	SES082	-1.07484	-7.50338	-6.42854
BLOCK00/SES003/SA003S29	SES087	-1.58096	-8.0095	-6.42854
BLOCK00/SES004/SA004S12	SES083	-1.54817	-6.4755	-4.92734
BLOCK00/SES004/SA004S12	SES148	-1.50748	-6.43481	-4.92734
BLOCK00/SES004/SA004S12	SES172	-0.473553	-5.40089	-4.92734
BLOCK00/SES004/SA004S12	SES292	-2.02783	-6.95516	-4.92734
BLOCK00/SES004/SA004S17	SES083	-1.28764	-6.64015	-5.35251
BLOCK00/SES004/SA004S17	SES162	-0.626361	-5.97887	-5.35251
BLOCK00/SES004/SA004S17	SES172	-0.415896	-5.7684	-5.35251
BLOCK00/SES004/SA004S17	SES292	-1.61661	-6.96912	-5.35251
BLOCK00/SES004/SA004S24	SES083	-1.2579	-6.73872	-5.48081
BLOCK00/SES004/SA004S24	SES148	-2.3165	-7.79731	-5.48081
BLOCK00/SES004/SA004S24	SES172	-0.16452	-5.64533	-5.48081
BLOCK00/SES004/SA004S24	SES292	-1.2536	-6.73442	-5.48081
BLOCK00/SES004/SA004S26	SES083	-1.36575	-7.84524	-6.47949
BLOCK00/SES004/SA004S26	SES127	-2.34598	-8.82547	-6.47949
BLOCK00/SES004/SA004S26	SES148	-3.67364	-10.1531	-6.47949
BLOCK00/SES004/SA004S26	SES292	-2.54852	-9.02801	-6.47949
BLOCK00/SES004/SA004S28	SES083	-1.25052	-4.85525	-3.60473
BLOCK00/SES004/SA004S28	SES127	-0.651973	-4.2567	-3.60473
BLOCK00/SES004/SA004S28	SES187	-0.518744	-4.12348	-3.60473
BLOCK00/SES004/SA004S28	SES292	-1.42752	-5.03226	-3.60473
BLOCK00/SES006/SA006S10	SES014	-4.91022	-14.0556	-9.14533
BLOCK00/SES006/SA006S10	SES158	-4.31524	-13.4606	-9.14533
BLOCK00/SES006/SA006S10	SES226	-5.98589	-15.1312	-9.14533
BLOCK00/SES006/SA006S10	SES270	-2.79416	-11.9395	-9.14533
BLOCK00/SES006/SA006S11	SES158	-3.98948	-12.84	-8.85055
BLOCK00/SES006/SA006S11	SES226	-3.77652	-12.6271	-8.85055
BLOCK00/SES006/SA006S11	SES270	-2.29236	-11.1429	-8.85055
BLOCK00/SES006/SA006S11	SES275	-2.79702	-11.6476	-8.85055
BLOCK00/SES006/SA006S23	SES062	-5.09764	-12.8503	-7.75269
BLOCK00/SES006/SA006S23	SES105	-3.92658	-11.6793	-7.75269
BLOCK00/SES006/SA006S23	SES158	-4.16649	-11.9192	-7.75269
BLOCK00/SES006/SA006S23	SES275	-2.52932	-10.282	-7.75269
BLOCK00/SES006/SA006S26	SES104	-6.34204	-14.9111	-8.56902
BLOCK00/SES006/SA006S26	SES158	-4.90245	-13.4715	-8.56902
BLOCK00/SES006/SA006S26	SES270	-2.24108	-10.8101	-8.56902
BLOCK00/SES006/SA006S26	SES275	-3.15126	-11.7203	-8.56902
BLOCK00/SES006/SA006S28	SES007	-2.12441	-10.4496	-8.32521
BLOCK00/SES006/SA006S28	SES105	-3.0276	-11.3528	-8.32521
BLOCK00/SES006/SA006S28	SES158	-2.22178	-10.547	-8.32521
BLOCK00/SES006/SA006S28	SES275	-3.23537	-11.5606	-8.32521
BLOCK00/SES009/SA009S12	SES083	-2.87558	-9.56422	-6.68864
BLOCK00/SES009/SA009S12	SES148	-3.21943	-9.90807	-6.68864
BLOCK00/SES009/SA009S12	SES177	-0.522403	-7.21104	-6.68864
BLOCK00/SES009/SA009S12	SES292	-1.22533	-7.91397	-6.68864
BLOCK00/SES009/SA009S15	SES007	-0.615748	-6.70352	-6.08777
BLOCK00/SES009/SA009S15	SES099	-3.52706	-9.61483	-6.08777
BLOCK00/SES009/SA009S15	SES148	-3.73719	-9.82497	-6.08777
BLOCK00/SES009/SA009S15	SES172	-0.409143	-6.49691	-6.08777
BLOCK00/SES009/SA009S24	SES146	-1.34683	-8.62339	-7.27656
BLOCK00/SES009/SA009S24	SES148	-3.17546	-10.452	-7.27656
BLOCK00/SES009/SA009S24	SES177	-1.18036	-8.45692	-7.27656
BLOCK00/SES009/SA009S24	SES292	-1.28052	-8.55708	-7.27656
BLOCK00/SES009/SA009S26	SES083	-2.79481	-9.1065	-6.31168
BLOCK00/SES009/SA009S26	SES101	-2.26541	-8.57709	-6.31168
BLOCK00/SES009/SA009S26	SES120	-1.11606	-7.42775	-6.31168
BLOCK00/SES009/SA009S26	SES177	-0.950481	-7.26216	-6.31168
BLOCK00/SES009/SA009S29	SES083	-2.2926	-8.48429	-6.19169
BLOCK00/SES009/SA009S29	SES101	-1.65587	-7.84756	-6.19169
BLOCK00/SES009/SA009S29	SES177	-0.806124	-6.99781	-6.19169
BLOCK00/SES009/SA009S29	SES292	-1.36268	-7.55437	-6.19169
BLOCK01/SES011/SA011S10	SES019	-2.85487	-11.5148	-8.65994
BLOCK01/SES011/SA011S10	SES042	-0.204651	-8.86459	-8.65994
BLOCK01/SES011/SA011S10	SES082	-0.773442	-9.43339	-8.65994
BLOCK01/SES011/SA011S10	SES206	-0.817353	-9.4773	-8.65994
BLOCK01/SES011/SA011S11	SES019	-2.53796	-10.6806	-8.14267
BLOCK01/SES011/SA011S11	SES042	-0.966513	-9.10918	-8.14267
BLOCK01/SES011/SA011S11	SES082	-1.04752	-9.19018	-8.14267
BLOCK01/SES011/SA011S11	SES206	-1.48069	-9.62335	-8.14267
BLOCK01/SES011/SA011S22	SES019	-1.61249	-10.2319	-8.61938
BLOCK01/SES011/SA011S22	SES042	-0.178645	-8.79803	-8.61938
BLOCK01/SES011/SA011S22	SES082	-1.15047	-9.76985	-8.61938
BLOCK01/SES011/SA011S22	SES206	-1.72212	-10.3415	-8.61938
BLOCK01/SES011/SA011S24	SES019	-2.73434	-10.5448	-7.81047
BLOCK01/SES011/SA011S24	SES042	-0.4142	-8.22467	-7.81047
BLOCK01/SES011/SA011S24	SES104	-1.08803	-8.89851	-7.81047
BLOCK01/SES011/SA011S24	SES206	-0.847266	-8.65774	-7.81047
BLOCK01/SES011/SA011S27	SES082	-1.05088	-8.47832	-7.42744
BLOCK01/SES011/SA011S27	SES087	-3.04375	-10.4712	-7.42744
BLOCK01/SES011/SA011S27	SES125	-1.41068	-8.83812	-7.42744
BLOCK01/SES011/SA011S27	SES206	-1.92303	-9.35047	-7.42744
BLOCK01/SES012/SA012S11	SES007	-0.509464	-6.30125	-5.79179
BLOCK01/SES012/SA012S11	SES082	-0.68319	-6.47498	-5.79179
BLOCK01/SES012/SA012S11	SES083	-1.82051	-7.6123	-5.79179
BLOCK01/SES012/SA012S11	SES206	-0.989087	-6.78088	-5.79179
BLOCK01/SES012/SA012S14	SES082	-0.715109	-8.13338	-7.41827
BLOCK01/SES012/SA012S14	SES087	-1.95145	-9.36973	-7.41827
BLOCK01/SES012/SA012S14	SES206	-0.423776	-7.84205	-7.41827
BLOCK01/SES012/SA012S14	SES292	-1.76871	-9.18699	-7.41827
BLOCK01/SES012/SA012S24	SES082	-0.427793	-9.00001	-8.57222
BLOCK01/SES012/SA012S24	SES087	-2.28599	-10.8582	-8.57222
BLOCK01/SES012/SA012S24	SES120	-2.25351	-10.8257	-8.57222
BLOCK01/SES012/SA012S24	SES206	-2.01483	-10.587	-8.57222
BLOCK01/SES012/SA012S26	SES019	-7.7712	-16.6536	-8.8824
BLOCK01/SES012/SA012S26	SES082	-1.82804	-10.7104	-8.8824
BLOCK01/SES012/SA012S26	SES206	0.0333872	-8.84901	-8.8824
BLOCK01/SES012/SA012S26	SES292	-0.722243	-9.60464	-8.8824
BLOCK01/SES012/SA012S29	SES062	-1.76201	-6.57026	-4.80824
BLOCK01/SES012/SA012S29	SES082	-0.523691	-5.33193	-4.80824
BLOCK01/SES012/SA012S29	SES083	-1.82597	-6.63422	-4.80824
BLOCK01/SES012/SA012S29	SES206	0.138554	-4.66969	-4.80824
BLOCK01/SES013/SA013S16	SES062	-4.44112	-12.7994	-8.35826
BLOCK01/SES013/SA013S16	SES106	-2.48274	-10.841	-8.35826
BLOCK01/SES013/SA013S16	SES206	-3.19405	-11.5523	-8.35826
BLOCK01/SES013/SA013S16	SES226	-2.80641	-11.1647	-8.35826
BLOCK01/SES013/SA013S17	SES062	-2.76852	-9.00976	-6.24123
BLOCK01/SES013/SA013S17	SES106	-2.12795	-8.36919	-6.24123
BLOCK01/SES013/SA013S17	SES206	-1.6847	-7.92593	-6.24123
BLOCK01/SES013/SA013S17	SES226	-0.509312	-6.75054	-6.24123
BLOCK01/SES013/SA013S23	SES104	-0.823123	-8.32066	-7.49753
BLOCK01/SES013/SA013S23	SES106	-1.29283	-8.79036	-7.49753
BLOCK01/SES013/SA013S23	SES206	-2.57092	-10.0685	-7.49753
BLOCK01/SES013/SA013S23	SES270	-3.07013	-10.5677	-7.49753
BLOCK01/SES013/SA013S25	SES042	-3.71681	-11.4922	-7.77543
BLOCK01/SES013/SA013S25	SES104	-0.351852	-8.12728	-7.77543
BLOCK01/SES013/SA013S25	SES106	-0.527537	-8.30297	-7.77543
BLOCK01/SES013/SA013S25	SES206	-2.02403	-9.79946	-7.77543
BLOCK01/SES013/SA013S29	SES062	-4.25928	-12.1322	-7.87291
BLOCK01/SES013/SA013S29	SES104	-1.06373	-8.93665	-7.87291
BLOCK01/SES013/SA013S29	SES106	-1.06951	-8.94243	-7.87291
BLOCK01/SES013/SA013S29	SES206	-3.04924	-10.9222	-7.87291
BLOCK02/SES021/SA021S13	SES016	-2.69706	-9.49267	-6.79562
BLOCK02/SES021/SA021S13	SES029	-1.18015	-7.97577	-6.79562
BLOCK02/SES021/SA021S13	SES087	-2.45576	-9.25137	-6.79562
BLOCK02/SES021/SA021S13	SES206	-2.72556	-9.52118	-6.79562
BLOCK02/SES021/SA021S15	SES087	-1.17201	-7.50503	-6.33302
BLOCK02/SES021/SA021S15	SES125	-1.37732	-7.71034	-6.33302
BLOCK02/SES021/SA021S15	SES206	-1.89837	-8.23139	-6.33302
BLOCK02/SES021/SA021S15	SES226	-1.10238	-7.4354	-6.33302
BLOCK02/SES021/SA021S23	SES062	-3.19841	-10.8677	-7.66933
BLOCK02/SES021/SA021S23	SES087	-0.924842	-8.59417	-7.66933
BLOCK02/SES021/SA021S23	SES206	-1.60472	-9.27405	-7.66933
BLOCK02/SES021/SA021S23	SES226	-0.764795	-8.43412	-7.66933
BLOCK02/SES021/SA021S27	SES002	-1.76651	-6.9344	-5.16789
BLOCK02/SES021/SA021S27	SES016	-3.73427	-8.90215	-5.16789
BLOCK02/SES021/SA021S27	SES019	-2.67792	-7.8458	-5.16789
BLOCK02/SES021/SA021S27	SES062	-1.93698	-7.10487	-5.16789
BLOCK02/SES021/SA021S29	SES087	-1.7499	-8.31956	-6.56967
BLOCK02/SES021/SA021S29	SES125	-2.79438	-9.36405	-6.56967
BLOCK02/SES021/SA021S29	SES206	-1.25058	-7.82025	-6.56967
BLOCK02/SES021/SA021S29	SES226	-1.7205	-8.29017	-6.56967
BLOCK04/SES043/SA043S09	SES083	-0.599148	-8.34809	-7.74895
BLOCK04/SES043/SA043S09	SES101	-0.663178	-8.41213	-7.74895
BLOCK04/SES043/SA043S09	SES144	-0.371218	-8.12016	-7.74895
BLOCK04/SES043/SA043S09	SES172	-1.54409	-9.29304	-7.74895
BLOCK04/SES043/SA043S11	SES083	-0.909226	-6.30577	-5.39655
BLOCK04/SES043/SA043S11	SES101	-0.490072	-5.88662	-5.39655
BLOCK04/SES043/SA043S11	SES144	-0.0955868	-5.49213	-5.39655
BLOCK04/SES043/SA043S11	SES172	-1.4918	-6.88834	-5.39655
BLOCK04/SES043/SA043S23	SES083	-0.656149	-6.62961	-5.97347
BLOCK04/SES043/SA043S23	SES144	-0.179269	-6.15273	-5.97347
BLOCK04/SES043/SA043S23	SES177	-0.906211	-6.87968	-5.97347
BLOCK04/SES043/SA043S23	SES275	-1.01832	-6.99179	-5.97347
BLOCK04/SES043/SA043S26	SES083	-1.28642	-10.4379	-9.15146
BLOCK04/SES043/SA043S26	SES101	-1.13817	-10.2896	-9.15146
BLOCK04/SES043/SA043S26	SES144	-0.411319	-9.56278	-9.15146
BLOCK04/SES043/SA043S26	SES177	-1.74582	-10.8973	-9.15146
BLOCK04/SES043/SA043S28	SES016	-1.49818	-8.38076	-6.88258
BLOCK04/SES043/SA043S28	SES083	-1.0821	-7.96469	-6.88258
BLOCK04/SES043/SA043S28	SES101	-0.778792	-7.66137	-6.88258
BLOCK04/SES043/SA043S28	SES144	-1.02107	-7.90365	-6.88258
BLOCK04/SES044/SA044S10	SES127	-4.58587	-13.4903	-8.90442
BLOCK04/SES044/SA044S10	SES144	-1.54914	-10.4536	-8.90442
BLOCK04/SES044/SA044S10	SES147	-4.17748	-13.0819	-8.90442
BLOCK04/SES044/SA044S10	SES148	-4.4276	-13.332	-8.90442
BLOCK04/SES044/SA044S11	SES101	-1.20668	-8.52408	-7.3174
BLOCK04/SES044/SA044S11	SES144	-1.15579	-8.47319	-7.3174
BLOCK04/SES044/SA044S11	SES147	-2.80651	-10.1239	-7.3174
BLOCK04/SES044/SA044S11	SES177	-2.21575	-9.53316	-7.3174
BLOCK04/SES044/SA044S24	SES007	-2.47441	-9.62229	-7.14787
BLOCK04/SES044/SA044S24	SES101	-1.55992	-8.70779	-7.14787
BLOCK04/SES044/SA044S24	SES147	-2.94641	-10.0943	-7.14787
BLOCK04/SES044/SA044S24	SES177	-1.45372	-8.60159	-7.14787
BLOCK04/SES044/SA044S26	SES007	-1.40658	-7.03679	-5.63021
BLOCK04/SES044/SA044S26	SES016	-0.881241	-6.51145	-5.63021
BLOCK04/SES044/SA044S26	SES101	-0.852678	-6.48289	-5.63021
BLOCK04/SES044/SA044S26	SES147	-0.570073	-6.20028	-5.63021
BLOCK04/SES044/SA044S29	SES007	-2.51798	-8.80645	-6.28847
BLOCK04/SES044/SA044S29	SES101	-1.07376	-7.36223	-6.28847
BLOCK04/SES044/SA044S29	SES147	-1.45823	-7.7467	-6.28847
BLOCK04/SES044/SA044S29	SES177	-2.11135	-8.39982	-6.28847
BLOCK04/SES046/SA046S13	SES101	-0.999166	-8.68332	-7.68415
BLOCK04/SES046/SA046S13	SES144	-1.00964	-8.6938	-7.68415
BLOCK04/SES046/SA046S13	SES147	-2.04203	-9.72618	-7.68415
BLOCK04/SES046/SA046S13	SES177	-1.7544	-9.43855	-7.68415
BLOCK04/SES046/SA046S15	SES048	-0.214352	-4.52088	-4.30653
BLOCK04/SES046/SA046S15	SES083	-1.52901	-5.83553	-4.30653
BLOCK04/SES046/SA046S15	SES120	-2.8615	-7.16803	-4.30653
BLOCK04/SES046/SA046S15	SES148	-1.38732	-5.69385	-4.30653
BLOCK04/SES046/SA046S22	SES101	-0.554187	-7.31403	-6.75984
BLOCK04/SES046/SA046S22	SES144	-0.170064	-6.9299	-6.75984
BLOCK04/SES046/SA046S22	SES147	-1.58105	-8.34089	-6.75984
BLOCK04/SES046/SA046S22	SES172	-0.472153	-7.23199	-6.75984
BLOCK04/SES046/SA046S25	SES083	-0.816315	-5.8223	-5.00599
BLOCK04/SES046/SA046S25	SES127	-1.40432	-6.41031	-5.00599
BLOCK04/SES046/SA046S25	SES144	-0.731295	-5.73728	-5.00599
BLOCK04/SES046/SA046S25	SES148	-1.15156	-6.15755	-5.00599
BLOCK04/SES046/SA046S28	SES007	-1.06462	-7.23427	-6.16965
BLOCK04/SES046/SA046S28	SES105	-1.17356	-7.34321	-6.16965
BLOCK04/SES046/SA046S28	SES147	-1.71911	-7.88876	-6.16965
BLOCK04/SES046/SA046S28	SES148	-2.11634	-8.28599	-6.16965
BLOCK04/SES049/SA049S16	SES104	-0.803755	-8.62575	-7.82199
BLOCK04/SES049/SA049S16	SES106	-2.40074	-10.2227	-7.82199
BLOCK04/SES049/SA049S16	SES120	-2.27101	-10.093	-7.82199
BLOCK04/SES049/SA049S16	SES206	-1.87231	-9.6943	-7.82199
BLOCK04/SES049/SA049S18	SES099	-1.30803	-9.03687	-7.72884
BLOCK04/SES049/SA049S18	SES104	-1.89309	-9.62193	-7.72884
BLOCK04/SES049/SA049S18	SES125	-3.073	-10.8018	-7.72884
BLOCK04/SES049/SA049S18	SES206	-2.91329	-10.6421	-7.72884
BLOCK04/SES049/SA049S25	SES087	-1.80889	-9.87363	-8.06474
BLOCK04/SES049/SA049S25	SES104	-0.800941	-8.86568	-8.06474
BLOCK04/SES049/SA049S25	SES125	-2.29863	-10.3634	-8.06474
BLOCK04/SES049/SA049S25	SES206	-1.21721	-9.28195	-8.06474
BLOCK04/SES049/SA049S27	SES099	-0.860414	-5.64502	-4.78461
BLOCK04/SES049/SA049S27	SES104	-0.13048	-4.91509	-4.78461
BLOCK04/SES049/SA049S27	SES125	-2.37948	-7.16409	-4.78461
BLOCK04/SES049/SA049S27	SES206	-2.08841	-6.87302	-4.78461
BLOCK04/SES049/SA049S29	SES099	-0.379384	-6.15014	-5.77076
BLOCK04/SES049/SA049S29	SES104	-0.167714	-5.93847	-5.77076
BLOCK04/SES049/SA049S29	SES125	-0.827699	-6.59846	-5.77076
BLOCK04/SES049/SA049S29	SES206	-1.71191	-7.48267	-5.77076
BLOCK06/SES063/SA063S09	SES068	-2.38515	-10.8814	-8.49623
BLOCK06/SES063/SA063S09	SES083	-0.95258	-9.44881	-8.49623
BLOCK06/SES063/SA063S09	SES177	-1.13892	-9.63515	-8.49623
BLOCK06/SES063/SA063S09	SES187	-1.30956	-9.80579	-8.49623
BLOCK06/SES063/SA063S10	SES068	-2.53773	-10.5452	-8.00743
BLOCK06/SES063/SA063S10	SES083	-1.73672	-9.74415	-8.00743
BLOCK06/SES063/SA063S10	SES172	-1.42284	-9.43027	-8.00743
BLOCK06/SES063/SA063S10	SES187	-1.11938	-9.12681	-8.00743
BLOCK06/SES063/SA063S20	SES068	-3.06545	-11.3974	-8.33191
BLOCK06/SES063/SA063S20	SES083	-1.24393	-9.57584	-8.33191
BLOCK06/SES063/SA063S20	SES172	-1.3504	-9.68231	-8.33191
BLOCK06/SES063/SA063S20	SES187	-1.3041	-9.63601	-8.33191
BLOCK06/SES063/SA063S24	SES029	-1.88286	-10.2066	-8.32371
BLOCK06/SES063/SA063S24	SES083	-0.805159	-9.12887	-8.32371
BLOCK06/SES063/SA063S24	SES177	-1.46848	-9.79219	-8.32371
BLOCK06/SES063/SA063S24	SES189	-0.184306	-8.50802	-8.32371
BLOCK06/SES063/SA063S27	SES083	-1.78144	-9.64735	-7.86591
BLOCK06/SES063/SA063S27	SES172	-1.73966	-9.60557	-7.86591
BLOCK06/SES063/SA063S27	SES187	-1.87781	-9.74372	-7.86591
BLOCK06/SES063/SA063S27	SES292	-2.09762	-9.96354	-7.86591
BLOCK06/SES067/SA067S12	SES083	-1.88464	-7.71371	-5.82907
BLOCK06/SES067/SA067S12	SES172	-1.68269	-7.51176	-5.82907
BLOCK06/SES067/SA067S12	SES202	-1.58106	-7.41013	-5.82907
BLOCK06/SES067/SA067S12	SES292	-1.77192	-7.60099	-5.82907
BLOCK06/SES067/SA067S14	SES085	-1.30891	-5.10407	-3.79516
BLOCK06/SES067/SA067S14	SES177	-1.7482	-5.54336	-3.79516
BLOCK06/SES067/SA067S14	SES183	0.236673	-3.55849	-3.79516
BLOCK06/SES067/SA067S14	SES202	-1.35794	-5.1531	-3.79516
BLOCK06/SES067/SA067S21	SES144	-0.991774	-8.0188	-7.02703
BLOCK06/SES067/SA067S21	SES177	-1.82902	-8.85604	-7.02703
BLOCK06/SES067/SA067S21	SES183	-0.86204	-7.88907	-7.02703
BLOCK06/SES067/SA067S21	SES189	-0.638646	-7.66567	-7.02703
BLOCK06/SES067/SA067S25	SES085	-3.14258	-9.47696	-6.33438
BLOCK06/SES067/SA067S25	SES177	-1.58061	-7.91499	-6.33438
BLOCK06/SES067/SA067S25	SES183	-1.66663	-8.00101	-6.33438
BLOCK06/SES067/SA067S25	SES202	-1.93002	-8.26441	-6.33438
BLOCK06/SES067/SA067S29	SES085	-6.00422	-13.6691	-7.6649
BLOCK06/SES067/SA067S29	SES177	-3.19843	-10.8633	-7.6649
BLOCK06/SES067/SA067S29	SES183	-1.2102	-8.8751	-7.6649
BLOCK06/SES067/SA067S29	SES202	-2.24562	-9.91052	-7.6649
BLOCK06/SES069/SA069S12	SES029	-2.24179	-7.85973	-5.61794
BLOCK06/SES069/SA069S12	SES082	-0.603824	-6.22176	-5.61794
BLOCK06/SES069/SA069S12	SES087	-1.09153	-6.70947	-5.61794
BLOCK06/SES069/SA069S12	SES206	-0.912474	-6.53041	-5.61794
BLOCK06/SES069/SA069S13	SES029	-2.39796	-7.29429	-4.89633
BLOCK06/SES069/SA069S13	SES087	-0.503267	-5.39959	-4.89633
BLOCK06/SES069/SA069S13	SES206	-1.96288	-6.8592	-4.89633
BLOCK06/SES069/SA069S13	SES226	-0.0669646	-4.96329	-4.89633
BLOCK06/SES069/SA069S23	SES029	-0.936271	-4.8169	-3.88063
BLOCK06/SES069/SA069S23	SES087	0.168602	-3.71203	-3.88063
BLOCK06/SES069/SA069S23	SES206	-1.06446	-4.94509	-3.88063
BLOCK06/SES069/SA069S23	SES226	-0.302024	-4.18265	-3.88063
BLOCK06/SES069/SA069S25	SES087	-1.27347	-6.73521	-5.46175
BLOCK06/SES069/SA069S25	SES206	-2.63911	-8.10085	-5.46175
BLOCK06/SES069/SA069S25	SES226	-0.948309	-6.41005	-5.46175
BLOCK06/SES069/SA069S25	SES270	-1.609	-7.07074	-5.46175
BLOCK06/SES069/SA069S27	SES087	-1.30791	-7.7409	-6.43299
BLOCK06/SES069/SA069S27	SES206	-1.36679	-7.79978	-6.43299
BLOCK06/SES069/SA069S27	SES226	-0.281512	-6.7145	-6.43299
BLOCK06/SES069/SA069S27	SES270	-1.99243	-8.42542	-6.43299
BLOCK08/SES081/SA081S11	SES060	-1.59153	-8.43092	-6.8394
BLOCK08/SES081/SA081S11	SES062	-1.0812	-7.9206	-6.8394
BLOCK08/SES081/SA081S11	SES117	-2.07029	-8.90969	-6.8394
BLOCK08/SES081/SA081S11	SES162	-2.63837	-9.47776	-6.8394
BLOCK08/SES081/SA081S13	SES016	-2.10095	-7.57105	-5.4701
BLOCK08/SES081/SA081S13	SES060	-0.924253	-6.39435	-5.4701
BLOCK08/SES081/SA081S13	SES068	-1.12051	-6.59061	-5.4701
BLOCK08/SES081/SA081S13	SES129	-2.69623	-8.16634	-5.4701
BLOCK08/SES081/SA081S24	SES060	-0.727645	-6.86461	-6.13697
BLOCK08/SES081/SA081S24	SES068	-1.52263	-7.6596	-6.13697
BLOCK08/SES081/SA081S24	SES117	-1.29943	-7.4364	-6.13697
BLOCK08/SES081/SA081S24	SES275	-1.39998	-7.53695	-6.13697
BLOCK08/SES081/SA081S27	SES007	-0.744289	-9.129	-8.38472
BLOCK08/SES081/SA081S27	SES060	-0.769935	-9.15465	-8.38472
BLOCK08/SES081/SA081S27	SES117	-1.57838	-9.9631	-8.38472
BLOCK08/SES081/SA081S27	SES275	-2.80624	-11.191	-8.38472
BLOCK08/SES081/SA081S29	SES007	-0.261767	-9.09568	-8.83391
BLOCK08/SES081/SA081S29	SES060	-1.70495	-10.5389	-8.83391
BLOCK08/SES081/SA081S29	SES117	-1.56449	-10.3984	-8.83391
BLOCK08/SES081/SA081S29	SES275	-3.31932	-12.1532	-8.83391
BLOCK08/SES086/SA086S11	SES029	-3.56807	-12.2733	-8.70525
BLOCK08/SES086/SA086S11	SES082	-2.77986	-11.4851	-8.70525
BLOCK08/SES086/SA086S11	SES087	-0.790966	-9.49622	-8.70525
BLOCK08/SES086/SA086S11	SES206	-2.406	-11.1112	-8.70525
BLOCK08/SES086/SA086S12	SES029	-2.90027	-10.7126	-7.81231
BLOCK08/SES086/SA086S12	SES082	-2.58099	-10.3933	-7.81231
BLOCK08/SES086/SA086S12	SES087	-0.184903	-7.99722	-7.81231
BLOCK08/SES086/SA086S12	SES206	-1.7987	-9.61101	-7.81231
BLOCK08/SES086/SA086S20	SES029	-2.96798	-10.1496	-7.18164
BLOCK08/SES086/SA086S20	SES082	-1.48435	-8.66599	-7.18164
BLOCK08/SES086/SA086S20	SES087	-0.612435	-7.79407	-7.18164
BLOCK08/SES086/SA086S20	SES206	-0.97304	-8.15468	-7.18164
BLOCK08/SES086/SA086S24	SES087	-0.685449	-8.71742	-8.03197
BLOCK08/SES086/SA086S24	SES104	-0.860705	-8.89268	-8.03197
BLOCK08/SES086/SA086S24	SES120	-0.987778	-9.01975	-8.03197
BLOCK08/SES086/SA086S24	SES206	-0.388856	-8.42083	-8.03197
BLOCK08/SES086/SA086S28	SES029	-3.09565	-9.33984	-6.24419
BLOCK08/SES086/SA086S28	SES082	-1.42422	-7.66841	-6.24419
BLOCK08/SES086/SA086S28	SES087	-0.531817	-6.776	-6.24419
BLOCK08/SES086/SA086S28	SES206	-1.1433	-7.38749	-6.24419
BLOCK08/SES089/SA089S13	SES087	-0.654899	-9.09923	-8.44433
BLOCK08/SES089/SA089S13	SES206	-1.98555	-10.4299	-8.44433
BLOCK08/SES089/SA089S13	SES226	-0.915522	-9.35985	-8.44433
BLOCK08/SES089/SA089S13	SES270	-1.55366	-9.99799	-8.44433
BLOCK08/SES089/SA089S14	SES062	-2.43441	-9.70403	-7.26962
BLOCK08/SES089/SA089S14	SES087	-1.31437	-8.58399	-7.26962
BLOCK08/SES089/SA089S14	SES206	-1.70037	-8.97	-7.26962
BLOCK08/SES089/SA089S14	SES226	-2.2006	-9.47022	-7.26962
BLOCK08/SES089/SA089S23	SES087	-1.67182	-11.7792	-10.1074
BLOCK08/SES089/SA089S23	SES206	-1.60114	-11.7085	-10.1074
BLOCK08/SES089/SA089S23	SES226	-2.9837	-13.0911	-10.1074
BLOCK08/SES089/SA089S23	SES270	-3.01789	-13.1253	-10.1074
BLOCK08/SES089/SA089S25	SES062	-1.43125	-9.03329	-7.60203
BLOCK08/SES089/SA089S25	SES087	0.20074	-7.40129	-7.60203
BLOCK08/SES089/SA089S25	SES206	-1.33511	-8.93714	-7.60203
BLOCK08/SES089/SA089S25	SES226	-0.803858	-8.40589	-7.60203
BLOCK08/SES089/SA089S28	SES062	-1.53866	-8.46994	-6.93128
BLOCK08/SES089/SA089S28	SES087	-0.0058856	-6.93716	-6.93128
BLOCK08/SES089/SA089S28	SES206	-1.0343	-7.96558	-6.93128
BLOCK08/SES089/SA089S28	SES226	-0.746359	-7.67764	-6.93128
BLOCK09/SES097/SA097S11	SES099	-0.126703	-7.44216	-7.31545
BLOCK09/SES097/SA097S11	SES125	-1.37886	-8.69432	-7.31545
BLOCK09/SES097/SA097S11	SES206	-1.83385	-9.14931	-7.31545
BLOCK09/SES097/SA097S11	SES226	0.104505	-7.21095	-7.31545
BLOCK09/SES097/SA097S14	SES062	-2.93659	-9.0165	-6.07992
BLOCK09/SES097/SA097S14	SES099	-1.77504	-7.85495	-6.07992
BLOCK09/SES097/SA097S14	SES104	-2.73521	-8.81512	-6.07992
BLOCK09/SES097/SA097S14	SES206	-3.28936	-9.36927	-6.07992
BLOCK09/SES097/SA097S22	SES099	-0.860829	-7.63131	-6.77048
BLOCK09/SES097/SA097S22	SES206	-1.98053	-8.75102	-6.77048
BLOCK09/SES097/SA097S22	SES226	-1.32102	-8.0915	-6.77048
BLOCK09/SES097/SA097S22	SES270	-1.98819	-8.75867	-6.77048
BLOCK09/SES097/SA097S26	SES099	-0.513403	-7.58123	-7.06783
BLOCK09/SES097/SA097S26	SES120	-1.72622	-8.79405	-7.06783
BLOCK09/SES097/SA097S26	SES206	-2.80003	-9.86786	-7.06783
BLOCK09/SES097/SA097S26	SES226	-1.07611	-8.14394	-7.06783
BLOCK09/SES097/SA097S28	SES099	0.103491	-6.37603	-6.47952
BLOCK09/SES097/SA097S28	SES120	-1.2726	-7.75213	-6.47952
BLOCK09/SES097/SA097S28	SES206	-1.61946	-8.09898	-6.47952
BLOCK09/SES097/SA097S28	SES226	-1.81398	-8.2935	-6.47952
BLOCK09/SES098/SA098S11	SES127	-1.84152	-8.38332	-6.5418
BLOCK09/SES098/SA098S11	SES144	-1.21581	-7.75761	-6.5418
BLOCK09/SES098/SA098S11	SES147	-1.15554	-7.69734	-6.5418
BLOCK09/SES098/SA098S11	SES148	-2.28781	-8.82961	-6.5418
BLOCK09/SES098/SA098S12	SES127	-3.79362	-11.6778	-7.88413
BLOCK09/SES098/SA098S12	SES144	-2.84396	-10.7281	-7.88413
BLOCK09/SES098/SA098S12	SES147	-2.45912	-10.3433	-7.88413
BLOCK09/SES098/SA098S12	SES189	-2.45143	-10.3356	-7.88413
BLOCK09/SES098/SA098S20	SES127	-4.26388	-12.7314	-8.46754
BLOCK09/SES098/SA098S20	SES147	-3.1568	-11.6243	-8.46754
BLOCK09/SES098/SA098S20	SES148	-3.99311	-12.4607	-8.46754
BLOCK09/SES098/SA098S20	SES292	-0.797917	-9.26546	-8.46754
BLOCK09/SES098/SA098S23	SES127	-2.49899	-9.75482	-7.25582
BLOCK09/SES098/SA098S23	SES147	-2.01076	-9.26658	-7.25582
BLOCK09/SES098/SA098S23	SES187	-0.710807	-7.96663	-7.25582
BLOCK09/SES098/SA098S23	SES292	-1.51818	-8.774	-7.25582
BLOCK09/SES098/SA098S27	SES127	-4.09929	-11.7636	-7.6643
BLOCK09/SES098/SA098S27	SES147	-2.49684	-10.1611	-7.6643
BLOCK09/SES098/SA098S27	SES148	-3.56047	-11.2248	-7.6643
BLOCK09/SES098/SA098S27	SES292	-1.11567	-8.77997	-7.6643
BLOCK10/SES102/SA102S13	SES101	-1.74507	-10.4703	-8.72525
BLOCK10/SES102/SA102S13	SES105	-2.31775	-11.043	-8.72525
BLOCK10/SES102/SA102S13	SES120	-3.50721	-12.2325	-8.72525
BLOCK10/SES102/SA102S13	SES158	-1.87971	-10.605	-8.72525
BLOCK10/SES102/SA102S14	SES007	0.450208	-4.65321	-5.10342
BLOCK10/SES102/SA102S14	SES101	-0.903568	-6.00699	-5.10342
BLOCK10/SES102/SA102S14	SES105	-1.19072	-6.29414	-5.10342
BLOCK10/SES102/SA102S14	SES147	-2.59055	-7.69397	-5.10342
BLOCK10/SES102/SA102S22	SES007	-1.41573	-7.27275	-5.85702
BLOCK10/SES102/SA102S22	SES101	-1.22289	-7.07991	-5.85702
BLOCK10/SES102/SA102S22	SES105	-1.11595	-6.97297	-5.85702
BLOCK10/SES102/SA102S22	SES158	-1.4746	-7.33162	-5.85702
BLOCK10/SES102/SA102S25	SES007	-0.786445	-6.53477	-5.74832
BLOCK10/SES102/SA102S25	SES101	-0.643083	-6.39141	-5.74832
BLOCK10/SES102/SA102S25	SES105	-1.60147	-7.34979	-5.74832
BLOCK10/SES102/SA102S25	SES147	-3.21117	-8.95949	-5.74832
BLOCK10/SES102/SA102S27	SES007	-0.417095	-6.06297	-5.64588
BLOCK10/SES102/SA102S27	SES101	-0.77416	-6.42004	-5.64588
BLOCK10/SES102/SA102S27	SES105	-1.65724	-7.30312	-5.64588
BLOCK10/SES102/SA102S27	SES147	-2.38417	-8.03005	-5.64588
BLOCK10/SES103/SA103S14	SES105	-1.78108	-10.7491	-8.96806
BLOCK10/SES103/SA103S14	SES106	-2.26921	-11.2373	-8.96806
BLOCK10/SES103/SA103S14	SES120	-2.48776	-11.4558	-8.96806
BLOCK10/SES103/SA103S14	SES206	-2.73191	-11.7	-8.96806
BLOCK10/SES103/SA103S15	SES099	-3.58281	-13.7416	-10.1588
BLOCK10/SES103/SA103S15	SES101	-4.85905	-15.0178	-10.1588
BLOCK10/SES103/SA103S15	SES104	-1.53937	-11.6982	-10.1588
BLOCK10/SES103/SA103S15	SES125	-4.61693	-14.7757	-10.1588
BLOCK10/SES103/SA103S24	SES104	-1.60975	-8.62627	-7.01652
BLOCK10/SES103/SA103S24	SES125	-4.7638	-11.7803	-7.01652
BLOCK10/SES103/SA103S24	SES148	-3.08211	-10.0986	-7.01652
BLOCK10/SES103/SA103S24	SES158	-2.25554	-9.27205	-7.01652
BLOCK10/SES103/SA103S26	SES104	-1.75555	-10.0267	-8.27112
BLOCK10/SES103/SA103S26	SES106	-2.26694	-10.5381	-8.27112
BLOCK10/SES103/SA103S26	SES125	-3.93812	-12.2092	-8.27112
BLOCK10/SES103/SA103S26	SES148	-4.36641	-12.6375	-8.27112
BLOCK10/SES103/SA103S28	SES104	-1.7992	-11.0065	-9.20734
BLOCK10/SES103/SA103S28	SES106	-3.99252	-13.1999	-9.20734
BLOCK10/SES103/SA103S28	SES125	-5.75021	-14.9575	-9.20734
BLOCK10/SES103/SA103S28	SES206	-3.97188	-13.1792	-9.20734
BLOCK12/SES121/SA121S12	SES042	-2.6282	-10.308	-7.67978
BLOCK12/SES121/SA121S12	SES087	-1.52212	-9.20189	-7.67978
BLOCK12/SES121/SA121S12	SES105	-0.772772	-8.45255	-7.67978
BLOCK12/SES121/SA121S12	SES206	-0.377779	-8.05756	-7.67978
BLOCK12/SES121/SA121S14	SES007	-1.4467	-12.0141	-10.5674
BLOCK12/SES121/SA121S14	SES105	-2.41298	-12.9804	-10.5674
BLOCK12/SES121/SA121S14	SES106	-2.2834	-12.8508	-10.5674
BLOCK12/SES121/SA121S14	SES206	-1.12617	-11.6935	-10.5674
BLOCK12/SES121/SA121S23	SES105	-2.41258	-11.5986	-9.18599
BLOCK12/SES121/SA121S23	SES106	-2.49553	-11.6815	-9.18599
BLOCK12/SES121/SA121S23	SES120	-1.97032	-11.1563	-9.18599
BLOCK12/SES121/SA121S23	SES206	-0.49258	-9.67857	-9.18599
BLOCK12/SES121/SA121S25	SES007	-0.961664	-11.2361	-10.2745
BLOCK12/SES121/SA121S25	SES105	-2.59451	-12.869	-10.2745
BLOCK12/SES121/SA121S25	SES106	-0.839108	-11.1136	-10.2745
BLOCK12/SES121/SA121S25	SES206	-1.27041	-11.5449	-10.2745
BLOCK12/SES121/SA121S27	SES087	-0.842776	-10.8688	-10.026
BLOCK12/SES121/SA121S27	SES105	-2.84365	-12.8697	-10.026
BLOCK12/SES121/SA121S27	SES120	-0.648736	-10.6747	-10.026
BLOCK12/SES121/SA121S27	SES206	-0.272785	-10.2988	-10.026
BLOCK12/SES124/SA124S16	SES042	-0.540353	-6.63304	-6.09268
BLOCK12/SES124/SA124S16	SES082	-1.01101	-7.10369	-6.09268
BLOCK12/SES124/SA124S16	SES183	-1.15361	-7.24629	-6.09268
BLOCK12/SES124/SA124S16	SES206	-2.05653	-8.14921	-6.09268
BLOCK12/SES124/SA124S17	SES105	-1.65402	-9.79131	-8.13728
BLOCK12/SES124/SA124S17	SES149	-1.47072	-9.608	-8.13728
BLOCK12/SES124/SA124S17	SES158	-2.31634	-10.4536	-8.13728
BLOCK12/SES124/SA124S17	SES275	-0.832637	-8.96992	-8.13728
BLOCK12/SES124/SA124S23	SES105	-2.70781	-8.52568	-5.81787
BLOCK12/SES124/SA124S23	SES125	0.649363	-5.16851	-5.81787
BLOCK12/SES124/SA124S23	SES129	-3.26505	-9.08293	-5.81787
BLOCK12/SES124/SA124S23	SES158	-1.33265	-7.15053	-5.81787
BLOCK12/SES124/SA124S26	SES105	-2.55902	-9.76561	-7.20659
BLOCK12/SES124/SA124S26	SES125	-0.609893	-7.81649	-7.20659
BLOCK12/SES124/SA124S26	SES129	-1.93078	-9.13737	-7.20659
BLOCK12/SES124/SA124S26	SES158	-1.25298	-8.45957	-7.20659
BLOCK12/SES124/SA124S28	SES104	-0.225711	-6.26932	-6.0436
BLOCK12/SES124/SA124S28	SES106	-0.401329	-6.44493	-6.0436
BLOCK12/SES124/SA124S28	SES125	0.676563	-5.36704	-6.0436
BLOCK12/SES124/SA124S28	SES275	-2.40891	-8.45252	-6.0436
BLOCK12/SES126/SA126S13	SES007	-1.12011	-8.72626	-7.60615
BLOCK12/SES126/SA126S13	SES162	-2.73152	-10.3377	-7.60615
BLOCK12/SES126/SA126S13	SES177	-1.32534	-8.93148	-7.60615
BLOCK12/SES126/SA126S13	SES180	-1.92673	-9.53288	-7.60615
BLOCK12/SES126/SA126S14	SES144	-0.957767	-7.5866	-6.62884
BLOCK12/SES126/SA126S14	SES148	-1.5014	-8.13024	-6.62884
BLOCK12/SES126/SA126S14	SES177	-0.554646	-7.18348	-6.62884
BLOCK12/SES126/SA126S14	SES180	-1.40167	-8.03051	-6.62884
BLOCK12/SES126/SA126S20	SES007	-1.11567	-5.64549	-4.52982
BLOCK12/SES126/SA126S20	SES162	-1.89655	-6.42637	-4.52982
BLOCK12/SES126/SA126S20	SES172	-1.46298	-5.99279	-4.52982
BLOCK12/SES126/SA126S20	SES180	-0.878782	-5.4086	-4.52982
BLOCK12/SES126/SA126S24	SES120	-0.514771	-6.50023	-5.98546
BLOCK12/SES126/SA126S24	SES162	-2.06095	-8.04641	-5.98546
BLOCK12/SES126/SA126S24	SES177	-0.685595	-6.67106	-5.98546
BLOCK12/SES126/SA126S24	SES180	-0.844303	-6.82976	-5.98546
BLOCK12/SES126/SA126S26	SES120	-0.641434	-6.61054	-5.96911
BLOCK12/SES126/SA126S26	SES177	-1.12807	-7.09718	-5.96911
BLOCK12/SES126/SA126S26	SES180	-0.354041	-6.32315	-5.96911
BLOCK12/SES126/SA126S26	SES202	-1.62812	-7.59723	-5.96911
BLOCK12/SES128/SA128S10	SES087	-1.98329	-8.3908	-6.40751
BLOCK12/SES128/SA128S10	SES206	-1.60496	-8.01247	-6.40751
BLOCK12/SES128/SA128S10	SES226	-1.40499	-7.8125	-6.40751
BLOCK12/SES128/SA128S10	SES270	-2.00193	-8.40944	-6.40751
BLOCK12/SES128/SA128S12	SES120	-0.567987	-7.7002	-7.13221
BLOCK12/SES128/SA128S12	SES158	-2.45822	-9.59042	-7.13221
BLOCK12/SES128/SA128S12	SES206	-0.70573	-7.83794	-7.13221
BLOCK12/SES128/SA128S12	SES226	-2.68289	-9.8151	-7.13221
BLOCK12/SES128/SA128S21	SES106	-3.56528	-9.75879	-6.19352
BLOCK12/SES128/SA128S21	SES120	-1.74918	-7.9427	-6.19352
BLOCK12/SES128/SA128S21	SES206	-1.81852	-8.01204	-6.19352
BLOCK12/SES128/SA128S21	SES226	-1.29542	-7.48893	-6.19352
BLOCK12/SES128/SA128S24	SES087	-1.51843	-9.03576	-7.51733
BLOCK12/SES128/SA128S24	SES120	-1.08868	-8.60601	-7.51733
BLOCK12/SES128/SA128S24	SES206	-0.827314	-8.34464	-7.51733
BLOCK12/SES128/SA128S24	SES226	-1.35009	-8.86742	-7.51733
BLOCK12/SES128/SA128S27	SES099	-1.21145	-7.53032	-6.31886
BLOCK12/SES128/SA128S27	SES120	-0.734334	-7.0532	-6.31886
BLOCK12/SES128/SA128S27	SES206	-1.44681	-7.76568	-6.31886
BLOCK12/SES128/SA128S27	SES226	-1.88712	-8.20598	-6.31886
BLOCK13/SES130/SA130S13	SES143	-0.594789	-7.92867	-7.33388
BLOCK13/SES130/SA130S13	SES144	0.460362	-6.87352	-7.33388
BLOCK13/SES130/SA130S13	SES146	-1.9872	-9.32109	-7.33388
BLOCK13/SES130/SA130S13	SES275	-2.09988	-9.43377	-7.33388
BLOCK13/SES130/SA130S15	SES143	-0.757759	-6.30371	-5.54595
BLOCK13/SES130/SA130S15	SES144	-0.0603414	-5.60629	-5.54595
BLOCK13/SES130/SA130S15	SES146	-0.387878	-5.93382	-5.54595
BLOCK13/SES130/SA130S15	SES275	-0.90584	-6.45179	-5.54595
BLOCK13/SES130/SA130S23	SES127	-1.7749	-7.676	-5.90111
BLOCK13/SES130/SA130S23	SES144	-0.264676	-6.16578	-5.90111
BLOCK13/SES130/SA130S23	SES146	-1.28497	-7.18608	-5.90111
BLOCK13/SES130/SA130S23	SES162	-1.33378	-7.23488	-5.90111
BLOCK13/SES130/SA130S25	SES127	-1.28988	-5.32777	-4.03789
BLOCK13/SES130/SA130S25	SES144	-0.230434	-4.26832	-4.03789
BLOCK13/SES130/SA130S25	SES146	-0.242236	-4.28012	-4.03789
BLOCK13/SES130/SA130S25	SES275	-1.41716	-5.45505	-4.03789
BLOCK13/SES130/SA130S28	SES127	-0.931585	-7.44472	-6.51313
BLOCK13/SES130/SA130S28	SES144	-1.35082	-7.86395	-6.51313
BLOCK13/SES130/SA130S28	SES146	-0.63667	-7.1498	-6.51313
BLOCK13/SES130/SA130S28	SES275	-0.994182	-7.50731	-6.51313
BLOCK13/SES131/SA131S13	SES002	-2.41217	-10.3469	-7.93475
BLOCK13/SES131/SA131S13	SES007	-2.3856	-10.3203	-7.93475
BLOCK13/SES131/SA131S13	SES099	-1.33951	-9.27426	-7.93475
BLOCK13/SES131/SA131S13	SES105	-1.52001	-9.45476	-7.93475
BLOCK13/SES131/SA131S14	SES104	-1.16794	-5.22593	-4.058
BLOCK13/SES131/SA131S14	SES106	-2.48599	-6.54399	-4.058
BLOCK13/SES131/SA131S14	SES125	-2.42098	-6.47897	-4.058
BLOCK13/SES131/SA131S14	SES148	-0.234447	-4.29244	-4.058
BLOCK13/SES131/SA131S20	SES104	-2.82304	-10.9691	-8.14606
BLOCK13/SES131/SA131S20	SES106	-3.34332	-11.4894	-8.14606
BLOCK13/SES131/SA131S20	SES125	-3.31414	-11.4602	-8.14606
BLOCK13/SES131/SA131S20	SES148	-1.67808	-9.82414	-8.14606
BLOCK13/SES131/SA131S22	SES099	-2.26543	-8.58518	-6.31976
BLOCK13/SES131/SA131S22	SES104	-1.44167	-7.76143	-6.31976
BLOCK13/SES131/SA131S22	SES125	-0.874683	-7.19444	-6.31976
BLOCK13/SES131/SA131S22	SES206	-1.87702	-8.19677	-6.31976
BLOCK13/SES131/SA131S29	SES087	-1.84471	-9.42781	-7.58311
BLOCK13/SES131/SA131S29	SES104	-3.07815	-10.6613	-7.58311
BLOCK13/SES131/SA131S29	SES125	-4.83051	-12.4136	-7.58311
BLOCK13/SES131/SA131S29	SES206	-3.38362	-10.9667	-7.58311
BLOCK13/SES132/SA132S11	SES083	-2.66344	-10.3284	-7.66493
BLOCK13/SES132/SA132S11	SES120	-0.126558	-7.79149	-7.66493
BLOCK13/SES132/SA132S11	SES127	-2.96277	-10.6277	-7.66493
BLOCK13/SES132/SA132S11	SES275	-1.90294	-9.56787	-7.66493
BLOCK13/SES132/SA132S12	SES083	-2.71665	-8.8254	-6.10875
BLOCK13/SES132/SA132S12	SES143	-2.29597	-8.40472	-6.10875
BLOCK13/SES132/SA132S12	SES144	-1.77522	-7.88397	-6.10875
BLOCK13/SES132/SA132S12	SES148	-1.67635	-7.7851	-6.10875
BLOCK13/SES132/SA132S22	SES062	-1.5987	-8.29621	-6.69752
BLOCK13/SES132/SA132S22	SES083	-2.65795	-9.35547	-6.69752
BLOCK13/SES132/SA132S22	SES127	-2.24678	-8.9443	-6.69752
BLOCK13/SES132/SA132S22	SES275	-1.59134	-8.28886	-6.69752
BLOCK13/SES132/SA132S24	SES007	-0.899005	-6.77285	-5.87384
BLOCK13/SES132/SA132S24	SES083	-2.97706	-8.8509	-5.87384
BLOCK13/SES132/SA132S24	SES127	-2.60066	-8.47451	-5.87384
BLOCK13/SES132/SA132S24	SES275	-1.75665	-7.63049	-5.87384
BLOCK13/SES132/SA132S27	SES083	-4.38146	-12.3461	-7.9646
BLOCK13/SES132/SA132S27	SES120	0.225557	-7.73905	-7.9646
BLOCK13/SES132/SA132S27	SES127	-4.96105	-12.9257	-7.9646
BLOCK13/SES132/SA132S27	SES275	-2.85859	-10.8232	-7.9646
BLOCK14/SES141/SA141S09	SES143	-1.21343	-6.70507	-5.49164
BLOCK14/SES141/SA141S09	SES144	-0.585881	-6.07753	-5.49164
BLOCK14/SES141/SA141S09	SES162	-1.4098	-6.90145	-5.49164
BLOCK14/SES141/SA141S09	SES180	-0.946498	-6.43814	-5.49164
BLOCK14/SES141/SA141S15	SES127	-1.33246	-7.71472	-6.38226
BLOCK14/SES141/SA141S15	SES144	-1.41938	-7.80164	-6.38226
BLOCK14/SES141/SA141S15	SES162	-2.1967	-8.57896	-6.38226
BLOCK14/SES141/SA141S15	SES180	-1.37443	-7.75669	-6.38226
BLOCK14/SES141/SA141S24	SES127	-1.93832	-8.79766	-6.85934
BLOCK14/SES141/SA141S24	SES144	-2.32253	-9.18187	-6.85934
BLOCK14/SES141/SA141S24	SES162	-1.4027	-8.26204	-6.85934
BLOCK14/SES141/SA141S24	SES183	-1.90227	-8.76161	-6.85934
BLOCK14/SES141/SA141S26	SES142	-0.480436	-7.99514	-7.5147
BLOCK14/SES141/SA141S26	SES144	-1.93588	-9.45058	-7.5147
BLOCK14/SES141/SA141S26	SES172	-0.767019	-8.28172	-7.5147
BLOCK14/SES141/SA141S26	SES180	-1.24142	-8.75612	-7.5147
BLOCK14/SES141/SA141S29	SES127	-0.846562	-6.85577	-6.00921
BLOCK14/SES141/SA141S29	SES142	-0.847223	-6.85643	-6.00921
BLOCK14/SES141/SA141S29	SES144	-1.55063	-7.55984	-6.00921
BLOCK14/SES141/SA141S29	SES180	-0.950211	-6.95942	-6.00921
BLOCK15/SES157/SA157S08	SES083	-1.5799	-7.26808	-5.68818
BLOCK15/SES157/SA157S08	SES127	-0.758913	-6.44709	-5.68818
BLOCK15/SES157/SA157S08	SES148	-1.01729	-6.70547	-5.68818
BLOCK15/SES157/SA157S08	SES292	-1.4989	-7.18708	-5.68818
BLOCK15/SES157/SA157S11	SES083	-1.87123	-7.98791	-6.11668
BLOCK15/SES157/SA157S11	SES127	-1.55243	-7.66912	-6.11668
BLOCK15/SES157/SA157S11	SES148	-1.74826	-7.86494	-6.11668
BLOCK15/SES157/SA157S11	SES292	-2.04198	-8.15866	-6.11668
BLOCK15/SES157/SA157S21	SES127	-0.515883	-5.13971	-4.62383
BLOCK15/SES157/SA157S21	SES148	-0.350173	-4.974	-4.62383
BLOCK15/SES157/SA157S21	SES158	-5.52738	-10.1512	-4.62383
BLOCK15/SES157/SA157S21	SES292	-1.26683	-5.89066	-4.62383
BLOCK15/SES157/SA157S24	SES127	-1.10312	-8.39524	-7.29212
BLOCK15/SES157/SA157S24	SES148	-1.52647	-8.81859	-7.29212
BLOCK15/SES157/SA157S24	SES183	-1.61647	-8.90858	-7.29212
BLOCK15/SES157/SA157S24	SES292	-2.06314	-9.35526	-7.29212
BLOCK15/SES157/SA157S26	SES007	-0.884602	-6.63934	-5.75473
BLOCK15/SES157/SA157S26	SES127	0.0338416	-5.72089	-5.75473
BLOCK15/SES157/SA157S26	SES147	-0.773193	-6.52793	-5.75473
BLOCK15/SES157/SA157S26	SES148	-1.34881	-7.10354	-5.75473
BLOCK16/SES161/SA161S10	SES007	-1.47571	-8.25206	-6.77634
BLOCK16/SES161/SA161S10	SES105	-1.12747	-7.90381	-6.77634
BLOCK16/SES161/SA161S10	SES158	-1.65417	-8.43052	-6.77634
BLOCK16/SES161/SA161S10	SES275	-1.51435	-8.29069	-6.77634
BLOCK16/SES161/SA161S12	SES007	-2.4817	-11.014	-8.53233
BLOCK16/SES161/SA161S12	SES105	-2.13775	-10.6701	-8.53233
BLOCK16/SES161/SA161S12	SES158	-2.04943	-10.5818	-8.53233
BLOCK16/SES161/SA161S12	SES275	-3.85367	-12.386	-8.53233
BLOCK16/SES161/SA161S20	SES007	-1.88466	-10.9643	-9.07961
BLOCK16/SES161/SA161S20	SES105	-2.05237	-11.132	-9.07961
BLOCK16/SES161/SA161S20	SES158	-0.750652	-9.83026	-9.07961
BLOCK16/SES161/SA161S20	SES275	-4.07765	-13.1573	-9.07961
BLOCK16/SES161/SA161S23	SES007	-3.52786	-11.8534	-8.3255
BLOCK16/SES161/SA161S23	SES105	-1.36079	-9.6863	-8.3255
BLOCK16/SES161/SA161S23	SES148	-2.6369	-10.9624	-8.3255
BLOCK16/SES161/SA161S23	SES158	-3.72885	-12.0544	-8.3255
BLOCK16/SES161/SA161S28	SES007	-2.29257	-10.7484	-8.4558
BLOCK16/SES161/SA161S28	SES105	-3.25808	-11.7139	-8.4558
BLOCK16/SES161/SA161S28	SES158	-0.998467	-9.45427	-8.4558
BLOCK16/SES161/SA161S28	SES206	-1.43871	-9.89451	-8.4558
BLOCK16/SES164/SA164S11	SES104	-1.09929	-7.14637	-6.04708
BLOCK16/SES164/SA164S11	SES125	-2.03942	-8.08651	-6.04708
BLOCK16/SES164/SA164S11	SES158	-3.23708	-9.28417	-6.04708
BLOCK16/SES164/SA164S11	SES206	-2.21214	-8.25922	-6.04708
BLOCK16/SES164/SA164S13	SES099	-2.94174	-10.0509	-7.10918
BLOCK16/SES164/SA164S13	SES104	-2.16783	-9.27701	-7.10918
BLOCK16/SES164/SA164S13	SES125	-2.30829	-9.41747	-7.10918
BLOCK16/SES164/SA164S13	SES206	-3.40545	-10.5146	-7.10918
BLOCK16/SES164/SA164S24	SES002	-0.0667419	-6.82213	-6.75539
BLOCK16/SES164/SA164S24	SES099	-1.29787	-8.05326	-6.75539
BLOCK16/SES164/SA164S24	SES125	-1.50293	-8.25832	-6.75539
BLOCK16/SES164/SA164S24	SES226	0.180669	-6.57472	-6.75539
BLOCK16/SES164/SA164S27	SES087	-1.96159	-9.39068	-7.42908
BLOCK16/SES164/SA164S27	SES125	-3.48519	-10.9143	-7.42908
BLOCK16/SES164/SA164S27	SES206	-3.27426	-10.7033	-7.42908
BLOCK16/SES164/SA164S27	SES226	-1.749	-9.17809	-7.42908
BLOCK16/SES164/SA164S29	SES002	-0.737448	-6.90625	-6.1688
BLOCK16/SES164/SA164S29	SES019	-3.73857	-9.90737	-6.1688
BLOCK16/SES164/SA164S29	SES125	-2.85049	-9.01929	-6.1688
BLOCK16/SES164/SA164S29	SES226	-1.66499	-7.83379	-6.1688
BLOCK16/SES169/SA169S13	SES117	-1.78687	-8.95358	-7.16672
BLOCK16/SES169/SA169S13	SES144	-1.67325	-8.83997	-7.16672
BLOCK16/SES169/SA169S13	SES146	-1.07977	-8.24648	-7.16672
BLOCK16/SES169/SA169S13	SES162	-1.63585	-8.80257	-7.16672
BLOCK16/SES169/SA169S14	SES144	-1.23911	-6.13765	-4.89854
BLOCK16/SES169/SA169S14	SES148	-0.499345	-5.39789	-4.89854
BLOCK16/SES169/SA169S14	SES177	-0.993247	-5.89179	-4.89854
BLOCK16/SES169/SA169S14	SES180	-0.804989	-5.70353	-4.89854
BLOCK16/SES169/SA169S24	SES117	-1.33664	-8.3998	-7.06316
BLOCK16/SES169/SA169S24	SES144	-1.29669	-8.35985	-7.06316
BLOCK16/SES169/SA169S24	SES146	-1.17566	-8.23883	-7.06316
BLOCK16/SES169/SA169S24	SES162	-1.4111	-8.47427	-7.06316
BLOCK16/SES169/SA169S27	SES127	-1.50445	-8.0401	-6.53565
BLOCK16/SES169/SA169S27	SES129	-1.31163	-7.84728	-6.53565
BLOCK16/SES169/SA169S27	SES144	-1.47607	-8.01172	-6.53565
BLOCK16/SES169/SA169S27	SES146	-0.944088	-7.47973	-6.53565
BLOCK16/SES169/SA169S29	SES144	-0.920486	-5.66966	-4.74918
BLOCK16/SES169/SA169S29	SES162	-1.21342	-5.9626	-4.74918
BLOCK16/SES169/SA169S29	SES177	-1.47743	-6.22661	-4.74918
BLOCK16/SES169/SA169S29	SES180	-1.17315	-5.92233	-4.74918
BLOCK17/SES171/SA171S12	SES083	-2.19261	-9.10764	-6.91503
BLOCK17/SES171/SA171S12	SES148	-2.00613	-8.92116	-6.91503
BLOCK17/SES171/SA171S12	SES172	-1.87698	-8.79201	-6.91503
BLOCK17/SES171/SA171S12	SES292	-2.44561	-9.36064	-6.91503
BLOCK17/SES171/SA171S15	SES148	-2.59312	-9.48977	-6.89665
BLOCK17/SES171/SA171S15	SES177	-1.55643	-8.45308	-6.89665
BLOCK17/SES171/SA171S15	SES180	-3.94092	-10.8376	-6.89665
BLOCK17/SES171/SA171S15	SES292	-2.53692	-9.43357	-6.89665
BLOCK17/SES171/SA171S22	SES007	-1.50186	-5.5696	-4.06774
BLOCK17/SES171/SA171S22	SES148	-0.415937	-4.48368	-4.06774
BLOCK17/SES171/SA171S22	SES177	-0.380121	-4.44787	-4.06774
BLOCK17/SES171/SA171S22	SES180	-2.14646	-6.2142	-4.06774
BLOCK17/SES171/SA171S25	SES101	-1.90564	-9.15722	-7.25158
BLOCK17/SES171/SA171S25	SES120	-3.32264	-10.5742	-7.25158
BLOCK17/SES171/SA171S25	SES177	-1.6295	-8.88108	-7.25158
BLOCK17/SES171/SA171S25	SES180	-1.91111	-9.16269	-7.25158
BLOCK17/SES171/SA171S27	SES177	-1.66438	-9.18008	-7.51571
BLOCK17/SES171/SA171S27	SES180	-2.97519	-10.4909	-7.51571
BLOCK17/SES171/SA171S27	SES189	-0.791018	-8.30672	-7.51571
BLOCK17/SES171/SA171S27	SES292	-2.41532	-9.93103	-7.51571
BLOCK17/SES173/SA173S13	SES162	-3.96864	-10.6342	-6.66556
BLOCK17/SES173/SA173S13	SES177	-1.57017	-8.23574	-6.66556
BLOCK17/SES173/SA173S13	SES180	-1.66122	-8.32679	-6.66556
BLOCK17/SES173/SA173S13	SES292	-0.356364	-7.02193	-6.66556
BLOCK17/SES173/SA173S14	SES007	-2.03991	-8.28054	-6.24063
BLOCK17/SES173/SA173S14	SES162	-3.1525	-9.39313	-6.24063
BLOCK17/SES173/SA173S14	SES177	-1.76621	-8.00684	-6.24063
BLOCK17/SES173/SA173S14	SES180	-2.06088	-8.30151	-6.24063
BLOCK17/SES173/SA173S24	SES144	-2.75843	-9.8079	-7.04947
BLOCK17/SES173/SA173S24	SES162	-2.61349	-9.66296	-7.04947
BLOCK17/SES173/SA173S24	SES177	-0.993878	-8.04335	-7.04947
BLOCK17/SES173/SA173S24	SES180	-2.26085	-9.31033	-7.04947
BLOCK17/SES173/SA173S27	SES162	-4.19199	-11.4072	-7.21519
BLOCK17/SES173/SA173S27	SES177	-1.68495	-8.90014	-7.21519
BLOCK17/SES173/SA173S27	SES180	-2.74995	-9.96515	-7.21519
BLOCK17/SES173/SA173S27	SES292	-0.844698	-8.05989	-7.21519
BLOCK17/SES173/SA173S29	SES162	-2.16493	-7.77656	-5.61163
BLOCK17/SES173/SA173S29	SES175	-0.918839	-6.53047	-5.61163
BLOCK17/SES173/SA173S29	SES177	-0.68833	-6.29996	-5.61163
BLOCK17/SES173/SA173S29	SES292	-0.652764	-6.26439	-5.61163
BLOCK18/SES182/SA182S10	SES144	-1.87715	-7.93484	-6.05769
BLOCK18/SES182/SA182S10	SES177	-1.21838	-7.27607	-6.05769
BLOCK18/SES182/SA182S10	SES180	-2.61612	-8.67381	-6.05769
BLOCK18/SES182/SA182S10	SES275	-1.98507	-8.04276	-6.05769
BLOCK18/SES182/SA182S12	SES144	-1.05127	-7.03354	-5.98227
BLOCK18/SES182/SA182S12	SES177	-1.05854	-7.04081	-5.98227
BLOCK18/SES182/SA182S12	SES180	-2.72832	-8.71059	-5.98227
BLOCK18/SES182/SA182S12	SES275	-0.854973	-6.83724	-5.98227
BLOCK18/SES182/SA182S21	SES117	-1.33639	-9.31095	-7.97455
BLOCK18/SES182/SA182S21	SES144	-1.73267	-9.70722	-7.97455
BLOCK18/SES182/SA182S21	SES162	-1.41188	-9.38643	-7.97455
BLOCK18/SES182/SA182S21	SES180	-2.77081	-10.7454	-7.97455
BLOCK18/SES182/SA182S23	SES117	-1.78217	-10.4616	-8.67944
BLOCK18/SES182/SA182S23	SES144	-4.0858	-12.7652	-8.67944
BLOCK18/SES182/SA182S23	SES180	-4.42879	-13.1082	-8.67944
BLOCK18/SES182/SA182S23	SES275	-4.21132	-12.8908	-8.67944
BLOCK18/SES182/SA182S25	SES007	-0.0288053	-7.21931	-7.1905
BLOCK18/SES182/SA182S25	SES162	-1.51349	-8.70399	-7.1905
BLOCK18/SES182/SA182S25	SES177	-0.988303	-8.1788	-7.1905
BLOCK18/SES182/SA182S25	SES180	-2.86223	-10.0527	-7.1905
BLOCK18/SES184/SA184S12	SES177	-0.727242	-6.62977	-5.90253
BLOCK18/SES184/SA184S12	SES180	-0.530797	-6.43333	-5.90253
BLOCK18/SES184/SA184S12	SES189	-1.90908	-7.81161	-5.90253
BLOCK18/SES184/SA184S12	SES292	-0.597159	-6.49969	-5.90253
BLOCK18/SES184/SA184S13	SES101	-1.12093	-7.37167	-6.25074
BLOCK18/SES184/SA184S13	SES177	-1.04539	-7.29614	-6.25074
BLOCK18/SES184/SA184S13	SES180	-1.03816	-7.28891	-6.25074
BLOCK18/SES184/SA184S13	SES292	-1.52272	-7.77346	-6.25074
BLOCK18/SES184/SA184S22	SES177	-0.926117	-6.52741	-5.60129
BLOCK18/SES184/SA184S22	SES180	-0.70706	-6.30835	-5.60129
BLOCK18/SES184/SA184S22	SES189	-2.14499	-7.74628	-5.60129
BLOCK18/SES184/SA184S22	SES292	-1.49813	-7.09942	-5.60129
BLOCK18/SES184/SA184S25	SES101	-1.23606	-6.8152	-5.57914
BLOCK18/SES184/SA184S25	SES177	-1.53461	-7.11375	-5.57914
BLOCK18/SES184/SA184S25	SES180	-1.03136	-6.6105	-5.57914
BLOCK18/SES184/SA184S25	SES292	-1.24865	-6.82779	-5.57914
BLOCK18/SES184/SA184S27	SES083	-1.40146	-7.58011	-6.17865
BLOCK18/SES184/SA184S27	SES177	-1.20732	-7.38597	-6.17865
BLOCK18/SES184/SA184S27	SES202	-1.17489	-7.35354	-6.17865
BLOCK18/SES184/SA184S27	SES292	-1.57407	-7.75272	-6.17865
BLOCK20/SES204/SA204S12	SES062	-1.6791	-7.21262	-5.53352
BLOCK20/SES204/SA204S12	SES083	-2.2293	-7.76281	-5.53352
BLOCK20/SES204/SA204S12	SES206	-1.44989	-6.9834	-5.53352
BLOCK20/SES204/SA204S12	SES226	-2.25643	-7.78994	-5.53352
BLOCK20/SES204/SA204S14	SES068	-0.688344	-4.83036	-4.14201
BLOCK20/SES204/SA204S14	SES087	-0.311259	-4.45327	-4.14201
BLOCK20/SES204/SA204S14	SES206	-1.25612	-5.39814	-4.14201
BLOCK20/SES204/SA204S14	SES226	-2.469	-6.61101	-4.14201
BLOCK20/SES204/SA204S22	SES068	-1.53429	-7.49925	-5.96496
BLOCK20/SES204/SA204S22	SES082	-1.71104	-7.67601	-5.96496
BLOCK20/SES204/SA204S22	SES083	-3.18226	-9.14722	-5.96496
BLOCK20/SES204/SA204S22	SES206	-0.887259	-6.85222	-5.96496
BLOCK20/SES204/SA204S25	SES062	-1.24007	-6.99047	-5.7504
BLOCK20/SES204/SA204S25	SES083	-2.29239	-8.04279	-5.7504
BLOCK20/SES204/SA204S25	SES206	-1.05264	-6.80304	-5.7504
BLOCK20/SES204/SA204S25	SES226	-1.57732	-7.32772	-5.7504
BLOCK20/SES204/SA204S27	SES068	-1.66085	-8.46874	-6.80789
BLOCK20/SES204/SA204S27	SES082	-2.13729	-8.94518	-6.80789
BLOCK20/SES204/SA204S27	SES087	-0.429803	-7.23769	-6.80789
BLOCK20/SES204/SA204S27	SES206	-1.81176	-8.61965	-6.80789
BLOCK20/SES207/SA207S10	SES127	-2.42311	-7.96398	-5.54087
BLOCK20/SES207/SA207S10	SES183	-1.20549	-6.74636	-5.54087
BLOCK20/SES207/SA207S10	SES189	-1.14117	-6.68204	-5.54087
BLOCK20/SES207/SA207S10	SES292	-1.48198	-7.02285	-5.54087
BLOCK20/SES207/SA207S11	SES127	-1.77545	-8.14029	-6.36484
BLOCK20/SES207/SA207S11	SES183	-1.74748	-8.11232	-6.36484
BLOCK20/SES207/SA207S11	SES187	-0.995011	-7.35985	-6.36484
BLOCK20/SES207/SA207S11	SES292	-0.881774	-7.24661	-6.36484
BLOCK20/SES207/SA207S25	SES068	-0.992885	-7.86767	-6.87478
BLOCK20/SES207/SA207S25	SES083	-1.85813	-8.73291	-6.87478
BLOCK20/SES207/SA207S25	SES127	-0.674231	-7.54901	-6.87478
BLOCK20/SES207/SA207S25	SES187	-1.20903	-8.08381	-6.87478
BLOCK20/SES207/SA207S27	SES127	-1.85417	-9.14274	-7.28857
BLOCK20/SES207/SA207S27	SES183	-1.82869	-9.11726	-7.28857
BLOCK20/SES207/SA207S27	SES187	-1.21844	-8.50701	-7.28857
BLOCK20/SES207/SA207S27	SES292	-1.32905	-8.61762	-7.28857
BLOCK20/SES207/SA207S29	SES083	-2.60717	-8.40651	-5.79934
BLOCK20/SES207/SA207S29	SES085	-1.73313	-7.53247	-5.79934
BLOCK20/SES207/SA207S29	SES172	-0.465648	-6.26499	-5.79934
BLOCK20/SES207/SA207S29	SES189	-3.33391	-9.13325	-5.79934
BLOCK22/SES221/SA221S12	SES068	-0.0233254	-4.9364	-4.91307
BLOCK22/SES221/SA221S12	SES143	-1.51294	-6.42601	-4.91307
BLOCK22/SES221/SA221S12	SES175	-0.916812	-5.82988	-4.91307
BLOCK22/SES221/SA221S12	SES202	-1.25352	-6.16659	-4.91307
BLOCK22/SES221/SA221S15	SES085	-0.912984	-6.92716	-6.01417
BLOCK22/SES221/SA221S15	SES143	-1.65124	-7.66541	-6.01417
BLOCK22/SES221/SA221S15	SES175	-1.18251	-7.19668	-6.01417
BLOCK22/SES221/SA221S15	SES187	-2.14049	-8.15466	-6.01417
BLOCK22/SES221/SA221S23	SES068	-0.435311	-6.17443	-5.73912
BLOCK22/SES221/SA221S23	SES143	-2.59044	-8.32956	-5.73912
BLOCK22/SES221/SA221S23	SES175	-2.00073	-7.73985	-5.73912
BLOCK22/SES221/SA221S23	SES189	-2.22762	-7.96674	-5.73912
BLOCK22/SES221/SA221S27	SES085	0.246427	-5.69397	-5.9404
BLOCK22/SES221/SA221S27	SES143	-0.939656	-6.88006	-5.9404
BLOCK22/SES221/SA221S27	SES175	-0.912194	-6.85259	-5.9404
BLOCK22/SES221/SA221S27	SES189	-2.17263	-8.11303	-5.9404
BLOCK22/SES221/SA221S29	SES085	-0.60983	-7.58367	-6.97384
BLOCK22/SES221/SA221S29	SES143	-1.6845	-8.65834	-6.97384
BLOCK22/SES221/SA221S29	SES175	-1.51965	-8.49349	-6.97384
BLOCK22/SES221/SA221S29	SES187	-2.32363	-9.29747	-6.97384
BLOCK22/SES223/SA223S11	SES143	-1.15879	-8.79435	-7.63556
BLOCK22/SES223/SA223S11	SES144	-2.90339	-10.539	-7.63556
BLOCK22/SES223/SA223S11	SES175	-1.10436	-8.73992	-7.63556
BLOCK22/SES223/SA223S11	SES187	-1.63678	-9.27234	-7.63556
BLOCK22/SES223/SA223S13	SES068	-0.120311	-9.16219	-9.04188
BLOCK22/SES223/SA223S13	SES143	-1.86086	-10.9027	-9.04188
BLOCK22/SES223/SA223S13	SES146	-0.37375	-9.41563	-9.04188
BLOCK22/SES223/SA223S13	SES202	-1.41233	-10.4542	-9.04188
BLOCK22/SES223/SA223S22	SES143	-1.05474	-7.12541	-6.07067
BLOCK22/SES223/SA223S22	SES144	-3.1295	-9.20017	-6.07067
BLOCK22/SES223/SA223S22	SES175	-1.56817	-7.63884	-6.07067
BLOCK22/SES223/SA223S22	SES187	-1.70627	-7.77695	-6.07067
BLOCK22/SES223/SA223S25	SES068	-0.338121	-6.67833	-6.34021
BLOCK22/SES223/SA223S25	SES143	-2.36785	-8.70806	-6.34021
BLOCK22/SES223/SA223S25	SES175	-1.01457	-7.35478	-6.34021
BLOCK22/SES223/SA223S25	SES187	-1.96559	-8.3058	-6.34021
BLOCK22/SES223/SA223S27	SES143	-1.30919	-8.84641	-7.53722
BLOCK22/SES223/SA223S27	SES146	-2.53938	-10.0766	-7.53722
BLOCK22/SES223/SA223S27	SES187	-1.77734	-9.31456	-7.53722
BLOCK22/SES223/SA223S27	SES292	-0.0472703	-7.58449	-7.53722
BLOCK27/SES273/SA273S12	SES099	-0.556067	-7.30829	-6.75222
BLOCK27/SES273/SA273S12	SES104	-0.404851	-7.15707	-6.75222
BLOCK27/SES273/SA273S12	SES125	-1.19992	-7.95214	-6.75222
BLOCK27/SES273/SA273S12	SES206	0.14032	-6.6119	-6.75222
BLOCK27/SES273/SA273S13	SES099	-0.989878	-5.77476	-4.78489
BLOCK27/SES273/SA273S13	SES104	-1.20348	-5.98836	-4.78489
BLOCK27/SES273/SA273S13	SES206	-1.62396	-6.40884	-4.78489
BLOCK27/SES273/SA273S13	SES292	-1.11142	-5.8963	-4.78489
BLOCK27/SES273/SA273S21	SES099	-1.55301	-7.4217	-5.86869
BLOCK27/SES273/SA273S21	SES148	-2.33706	-8.20575	-5.86869
BLOCK27/SES273/SA273S21	SES149	-2.11634	-7.98503	-5.86869
BLOCK27/SES273/SA273S21	SES177	-1.83382	-7.70251	-5.86869
BLOCK27/SES273/SA273S25	SES104	-0.478951	-7.71704	-7.23809
BLOCK27/SES273/SA273S25	SES125	-1.60575	-8.84384	-7.23809
BLOCK27/SES273/SA273S25	SES158	0.211816	-7.02627	-7.23809
BLOCK27/SES273/SA273S25	SES206	-0.646956	-7.88505	-7.23809
BLOCK27/SES273/SA273S27	SES099	-1.04797	-5.00918	-3.96122
BLOCK27/SES273/SA273S27	SES104	-1.10135	-5.06257	-3.96122
BLOCK27/SES273/SA273S27	SES149	-1.33373	-5.29495	-3.96122
BLOCK27/SES273/SA273S27	SES275	-1.71692	-5.67814	-3.96122
BLOCK27/SES274/SA274S10	SES105	-2.37103	-6.86492	-4.49388
BLOCK27/SES274/SA274S10	SES125	-4.03045	-8.52433	-4.49388
BLOCK27/SES274/SA274S10	SES129	-0.232539	-4.72642	-4.49388
BLOCK27/SES274/SA274S10	SES158	-4.99445	-9.48833	-4.49388
BLOCK27/SES274/SA274S11	SES105	-1.61144	-6.94588	-5.33444
BLOCK27/SES274/SA274S11	SES149	-1.82948	-7.16392	-5.33444
BLOCK27/SES274/SA274S11	SES158	-2.40231	-7.73675	-5.33444
BLOCK27/SES274/SA274S11	SES275	-1.49756	-6.832	-5.33444
BLOCK27/SES274/SA274S21	SES105	-1.94873	-7.73093	-5.7822
BLOCK27/SES274/SA274S21	SES129	-0.706526	-6.48872	-5.7822
BLOCK27/SES274/SA274S21	SES149	-1.63724	-7.41943	-5.7822
BLOCK27/SES274/SA274S21	SES158	-3.24223	-9.02443	-5.7822
BLOCK27/SES274/SA274S24	SES105	-1.32809	-7.90525	-6.57716
BLOCK27/SES274/SA274S24	SES129	-0.495845	-7.07301	-6.57716
BLOCK27/SES274/SA274S24	SES149	-2.17926	-8.75642	-6.57716
BLOCK27/SES274/SA274S24	SES158	-4.22364	-10.8008	-6.57716
BLOCK27/SES274/SA274S29	SES105	-1.49315	-7.12687	-5.63372
BLOCK27/SES274/SA274S29	SES106	-2.51969	-8.15341	-5.63372
BLOCK27/SES274/SA274S29	SES120	-1.08712	-6.72084	-5.63372
BLOCK27/SES274/SA274S29	SES275	-1.20867	-6.8424	-5.63372
BLOCK27/SES276/SA276S16	SES148	-1.03396	-6.98992	-5.95596
BLOCK27/SES276/SA276S16	SES172	-0.140866	-6.09683	-5.95596
BLOCK27/SES276/SA276S16	SES180	-0.845884	-6.80184	-5.95596
BLOCK27/SES276/SA276S16	SES292	-0.90924	-6.8652	-5.95596
BLOCK27/SES276/SA276S17	SES101	-1.16137	-7.12037	-5.959
BLOCK27/SES276/SA276S17	SES177	-1.78425	-7.74325	-5.959
BLOCK27/SES276/SA276S17	SES180	-1.56892	-7.52792	-5.959
BLOCK27/SES276/SA276S17	SES292	-1.35244	-7.31144	-5.959
BLOCK27/SES276/SA276S24	SES101	-0.963808	-6.19474	-5.23093
BLOCK27/SES276/SA276S24	SES177	-1.10425	-6.33519	-5.23093
BLOCK27/SES276/SA276S24	SES180	-0.90305	-6.13398	-5.23093
BLOCK27/SES276/SA276S24	SES292	-1.34248	-6.57342	-5.23093
BLOCK27/SES276/SA276S26	SES101	-1.62424	-6.01953	-4.39529
BLOCK27/SES276/SA276S26	SES177	-1.07933	-5.47462	-4.39529
BLOCK27/SES276/SA276S26	SES180	-0.705574	-5.10086	-4.39529
BLOCK27/SES276/SA276S26	SES292	-0.294852	-4.69014	-4.39529
BLOCK27/SES276/SA276S28	SES101	-1.20252	-5.59181	-4.38928
BLOCK27/SES276/SA276S28	SES177	-1.68173	-6.07101	-4.38928
BLOCK27/SES276/SA276S28	SES180	-0.405812	-4.7951	-4.38928
BLOCK27/SES276/SA276S28	SES292	-0.508155	-4.89744	-4.38928
BLOCK27/SES277/SA277S12	SES101	-1.12874	-8.75447	-7.62572
BLOCK27/SES277/SA277S12	SES177	-2.45484	-10.0806	-7.62572
BLOCK27/SES277/SA277S12	SES180	-2.01096	-9.63669	-7.62572
BLOCK27/SES277/SA277S12	SES292	-2.11198	-9.7377	-7.62572
BLOCK27/SES277/SA277S14	SES177	-1.71851	-9.37125	-7.65274
BLOCK27/SES277/SA277S14	SES180	-2.5282	-10.1809	-7.65274
BLOCK27/SES277/SA277S14	SES189	-0.470979	-8.12371	-7.65274
BLOCK27/SES277/SA277S14	SES292	-2.97679	-10.6295	-7.65274
BLOCK27/SES277/SA277S21	SES177	-1.62603	-8.50354	-6.87751
BLOCK27/SES277/SA277S21	SES180	-1.73152	-8.60903	-6.87751
BLOCK27/SES277/SA277S21	SES189	-0.825644	-7.70315	-6.87751
BLOCK27/SES277/SA277S21	SES292	-2.11583	-8.99333	-6.87751
BLOCK27/SES277/SA277S24	SES144	-1.78294	-9.96199	-8.17905
BLOCK27/SES277/SA277S24	SES177	-1.6777	-9.85675	-8.17905
BLOCK27/SES277/SA277S24	SES180	-2.63065	-10.8097	-8.17905
BLOCK27/SES277/SA277S24	SES189	-0.846671	-9.02572	-8.17905
BLOCK27/SES277/SA277S29	SES177	-0.807418	-4.98342	-4.17601
BLOCK27/SES277/SA277S29	SES180	-1.49836	-5.67436	-4.17601
BLOCK27/SES277/SA277S29	SES202	-1.40098	-5.57699	-4.17601
BLOCK27/SES277/SA277S29	SES292	-1.90489	-6.08089	-4.17601
BLOCK27/SES279/SA279S09	SES120	-1.19447	-6.32318	-5.12871
BLOCK27/SES279/SA279S09	SES146	-1.9872	-7.1159	-5.12871
BLOCK27/SES279/SA279S09	SES206	-0.708828	-5.83753	-5.12871
BLOCK27/SES279/SA279S09	SES226	-2.26851	-7.39721	-5.12871
BLOCK27/SES279/SA279S10	SES099	-0.864834	-7.02057	-6.15573
BLOCK27/SES279/SA279S10	SES206	-1.5593	-7.71503	-6.15573
BLOCK27/SES279/SA279S10	SES226	-3.17861	-9.33434	-6.15573
BLOCK27/SES279/SA279S10	SES292	-0.686544	-6.84228	-6.15573
BLOCK27/SES279/SA279S20	SES099	-2.93627	-9.92822	-6.99195
BLOCK27/SES279/SA279S20	SES206	-1.24883	-8.24078	-6.99195
BLOCK27/SES279/SA279S20	SES226	-3.28991	-10.2819	-6.99195
BLOCK27/SES279/SA279S20	SES292	-0.410471	-7.40242	-6.99195
BLOCK27/SES279/SA279S26	SES099	-0.93121	-8.86511	-7.9339
BLOCK27/SES279/SA279S26	SES206	-0.419473	-8.35337	-7.9339
BLOCK27/SES279/SA279S26	SES226	-3.77228	-11.7062	-7.9339
BLOCK27/SES279/SA279S26	SES292	0.0523782	-7.88152	-7.9339
BLOCK27/SES279/SA279S28	SES099	-0.645112	-4.9551	-4.30999
BLOCK27/SES279/SA279S28	SES120	-1.25734	-5.56733	-4.30999
BLOCK27/SES279/SA279S28	SES177	-1.87288	-6.18286	-4.30999
BLOCK27/SES279/SA279S28	SES206	-1.45475	-5.76474	-4.30999
BLOCK29/SES290/SA290S12	SES162	-0.555382	-5.47031	-4.91493
BLOCK29/SES290/SA290S12	SES177	-1.2572	-6.17213	-4.91493
BLOCK29/SES290/SA290S12	SES180	-1.0939	-6.00883	-4.91493
BLOCK29/SES290/SA290S12	SES292	-1.23028	-6.14521	-4.91493
BLOCK29/SES290/SA290S13	SES007	-0.300798	-5.30876	-5.00797
BLOCK29/SES290/SA290S13	SES162	-1.68392	-6.69189	-5.00797
BLOCK29/SES290/SA290S13	SES177	-1.10126	-6.10923	-5.00797
BLOCK29/SES290/SA290S13	SES180	-1.03172	-6.03968	-5.00797
BLOCK29/SES290/SA290S22	SES177	-0.861632	-5.57212	-4.71048
BLOCK29/SES290/SA290S22	SES180	-1.22876	-5.93924	-4.71048
BLOCK29/SES290/SA290S22	SES202	-0.800802	-5.51129	-4.71048
BLOCK29/SES290/SA290S22	SES292	-0.710508	-5.42099	-4.71048
BLOCK29/SES290/SA290S25	SES162	-1.44223	-6.73346	-5.29123
BLOCK29/SES290/SA290S25	SES177	-1.38161	-6.67284	-5.29123
BLOCK29/SES290/SA290S25	SES180	-1.1457	-6.43693	-5.29123
BLOCK29/SES290/SA290S25	SES292	-0.720723	-6.01195	-5.29123
BLOCK29/SES290/SA290S29	SES177	-0.588512	-4.56009	-3.97158
BLOCK29/SES290/SA290S29	SES180	-0.193805	-4.16538	-3.97158
BLOCK29/SES290/SA290S29	SES275	-0.235569	-4.20715	-3.97158
BLOCK29/SES290/SA290S29	SES292	-0.912698	-4.88428	-3.97158
BLOCK29/SES291/SA291S11	SES105	-1.63439	-9.01731	-7.38292
BLOCK29/SES291/SA291S11	SES125	-1.63445	-9.01737	-7.38292
BLOCK29/SES291/SA291S11	SES158	-1.12917	-8.51209	-7.38292
BLOCK29/SES291/SA291S11	SES275	-1.91892	-9.30184	-7.38292
BLOCK29/SES291/SA291S12	SES158	0.733342	-7.33084	-8.06418
BLOCK29/SES291/SA291S12	SES226	-3.08872	-11.1529	-8.06418
BLOCK29/SES291/SA291S12	SES270	-1.05587	-9.12005	-8.06418
BLOCK29/SES291/SA291S12	SES275	-4.74712	-12.8113	-8.06418
BLOCK29/SES291/SA291S22	SES082	-1.08486	-7.50374	-6.41889
BLOCK29/SES291/SA291S22	SES158	-0.734897	-7.15378	-6.41889
BLOCK29/SES291/SA291S22	SES259	-0.944686	-7.36357	-6.41889
BLOCK29/SES291/SA291S22	SES275	-2.96669	-9.38557	-6.41889
BLOCK29/SES291/SA291S24	SES104	-0.568035	-7.06025	-6.49221
BLOCK29/SES291/SA291S24	SES125	-1.51008	-8.00229	-6.49221
BLOCK29/SES291/SA291S24	SES158	-0.267881	-6.76009	-6.49221
BLOCK29/SES291/SA291S24	SES275	-3.54414	-10.0363	-6.49221
BLOCK29/SES291/SA291S27	SES158	-0.132812	-5.80341	-5.6706
BLOCK29/SES291/SA291S27	SES172	-2.2285	-7.8991	-5.6706
BLOCK29/SES291/SA291S27	SES275	-2.50531	-8.17591	-5.6706
BLOCK29/SES291/SA291S27	SES292	-1.30715	-6.97775	-5.6706
Threshold search:
THR	-7.77121045967	9	0(0)	1(1000)
THR	-7.6666136550733	8.991	0(0)	0.999(999)
THR	-7.5620168504766	8.991	0(0)	0.999(999)
THR	-7.4574200458799	8.991	0(0)	0.999(999)
THR	-7.3528232412832	8.991	0(0)	0.999(999)
THR	-7.2482264366865	8.991	0(0)	0.999(999)
THR	-7.1436296320898	8.991	0(0)	0.999(999)
THR	-7.0390328274931	8.991	0(0)	0.999(999)
THR	-6.9344360228964	8.991	0(0)	0.999(999)
THR	-6.8298392182997	8.991	0(0)	0.999(999)
THR	-6.725242413703	8.991	0(0)	0.999(999)
THR	-6.6206456091063	8.991	0(0)	0.999(999)
THR	-6.5160488045096	8.991	0(0)	0.999(999)
THR	-6.4114519999129	8.991	0(0)	0.999(999)
THR	-6.3068551953162	8.982	0(0)	0.998(998)
THR	-6.2022583907195	8.982	0(0)	0.998(998)
THR	-6.0976615861228	8.982	0(0)	0.998(998)
THR	-5.9930647815261	8.973	0(0)	0.997(997)
THR	-5.8884679769294	8.964	0(0)	0.996(996)
THR	-5.7838711723327	8.964	0(0)	0.996(996)
THR	-5.67927436773599	8.955	0(0)	0.995(995)
THR	-5.57467756313929	8.955	0(0)	0.995(995)
THR	-5.47008075854259	8.946	0(0)	0.994(994)
THR	-5.36548395394589	8.946	0(0)	0.994(994)
THR	-5.26088714934919	8.946	0(0)	0.994(994)
THR	-5.15629034475249	8.946	0(0)	0.994(994)
THR	-5.05169354015579	8.937	0(0)	0.993(993)
THR	-4.94709673555909	8.919	0(0)	0.991(991)
THR	-4.84249993096239	8.892	0(0)	0.988(988)
THR	-4.73790312636569	8.865	0(0)	0.985(985)
THR	-4.63330632176899	8.865	0(0)	0.985(985)
THR	-4.52870951717229	8.847	0(0)	0.983(983)
THR	-4.42411271257559	8.82	0(0)	0.98(980)
THR	-4.31951590797889	8.802	0(0)	0.978(978)
THR	-4.21491910338219	8.766	0(0)	0.974(974)
THR	-4.11032229878549	8.73	0(0)	0.97(970)
THR	-4.00572549418879	8.694	0(0)	0.966(966)
THR	-3.90112868959209	8.622	0(0)	0.958(958)
THR	-3.79653188499539	8.613	0(0)	0.957(957)
THR	-3.69193508039869	8.541	0(0)	0.949(949)
THR	-3.58733827580199	8.532	0(0)	0.948(948)
THR	-3.48274147120529	8.451	0(0)	0.939(939)
THR	-3.37814466660859	8.433	0(0)	0.937(937)
THR	-3.27354786201189	8.361	0(0)	0.929(929)
THR	-3.16895105741519	8.226	0(0)	0.914(914)
THR	-3.06435425281849	8.109	0(0)	0.901(901)
THR	-2.95975744822179	7.983	0(0)	0.887(887)
THR	-2.85516064362509	7.884	0(0)	0.876(876)
THR	-2.75056383902839	7.731	0(0)	0.859(859)
THR	-2.64596703443169	7.578	0(0)	0.842(842)
THR	-2.54137022983499	7.416	0(0)	0.824(824)
THR	-2.43677342523829	7.191	0(0)	0.799(799)
THR	-2.33217662064159	7.011	0(0)	0.779(779)
THR	-2.22757981604489	6.723	0(0)	0.747(747)
THR	-2.12298301144819	6.57	0(0)	0.73(730)
THR	-2.01838620685149	6.363	0(0)	0.707(707)
THR	-1.91378940225479	6.111	0(0)	0.679(679)
THR	-1.80919259765809	5.751	0(0)	0.639(639)
THR	-1.70459579306139	5.337	0(0)	0.593(593)
THR	-1.59999898846469	4.905	0(0)	0.545(545)
THR	-1.49540218386799	4.428	0(0)	0.492(492)
THR	-1.39080537927129	4.032	0(0)	0.448(448)
THR	-1.28620857467459	3.617	0.008(2)	0.401(401)
THR	-1.18161177007789	3.198	0.012(3)	0.354(354)
THR	-1.07701496548119	2.739	0.012(3)	0.303(303)
THR	-0.972418160884493	2.343	0.012(3)	0.259(259)
THR	-0.867821356287793	1.991	0.02(5)	0.219(219)
THR	-0.763224551691092	1.581	0.024(6)	0.173(173)
THR	-0.658627747094392	1.31	0.032(8)	0.142(142)
THR	-0.554030942497692	1.048	0.04(10)	0.112(112)
THR	-0.449434137900992	0.843	0.06(15)	0.087(87)
THR	-0.344837333304292	0.633	0.084(21)	0.061(61)
THR	-0.240240528707592	0.544	0.112(28)	0.048(48)
THR	-0.135643724110892	0.428	0.14(35)	0.032(32)
THR	-0.0310469195141923	0.39	0.192(48)	0.022(22)
THR	0.0735498850825077	0.38	0.236(59)	0.016(16)
THR	0.178146689679208	0.395	0.296(74)	0.011(11)
THR	0.282743494275908	0.389	0.344(86)	0.005(5)
THR	0.387340298872608	0.457	0.412(103)	0.005(5)
THR	0.491937103469308	0.467	0.44(110)	0.003(3)
THR	0.596533908066008	0.503	0.476(119)	0.003(3)
THR	0.701130712662708	0.569	0.56(140)	0.001(1)
THR	0.805727517259408	0.632	0.632(158)	0(0)
THR	0.910324321856108	0.688	0.688(172)	0(0)
THR	1.01492112645281	0.76	0.76(190)	0(0)
THR	1.11951793104951	0.824	0.824(206)	0(0)
THR	1.22411473564621	0.86	0.86(215)	0(0)
THR	1.32871154024291	0.892	0.892(223)	0(0)
THR	1.43330834483961	0.92	0.92(230)	0(0)
THR	1.53790514943631	0.932	0.932(233)	0(0)
THR	1.64250195403301	0.952	0.952(238)	0(0)
THR	1.74709875862971	0.956	0.956(239)	0(0)
THR	1.85169556322641	0.96	0.96(240)	0(0)
THR	1.95629236782311	0.968	0.968(242)	0(0)
THR	2.06088917241981	0.972	0.972(243)	0(0)
THR	2.16548597701651	0.98	0.98(245)	0(0)
THR	2.27008278161321	0.984	0.984(246)	0(0)
THR	2.37467958620991	0.988	0.988(247)	0(0)
THR	2.47927639080661	0.992	0.992(248)	0(0)
THR	2.58387319540331	0.992	0.992(248)	0(0)
THR	2.68847000000001	1	1(250)	0(0)


==============================================
THR: 0.0735498850825077
Missed:     59/250=0.2360
FalseAlarm: 16/1000=0.0160
----------------------------------------------
==> CostDetection: 38.0
==============================================
